[2022-10-01 23:08:26,242] {processor.py:163} INFO - Started process (PID=425) to work on /home/airflow/.local/lib/python3.7/site-packages/airflow/example_dags/example_branch_labels.py
[2022-10-01 23:08:26,249] {processor.py:642} INFO - Processing file /home/airflow/.local/lib/python3.7/site-packages/airflow/example_dags/example_branch_labels.py for tasks to queue
[2022-10-01 23:08:26,253] {logging_mixin.py:109} INFO - [2022-10-01 23:08:26,253] {dagbag.py:500} INFO - Filling up the DagBag from /home/airflow/.local/lib/python3.7/site-packages/airflow/example_dags/example_branch_labels.py
[2022-10-01 23:08:26,362] {processor.py:654} INFO - DAG(s) dict_keys(['example_branch_labels']) retrieved from /home/airflow/.local/lib/python3.7/site-packages/airflow/example_dags/example_branch_labels.py
[2022-10-01 23:08:39,529] {logging_mixin.py:109} INFO - [2022-10-01 23:08:39,528] {manager.py:496} INFO - Created Permission View: can edit on DAG:example_branch_labels
[2022-10-01 23:08:39,620] {logging_mixin.py:109} INFO - [2022-10-01 23:08:39,619] {manager.py:496} INFO - Created Permission View: can read on DAG:example_branch_labels
[2022-10-01 23:08:39,627] {logging_mixin.py:109} INFO - [2022-10-01 23:08:39,625] {dag.py:2396} INFO - Sync 1 DAGs
[2022-10-01 23:08:39,690] {logging_mixin.py:109} INFO - [2022-10-01 23:08:39,688] {dag.py:2415} INFO - Creating ORM DAG for example_branch_labels
[2022-10-01 23:08:39,796] {logging_mixin.py:109} INFO - [2022-10-01 23:08:39,795] {dag.py:2935} INFO - Setting next_dagrun for example_branch_labels to 2022-09-30 00:00:00+00:00
[2022-10-01 23:08:39,886] {processor.py:171} INFO - Processing /home/airflow/.local/lib/python3.7/site-packages/airflow/example_dags/example_branch_labels.py took 13.656 seconds
[2022-10-01 23:09:35,885] {processor.py:163} INFO - Started process (PID=629) to work on /home/airflow/.local/lib/python3.7/site-packages/airflow/example_dags/example_branch_labels.py
[2022-10-01 23:09:35,896] {processor.py:642} INFO - Processing file /home/airflow/.local/lib/python3.7/site-packages/airflow/example_dags/example_branch_labels.py for tasks to queue
[2022-10-01 23:09:35,900] {logging_mixin.py:109} INFO - [2022-10-01 23:09:35,899] {dagbag.py:500} INFO - Filling up the DagBag from /home/airflow/.local/lib/python3.7/site-packages/airflow/example_dags/example_branch_labels.py
[2022-10-01 23:09:35,997] {processor.py:654} INFO - DAG(s) dict_keys(['example_branch_labels']) retrieved from /home/airflow/.local/lib/python3.7/site-packages/airflow/example_dags/example_branch_labels.py
[2022-10-01 23:09:36,041] {logging_mixin.py:109} INFO - [2022-10-01 23:09:36,041] {dag.py:2396} INFO - Sync 1 DAGs
[2022-10-01 23:09:36,121] {logging_mixin.py:109} INFO - [2022-10-01 23:09:36,120] {dag.py:2935} INFO - Setting next_dagrun for example_branch_labels to 2022-09-30 00:00:00+00:00
[2022-10-01 23:09:36,146] {processor.py:171} INFO - Processing /home/airflow/.local/lib/python3.7/site-packages/airflow/example_dags/example_branch_labels.py took 0.270 seconds
[2022-10-01 23:10:06,561] {processor.py:163} INFO - Started process (PID=726) to work on /home/airflow/.local/lib/python3.7/site-packages/airflow/example_dags/example_branch_labels.py
[2022-10-01 23:10:06,573] {processor.py:642} INFO - Processing file /home/airflow/.local/lib/python3.7/site-packages/airflow/example_dags/example_branch_labels.py for tasks to queue
[2022-10-01 23:10:06,578] {logging_mixin.py:109} INFO - [2022-10-01 23:10:06,577] {dagbag.py:500} INFO - Filling up the DagBag from /home/airflow/.local/lib/python3.7/site-packages/airflow/example_dags/example_branch_labels.py
[2022-10-01 23:10:06,667] {processor.py:654} INFO - DAG(s) dict_keys(['example_branch_labels']) retrieved from /home/airflow/.local/lib/python3.7/site-packages/airflow/example_dags/example_branch_labels.py
[2022-10-01 23:10:06,706] {logging_mixin.py:109} INFO - [2022-10-01 23:10:06,706] {dag.py:2396} INFO - Sync 1 DAGs
[2022-10-01 23:10:06,768] {logging_mixin.py:109} INFO - [2022-10-01 23:10:06,768] {dag.py:2935} INFO - Setting next_dagrun for example_branch_labels to 2022-09-30 00:00:00+00:00
[2022-10-01 23:10:06,794] {processor.py:171} INFO - Processing /home/airflow/.local/lib/python3.7/site-packages/airflow/example_dags/example_branch_labels.py took 0.240 seconds
[2022-10-01 23:10:38,583] {processor.py:163} INFO - Started process (PID=823) to work on /home/airflow/.local/lib/python3.7/site-packages/airflow/example_dags/example_branch_labels.py
[2022-10-01 23:10:38,587] {processor.py:642} INFO - Processing file /home/airflow/.local/lib/python3.7/site-packages/airflow/example_dags/example_branch_labels.py for tasks to queue
[2022-10-01 23:10:38,589] {logging_mixin.py:109} INFO - [2022-10-01 23:10:38,589] {dagbag.py:500} INFO - Filling up the DagBag from /home/airflow/.local/lib/python3.7/site-packages/airflow/example_dags/example_branch_labels.py
[2022-10-01 23:10:38,672] {processor.py:654} INFO - DAG(s) dict_keys(['example_branch_labels']) retrieved from /home/airflow/.local/lib/python3.7/site-packages/airflow/example_dags/example_branch_labels.py
[2022-10-01 23:10:38,714] {logging_mixin.py:109} INFO - [2022-10-01 23:10:38,714] {dag.py:2396} INFO - Sync 1 DAGs
[2022-10-01 23:10:38,785] {logging_mixin.py:109} INFO - [2022-10-01 23:10:38,784] {dag.py:2935} INFO - Setting next_dagrun for example_branch_labels to 2022-09-30 00:00:00+00:00
[2022-10-01 23:10:38,817] {processor.py:171} INFO - Processing /home/airflow/.local/lib/python3.7/site-packages/airflow/example_dags/example_branch_labels.py took 0.241 seconds
[2022-10-01 23:11:09,463] {processor.py:163} INFO - Started process (PID=920) to work on /home/airflow/.local/lib/python3.7/site-packages/airflow/example_dags/example_branch_labels.py
[2022-10-01 23:11:09,466] {processor.py:642} INFO - Processing file /home/airflow/.local/lib/python3.7/site-packages/airflow/example_dags/example_branch_labels.py for tasks to queue
[2022-10-01 23:11:09,469] {logging_mixin.py:109} INFO - [2022-10-01 23:11:09,469] {dagbag.py:500} INFO - Filling up the DagBag from /home/airflow/.local/lib/python3.7/site-packages/airflow/example_dags/example_branch_labels.py
[2022-10-01 23:11:09,538] {processor.py:654} INFO - DAG(s) dict_keys(['example_branch_labels']) retrieved from /home/airflow/.local/lib/python3.7/site-packages/airflow/example_dags/example_branch_labels.py
[2022-10-01 23:11:09,588] {logging_mixin.py:109} INFO - [2022-10-01 23:11:09,587] {dag.py:2396} INFO - Sync 1 DAGs
[2022-10-01 23:11:09,657] {logging_mixin.py:109} INFO - [2022-10-01 23:11:09,657] {dag.py:2935} INFO - Setting next_dagrun for example_branch_labels to 2022-09-30 00:00:00+00:00
[2022-10-01 23:11:09,682] {processor.py:171} INFO - Processing /home/airflow/.local/lib/python3.7/site-packages/airflow/example_dags/example_branch_labels.py took 0.227 seconds
[2022-10-01 23:11:40,612] {processor.py:163} INFO - Started process (PID=1014) to work on /home/airflow/.local/lib/python3.7/site-packages/airflow/example_dags/example_branch_labels.py
[2022-10-01 23:11:40,619] {processor.py:642} INFO - Processing file /home/airflow/.local/lib/python3.7/site-packages/airflow/example_dags/example_branch_labels.py for tasks to queue
[2022-10-01 23:11:40,622] {logging_mixin.py:109} INFO - [2022-10-01 23:11:40,622] {dagbag.py:500} INFO - Filling up the DagBag from /home/airflow/.local/lib/python3.7/site-packages/airflow/example_dags/example_branch_labels.py
[2022-10-01 23:11:40,714] {processor.py:654} INFO - DAG(s) dict_keys(['example_branch_labels']) retrieved from /home/airflow/.local/lib/python3.7/site-packages/airflow/example_dags/example_branch_labels.py
[2022-10-01 23:11:40,797] {logging_mixin.py:109} INFO - [2022-10-01 23:11:40,797] {dag.py:2396} INFO - Sync 1 DAGs
[2022-10-01 23:11:40,888] {logging_mixin.py:109} INFO - [2022-10-01 23:11:40,887] {dag.py:2935} INFO - Setting next_dagrun for example_branch_labels to 2022-09-30 00:00:00+00:00
[2022-10-01 23:11:40,930] {processor.py:171} INFO - Processing /home/airflow/.local/lib/python3.7/site-packages/airflow/example_dags/example_branch_labels.py took 0.328 seconds
[2022-10-01 23:12:12,040] {processor.py:163} INFO - Started process (PID=1110) to work on /home/airflow/.local/lib/python3.7/site-packages/airflow/example_dags/example_branch_labels.py
[2022-10-01 23:12:12,046] {processor.py:642} INFO - Processing file /home/airflow/.local/lib/python3.7/site-packages/airflow/example_dags/example_branch_labels.py for tasks to queue
[2022-10-01 23:12:12,048] {logging_mixin.py:109} INFO - [2022-10-01 23:12:12,048] {dagbag.py:500} INFO - Filling up the DagBag from /home/airflow/.local/lib/python3.7/site-packages/airflow/example_dags/example_branch_labels.py
[2022-10-01 23:12:12,111] {processor.py:654} INFO - DAG(s) dict_keys(['example_branch_labels']) retrieved from /home/airflow/.local/lib/python3.7/site-packages/airflow/example_dags/example_branch_labels.py
[2022-10-01 23:12:12,147] {logging_mixin.py:109} INFO - [2022-10-01 23:12:12,147] {dag.py:2396} INFO - Sync 1 DAGs
[2022-10-01 23:12:12,204] {logging_mixin.py:109} INFO - [2022-10-01 23:12:12,204] {dag.py:2935} INFO - Setting next_dagrun for example_branch_labels to 2022-09-30 00:00:00+00:00
[2022-10-01 23:12:12,226] {processor.py:171} INFO - Processing /home/airflow/.local/lib/python3.7/site-packages/airflow/example_dags/example_branch_labels.py took 0.194 seconds
[2022-10-01 23:13:27,345] {processor.py:163} INFO - Started process (PID=1176) to work on /home/airflow/.local/lib/python3.7/site-packages/airflow/example_dags/example_branch_labels.py
[2022-10-01 23:13:27,349] {processor.py:642} INFO - Processing file /home/airflow/.local/lib/python3.7/site-packages/airflow/example_dags/example_branch_labels.py for tasks to queue
[2022-10-01 23:13:27,351] {logging_mixin.py:109} INFO - [2022-10-01 23:13:27,351] {dagbag.py:500} INFO - Filling up the DagBag from /home/airflow/.local/lib/python3.7/site-packages/airflow/example_dags/example_branch_labels.py
[2022-10-01 23:13:27,416] {processor.py:654} INFO - DAG(s) dict_keys(['example_branch_labels']) retrieved from /home/airflow/.local/lib/python3.7/site-packages/airflow/example_dags/example_branch_labels.py
[2022-10-01 23:13:27,456] {logging_mixin.py:109} INFO - [2022-10-01 23:13:27,455] {dag.py:2396} INFO - Sync 1 DAGs
[2022-10-01 23:13:27,516] {logging_mixin.py:109} INFO - [2022-10-01 23:13:27,515] {dag.py:2935} INFO - Setting next_dagrun for example_branch_labels to 2022-09-30 00:00:00+00:00
[2022-10-01 23:13:27,539] {processor.py:171} INFO - Processing /home/airflow/.local/lib/python3.7/site-packages/airflow/example_dags/example_branch_labels.py took 0.201 seconds
[2022-10-01 23:26:17,275] {processor.py:163} INFO - Started process (PID=1272) to work on /home/airflow/.local/lib/python3.7/site-packages/airflow/example_dags/example_branch_labels.py
[2022-10-01 23:26:17,283] {processor.py:642} INFO - Processing file /home/airflow/.local/lib/python3.7/site-packages/airflow/example_dags/example_branch_labels.py for tasks to queue
[2022-10-01 23:26:17,287] {logging_mixin.py:109} INFO - [2022-10-01 23:26:17,287] {dagbag.py:500} INFO - Filling up the DagBag from /home/airflow/.local/lib/python3.7/site-packages/airflow/example_dags/example_branch_labels.py
[2022-10-01 23:26:17,438] {processor.py:654} INFO - DAG(s) dict_keys(['example_branch_labels']) retrieved from /home/airflow/.local/lib/python3.7/site-packages/airflow/example_dags/example_branch_labels.py
[2022-10-01 23:26:17,548] {logging_mixin.py:109} INFO - [2022-10-01 23:26:17,547] {dag.py:2396} INFO - Sync 1 DAGs
[2022-10-01 23:26:17,678] {logging_mixin.py:109} INFO - [2022-10-01 23:26:17,678] {dag.py:2935} INFO - Setting next_dagrun for example_branch_labels to 2022-09-30 00:00:00+00:00
[2022-10-01 23:26:17,727] {processor.py:171} INFO - Processing /home/airflow/.local/lib/python3.7/site-packages/airflow/example_dags/example_branch_labels.py took 0.463 seconds
[2022-10-01 23:26:48,169] {processor.py:163} INFO - Started process (PID=1368) to work on /home/airflow/.local/lib/python3.7/site-packages/airflow/example_dags/example_branch_labels.py
[2022-10-01 23:26:48,174] {processor.py:642} INFO - Processing file /home/airflow/.local/lib/python3.7/site-packages/airflow/example_dags/example_branch_labels.py for tasks to queue
[2022-10-01 23:26:48,177] {logging_mixin.py:109} INFO - [2022-10-01 23:26:48,177] {dagbag.py:500} INFO - Filling up the DagBag from /home/airflow/.local/lib/python3.7/site-packages/airflow/example_dags/example_branch_labels.py
[2022-10-01 23:26:48,256] {processor.py:654} INFO - DAG(s) dict_keys(['example_branch_labels']) retrieved from /home/airflow/.local/lib/python3.7/site-packages/airflow/example_dags/example_branch_labels.py
[2022-10-01 23:26:48,296] {logging_mixin.py:109} INFO - [2022-10-01 23:26:48,296] {dag.py:2396} INFO - Sync 1 DAGs
[2022-10-01 23:26:48,397] {logging_mixin.py:109} INFO - [2022-10-01 23:26:48,396] {dag.py:2935} INFO - Setting next_dagrun for example_branch_labels to 2022-09-30 00:00:00+00:00
[2022-10-01 23:26:48,445] {processor.py:171} INFO - Processing /home/airflow/.local/lib/python3.7/site-packages/airflow/example_dags/example_branch_labels.py took 0.284 seconds
