[2022-10-01 23:06:51,505] {processor.py:163} INFO - Started process (PID=253) to work on /home/airflow/.local/lib/python3.7/site-packages/airflow/example_dags/example_trigger_target_dag.py
[2022-10-01 23:06:51,512] {processor.py:642} INFO - Processing file /home/airflow/.local/lib/python3.7/site-packages/airflow/example_dags/example_trigger_target_dag.py for tasks to queue
[2022-10-01 23:06:51,521] {logging_mixin.py:109} INFO - [2022-10-01 23:06:51,518] {dagbag.py:500} INFO - Filling up the DagBag from /home/airflow/.local/lib/python3.7/site-packages/airflow/example_dags/example_trigger_target_dag.py
[2022-10-01 23:06:51,773] {processor.py:654} INFO - DAG(s) dict_keys(['example_trigger_target_dag']) retrieved from /home/airflow/.local/lib/python3.7/site-packages/airflow/example_dags/example_trigger_target_dag.py
[2022-10-01 23:07:08,598] {logging_mixin.py:109} INFO - [2022-10-01 23:07:08,596] {manager.py:496} INFO - Created Permission View: can edit on DAG:example_trigger_target_dag
[2022-10-01 23:07:08,650] {logging_mixin.py:109} INFO - [2022-10-01 23:07:08,649] {manager.py:496} INFO - Created Permission View: can read on DAG:example_trigger_target_dag
[2022-10-01 23:07:08,663] {logging_mixin.py:109} INFO - [2022-10-01 23:07:08,655] {dag.py:2396} INFO - Sync 1 DAGs
[2022-10-01 23:07:08,754] {logging_mixin.py:109} INFO - [2022-10-01 23:07:08,753] {dag.py:2415} INFO - Creating ORM DAG for example_trigger_target_dag
[2022-10-01 23:07:08,857] {logging_mixin.py:109} INFO - [2022-10-01 23:07:08,856] {dag.py:2935} INFO - Setting next_dagrun for example_trigger_target_dag to None
[2022-10-01 23:07:08,965] {processor.py:171} INFO - Processing /home/airflow/.local/lib/python3.7/site-packages/airflow/example_dags/example_trigger_target_dag.py took 17.472 seconds
[2022-10-01 23:09:31,501] {processor.py:163} INFO - Started process (PID=592) to work on /home/airflow/.local/lib/python3.7/site-packages/airflow/example_dags/example_trigger_target_dag.py
[2022-10-01 23:09:31,506] {processor.py:642} INFO - Processing file /home/airflow/.local/lib/python3.7/site-packages/airflow/example_dags/example_trigger_target_dag.py for tasks to queue
[2022-10-01 23:09:31,508] {logging_mixin.py:109} INFO - [2022-10-01 23:09:31,508] {dagbag.py:500} INFO - Filling up the DagBag from /home/airflow/.local/lib/python3.7/site-packages/airflow/example_dags/example_trigger_target_dag.py
[2022-10-01 23:09:31,580] {processor.py:654} INFO - DAG(s) dict_keys(['example_trigger_target_dag']) retrieved from /home/airflow/.local/lib/python3.7/site-packages/airflow/example_dags/example_trigger_target_dag.py
[2022-10-01 23:09:31,616] {logging_mixin.py:109} INFO - [2022-10-01 23:09:31,615] {dag.py:2396} INFO - Sync 1 DAGs
[2022-10-01 23:09:31,670] {logging_mixin.py:109} INFO - [2022-10-01 23:09:31,669] {dag.py:2935} INFO - Setting next_dagrun for example_trigger_target_dag to None
[2022-10-01 23:09:31,696] {processor.py:171} INFO - Processing /home/airflow/.local/lib/python3.7/site-packages/airflow/example_dags/example_trigger_target_dag.py took 0.201 seconds
[2022-10-01 23:10:02,168] {processor.py:163} INFO - Started process (PID=686) to work on /home/airflow/.local/lib/python3.7/site-packages/airflow/example_dags/example_trigger_target_dag.py
[2022-10-01 23:10:02,172] {processor.py:642} INFO - Processing file /home/airflow/.local/lib/python3.7/site-packages/airflow/example_dags/example_trigger_target_dag.py for tasks to queue
[2022-10-01 23:10:02,174] {logging_mixin.py:109} INFO - [2022-10-01 23:10:02,174] {dagbag.py:500} INFO - Filling up the DagBag from /home/airflow/.local/lib/python3.7/site-packages/airflow/example_dags/example_trigger_target_dag.py
[2022-10-01 23:10:02,255] {processor.py:654} INFO - DAG(s) dict_keys(['example_trigger_target_dag']) retrieved from /home/airflow/.local/lib/python3.7/site-packages/airflow/example_dags/example_trigger_target_dag.py
[2022-10-01 23:10:02,289] {logging_mixin.py:109} INFO - [2022-10-01 23:10:02,288] {dag.py:2396} INFO - Sync 1 DAGs
[2022-10-01 23:10:02,348] {logging_mixin.py:109} INFO - [2022-10-01 23:10:02,347] {dag.py:2935} INFO - Setting next_dagrun for example_trigger_target_dag to None
[2022-10-01 23:10:02,375] {processor.py:171} INFO - Processing /home/airflow/.local/lib/python3.7/site-packages/airflow/example_dags/example_trigger_target_dag.py took 0.214 seconds
[2022-10-01 23:10:33,278] {processor.py:163} INFO - Started process (PID=781) to work on /home/airflow/.local/lib/python3.7/site-packages/airflow/example_dags/example_trigger_target_dag.py
[2022-10-01 23:10:33,284] {processor.py:642} INFO - Processing file /home/airflow/.local/lib/python3.7/site-packages/airflow/example_dags/example_trigger_target_dag.py for tasks to queue
[2022-10-01 23:10:33,288] {logging_mixin.py:109} INFO - [2022-10-01 23:10:33,287] {dagbag.py:500} INFO - Filling up the DagBag from /home/airflow/.local/lib/python3.7/site-packages/airflow/example_dags/example_trigger_target_dag.py
[2022-10-01 23:10:33,393] {processor.py:654} INFO - DAG(s) dict_keys(['example_trigger_target_dag']) retrieved from /home/airflow/.local/lib/python3.7/site-packages/airflow/example_dags/example_trigger_target_dag.py
[2022-10-01 23:10:33,435] {logging_mixin.py:109} INFO - [2022-10-01 23:10:33,435] {dag.py:2396} INFO - Sync 1 DAGs
[2022-10-01 23:10:33,504] {logging_mixin.py:109} INFO - [2022-10-01 23:10:33,504] {dag.py:2935} INFO - Setting next_dagrun for example_trigger_target_dag to None
[2022-10-01 23:10:33,536] {processor.py:171} INFO - Processing /home/airflow/.local/lib/python3.7/site-packages/airflow/example_dags/example_trigger_target_dag.py took 0.268 seconds
[2022-10-01 23:11:04,117] {processor.py:163} INFO - Started process (PID=877) to work on /home/airflow/.local/lib/python3.7/site-packages/airflow/example_dags/example_trigger_target_dag.py
[2022-10-01 23:11:04,122] {processor.py:642} INFO - Processing file /home/airflow/.local/lib/python3.7/site-packages/airflow/example_dags/example_trigger_target_dag.py for tasks to queue
[2022-10-01 23:11:04,126] {logging_mixin.py:109} INFO - [2022-10-01 23:11:04,125] {dagbag.py:500} INFO - Filling up the DagBag from /home/airflow/.local/lib/python3.7/site-packages/airflow/example_dags/example_trigger_target_dag.py
[2022-10-01 23:11:04,218] {processor.py:654} INFO - DAG(s) dict_keys(['example_trigger_target_dag']) retrieved from /home/airflow/.local/lib/python3.7/site-packages/airflow/example_dags/example_trigger_target_dag.py
[2022-10-01 23:11:04,263] {logging_mixin.py:109} INFO - [2022-10-01 23:11:04,263] {dag.py:2396} INFO - Sync 1 DAGs
[2022-10-01 23:11:04,328] {logging_mixin.py:109} INFO - [2022-10-01 23:11:04,328] {dag.py:2935} INFO - Setting next_dagrun for example_trigger_target_dag to None
[2022-10-01 23:11:04,361] {processor.py:171} INFO - Processing /home/airflow/.local/lib/python3.7/site-packages/airflow/example_dags/example_trigger_target_dag.py took 0.251 seconds
[2022-10-01 23:11:34,533] {processor.py:163} INFO - Started process (PID=972) to work on /home/airflow/.local/lib/python3.7/site-packages/airflow/example_dags/example_trigger_target_dag.py
[2022-10-01 23:11:34,538] {processor.py:642} INFO - Processing file /home/airflow/.local/lib/python3.7/site-packages/airflow/example_dags/example_trigger_target_dag.py for tasks to queue
[2022-10-01 23:11:34,540] {logging_mixin.py:109} INFO - [2022-10-01 23:11:34,540] {dagbag.py:500} INFO - Filling up the DagBag from /home/airflow/.local/lib/python3.7/site-packages/airflow/example_dags/example_trigger_target_dag.py
[2022-10-01 23:11:34,645] {processor.py:654} INFO - DAG(s) dict_keys(['example_trigger_target_dag']) retrieved from /home/airflow/.local/lib/python3.7/site-packages/airflow/example_dags/example_trigger_target_dag.py
[2022-10-01 23:11:34,692] {logging_mixin.py:109} INFO - [2022-10-01 23:11:34,692] {dag.py:2396} INFO - Sync 1 DAGs
[2022-10-01 23:11:34,758] {logging_mixin.py:109} INFO - [2022-10-01 23:11:34,758] {dag.py:2935} INFO - Setting next_dagrun for example_trigger_target_dag to None
[2022-10-01 23:11:34,787] {processor.py:171} INFO - Processing /home/airflow/.local/lib/python3.7/site-packages/airflow/example_dags/example_trigger_target_dag.py took 0.260 seconds
[2022-10-01 23:12:04,910] {processor.py:163} INFO - Started process (PID=1066) to work on /home/airflow/.local/lib/python3.7/site-packages/airflow/example_dags/example_trigger_target_dag.py
[2022-10-01 23:12:04,913] {processor.py:642} INFO - Processing file /home/airflow/.local/lib/python3.7/site-packages/airflow/example_dags/example_trigger_target_dag.py for tasks to queue
[2022-10-01 23:12:04,915] {logging_mixin.py:109} INFO - [2022-10-01 23:12:04,915] {dagbag.py:500} INFO - Filling up the DagBag from /home/airflow/.local/lib/python3.7/site-packages/airflow/example_dags/example_trigger_target_dag.py
[2022-10-01 23:12:04,984] {processor.py:654} INFO - DAG(s) dict_keys(['example_trigger_target_dag']) retrieved from /home/airflow/.local/lib/python3.7/site-packages/airflow/example_dags/example_trigger_target_dag.py
[2022-10-01 23:12:05,020] {logging_mixin.py:109} INFO - [2022-10-01 23:12:05,020] {dag.py:2396} INFO - Sync 1 DAGs
[2022-10-01 23:12:05,073] {logging_mixin.py:109} INFO - [2022-10-01 23:12:05,072] {dag.py:2935} INFO - Setting next_dagrun for example_trigger_target_dag to None
[2022-10-01 23:12:05,097] {processor.py:171} INFO - Processing /home/airflow/.local/lib/python3.7/site-packages/airflow/example_dags/example_trigger_target_dag.py took 0.193 seconds
[2022-10-01 23:13:24,361] {processor.py:163} INFO - Started process (PID=1148) to work on /home/airflow/.local/lib/python3.7/site-packages/airflow/example_dags/example_trigger_target_dag.py
[2022-10-01 23:13:24,365] {processor.py:642} INFO - Processing file /home/airflow/.local/lib/python3.7/site-packages/airflow/example_dags/example_trigger_target_dag.py for tasks to queue
[2022-10-01 23:13:24,367] {logging_mixin.py:109} INFO - [2022-10-01 23:13:24,367] {dagbag.py:500} INFO - Filling up the DagBag from /home/airflow/.local/lib/python3.7/site-packages/airflow/example_dags/example_trigger_target_dag.py
[2022-10-01 23:13:24,438] {processor.py:654} INFO - DAG(s) dict_keys(['example_trigger_target_dag']) retrieved from /home/airflow/.local/lib/python3.7/site-packages/airflow/example_dags/example_trigger_target_dag.py
[2022-10-01 23:13:24,472] {logging_mixin.py:109} INFO - [2022-10-01 23:13:24,472] {dag.py:2396} INFO - Sync 1 DAGs
[2022-10-01 23:13:24,525] {logging_mixin.py:109} INFO - [2022-10-01 23:13:24,524] {dag.py:2935} INFO - Setting next_dagrun for example_trigger_target_dag to None
[2022-10-01 23:13:24,551] {processor.py:171} INFO - Processing /home/airflow/.local/lib/python3.7/site-packages/airflow/example_dags/example_trigger_target_dag.py took 0.197 seconds
[2022-10-01 23:26:12,267] {processor.py:163} INFO - Started process (PID=1244) to work on /home/airflow/.local/lib/python3.7/site-packages/airflow/example_dags/example_trigger_target_dag.py
[2022-10-01 23:26:12,273] {processor.py:642} INFO - Processing file /home/airflow/.local/lib/python3.7/site-packages/airflow/example_dags/example_trigger_target_dag.py for tasks to queue
[2022-10-01 23:26:12,276] {logging_mixin.py:109} INFO - [2022-10-01 23:26:12,276] {dagbag.py:500} INFO - Filling up the DagBag from /home/airflow/.local/lib/python3.7/site-packages/airflow/example_dags/example_trigger_target_dag.py
[2022-10-01 23:26:12,374] {processor.py:654} INFO - DAG(s) dict_keys(['example_trigger_target_dag']) retrieved from /home/airflow/.local/lib/python3.7/site-packages/airflow/example_dags/example_trigger_target_dag.py
[2022-10-01 23:26:12,440] {logging_mixin.py:109} INFO - [2022-10-01 23:26:12,439] {dag.py:2396} INFO - Sync 1 DAGs
[2022-10-01 23:26:12,532] {logging_mixin.py:109} INFO - [2022-10-01 23:26:12,532] {dag.py:2935} INFO - Setting next_dagrun for example_trigger_target_dag to None
[2022-10-01 23:26:12,583] {processor.py:171} INFO - Processing /home/airflow/.local/lib/python3.7/site-packages/airflow/example_dags/example_trigger_target_dag.py took 0.327 seconds
[2022-10-01 23:26:42,917] {processor.py:163} INFO - Started process (PID=1338) to work on /home/airflow/.local/lib/python3.7/site-packages/airflow/example_dags/example_trigger_target_dag.py
[2022-10-01 23:26:42,921] {processor.py:642} INFO - Processing file /home/airflow/.local/lib/python3.7/site-packages/airflow/example_dags/example_trigger_target_dag.py for tasks to queue
[2022-10-01 23:26:42,924] {logging_mixin.py:109} INFO - [2022-10-01 23:26:42,924] {dagbag.py:500} INFO - Filling up the DagBag from /home/airflow/.local/lib/python3.7/site-packages/airflow/example_dags/example_trigger_target_dag.py
[2022-10-01 23:26:42,994] {processor.py:654} INFO - DAG(s) dict_keys(['example_trigger_target_dag']) retrieved from /home/airflow/.local/lib/python3.7/site-packages/airflow/example_dags/example_trigger_target_dag.py
[2022-10-01 23:26:43,027] {logging_mixin.py:109} INFO - [2022-10-01 23:26:43,027] {dag.py:2396} INFO - Sync 1 DAGs
[2022-10-01 23:26:43,083] {logging_mixin.py:109} INFO - [2022-10-01 23:26:43,082] {dag.py:2935} INFO - Setting next_dagrun for example_trigger_target_dag to None
[2022-10-01 23:26:43,108] {processor.py:171} INFO - Processing /home/airflow/.local/lib/python3.7/site-packages/airflow/example_dags/example_trigger_target_dag.py took 0.198 seconds
