[2022-10-01 23:08:14,481] {processor.py:163} INFO - Started process (PID=402) to work on /home/airflow/.local/lib/python3.7/site-packages/airflow/example_dags/example_branch_datetime_operator.py
[2022-10-01 23:08:14,486] {processor.py:642} INFO - Processing file /home/airflow/.local/lib/python3.7/site-packages/airflow/example_dags/example_branch_datetime_operator.py for tasks to queue
[2022-10-01 23:08:14,489] {logging_mixin.py:109} INFO - [2022-10-01 23:08:14,489] {dagbag.py:500} INFO - Filling up the DagBag from /home/airflow/.local/lib/python3.7/site-packages/airflow/example_dags/example_branch_datetime_operator.py
[2022-10-01 23:08:14,603] {processor.py:654} INFO - DAG(s) dict_keys(['example_branch_datetime_operator_2']) retrieved from /home/airflow/.local/lib/python3.7/site-packages/airflow/example_dags/example_branch_datetime_operator.py
[2022-10-01 23:08:25,280] {logging_mixin.py:109} INFO - [2022-10-01 23:08:25,279] {manager.py:496} INFO - Created Permission View: can edit on DAG:example_branch_datetime_operator_2
[2022-10-01 23:08:25,355] {logging_mixin.py:109} INFO - [2022-10-01 23:08:25,355] {manager.py:496} INFO - Created Permission View: can read on DAG:example_branch_datetime_operator_2
[2022-10-01 23:08:25,360] {logging_mixin.py:109} INFO - [2022-10-01 23:08:25,358] {dag.py:2396} INFO - Sync 1 DAGs
[2022-10-01 23:08:25,415] {logging_mixin.py:109} INFO - [2022-10-01 23:08:25,414] {dag.py:2415} INFO - Creating ORM DAG for example_branch_datetime_operator_2
[2022-10-01 23:08:25,472] {logging_mixin.py:109} INFO - [2022-10-01 23:08:25,471] {dag.py:2935} INFO - Setting next_dagrun for example_branch_datetime_operator_2 to 2022-09-30 00:00:00+00:00
[2022-10-01 23:08:25,521] {processor.py:171} INFO - Processing /home/airflow/.local/lib/python3.7/site-packages/airflow/example_dags/example_branch_datetime_operator.py took 11.052 seconds
[2022-10-01 23:09:35,256] {processor.py:163} INFO - Started process (PID=623) to work on /home/airflow/.local/lib/python3.7/site-packages/airflow/example_dags/example_branch_datetime_operator.py
[2022-10-01 23:09:35,262] {processor.py:642} INFO - Processing file /home/airflow/.local/lib/python3.7/site-packages/airflow/example_dags/example_branch_datetime_operator.py for tasks to queue
[2022-10-01 23:09:35,266] {logging_mixin.py:109} INFO - [2022-10-01 23:09:35,265] {dagbag.py:500} INFO - Filling up the DagBag from /home/airflow/.local/lib/python3.7/site-packages/airflow/example_dags/example_branch_datetime_operator.py
[2022-10-01 23:09:35,332] {processor.py:654} INFO - DAG(s) dict_keys(['example_branch_datetime_operator_2']) retrieved from /home/airflow/.local/lib/python3.7/site-packages/airflow/example_dags/example_branch_datetime_operator.py
[2022-10-01 23:09:35,365] {logging_mixin.py:109} INFO - [2022-10-01 23:09:35,365] {dag.py:2396} INFO - Sync 1 DAGs
[2022-10-01 23:09:35,446] {logging_mixin.py:109} INFO - [2022-10-01 23:09:35,446] {dag.py:2935} INFO - Setting next_dagrun for example_branch_datetime_operator_2 to 2022-09-30 00:00:00+00:00
[2022-10-01 23:09:35,483] {processor.py:171} INFO - Processing /home/airflow/.local/lib/python3.7/site-packages/airflow/example_dags/example_branch_datetime_operator.py took 0.234 seconds
[2022-10-01 23:10:05,669] {processor.py:163} INFO - Started process (PID=718) to work on /home/airflow/.local/lib/python3.7/site-packages/airflow/example_dags/example_branch_datetime_operator.py
[2022-10-01 23:10:05,674] {processor.py:642} INFO - Processing file /home/airflow/.local/lib/python3.7/site-packages/airflow/example_dags/example_branch_datetime_operator.py for tasks to queue
[2022-10-01 23:10:05,676] {logging_mixin.py:109} INFO - [2022-10-01 23:10:05,676] {dagbag.py:500} INFO - Filling up the DagBag from /home/airflow/.local/lib/python3.7/site-packages/airflow/example_dags/example_branch_datetime_operator.py
[2022-10-01 23:10:05,741] {processor.py:654} INFO - DAG(s) dict_keys(['example_branch_datetime_operator_2']) retrieved from /home/airflow/.local/lib/python3.7/site-packages/airflow/example_dags/example_branch_datetime_operator.py
[2022-10-01 23:10:05,778] {logging_mixin.py:109} INFO - [2022-10-01 23:10:05,777] {dag.py:2396} INFO - Sync 1 DAGs
[2022-10-01 23:10:05,854] {logging_mixin.py:109} INFO - [2022-10-01 23:10:05,853] {dag.py:2935} INFO - Setting next_dagrun for example_branch_datetime_operator_2 to 2022-09-30 00:00:00+00:00
[2022-10-01 23:10:05,882] {processor.py:171} INFO - Processing /home/airflow/.local/lib/python3.7/site-packages/airflow/example_dags/example_branch_datetime_operator.py took 0.218 seconds
[2022-10-01 23:10:36,967] {processor.py:163} INFO - Started process (PID=815) to work on /home/airflow/.local/lib/python3.7/site-packages/airflow/example_dags/example_branch_datetime_operator.py
[2022-10-01 23:10:36,972] {processor.py:642} INFO - Processing file /home/airflow/.local/lib/python3.7/site-packages/airflow/example_dags/example_branch_datetime_operator.py for tasks to queue
[2022-10-01 23:10:36,975] {logging_mixin.py:109} INFO - [2022-10-01 23:10:36,975] {dagbag.py:500} INFO - Filling up the DagBag from /home/airflow/.local/lib/python3.7/site-packages/airflow/example_dags/example_branch_datetime_operator.py
[2022-10-01 23:10:37,061] {processor.py:654} INFO - DAG(s) dict_keys(['example_branch_datetime_operator_2']) retrieved from /home/airflow/.local/lib/python3.7/site-packages/airflow/example_dags/example_branch_datetime_operator.py
[2022-10-01 23:10:37,117] {logging_mixin.py:109} INFO - [2022-10-01 23:10:37,116] {dag.py:2396} INFO - Sync 1 DAGs
[2022-10-01 23:10:37,221] {logging_mixin.py:109} INFO - [2022-10-01 23:10:37,220] {dag.py:2935} INFO - Setting next_dagrun for example_branch_datetime_operator_2 to 2022-09-30 00:00:00+00:00
[2022-10-01 23:10:37,249] {processor.py:171} INFO - Processing /home/airflow/.local/lib/python3.7/site-packages/airflow/example_dags/example_branch_datetime_operator.py took 0.289 seconds
[2022-10-01 23:11:07,779] {processor.py:163} INFO - Started process (PID=910) to work on /home/airflow/.local/lib/python3.7/site-packages/airflow/example_dags/example_branch_datetime_operator.py
[2022-10-01 23:11:07,784] {processor.py:642} INFO - Processing file /home/airflow/.local/lib/python3.7/site-packages/airflow/example_dags/example_branch_datetime_operator.py for tasks to queue
[2022-10-01 23:11:07,786] {logging_mixin.py:109} INFO - [2022-10-01 23:11:07,786] {dagbag.py:500} INFO - Filling up the DagBag from /home/airflow/.local/lib/python3.7/site-packages/airflow/example_dags/example_branch_datetime_operator.py
[2022-10-01 23:11:07,853] {processor.py:654} INFO - DAG(s) dict_keys(['example_branch_datetime_operator_2']) retrieved from /home/airflow/.local/lib/python3.7/site-packages/airflow/example_dags/example_branch_datetime_operator.py
[2022-10-01 23:11:07,887] {logging_mixin.py:109} INFO - [2022-10-01 23:11:07,886] {dag.py:2396} INFO - Sync 1 DAGs
[2022-10-01 23:11:07,949] {logging_mixin.py:109} INFO - [2022-10-01 23:11:07,948] {dag.py:2935} INFO - Setting next_dagrun for example_branch_datetime_operator_2 to 2022-09-30 00:00:00+00:00
[2022-10-01 23:11:07,975] {processor.py:171} INFO - Processing /home/airflow/.local/lib/python3.7/site-packages/airflow/example_dags/example_branch_datetime_operator.py took 0.204 seconds
[2022-10-01 23:11:38,814] {processor.py:163} INFO - Started process (PID=1006) to work on /home/airflow/.local/lib/python3.7/site-packages/airflow/example_dags/example_branch_datetime_operator.py
[2022-10-01 23:11:38,819] {processor.py:642} INFO - Processing file /home/airflow/.local/lib/python3.7/site-packages/airflow/example_dags/example_branch_datetime_operator.py for tasks to queue
[2022-10-01 23:11:38,822] {logging_mixin.py:109} INFO - [2022-10-01 23:11:38,822] {dagbag.py:500} INFO - Filling up the DagBag from /home/airflow/.local/lib/python3.7/site-packages/airflow/example_dags/example_branch_datetime_operator.py
[2022-10-01 23:11:38,893] {processor.py:654} INFO - DAG(s) dict_keys(['example_branch_datetime_operator_2']) retrieved from /home/airflow/.local/lib/python3.7/site-packages/airflow/example_dags/example_branch_datetime_operator.py
[2022-10-01 23:11:38,930] {logging_mixin.py:109} INFO - [2022-10-01 23:11:38,929] {dag.py:2396} INFO - Sync 1 DAGs
[2022-10-01 23:11:39,004] {logging_mixin.py:109} INFO - [2022-10-01 23:11:39,003] {dag.py:2935} INFO - Setting next_dagrun for example_branch_datetime_operator_2 to 2022-09-30 00:00:00+00:00
[2022-10-01 23:11:39,039] {processor.py:171} INFO - Processing /home/airflow/.local/lib/python3.7/site-packages/airflow/example_dags/example_branch_datetime_operator.py took 0.232 seconds
[2022-10-01 23:12:09,574] {processor.py:163} INFO - Started process (PID=1100) to work on /home/airflow/.local/lib/python3.7/site-packages/airflow/example_dags/example_branch_datetime_operator.py
[2022-10-01 23:12:09,579] {processor.py:642} INFO - Processing file /home/airflow/.local/lib/python3.7/site-packages/airflow/example_dags/example_branch_datetime_operator.py for tasks to queue
[2022-10-01 23:12:09,582] {logging_mixin.py:109} INFO - [2022-10-01 23:12:09,581] {dagbag.py:500} INFO - Filling up the DagBag from /home/airflow/.local/lib/python3.7/site-packages/airflow/example_dags/example_branch_datetime_operator.py
[2022-10-01 23:12:09,654] {processor.py:654} INFO - DAG(s) dict_keys(['example_branch_datetime_operator_2']) retrieved from /home/airflow/.local/lib/python3.7/site-packages/airflow/example_dags/example_branch_datetime_operator.py
[2022-10-01 23:12:09,689] {logging_mixin.py:109} INFO - [2022-10-01 23:12:09,688] {dag.py:2396} INFO - Sync 1 DAGs
[2022-10-01 23:12:09,753] {logging_mixin.py:109} INFO - [2022-10-01 23:12:09,753] {dag.py:2935} INFO - Setting next_dagrun for example_branch_datetime_operator_2 to 2022-09-30 00:00:00+00:00
[2022-10-01 23:12:09,781] {processor.py:171} INFO - Processing /home/airflow/.local/lib/python3.7/site-packages/airflow/example_dags/example_branch_datetime_operator.py took 0.213 seconds
[2022-10-01 23:13:26,962] {processor.py:163} INFO - Started process (PID=1170) to work on /home/airflow/.local/lib/python3.7/site-packages/airflow/example_dags/example_branch_datetime_operator.py
[2022-10-01 23:13:26,966] {processor.py:642} INFO - Processing file /home/airflow/.local/lib/python3.7/site-packages/airflow/example_dags/example_branch_datetime_operator.py for tasks to queue
[2022-10-01 23:13:26,969] {logging_mixin.py:109} INFO - [2022-10-01 23:13:26,968] {dagbag.py:500} INFO - Filling up the DagBag from /home/airflow/.local/lib/python3.7/site-packages/airflow/example_dags/example_branch_datetime_operator.py
[2022-10-01 23:13:27,037] {processor.py:654} INFO - DAG(s) dict_keys(['example_branch_datetime_operator_2']) retrieved from /home/airflow/.local/lib/python3.7/site-packages/airflow/example_dags/example_branch_datetime_operator.py
[2022-10-01 23:13:27,071] {logging_mixin.py:109} INFO - [2022-10-01 23:13:27,071] {dag.py:2396} INFO - Sync 1 DAGs
[2022-10-01 23:13:27,133] {logging_mixin.py:109} INFO - [2022-10-01 23:13:27,133] {dag.py:2935} INFO - Setting next_dagrun for example_branch_datetime_operator_2 to 2022-09-30 00:00:00+00:00
[2022-10-01 23:13:27,157] {processor.py:171} INFO - Processing /home/airflow/.local/lib/python3.7/site-packages/airflow/example_dags/example_branch_datetime_operator.py took 0.200 seconds
[2022-10-01 23:26:16,389] {processor.py:163} INFO - Started process (PID=1266) to work on /home/airflow/.local/lib/python3.7/site-packages/airflow/example_dags/example_branch_datetime_operator.py
[2022-10-01 23:26:16,399] {processor.py:642} INFO - Processing file /home/airflow/.local/lib/python3.7/site-packages/airflow/example_dags/example_branch_datetime_operator.py for tasks to queue
[2022-10-01 23:26:16,404] {logging_mixin.py:109} INFO - [2022-10-01 23:26:16,402] {dagbag.py:500} INFO - Filling up the DagBag from /home/airflow/.local/lib/python3.7/site-packages/airflow/example_dags/example_branch_datetime_operator.py
[2022-10-01 23:26:16,525] {processor.py:654} INFO - DAG(s) dict_keys(['example_branch_datetime_operator_2']) retrieved from /home/airflow/.local/lib/python3.7/site-packages/airflow/example_dags/example_branch_datetime_operator.py
[2022-10-01 23:26:16,589] {logging_mixin.py:109} INFO - [2022-10-01 23:26:16,588] {dag.py:2396} INFO - Sync 1 DAGs
[2022-10-01 23:26:16,761] {logging_mixin.py:109} INFO - [2022-10-01 23:26:16,756] {dag.py:2935} INFO - Setting next_dagrun for example_branch_datetime_operator_2 to 2022-09-30 00:00:00+00:00
[2022-10-01 23:26:16,823] {processor.py:171} INFO - Processing /home/airflow/.local/lib/python3.7/site-packages/airflow/example_dags/example_branch_datetime_operator.py took 0.441 seconds
[2022-10-01 23:26:47,670] {processor.py:163} INFO - Started process (PID=1362) to work on /home/airflow/.local/lib/python3.7/site-packages/airflow/example_dags/example_branch_datetime_operator.py
[2022-10-01 23:26:47,674] {processor.py:642} INFO - Processing file /home/airflow/.local/lib/python3.7/site-packages/airflow/example_dags/example_branch_datetime_operator.py for tasks to queue
[2022-10-01 23:26:47,676] {logging_mixin.py:109} INFO - [2022-10-01 23:26:47,676] {dagbag.py:500} INFO - Filling up the DagBag from /home/airflow/.local/lib/python3.7/site-packages/airflow/example_dags/example_branch_datetime_operator.py
[2022-10-01 23:26:47,741] {processor.py:654} INFO - DAG(s) dict_keys(['example_branch_datetime_operator_2']) retrieved from /home/airflow/.local/lib/python3.7/site-packages/airflow/example_dags/example_branch_datetime_operator.py
[2022-10-01 23:26:47,775] {logging_mixin.py:109} INFO - [2022-10-01 23:26:47,774] {dag.py:2396} INFO - Sync 1 DAGs
[2022-10-01 23:26:47,836] {logging_mixin.py:109} INFO - [2022-10-01 23:26:47,836] {dag.py:2935} INFO - Setting next_dagrun for example_branch_datetime_operator_2 to 2022-09-30 00:00:00+00:00
[2022-10-01 23:26:47,862] {processor.py:171} INFO - Processing /home/airflow/.local/lib/python3.7/site-packages/airflow/example_dags/example_branch_datetime_operator.py took 0.198 seconds
