[2022-10-01 23:07:41,344] {processor.py:163} INFO - Started process (PID=338) to work on /home/airflow/.local/lib/python3.7/site-packages/airflow/example_dags/example_trigger_controller_dag.py
[2022-10-01 23:07:41,348] {processor.py:642} INFO - Processing file /home/airflow/.local/lib/python3.7/site-packages/airflow/example_dags/example_trigger_controller_dag.py for tasks to queue
[2022-10-01 23:07:41,351] {logging_mixin.py:109} INFO - [2022-10-01 23:07:41,351] {dagbag.py:500} INFO - Filling up the DagBag from /home/airflow/.local/lib/python3.7/site-packages/airflow/example_dags/example_trigger_controller_dag.py
[2022-10-01 23:07:41,426] {processor.py:654} INFO - DAG(s) dict_keys(['example_trigger_controller_dag']) retrieved from /home/airflow/.local/lib/python3.7/site-packages/airflow/example_dags/example_trigger_controller_dag.py
[2022-10-01 23:07:50,923] {logging_mixin.py:109} INFO - [2022-10-01 23:07:50,923] {manager.py:496} INFO - Created Permission View: can edit on DAG:example_trigger_controller_dag
[2022-10-01 23:07:50,959] {logging_mixin.py:109} INFO - [2022-10-01 23:07:50,958] {manager.py:496} INFO - Created Permission View: can read on DAG:example_trigger_controller_dag
[2022-10-01 23:07:50,965] {logging_mixin.py:109} INFO - [2022-10-01 23:07:50,964] {dag.py:2396} INFO - Sync 1 DAGs
[2022-10-01 23:07:51,001] {logging_mixin.py:109} INFO - [2022-10-01 23:07:51,000] {dag.py:2415} INFO - Creating ORM DAG for example_trigger_controller_dag
[2022-10-01 23:07:51,036] {logging_mixin.py:109} INFO - [2022-10-01 23:07:51,035] {dag.py:2935} INFO - Setting next_dagrun for example_trigger_controller_dag to 2021-01-01T00:00:00+00:00
[2022-10-01 23:07:51,083] {processor.py:171} INFO - Processing /home/airflow/.local/lib/python3.7/site-packages/airflow/example_dags/example_trigger_controller_dag.py took 9.745 seconds
[2022-10-01 23:09:34,150] {processor.py:163} INFO - Started process (PID=604) to work on /home/airflow/.local/lib/python3.7/site-packages/airflow/example_dags/example_trigger_controller_dag.py
[2022-10-01 23:09:34,156] {processor.py:642} INFO - Processing file /home/airflow/.local/lib/python3.7/site-packages/airflow/example_dags/example_trigger_controller_dag.py for tasks to queue
[2022-10-01 23:09:34,161] {logging_mixin.py:109} INFO - [2022-10-01 23:09:34,160] {dagbag.py:500} INFO - Filling up the DagBag from /home/airflow/.local/lib/python3.7/site-packages/airflow/example_dags/example_trigger_controller_dag.py
[2022-10-01 23:09:34,260] {processor.py:654} INFO - DAG(s) dict_keys(['example_trigger_controller_dag']) retrieved from /home/airflow/.local/lib/python3.7/site-packages/airflow/example_dags/example_trigger_controller_dag.py
[2022-10-01 23:09:34,300] {logging_mixin.py:109} INFO - [2022-10-01 23:09:34,299] {dag.py:2396} INFO - Sync 1 DAGs
[2022-10-01 23:09:34,364] {logging_mixin.py:109} INFO - [2022-10-01 23:09:34,363] {dag.py:2935} INFO - Setting next_dagrun for example_trigger_controller_dag to 2021-01-01T00:00:00+00:00
[2022-10-01 23:09:34,391] {processor.py:171} INFO - Processing /home/airflow/.local/lib/python3.7/site-packages/airflow/example_dags/example_trigger_controller_dag.py took 0.253 seconds
[2022-10-01 23:10:04,638] {processor.py:163} INFO - Started process (PID=700) to work on /home/airflow/.local/lib/python3.7/site-packages/airflow/example_dags/example_trigger_controller_dag.py
[2022-10-01 23:10:04,642] {processor.py:642} INFO - Processing file /home/airflow/.local/lib/python3.7/site-packages/airflow/example_dags/example_trigger_controller_dag.py for tasks to queue
[2022-10-01 23:10:04,644] {logging_mixin.py:109} INFO - [2022-10-01 23:10:04,644] {dagbag.py:500} INFO - Filling up the DagBag from /home/airflow/.local/lib/python3.7/site-packages/airflow/example_dags/example_trigger_controller_dag.py
[2022-10-01 23:10:04,699] {processor.py:654} INFO - DAG(s) dict_keys(['example_trigger_controller_dag']) retrieved from /home/airflow/.local/lib/python3.7/site-packages/airflow/example_dags/example_trigger_controller_dag.py
[2022-10-01 23:10:04,732] {logging_mixin.py:109} INFO - [2022-10-01 23:10:04,732] {dag.py:2396} INFO - Sync 1 DAGs
[2022-10-01 23:10:04,789] {logging_mixin.py:109} INFO - [2022-10-01 23:10:04,788] {dag.py:2935} INFO - Setting next_dagrun for example_trigger_controller_dag to 2021-01-01T00:00:00+00:00
[2022-10-01 23:10:04,814] {processor.py:171} INFO - Processing /home/airflow/.local/lib/python3.7/site-packages/airflow/example_dags/example_trigger_controller_dag.py took 0.183 seconds
[2022-10-01 23:10:35,773] {processor.py:163} INFO - Started process (PID=795) to work on /home/airflow/.local/lib/python3.7/site-packages/airflow/example_dags/example_trigger_controller_dag.py
[2022-10-01 23:10:35,786] {processor.py:642} INFO - Processing file /home/airflow/.local/lib/python3.7/site-packages/airflow/example_dags/example_trigger_controller_dag.py for tasks to queue
[2022-10-01 23:10:35,793] {logging_mixin.py:109} INFO - [2022-10-01 23:10:35,792] {dagbag.py:500} INFO - Filling up the DagBag from /home/airflow/.local/lib/python3.7/site-packages/airflow/example_dags/example_trigger_controller_dag.py
[2022-10-01 23:10:35,921] {processor.py:654} INFO - DAG(s) dict_keys(['example_trigger_controller_dag']) retrieved from /home/airflow/.local/lib/python3.7/site-packages/airflow/example_dags/example_trigger_controller_dag.py
[2022-10-01 23:10:35,959] {logging_mixin.py:109} INFO - [2022-10-01 23:10:35,958] {dag.py:2396} INFO - Sync 1 DAGs
[2022-10-01 23:10:36,027] {logging_mixin.py:109} INFO - [2022-10-01 23:10:36,026] {dag.py:2935} INFO - Setting next_dagrun for example_trigger_controller_dag to 2021-01-01T00:00:00+00:00
[2022-10-01 23:10:36,059] {processor.py:171} INFO - Processing /home/airflow/.local/lib/python3.7/site-packages/airflow/example_dags/example_trigger_controller_dag.py took 0.295 seconds
[2022-10-01 23:11:06,632] {processor.py:163} INFO - Started process (PID=890) to work on /home/airflow/.local/lib/python3.7/site-packages/airflow/example_dags/example_trigger_controller_dag.py
[2022-10-01 23:11:06,636] {processor.py:642} INFO - Processing file /home/airflow/.local/lib/python3.7/site-packages/airflow/example_dags/example_trigger_controller_dag.py for tasks to queue
[2022-10-01 23:11:06,641] {logging_mixin.py:109} INFO - [2022-10-01 23:11:06,640] {dagbag.py:500} INFO - Filling up the DagBag from /home/airflow/.local/lib/python3.7/site-packages/airflow/example_dags/example_trigger_controller_dag.py
[2022-10-01 23:11:06,702] {processor.py:654} INFO - DAG(s) dict_keys(['example_trigger_controller_dag']) retrieved from /home/airflow/.local/lib/python3.7/site-packages/airflow/example_dags/example_trigger_controller_dag.py
[2022-10-01 23:11:06,742] {logging_mixin.py:109} INFO - [2022-10-01 23:11:06,741] {dag.py:2396} INFO - Sync 1 DAGs
[2022-10-01 23:11:06,804] {logging_mixin.py:109} INFO - [2022-10-01 23:11:06,804] {dag.py:2935} INFO - Setting next_dagrun for example_trigger_controller_dag to 2021-01-01T00:00:00+00:00
[2022-10-01 23:11:06,832] {processor.py:171} INFO - Processing /home/airflow/.local/lib/python3.7/site-packages/airflow/example_dags/example_trigger_controller_dag.py took 0.218 seconds
[2022-10-01 23:11:37,067] {processor.py:163} INFO - Started process (PID=986) to work on /home/airflow/.local/lib/python3.7/site-packages/airflow/example_dags/example_trigger_controller_dag.py
[2022-10-01 23:11:37,075] {processor.py:642} INFO - Processing file /home/airflow/.local/lib/python3.7/site-packages/airflow/example_dags/example_trigger_controller_dag.py for tasks to queue
[2022-10-01 23:11:37,080] {logging_mixin.py:109} INFO - [2022-10-01 23:11:37,079] {dagbag.py:500} INFO - Filling up the DagBag from /home/airflow/.local/lib/python3.7/site-packages/airflow/example_dags/example_trigger_controller_dag.py
[2022-10-01 23:11:37,178] {processor.py:654} INFO - DAG(s) dict_keys(['example_trigger_controller_dag']) retrieved from /home/airflow/.local/lib/python3.7/site-packages/airflow/example_dags/example_trigger_controller_dag.py
[2022-10-01 23:11:37,228] {logging_mixin.py:109} INFO - [2022-10-01 23:11:37,228] {dag.py:2396} INFO - Sync 1 DAGs
[2022-10-01 23:11:37,330] {logging_mixin.py:109} INFO - [2022-10-01 23:11:37,328] {dag.py:2935} INFO - Setting next_dagrun for example_trigger_controller_dag to 2021-01-01T00:00:00+00:00
[2022-10-01 23:11:37,383] {processor.py:171} INFO - Processing /home/airflow/.local/lib/python3.7/site-packages/airflow/example_dags/example_trigger_controller_dag.py took 0.328 seconds
[2022-10-01 23:12:07,925] {processor.py:163} INFO - Started process (PID=1082) to work on /home/airflow/.local/lib/python3.7/site-packages/airflow/example_dags/example_trigger_controller_dag.py
[2022-10-01 23:12:07,929] {processor.py:642} INFO - Processing file /home/airflow/.local/lib/python3.7/site-packages/airflow/example_dags/example_trigger_controller_dag.py for tasks to queue
[2022-10-01 23:12:07,933] {logging_mixin.py:109} INFO - [2022-10-01 23:12:07,932] {dagbag.py:500} INFO - Filling up the DagBag from /home/airflow/.local/lib/python3.7/site-packages/airflow/example_dags/example_trigger_controller_dag.py
[2022-10-01 23:12:07,987] {processor.py:654} INFO - DAG(s) dict_keys(['example_trigger_controller_dag']) retrieved from /home/airflow/.local/lib/python3.7/site-packages/airflow/example_dags/example_trigger_controller_dag.py
[2022-10-01 23:12:08,027] {logging_mixin.py:109} INFO - [2022-10-01 23:12:08,027] {dag.py:2396} INFO - Sync 1 DAGs
[2022-10-01 23:12:08,086] {logging_mixin.py:109} INFO - [2022-10-01 23:12:08,085] {dag.py:2935} INFO - Setting next_dagrun for example_trigger_controller_dag to 2021-01-01T00:00:00+00:00
[2022-10-01 23:12:08,114] {processor.py:171} INFO - Processing /home/airflow/.local/lib/python3.7/site-packages/airflow/example_dags/example_trigger_controller_dag.py took 0.195 seconds
[2022-10-01 23:13:25,413] {processor.py:163} INFO - Started process (PID=1160) to work on /home/airflow/.local/lib/python3.7/site-packages/airflow/example_dags/example_trigger_controller_dag.py
[2022-10-01 23:13:25,417] {processor.py:642} INFO - Processing file /home/airflow/.local/lib/python3.7/site-packages/airflow/example_dags/example_trigger_controller_dag.py for tasks to queue
[2022-10-01 23:13:25,420] {logging_mixin.py:109} INFO - [2022-10-01 23:13:25,420] {dagbag.py:500} INFO - Filling up the DagBag from /home/airflow/.local/lib/python3.7/site-packages/airflow/example_dags/example_trigger_controller_dag.py
[2022-10-01 23:13:25,474] {processor.py:654} INFO - DAG(s) dict_keys(['example_trigger_controller_dag']) retrieved from /home/airflow/.local/lib/python3.7/site-packages/airflow/example_dags/example_trigger_controller_dag.py
[2022-10-01 23:13:25,506] {logging_mixin.py:109} INFO - [2022-10-01 23:13:25,506] {dag.py:2396} INFO - Sync 1 DAGs
[2022-10-01 23:13:25,558] {logging_mixin.py:109} INFO - [2022-10-01 23:13:25,558] {dag.py:2935} INFO - Setting next_dagrun for example_trigger_controller_dag to 2021-01-01T00:00:00+00:00
[2022-10-01 23:13:25,583] {processor.py:171} INFO - Processing /home/airflow/.local/lib/python3.7/site-packages/airflow/example_dags/example_trigger_controller_dag.py took 0.177 seconds
[2022-10-01 23:26:13,961] {processor.py:163} INFO - Started process (PID=1256) to work on /home/airflow/.local/lib/python3.7/site-packages/airflow/example_dags/example_trigger_controller_dag.py
[2022-10-01 23:26:13,968] {processor.py:642} INFO - Processing file /home/airflow/.local/lib/python3.7/site-packages/airflow/example_dags/example_trigger_controller_dag.py for tasks to queue
[2022-10-01 23:26:13,971] {logging_mixin.py:109} INFO - [2022-10-01 23:26:13,971] {dagbag.py:500} INFO - Filling up the DagBag from /home/airflow/.local/lib/python3.7/site-packages/airflow/example_dags/example_trigger_controller_dag.py
[2022-10-01 23:26:14,080] {processor.py:654} INFO - DAG(s) dict_keys(['example_trigger_controller_dag']) retrieved from /home/airflow/.local/lib/python3.7/site-packages/airflow/example_dags/example_trigger_controller_dag.py
[2022-10-01 23:26:14,135] {logging_mixin.py:109} INFO - [2022-10-01 23:26:14,135] {dag.py:2396} INFO - Sync 1 DAGs
[2022-10-01 23:26:14,239] {logging_mixin.py:109} INFO - [2022-10-01 23:26:14,239] {dag.py:2935} INFO - Setting next_dagrun for example_trigger_controller_dag to 2021-01-01T00:00:00+00:00
[2022-10-01 23:26:14,285] {processor.py:171} INFO - Processing /home/airflow/.local/lib/python3.7/site-packages/airflow/example_dags/example_trigger_controller_dag.py took 0.330 seconds
[2022-10-01 23:26:44,421] {processor.py:163} INFO - Started process (PID=1350) to work on /home/airflow/.local/lib/python3.7/site-packages/airflow/example_dags/example_trigger_controller_dag.py
[2022-10-01 23:26:44,425] {processor.py:642} INFO - Processing file /home/airflow/.local/lib/python3.7/site-packages/airflow/example_dags/example_trigger_controller_dag.py for tasks to queue
[2022-10-01 23:26:44,427] {logging_mixin.py:109} INFO - [2022-10-01 23:26:44,427] {dagbag.py:500} INFO - Filling up the DagBag from /home/airflow/.local/lib/python3.7/site-packages/airflow/example_dags/example_trigger_controller_dag.py
[2022-10-01 23:26:44,482] {processor.py:654} INFO - DAG(s) dict_keys(['example_trigger_controller_dag']) retrieved from /home/airflow/.local/lib/python3.7/site-packages/airflow/example_dags/example_trigger_controller_dag.py
[2022-10-01 23:26:44,512] {logging_mixin.py:109} INFO - [2022-10-01 23:26:44,511] {dag.py:2396} INFO - Sync 1 DAGs
[2022-10-01 23:26:44,563] {logging_mixin.py:109} INFO - [2022-10-01 23:26:44,562] {dag.py:2935} INFO - Setting next_dagrun for example_trigger_controller_dag to 2021-01-01T00:00:00+00:00
[2022-10-01 23:26:44,587] {processor.py:171} INFO - Processing /home/airflow/.local/lib/python3.7/site-packages/airflow/example_dags/example_trigger_controller_dag.py took 0.174 seconds
