[2022-10-01 23:07:27,063] {processor.py:163} INFO - Started process (PID=314) to work on /home/airflow/.local/lib/python3.7/site-packages/airflow/example_dags/example_short_circuit_operator.py
[2022-10-01 23:07:27,070] {processor.py:642} INFO - Processing file /home/airflow/.local/lib/python3.7/site-packages/airflow/example_dags/example_short_circuit_operator.py for tasks to queue
[2022-10-01 23:07:27,088] {logging_mixin.py:109} INFO - [2022-10-01 23:07:27,078] {dagbag.py:500} INFO - Filling up the DagBag from /home/airflow/.local/lib/python3.7/site-packages/airflow/example_dags/example_short_circuit_operator.py
[2022-10-01 23:07:27,369] {processor.py:654} INFO - DAG(s) dict_keys(['example_short_circuit_operator']) retrieved from /home/airflow/.local/lib/python3.7/site-packages/airflow/example_dags/example_short_circuit_operator.py
[2022-10-01 23:07:40,568] {logging_mixin.py:109} INFO - [2022-10-01 23:07:40,568] {manager.py:496} INFO - Created Permission View: can edit on DAG:example_short_circuit_operator
[2022-10-01 23:07:40,596] {logging_mixin.py:109} INFO - [2022-10-01 23:07:40,595] {manager.py:496} INFO - Created Permission View: can read on DAG:example_short_circuit_operator
[2022-10-01 23:07:40,598] {logging_mixin.py:109} INFO - [2022-10-01 23:07:40,597] {dag.py:2396} INFO - Sync 1 DAGs
[2022-10-01 23:07:40,629] {logging_mixin.py:109} INFO - [2022-10-01 23:07:40,628] {dag.py:2415} INFO - Creating ORM DAG for example_short_circuit_operator
[2022-10-01 23:07:40,664] {logging_mixin.py:109} INFO - [2022-10-01 23:07:40,664] {dag.py:2935} INFO - Setting next_dagrun for example_short_circuit_operator to 2022-09-30T23:07:40.662336+00:00
[2022-10-01 23:07:40,705] {processor.py:171} INFO - Processing /home/airflow/.local/lib/python3.7/site-packages/airflow/example_dags/example_short_circuit_operator.py took 13.669 seconds
[2022-10-01 23:09:32,233] {processor.py:163} INFO - Started process (PID=598) to work on /home/airflow/.local/lib/python3.7/site-packages/airflow/example_dags/example_short_circuit_operator.py
[2022-10-01 23:09:32,238] {processor.py:642} INFO - Processing file /home/airflow/.local/lib/python3.7/site-packages/airflow/example_dags/example_short_circuit_operator.py for tasks to queue
[2022-10-01 23:09:32,243] {logging_mixin.py:109} INFO - [2022-10-01 23:09:32,243] {dagbag.py:500} INFO - Filling up the DagBag from /home/airflow/.local/lib/python3.7/site-packages/airflow/example_dags/example_short_circuit_operator.py
[2022-10-01 23:09:32,354] {processor.py:654} INFO - DAG(s) dict_keys(['example_short_circuit_operator']) retrieved from /home/airflow/.local/lib/python3.7/site-packages/airflow/example_dags/example_short_circuit_operator.py
[2022-10-01 23:09:32,404] {logging_mixin.py:109} INFO - [2022-10-01 23:09:32,404] {dag.py:2396} INFO - Sync 1 DAGs
[2022-10-01 23:09:32,469] {logging_mixin.py:109} INFO - [2022-10-01 23:09:32,468] {dag.py:2935} INFO - Setting next_dagrun for example_short_circuit_operator to 2022-09-30T23:09:32.466739+00:00
[2022-10-01 23:09:32,496] {processor.py:171} INFO - Processing /home/airflow/.local/lib/python3.7/site-packages/airflow/example_dags/example_short_circuit_operator.py took 0.270 seconds
[2022-10-01 23:10:02,918] {processor.py:163} INFO - Started process (PID=692) to work on /home/airflow/.local/lib/python3.7/site-packages/airflow/example_dags/example_short_circuit_operator.py
[2022-10-01 23:10:02,922] {processor.py:642} INFO - Processing file /home/airflow/.local/lib/python3.7/site-packages/airflow/example_dags/example_short_circuit_operator.py for tasks to queue
[2022-10-01 23:10:02,925] {logging_mixin.py:109} INFO - [2022-10-01 23:10:02,925] {dagbag.py:500} INFO - Filling up the DagBag from /home/airflow/.local/lib/python3.7/site-packages/airflow/example_dags/example_short_circuit_operator.py
[2022-10-01 23:10:02,987] {processor.py:654} INFO - DAG(s) dict_keys(['example_short_circuit_operator']) retrieved from /home/airflow/.local/lib/python3.7/site-packages/airflow/example_dags/example_short_circuit_operator.py
[2022-10-01 23:10:03,024] {logging_mixin.py:109} INFO - [2022-10-01 23:10:03,024] {dag.py:2396} INFO - Sync 1 DAGs
[2022-10-01 23:10:03,080] {logging_mixin.py:109} INFO - [2022-10-01 23:10:03,080] {dag.py:2935} INFO - Setting next_dagrun for example_short_circuit_operator to 2022-09-30T23:10:03.078136+00:00
[2022-10-01 23:10:03,107] {processor.py:171} INFO - Processing /home/airflow/.local/lib/python3.7/site-packages/airflow/example_dags/example_short_circuit_operator.py took 0.196 seconds
[2022-10-01 23:10:34,018] {processor.py:163} INFO - Started process (PID=789) to work on /home/airflow/.local/lib/python3.7/site-packages/airflow/example_dags/example_short_circuit_operator.py
[2022-10-01 23:10:34,023] {processor.py:642} INFO - Processing file /home/airflow/.local/lib/python3.7/site-packages/airflow/example_dags/example_short_circuit_operator.py for tasks to queue
[2022-10-01 23:10:34,026] {logging_mixin.py:109} INFO - [2022-10-01 23:10:34,026] {dagbag.py:500} INFO - Filling up the DagBag from /home/airflow/.local/lib/python3.7/site-packages/airflow/example_dags/example_short_circuit_operator.py
[2022-10-01 23:10:34,104] {processor.py:654} INFO - DAG(s) dict_keys(['example_short_circuit_operator']) retrieved from /home/airflow/.local/lib/python3.7/site-packages/airflow/example_dags/example_short_circuit_operator.py
[2022-10-01 23:10:34,150] {logging_mixin.py:109} INFO - [2022-10-01 23:10:34,149] {dag.py:2396} INFO - Sync 1 DAGs
[2022-10-01 23:10:34,226] {logging_mixin.py:109} INFO - [2022-10-01 23:10:34,226] {dag.py:2935} INFO - Setting next_dagrun for example_short_circuit_operator to 2022-09-30T23:10:34.223448+00:00
[2022-10-01 23:10:34,261] {processor.py:171} INFO - Processing /home/airflow/.local/lib/python3.7/site-packages/airflow/example_dags/example_short_circuit_operator.py took 0.250 seconds
[2022-10-01 23:11:05,107] {processor.py:163} INFO - Started process (PID=883) to work on /home/airflow/.local/lib/python3.7/site-packages/airflow/example_dags/example_short_circuit_operator.py
[2022-10-01 23:11:05,112] {processor.py:642} INFO - Processing file /home/airflow/.local/lib/python3.7/site-packages/airflow/example_dags/example_short_circuit_operator.py for tasks to queue
[2022-10-01 23:11:05,115] {logging_mixin.py:109} INFO - [2022-10-01 23:11:05,114] {dagbag.py:500} INFO - Filling up the DagBag from /home/airflow/.local/lib/python3.7/site-packages/airflow/example_dags/example_short_circuit_operator.py
[2022-10-01 23:11:05,193] {processor.py:654} INFO - DAG(s) dict_keys(['example_short_circuit_operator']) retrieved from /home/airflow/.local/lib/python3.7/site-packages/airflow/example_dags/example_short_circuit_operator.py
[2022-10-01 23:11:05,240] {logging_mixin.py:109} INFO - [2022-10-01 23:11:05,239] {dag.py:2396} INFO - Sync 1 DAGs
[2022-10-01 23:11:05,334] {logging_mixin.py:109} INFO - [2022-10-01 23:11:05,334] {dag.py:2935} INFO - Setting next_dagrun for example_short_circuit_operator to 2022-09-30T23:11:05.331408+00:00
[2022-10-01 23:11:05,372] {processor.py:171} INFO - Processing /home/airflow/.local/lib/python3.7/site-packages/airflow/example_dags/example_short_circuit_operator.py took 0.272 seconds
[2022-10-01 23:11:35,494] {processor.py:163} INFO - Started process (PID=980) to work on /home/airflow/.local/lib/python3.7/site-packages/airflow/example_dags/example_short_circuit_operator.py
[2022-10-01 23:11:35,500] {processor.py:642} INFO - Processing file /home/airflow/.local/lib/python3.7/site-packages/airflow/example_dags/example_short_circuit_operator.py for tasks to queue
[2022-10-01 23:11:35,504] {logging_mixin.py:109} INFO - [2022-10-01 23:11:35,503] {dagbag.py:500} INFO - Filling up the DagBag from /home/airflow/.local/lib/python3.7/site-packages/airflow/example_dags/example_short_circuit_operator.py
[2022-10-01 23:11:35,605] {processor.py:654} INFO - DAG(s) dict_keys(['example_short_circuit_operator']) retrieved from /home/airflow/.local/lib/python3.7/site-packages/airflow/example_dags/example_short_circuit_operator.py
[2022-10-01 23:11:35,660] {logging_mixin.py:109} INFO - [2022-10-01 23:11:35,659] {dag.py:2396} INFO - Sync 1 DAGs
[2022-10-01 23:11:35,727] {logging_mixin.py:109} INFO - [2022-10-01 23:11:35,726] {dag.py:2935} INFO - Setting next_dagrun for example_short_circuit_operator to 2022-09-30T23:11:35.724696+00:00
[2022-10-01 23:11:35,770] {processor.py:171} INFO - Processing /home/airflow/.local/lib/python3.7/site-packages/airflow/example_dags/example_short_circuit_operator.py took 0.284 seconds
[2022-10-01 23:12:06,420] {processor.py:163} INFO - Started process (PID=1074) to work on /home/airflow/.local/lib/python3.7/site-packages/airflow/example_dags/example_short_circuit_operator.py
[2022-10-01 23:12:06,424] {processor.py:642} INFO - Processing file /home/airflow/.local/lib/python3.7/site-packages/airflow/example_dags/example_short_circuit_operator.py for tasks to queue
[2022-10-01 23:12:06,428] {logging_mixin.py:109} INFO - [2022-10-01 23:12:06,427] {dagbag.py:500} INFO - Filling up the DagBag from /home/airflow/.local/lib/python3.7/site-packages/airflow/example_dags/example_short_circuit_operator.py
[2022-10-01 23:12:06,518] {processor.py:654} INFO - DAG(s) dict_keys(['example_short_circuit_operator']) retrieved from /home/airflow/.local/lib/python3.7/site-packages/airflow/example_dags/example_short_circuit_operator.py
[2022-10-01 23:12:06,570] {logging_mixin.py:109} INFO - [2022-10-01 23:12:06,570] {dag.py:2396} INFO - Sync 1 DAGs
[2022-10-01 23:12:06,628] {logging_mixin.py:109} INFO - [2022-10-01 23:12:06,628] {dag.py:2935} INFO - Setting next_dagrun for example_short_circuit_operator to 2022-09-30T23:12:06.625462+00:00
[2022-10-01 23:12:06,658] {processor.py:171} INFO - Processing /home/airflow/.local/lib/python3.7/site-packages/airflow/example_dags/example_short_circuit_operator.py took 0.248 seconds
[2022-10-01 23:13:25,068] {processor.py:163} INFO - Started process (PID=1154) to work on /home/airflow/.local/lib/python3.7/site-packages/airflow/example_dags/example_short_circuit_operator.py
[2022-10-01 23:13:25,072] {processor.py:642} INFO - Processing file /home/airflow/.local/lib/python3.7/site-packages/airflow/example_dags/example_short_circuit_operator.py for tasks to queue
[2022-10-01 23:13:25,075] {logging_mixin.py:109} INFO - [2022-10-01 23:13:25,075] {dagbag.py:500} INFO - Filling up the DagBag from /home/airflow/.local/lib/python3.7/site-packages/airflow/example_dags/example_short_circuit_operator.py
[2022-10-01 23:13:25,142] {processor.py:654} INFO - DAG(s) dict_keys(['example_short_circuit_operator']) retrieved from /home/airflow/.local/lib/python3.7/site-packages/airflow/example_dags/example_short_circuit_operator.py
[2022-10-01 23:13:25,186] {logging_mixin.py:109} INFO - [2022-10-01 23:13:25,186] {dag.py:2396} INFO - Sync 1 DAGs
[2022-10-01 23:13:25,241] {logging_mixin.py:109} INFO - [2022-10-01 23:13:25,241] {dag.py:2935} INFO - Setting next_dagrun for example_short_circuit_operator to 2022-09-30T23:13:25.239415+00:00
[2022-10-01 23:13:25,267] {processor.py:171} INFO - Processing /home/airflow/.local/lib/python3.7/site-packages/airflow/example_dags/example_short_circuit_operator.py took 0.205 seconds
[2022-10-01 23:26:13,550] {processor.py:163} INFO - Started process (PID=1250) to work on /home/airflow/.local/lib/python3.7/site-packages/airflow/example_dags/example_short_circuit_operator.py
[2022-10-01 23:26:13,558] {processor.py:642} INFO - Processing file /home/airflow/.local/lib/python3.7/site-packages/airflow/example_dags/example_short_circuit_operator.py for tasks to queue
[2022-10-01 23:26:13,565] {logging_mixin.py:109} INFO - [2022-10-01 23:26:13,564] {dagbag.py:500} INFO - Filling up the DagBag from /home/airflow/.local/lib/python3.7/site-packages/airflow/example_dags/example_short_circuit_operator.py
[2022-10-01 23:26:13,688] {processor.py:654} INFO - DAG(s) dict_keys(['example_short_circuit_operator']) retrieved from /home/airflow/.local/lib/python3.7/site-packages/airflow/example_dags/example_short_circuit_operator.py
[2022-10-01 23:26:13,771] {logging_mixin.py:109} INFO - [2022-10-01 23:26:13,770] {dag.py:2396} INFO - Sync 1 DAGs
[2022-10-01 23:26:13,854] {logging_mixin.py:109} INFO - [2022-10-01 23:26:13,853] {dag.py:2935} INFO - Setting next_dagrun for example_short_circuit_operator to 2022-09-30T23:26:13.851940+00:00
[2022-10-01 23:26:13,898] {processor.py:171} INFO - Processing /home/airflow/.local/lib/python3.7/site-packages/airflow/example_dags/example_short_circuit_operator.py took 0.368 seconds
[2022-10-01 23:26:43,972] {processor.py:163} INFO - Started process (PID=1346) to work on /home/airflow/.local/lib/python3.7/site-packages/airflow/example_dags/example_short_circuit_operator.py
[2022-10-01 23:26:43,976] {processor.py:642} INFO - Processing file /home/airflow/.local/lib/python3.7/site-packages/airflow/example_dags/example_short_circuit_operator.py for tasks to queue
[2022-10-01 23:26:43,978] {logging_mixin.py:109} INFO - [2022-10-01 23:26:43,978] {dagbag.py:500} INFO - Filling up the DagBag from /home/airflow/.local/lib/python3.7/site-packages/airflow/example_dags/example_short_circuit_operator.py
[2022-10-01 23:26:44,043] {processor.py:654} INFO - DAG(s) dict_keys(['example_short_circuit_operator']) retrieved from /home/airflow/.local/lib/python3.7/site-packages/airflow/example_dags/example_short_circuit_operator.py
[2022-10-01 23:26:44,080] {logging_mixin.py:109} INFO - [2022-10-01 23:26:44,079] {dag.py:2396} INFO - Sync 1 DAGs
[2022-10-01 23:26:44,131] {logging_mixin.py:109} INFO - [2022-10-01 23:26:44,131] {dag.py:2935} INFO - Setting next_dagrun for example_short_circuit_operator to 2022-09-30T23:26:44.130051+00:00
[2022-10-01 23:26:44,156] {processor.py:171} INFO - Processing /home/airflow/.local/lib/python3.7/site-packages/airflow/example_dags/example_short_circuit_operator.py took 0.192 seconds
