[2022-10-01 23:06:15,578] {processor.py:163} INFO - Started process (PID=197) to work on /home/airflow/.local/lib/python3.7/site-packages/airflow/example_dags/example_dag_decorator.py
[2022-10-01 23:06:15,584] {processor.py:642} INFO - Processing file /home/airflow/.local/lib/python3.7/site-packages/airflow/example_dags/example_dag_decorator.py for tasks to queue
[2022-10-01 23:06:15,588] {logging_mixin.py:109} INFO - [2022-10-01 23:06:15,587] {dagbag.py:500} INFO - Filling up the DagBag from /home/airflow/.local/lib/python3.7/site-packages/airflow/example_dags/example_dag_decorator.py
[2022-10-01 23:06:15,799] {processor.py:654} INFO - DAG(s) dict_keys(['example_dag_decorator']) retrieved from /home/airflow/.local/lib/python3.7/site-packages/airflow/example_dags/example_dag_decorator.py
[2022-10-01 23:06:31,867] {logging_mixin.py:109} INFO - [2022-10-01 23:06:31,849] {manager.py:496} INFO - Created Permission View: can edit on DAG:example_dag_decorator
[2022-10-01 23:06:31,971] {logging_mixin.py:109} INFO - [2022-10-01 23:06:31,967] {manager.py:496} INFO - Created Permission View: can read on DAG:example_dag_decorator
[2022-10-01 23:06:31,993] {logging_mixin.py:109} INFO - [2022-10-01 23:06:31,984] {dag.py:2396} INFO - Sync 1 DAGs
[2022-10-01 23:06:32,105] {logging_mixin.py:109} INFO - [2022-10-01 23:06:32,098] {dag.py:2415} INFO - Creating ORM DAG for example_dag_decorator
[2022-10-01 23:06:32,226] {logging_mixin.py:109} INFO - [2022-10-01 23:06:32,220] {dag.py:2935} INFO - Setting next_dagrun for example_dag_decorator to None
[2022-10-01 23:06:32,400] {processor.py:171} INFO - Processing /home/airflow/.local/lib/python3.7/site-packages/airflow/example_dags/example_dag_decorator.py took 16.837 seconds
[2022-10-01 23:09:28,091] {processor.py:163} INFO - Started process (PID=581) to work on /home/airflow/.local/lib/python3.7/site-packages/airflow/example_dags/example_dag_decorator.py
[2022-10-01 23:09:28,095] {processor.py:642} INFO - Processing file /home/airflow/.local/lib/python3.7/site-packages/airflow/example_dags/example_dag_decorator.py for tasks to queue
[2022-10-01 23:09:28,098] {logging_mixin.py:109} INFO - [2022-10-01 23:09:28,098] {dagbag.py:500} INFO - Filling up the DagBag from /home/airflow/.local/lib/python3.7/site-packages/airflow/example_dags/example_dag_decorator.py
[2022-10-01 23:09:28,198] {processor.py:654} INFO - DAG(s) dict_keys(['example_dag_decorator']) retrieved from /home/airflow/.local/lib/python3.7/site-packages/airflow/example_dags/example_dag_decorator.py
[2022-10-01 23:09:29,271] {logging_mixin.py:109} INFO - [2022-10-01 23:09:29,271] {dag.py:2396} INFO - Sync 1 DAGs
[2022-10-01 23:09:29,332] {logging_mixin.py:109} INFO - [2022-10-01 23:09:29,331] {dag.py:2935} INFO - Setting next_dagrun for example_dag_decorator to None
[2022-10-01 23:09:29,365] {processor.py:171} INFO - Processing /home/airflow/.local/lib/python3.7/site-packages/airflow/example_dags/example_dag_decorator.py took 1.282 seconds
[2022-10-01 23:09:59,626] {processor.py:163} INFO - Started process (PID=676) to work on /home/airflow/.local/lib/python3.7/site-packages/airflow/example_dags/example_dag_decorator.py
[2022-10-01 23:09:59,630] {processor.py:642} INFO - Processing file /home/airflow/.local/lib/python3.7/site-packages/airflow/example_dags/example_dag_decorator.py for tasks to queue
[2022-10-01 23:09:59,632] {logging_mixin.py:109} INFO - [2022-10-01 23:09:59,632] {dagbag.py:500} INFO - Filling up the DagBag from /home/airflow/.local/lib/python3.7/site-packages/airflow/example_dags/example_dag_decorator.py
[2022-10-01 23:09:59,721] {processor.py:654} INFO - DAG(s) dict_keys(['example_dag_decorator']) retrieved from /home/airflow/.local/lib/python3.7/site-packages/airflow/example_dags/example_dag_decorator.py
[2022-10-01 23:10:00,732] {logging_mixin.py:109} INFO - [2022-10-01 23:10:00,731] {dag.py:2396} INFO - Sync 1 DAGs
[2022-10-01 23:10:00,800] {logging_mixin.py:109} INFO - [2022-10-01 23:10:00,800] {dag.py:2935} INFO - Setting next_dagrun for example_dag_decorator to None
[2022-10-01 23:10:00,838] {processor.py:171} INFO - Processing /home/airflow/.local/lib/python3.7/site-packages/airflow/example_dags/example_dag_decorator.py took 1.219 seconds
[2022-10-01 23:10:31,061] {processor.py:163} INFO - Started process (PID=773) to work on /home/airflow/.local/lib/python3.7/site-packages/airflow/example_dags/example_dag_decorator.py
[2022-10-01 23:10:31,068] {processor.py:642} INFO - Processing file /home/airflow/.local/lib/python3.7/site-packages/airflow/example_dags/example_dag_decorator.py for tasks to queue
[2022-10-01 23:10:31,072] {logging_mixin.py:109} INFO - [2022-10-01 23:10:31,072] {dagbag.py:500} INFO - Filling up the DagBag from /home/airflow/.local/lib/python3.7/site-packages/airflow/example_dags/example_dag_decorator.py
[2022-10-01 23:10:31,258] {processor.py:654} INFO - DAG(s) dict_keys(['example_dag_decorator']) retrieved from /home/airflow/.local/lib/python3.7/site-packages/airflow/example_dags/example_dag_decorator.py
[2022-10-01 23:10:33,197] {logging_mixin.py:109} INFO - [2022-10-01 23:10:33,196] {dag.py:2396} INFO - Sync 1 DAGs
[2022-10-01 23:10:33,279] {logging_mixin.py:109} INFO - [2022-10-01 23:10:33,279] {dag.py:2935} INFO - Setting next_dagrun for example_dag_decorator to None
[2022-10-01 23:10:33,324] {processor.py:171} INFO - Processing /home/airflow/.local/lib/python3.7/site-packages/airflow/example_dags/example_dag_decorator.py took 2.281 seconds
[2022-10-01 23:11:03,792] {processor.py:163} INFO - Started process (PID=873) to work on /home/airflow/.local/lib/python3.7/site-packages/airflow/example_dags/example_dag_decorator.py
[2022-10-01 23:11:03,798] {processor.py:642} INFO - Processing file /home/airflow/.local/lib/python3.7/site-packages/airflow/example_dags/example_dag_decorator.py for tasks to queue
[2022-10-01 23:11:03,802] {logging_mixin.py:109} INFO - [2022-10-01 23:11:03,801] {dagbag.py:500} INFO - Filling up the DagBag from /home/airflow/.local/lib/python3.7/site-packages/airflow/example_dags/example_dag_decorator.py
[2022-10-01 23:11:03,907] {processor.py:654} INFO - DAG(s) dict_keys(['example_dag_decorator']) retrieved from /home/airflow/.local/lib/python3.7/site-packages/airflow/example_dags/example_dag_decorator.py
[2022-10-01 23:11:05,141] {logging_mixin.py:109} INFO - [2022-10-01 23:11:05,140] {dag.py:2396} INFO - Sync 1 DAGs
[2022-10-01 23:11:05,199] {logging_mixin.py:109} INFO - [2022-10-01 23:11:05,198] {dag.py:2935} INFO - Setting next_dagrun for example_dag_decorator to None
[2022-10-01 23:11:05,234] {processor.py:171} INFO - Processing /home/airflow/.local/lib/python3.7/site-packages/airflow/example_dags/example_dag_decorator.py took 1.451 seconds
[2022-10-01 23:11:35,372] {processor.py:163} INFO - Started process (PID=978) to work on /home/airflow/.local/lib/python3.7/site-packages/airflow/example_dags/example_dag_decorator.py
[2022-10-01 23:11:35,376] {processor.py:642} INFO - Processing file /home/airflow/.local/lib/python3.7/site-packages/airflow/example_dags/example_dag_decorator.py for tasks to queue
[2022-10-01 23:11:35,379] {logging_mixin.py:109} INFO - [2022-10-01 23:11:35,379] {dagbag.py:500} INFO - Filling up the DagBag from /home/airflow/.local/lib/python3.7/site-packages/airflow/example_dags/example_dag_decorator.py
[2022-10-01 23:11:35,519] {processor.py:654} INFO - DAG(s) dict_keys(['example_dag_decorator']) retrieved from /home/airflow/.local/lib/python3.7/site-packages/airflow/example_dags/example_dag_decorator.py
[2022-10-01 23:11:36,803] {logging_mixin.py:109} INFO - [2022-10-01 23:11:36,803] {dag.py:2396} INFO - Sync 1 DAGs
[2022-10-01 23:11:36,858] {logging_mixin.py:109} INFO - [2022-10-01 23:11:36,857] {dag.py:2935} INFO - Setting next_dagrun for example_dag_decorator to None
[2022-10-01 23:11:36,923] {processor.py:171} INFO - Processing /home/airflow/.local/lib/python3.7/site-packages/airflow/example_dags/example_dag_decorator.py took 1.558 seconds
[2022-10-01 23:12:07,038] {processor.py:163} INFO - Started process (PID=1080) to work on /home/airflow/.local/lib/python3.7/site-packages/airflow/example_dags/example_dag_decorator.py
[2022-10-01 23:12:07,042] {processor.py:642} INFO - Processing file /home/airflow/.local/lib/python3.7/site-packages/airflow/example_dags/example_dag_decorator.py for tasks to queue
[2022-10-01 23:12:07,046] {logging_mixin.py:109} INFO - [2022-10-01 23:12:07,046] {dagbag.py:500} INFO - Filling up the DagBag from /home/airflow/.local/lib/python3.7/site-packages/airflow/example_dags/example_dag_decorator.py
[2022-10-01 23:12:07,132] {processor.py:654} INFO - DAG(s) dict_keys(['example_dag_decorator']) retrieved from /home/airflow/.local/lib/python3.7/site-packages/airflow/example_dags/example_dag_decorator.py
[2022-10-01 23:12:08,012] {logging_mixin.py:109} INFO - [2022-10-01 23:12:08,011] {dag.py:2396} INFO - Sync 1 DAGs
[2022-10-01 23:12:08,065] {logging_mixin.py:109} INFO - [2022-10-01 23:12:08,065] {dag.py:2935} INFO - Setting next_dagrun for example_dag_decorator to None
[2022-10-01 23:12:08,096] {processor.py:171} INFO - Processing /home/airflow/.local/lib/python3.7/site-packages/airflow/example_dags/example_dag_decorator.py took 1.066 seconds
[2022-10-01 23:13:22,950] {processor.py:163} INFO - Started process (PID=1138) to work on /home/airflow/.local/lib/python3.7/site-packages/airflow/example_dags/example_dag_decorator.py
[2022-10-01 23:13:22,954] {processor.py:642} INFO - Processing file /home/airflow/.local/lib/python3.7/site-packages/airflow/example_dags/example_dag_decorator.py for tasks to queue
[2022-10-01 23:13:22,957] {logging_mixin.py:109} INFO - [2022-10-01 23:13:22,956] {dagbag.py:500} INFO - Filling up the DagBag from /home/airflow/.local/lib/python3.7/site-packages/airflow/example_dags/example_dag_decorator.py
[2022-10-01 23:13:23,046] {processor.py:654} INFO - DAG(s) dict_keys(['example_dag_decorator']) retrieved from /home/airflow/.local/lib/python3.7/site-packages/airflow/example_dags/example_dag_decorator.py
[2022-10-01 23:13:23,994] {logging_mixin.py:109} INFO - [2022-10-01 23:13:23,993] {dag.py:2396} INFO - Sync 1 DAGs
[2022-10-01 23:13:24,044] {logging_mixin.py:109} INFO - [2022-10-01 23:13:24,043] {dag.py:2935} INFO - Setting next_dagrun for example_dag_decorator to None
[2022-10-01 23:13:24,074] {processor.py:171} INFO - Processing /home/airflow/.local/lib/python3.7/site-packages/airflow/example_dags/example_dag_decorator.py took 1.130 seconds
[2022-10-01 23:26:09,927] {processor.py:163} INFO - Started process (PID=1234) to work on /home/airflow/.local/lib/python3.7/site-packages/airflow/example_dags/example_dag_decorator.py
[2022-10-01 23:26:09,932] {processor.py:642} INFO - Processing file /home/airflow/.local/lib/python3.7/site-packages/airflow/example_dags/example_dag_decorator.py for tasks to queue
[2022-10-01 23:26:09,939] {logging_mixin.py:109} INFO - [2022-10-01 23:26:09,938] {dagbag.py:500} INFO - Filling up the DagBag from /home/airflow/.local/lib/python3.7/site-packages/airflow/example_dags/example_dag_decorator.py
[2022-10-01 23:26:10,124] {processor.py:654} INFO - DAG(s) dict_keys(['example_dag_decorator']) retrieved from /home/airflow/.local/lib/python3.7/site-packages/airflow/example_dags/example_dag_decorator.py
[2022-10-01 23:26:11,642] {logging_mixin.py:109} INFO - [2022-10-01 23:26:11,641] {dag.py:2396} INFO - Sync 1 DAGs
[2022-10-01 23:26:11,730] {logging_mixin.py:109} INFO - [2022-10-01 23:26:11,729] {dag.py:2935} INFO - Setting next_dagrun for example_dag_decorator to None
[2022-10-01 23:26:11,781] {processor.py:171} INFO - Processing /home/airflow/.local/lib/python3.7/site-packages/airflow/example_dags/example_dag_decorator.py took 1.866 seconds
[2022-10-01 23:26:42,521] {processor.py:163} INFO - Started process (PID=1334) to work on /home/airflow/.local/lib/python3.7/site-packages/airflow/example_dags/example_dag_decorator.py
[2022-10-01 23:26:42,527] {processor.py:642} INFO - Processing file /home/airflow/.local/lib/python3.7/site-packages/airflow/example_dags/example_dag_decorator.py for tasks to queue
[2022-10-01 23:26:42,531] {logging_mixin.py:109} INFO - [2022-10-01 23:26:42,531] {dagbag.py:500} INFO - Filling up the DagBag from /home/airflow/.local/lib/python3.7/site-packages/airflow/example_dags/example_dag_decorator.py
[2022-10-01 23:26:42,699] {processor.py:654} INFO - DAG(s) dict_keys(['example_dag_decorator']) retrieved from /home/airflow/.local/lib/python3.7/site-packages/airflow/example_dags/example_dag_decorator.py
[2022-10-01 23:26:43,635] {logging_mixin.py:109} INFO - [2022-10-01 23:26:43,634] {dag.py:2396} INFO - Sync 1 DAGs
[2022-10-01 23:26:43,680] {logging_mixin.py:109} INFO - [2022-10-01 23:26:43,679] {dag.py:2935} INFO - Setting next_dagrun for example_dag_decorator to None
[2022-10-01 23:26:43,705] {processor.py:171} INFO - Processing /home/airflow/.local/lib/python3.7/site-packages/airflow/example_dags/example_dag_decorator.py took 1.197 seconds
