[2022-10-01 23:08:02,159] {processor.py:163} INFO - Started process (PID=380) to work on /home/airflow/.local/lib/python3.7/site-packages/airflow/example_dags/example_external_task_marker_dag.py
[2022-10-01 23:08:02,168] {processor.py:642} INFO - Processing file /home/airflow/.local/lib/python3.7/site-packages/airflow/example_dags/example_external_task_marker_dag.py for tasks to queue
[2022-10-01 23:08:02,174] {logging_mixin.py:109} INFO - [2022-10-01 23:08:02,173] {dagbag.py:500} INFO - Filling up the DagBag from /home/airflow/.local/lib/python3.7/site-packages/airflow/example_dags/example_external_task_marker_dag.py
[2022-10-01 23:08:02,410] {processor.py:654} INFO - DAG(s) dict_keys(['example_external_task_marker_parent', 'example_external_task_marker_child']) retrieved from /home/airflow/.local/lib/python3.7/site-packages/airflow/example_dags/example_external_task_marker_dag.py
[2022-10-01 23:08:13,984] {logging_mixin.py:109} INFO - [2022-10-01 23:08:13,982] {manager.py:496} INFO - Created Permission View: can edit on DAG:example_external_task_marker_parent
[2022-10-01 23:08:14,017] {logging_mixin.py:109} INFO - [2022-10-01 23:08:14,017] {manager.py:496} INFO - Created Permission View: can read on DAG:example_external_task_marker_parent
[2022-10-01 23:08:14,108] {logging_mixin.py:109} INFO - [2022-10-01 23:08:14,107] {manager.py:496} INFO - Created Permission View: can edit on DAG:example_external_task_marker_child
[2022-10-01 23:08:14,139] {logging_mixin.py:109} INFO - [2022-10-01 23:08:14,139] {manager.py:496} INFO - Created Permission View: can read on DAG:example_external_task_marker_child
[2022-10-01 23:08:14,143] {logging_mixin.py:109} INFO - [2022-10-01 23:08:14,142] {dag.py:2396} INFO - Sync 2 DAGs
[2022-10-01 23:08:14,184] {logging_mixin.py:109} INFO - [2022-10-01 23:08:14,182] {dag.py:2415} INFO - Creating ORM DAG for example_external_task_marker_child
[2022-10-01 23:08:14,189] {logging_mixin.py:109} INFO - [2022-10-01 23:08:14,188] {dag.py:2415} INFO - Creating ORM DAG for example_external_task_marker_parent
[2022-10-01 23:08:14,237] {logging_mixin.py:109} INFO - [2022-10-01 23:08:14,237] {dag.py:2935} INFO - Setting next_dagrun for example_external_task_marker_child to None
[2022-10-01 23:08:14,242] {logging_mixin.py:109} INFO - [2022-10-01 23:08:14,242] {dag.py:2935} INFO - Setting next_dagrun for example_external_task_marker_parent to None
[2022-10-01 23:08:14,306] {processor.py:171} INFO - Processing /home/airflow/.local/lib/python3.7/site-packages/airflow/example_dags/example_external_task_marker_dag.py took 12.167 seconds
[2022-10-01 23:09:34,713] {processor.py:163} INFO - Started process (PID=619) to work on /home/airflow/.local/lib/python3.7/site-packages/airflow/example_dags/example_external_task_marker_dag.py
[2022-10-01 23:09:34,718] {processor.py:642} INFO - Processing file /home/airflow/.local/lib/python3.7/site-packages/airflow/example_dags/example_external_task_marker_dag.py for tasks to queue
[2022-10-01 23:09:34,722] {logging_mixin.py:109} INFO - [2022-10-01 23:09:34,721] {dagbag.py:500} INFO - Filling up the DagBag from /home/airflow/.local/lib/python3.7/site-packages/airflow/example_dags/example_external_task_marker_dag.py
[2022-10-01 23:09:34,802] {processor.py:654} INFO - DAG(s) dict_keys(['example_external_task_marker_parent', 'example_external_task_marker_child']) retrieved from /home/airflow/.local/lib/python3.7/site-packages/airflow/example_dags/example_external_task_marker_dag.py
[2022-10-01 23:09:34,857] {logging_mixin.py:109} INFO - [2022-10-01 23:09:34,856] {dag.py:2396} INFO - Sync 2 DAGs
[2022-10-01 23:09:34,940] {logging_mixin.py:109} INFO - [2022-10-01 23:09:34,939] {dag.py:2935} INFO - Setting next_dagrun for example_external_task_marker_child to None
[2022-10-01 23:09:34,943] {logging_mixin.py:109} INFO - [2022-10-01 23:09:34,942] {dag.py:2935} INFO - Setting next_dagrun for example_external_task_marker_parent to None
[2022-10-01 23:09:34,973] {processor.py:171} INFO - Processing /home/airflow/.local/lib/python3.7/site-packages/airflow/example_dags/example_external_task_marker_dag.py took 0.268 seconds
[2022-10-01 23:10:05,105] {processor.py:163} INFO - Started process (PID=704) to work on /home/airflow/.local/lib/python3.7/site-packages/airflow/example_dags/example_external_task_marker_dag.py
[2022-10-01 23:10:05,110] {processor.py:642} INFO - Processing file /home/airflow/.local/lib/python3.7/site-packages/airflow/example_dags/example_external_task_marker_dag.py for tasks to queue
[2022-10-01 23:10:05,112] {logging_mixin.py:109} INFO - [2022-10-01 23:10:05,112] {dagbag.py:500} INFO - Filling up the DagBag from /home/airflow/.local/lib/python3.7/site-packages/airflow/example_dags/example_external_task_marker_dag.py
[2022-10-01 23:10:05,190] {processor.py:654} INFO - DAG(s) dict_keys(['example_external_task_marker_parent', 'example_external_task_marker_child']) retrieved from /home/airflow/.local/lib/python3.7/site-packages/airflow/example_dags/example_external_task_marker_dag.py
[2022-10-01 23:10:05,249] {logging_mixin.py:109} INFO - [2022-10-01 23:10:05,249] {dag.py:2396} INFO - Sync 2 DAGs
[2022-10-01 23:10:05,319] {logging_mixin.py:109} INFO - [2022-10-01 23:10:05,319] {dag.py:2935} INFO - Setting next_dagrun for example_external_task_marker_child to None
[2022-10-01 23:10:05,323] {logging_mixin.py:109} INFO - [2022-10-01 23:10:05,322] {dag.py:2935} INFO - Setting next_dagrun for example_external_task_marker_parent to None
[2022-10-01 23:10:05,354] {processor.py:171} INFO - Processing /home/airflow/.local/lib/python3.7/site-packages/airflow/example_dags/example_external_task_marker_dag.py took 0.255 seconds
[2022-10-01 23:10:36,197] {processor.py:163} INFO - Started process (PID=801) to work on /home/airflow/.local/lib/python3.7/site-packages/airflow/example_dags/example_external_task_marker_dag.py
[2022-10-01 23:10:36,201] {processor.py:642} INFO - Processing file /home/airflow/.local/lib/python3.7/site-packages/airflow/example_dags/example_external_task_marker_dag.py for tasks to queue
[2022-10-01 23:10:36,207] {logging_mixin.py:109} INFO - [2022-10-01 23:10:36,207] {dagbag.py:500} INFO - Filling up the DagBag from /home/airflow/.local/lib/python3.7/site-packages/airflow/example_dags/example_external_task_marker_dag.py
[2022-10-01 23:10:36,294] {processor.py:654} INFO - DAG(s) dict_keys(['example_external_task_marker_parent', 'example_external_task_marker_child']) retrieved from /home/airflow/.local/lib/python3.7/site-packages/airflow/example_dags/example_external_task_marker_dag.py
[2022-10-01 23:10:36,346] {logging_mixin.py:109} INFO - [2022-10-01 23:10:36,346] {dag.py:2396} INFO - Sync 2 DAGs
[2022-10-01 23:10:36,407] {logging_mixin.py:109} INFO - [2022-10-01 23:10:36,407] {dag.py:2935} INFO - Setting next_dagrun for example_external_task_marker_child to None
[2022-10-01 23:10:36,410] {logging_mixin.py:109} INFO - [2022-10-01 23:10:36,409] {dag.py:2935} INFO - Setting next_dagrun for example_external_task_marker_parent to None
[2022-10-01 23:10:36,439] {processor.py:171} INFO - Processing /home/airflow/.local/lib/python3.7/site-packages/airflow/example_dags/example_external_task_marker_dag.py took 0.249 seconds
[2022-10-01 23:11:07,139] {processor.py:163} INFO - Started process (PID=895) to work on /home/airflow/.local/lib/python3.7/site-packages/airflow/example_dags/example_external_task_marker_dag.py
[2022-10-01 23:11:07,143] {processor.py:642} INFO - Processing file /home/airflow/.local/lib/python3.7/site-packages/airflow/example_dags/example_external_task_marker_dag.py for tasks to queue
[2022-10-01 23:11:07,146] {logging_mixin.py:109} INFO - [2022-10-01 23:11:07,146] {dagbag.py:500} INFO - Filling up the DagBag from /home/airflow/.local/lib/python3.7/site-packages/airflow/example_dags/example_external_task_marker_dag.py
[2022-10-01 23:11:07,216] {processor.py:654} INFO - DAG(s) dict_keys(['example_external_task_marker_parent', 'example_external_task_marker_child']) retrieved from /home/airflow/.local/lib/python3.7/site-packages/airflow/example_dags/example_external_task_marker_dag.py
[2022-10-01 23:11:07,296] {logging_mixin.py:109} INFO - [2022-10-01 23:11:07,296] {dag.py:2396} INFO - Sync 2 DAGs
[2022-10-01 23:11:07,368] {logging_mixin.py:109} INFO - [2022-10-01 23:11:07,368] {dag.py:2935} INFO - Setting next_dagrun for example_external_task_marker_child to None
[2022-10-01 23:11:07,372] {logging_mixin.py:109} INFO - [2022-10-01 23:11:07,371] {dag.py:2935} INFO - Setting next_dagrun for example_external_task_marker_parent to None
[2022-10-01 23:11:07,408] {processor.py:171} INFO - Processing /home/airflow/.local/lib/python3.7/site-packages/airflow/example_dags/example_external_task_marker_dag.py took 0.276 seconds
[2022-10-01 23:11:37,571] {processor.py:163} INFO - Started process (PID=990) to work on /home/airflow/.local/lib/python3.7/site-packages/airflow/example_dags/example_external_task_marker_dag.py
[2022-10-01 23:11:37,610] {processor.py:642} INFO - Processing file /home/airflow/.local/lib/python3.7/site-packages/airflow/example_dags/example_external_task_marker_dag.py for tasks to queue
[2022-10-01 23:11:37,616] {logging_mixin.py:109} INFO - [2022-10-01 23:11:37,615] {dagbag.py:500} INFO - Filling up the DagBag from /home/airflow/.local/lib/python3.7/site-packages/airflow/example_dags/example_external_task_marker_dag.py
[2022-10-01 23:11:37,803] {processor.py:654} INFO - DAG(s) dict_keys(['example_external_task_marker_parent', 'example_external_task_marker_child']) retrieved from /home/airflow/.local/lib/python3.7/site-packages/airflow/example_dags/example_external_task_marker_dag.py
[2022-10-01 23:11:38,112] {logging_mixin.py:109} INFO - [2022-10-01 23:11:38,109] {dag.py:2396} INFO - Sync 2 DAGs
[2022-10-01 23:11:38,271] {logging_mixin.py:109} INFO - [2022-10-01 23:11:38,269] {dag.py:2935} INFO - Setting next_dagrun for example_external_task_marker_child to None
[2022-10-01 23:11:38,278] {logging_mixin.py:109} INFO - [2022-10-01 23:11:38,277] {dag.py:2935} INFO - Setting next_dagrun for example_external_task_marker_parent to None
[2022-10-01 23:11:38,459] {processor.py:171} INFO - Processing /home/airflow/.local/lib/python3.7/site-packages/airflow/example_dags/example_external_task_marker_dag.py took 0.919 seconds
[2022-10-01 23:12:09,159] {processor.py:163} INFO - Started process (PID=1086) to work on /home/airflow/.local/lib/python3.7/site-packages/airflow/example_dags/example_external_task_marker_dag.py
[2022-10-01 23:12:09,164] {processor.py:642} INFO - Processing file /home/airflow/.local/lib/python3.7/site-packages/airflow/example_dags/example_external_task_marker_dag.py for tasks to queue
[2022-10-01 23:12:09,170] {logging_mixin.py:109} INFO - [2022-10-01 23:12:09,169] {dagbag.py:500} INFO - Filling up the DagBag from /home/airflow/.local/lib/python3.7/site-packages/airflow/example_dags/example_external_task_marker_dag.py
[2022-10-01 23:12:09,273] {processor.py:654} INFO - DAG(s) dict_keys(['example_external_task_marker_parent', 'example_external_task_marker_child']) retrieved from /home/airflow/.local/lib/python3.7/site-packages/airflow/example_dags/example_external_task_marker_dag.py
[2022-10-01 23:12:09,366] {logging_mixin.py:109} INFO - [2022-10-01 23:12:09,366] {dag.py:2396} INFO - Sync 2 DAGs
[2022-10-01 23:12:09,433] {logging_mixin.py:109} INFO - [2022-10-01 23:12:09,431] {dag.py:2935} INFO - Setting next_dagrun for example_external_task_marker_child to None
[2022-10-01 23:12:09,437] {logging_mixin.py:109} INFO - [2022-10-01 23:12:09,436] {dag.py:2935} INFO - Setting next_dagrun for example_external_task_marker_parent to None
[2022-10-01 23:12:09,500] {processor.py:171} INFO - Processing /home/airflow/.local/lib/python3.7/site-packages/airflow/example_dags/example_external_task_marker_dag.py took 0.348 seconds
[2022-10-01 23:13:26,729] {processor.py:163} INFO - Started process (PID=1166) to work on /home/airflow/.local/lib/python3.7/site-packages/airflow/example_dags/example_external_task_marker_dag.py
[2022-10-01 23:13:26,733] {processor.py:642} INFO - Processing file /home/airflow/.local/lib/python3.7/site-packages/airflow/example_dags/example_external_task_marker_dag.py for tasks to queue
[2022-10-01 23:13:26,736] {logging_mixin.py:109} INFO - [2022-10-01 23:13:26,735] {dagbag.py:500} INFO - Filling up the DagBag from /home/airflow/.local/lib/python3.7/site-packages/airflow/example_dags/example_external_task_marker_dag.py
[2022-10-01 23:13:26,800] {processor.py:654} INFO - DAG(s) dict_keys(['example_external_task_marker_parent', 'example_external_task_marker_child']) retrieved from /home/airflow/.local/lib/python3.7/site-packages/airflow/example_dags/example_external_task_marker_dag.py
[2022-10-01 23:13:26,846] {logging_mixin.py:109} INFO - [2022-10-01 23:13:26,846] {dag.py:2396} INFO - Sync 2 DAGs
[2022-10-01 23:13:26,899] {logging_mixin.py:109} INFO - [2022-10-01 23:13:26,898] {dag.py:2935} INFO - Setting next_dagrun for example_external_task_marker_child to None
[2022-10-01 23:13:26,901] {logging_mixin.py:109} INFO - [2022-10-01 23:13:26,901] {dag.py:2935} INFO - Setting next_dagrun for example_external_task_marker_parent to None
[2022-10-01 23:13:26,928] {processor.py:171} INFO - Processing /home/airflow/.local/lib/python3.7/site-packages/airflow/example_dags/example_external_task_marker_dag.py took 0.205 seconds
[2022-10-01 23:26:15,981] {processor.py:163} INFO - Started process (PID=1262) to work on /home/airflow/.local/lib/python3.7/site-packages/airflow/example_dags/example_external_task_marker_dag.py
[2022-10-01 23:26:15,988] {processor.py:642} INFO - Processing file /home/airflow/.local/lib/python3.7/site-packages/airflow/example_dags/example_external_task_marker_dag.py for tasks to queue
[2022-10-01 23:26:15,992] {logging_mixin.py:109} INFO - [2022-10-01 23:26:15,992] {dagbag.py:500} INFO - Filling up the DagBag from /home/airflow/.local/lib/python3.7/site-packages/airflow/example_dags/example_external_task_marker_dag.py
[2022-10-01 23:26:16,111] {processor.py:654} INFO - DAG(s) dict_keys(['example_external_task_marker_parent', 'example_external_task_marker_child']) retrieved from /home/airflow/.local/lib/python3.7/site-packages/airflow/example_dags/example_external_task_marker_dag.py
[2022-10-01 23:26:16,196] {logging_mixin.py:109} INFO - [2022-10-01 23:26:16,195] {dag.py:2396} INFO - Sync 2 DAGs
[2022-10-01 23:26:16,285] {logging_mixin.py:109} INFO - [2022-10-01 23:26:16,284] {dag.py:2935} INFO - Setting next_dagrun for example_external_task_marker_child to None
[2022-10-01 23:26:16,288] {logging_mixin.py:109} INFO - [2022-10-01 23:26:16,288] {dag.py:2935} INFO - Setting next_dagrun for example_external_task_marker_parent to None
[2022-10-01 23:26:16,329] {processor.py:171} INFO - Processing /home/airflow/.local/lib/python3.7/site-packages/airflow/example_dags/example_external_task_marker_dag.py took 0.364 seconds
[2022-10-01 23:26:47,222] {processor.py:163} INFO - Started process (PID=1358) to work on /home/airflow/.local/lib/python3.7/site-packages/airflow/example_dags/example_external_task_marker_dag.py
[2022-10-01 23:26:47,226] {processor.py:642} INFO - Processing file /home/airflow/.local/lib/python3.7/site-packages/airflow/example_dags/example_external_task_marker_dag.py for tasks to queue
[2022-10-01 23:26:47,229] {logging_mixin.py:109} INFO - [2022-10-01 23:26:47,228] {dagbag.py:500} INFO - Filling up the DagBag from /home/airflow/.local/lib/python3.7/site-packages/airflow/example_dags/example_external_task_marker_dag.py
[2022-10-01 23:26:47,286] {processor.py:654} INFO - DAG(s) dict_keys(['example_external_task_marker_parent', 'example_external_task_marker_child']) retrieved from /home/airflow/.local/lib/python3.7/site-packages/airflow/example_dags/example_external_task_marker_dag.py
[2022-10-01 23:26:47,330] {logging_mixin.py:109} INFO - [2022-10-01 23:26:47,329] {dag.py:2396} INFO - Sync 2 DAGs
[2022-10-01 23:26:47,384] {logging_mixin.py:109} INFO - [2022-10-01 23:26:47,384] {dag.py:2935} INFO - Setting next_dagrun for example_external_task_marker_child to None
[2022-10-01 23:26:47,386] {logging_mixin.py:109} INFO - [2022-10-01 23:26:47,386] {dag.py:2935} INFO - Setting next_dagrun for example_external_task_marker_parent to None
[2022-10-01 23:26:47,413] {processor.py:171} INFO - Processing /home/airflow/.local/lib/python3.7/site-packages/airflow/example_dags/example_external_task_marker_dag.py took 0.197 seconds
