[2022-10-01 23:07:51,215] {processor.py:163} INFO - Started process (PID=358) to work on /home/airflow/.local/lib/python3.7/site-packages/airflow/example_dags/example_xcomargs.py
[2022-10-01 23:07:51,219] {processor.py:642} INFO - Processing file /home/airflow/.local/lib/python3.7/site-packages/airflow/example_dags/example_xcomargs.py for tasks to queue
[2022-10-01 23:07:51,222] {logging_mixin.py:109} INFO - [2022-10-01 23:07:51,221] {dagbag.py:500} INFO - Filling up the DagBag from /home/airflow/.local/lib/python3.7/site-packages/airflow/example_dags/example_xcomargs.py
[2022-10-01 23:07:51,339] {processor.py:654} INFO - DAG(s) dict_keys(['example_xcom_args', 'example_xcom_args_with_operators']) retrieved from /home/airflow/.local/lib/python3.7/site-packages/airflow/example_dags/example_xcomargs.py
[2022-10-01 23:08:00,976] {logging_mixin.py:109} INFO - [2022-10-01 23:08:00,975] {manager.py:496} INFO - Created Permission View: can edit on DAG:example_xcom_args
[2022-10-01 23:08:01,006] {logging_mixin.py:109} INFO - [2022-10-01 23:08:01,005] {manager.py:496} INFO - Created Permission View: can read on DAG:example_xcom_args
[2022-10-01 23:08:01,069] {logging_mixin.py:109} INFO - [2022-10-01 23:08:01,069] {manager.py:496} INFO - Created Permission View: can edit on DAG:example_xcom_args_with_operators
[2022-10-01 23:08:01,103] {logging_mixin.py:109} INFO - [2022-10-01 23:08:01,102] {manager.py:496} INFO - Created Permission View: can read on DAG:example_xcom_args_with_operators
[2022-10-01 23:08:01,106] {logging_mixin.py:109} INFO - [2022-10-01 23:08:01,105] {dag.py:2396} INFO - Sync 2 DAGs
[2022-10-01 23:08:01,141] {logging_mixin.py:109} INFO - [2022-10-01 23:08:01,140] {dag.py:2415} INFO - Creating ORM DAG for example_xcom_args
[2022-10-01 23:08:01,146] {logging_mixin.py:109} INFO - [2022-10-01 23:08:01,146] {dag.py:2415} INFO - Creating ORM DAG for example_xcom_args_with_operators
[2022-10-01 23:08:01,186] {logging_mixin.py:109} INFO - [2022-10-01 23:08:01,185] {dag.py:2935} INFO - Setting next_dagrun for example_xcom_args to None
[2022-10-01 23:08:01,189] {logging_mixin.py:109} INFO - [2022-10-01 23:08:01,189] {dag.py:2935} INFO - Setting next_dagrun for example_xcom_args_with_operators to None
[2022-10-01 23:08:01,358] {processor.py:171} INFO - Processing /home/airflow/.local/lib/python3.7/site-packages/airflow/example_dags/example_xcomargs.py took 10.149 seconds
[2022-10-01 23:09:34,257] {processor.py:163} INFO - Started process (PID=615) to work on /home/airflow/.local/lib/python3.7/site-packages/airflow/example_dags/example_xcomargs.py
[2022-10-01 23:09:34,264] {processor.py:642} INFO - Processing file /home/airflow/.local/lib/python3.7/site-packages/airflow/example_dags/example_xcomargs.py for tasks to queue
[2022-10-01 23:09:34,270] {logging_mixin.py:109} INFO - [2022-10-01 23:09:34,269] {dagbag.py:500} INFO - Filling up the DagBag from /home/airflow/.local/lib/python3.7/site-packages/airflow/example_dags/example_xcomargs.py
[2022-10-01 23:09:34,370] {processor.py:654} INFO - DAG(s) dict_keys(['example_xcom_args', 'example_xcom_args_with_operators']) retrieved from /home/airflow/.local/lib/python3.7/site-packages/airflow/example_dags/example_xcomargs.py
[2022-10-01 23:09:35,536] {logging_mixin.py:109} INFO - [2022-10-01 23:09:35,535] {dag.py:2396} INFO - Sync 2 DAGs
[2022-10-01 23:09:35,593] {logging_mixin.py:109} INFO - [2022-10-01 23:09:35,593] {dag.py:2935} INFO - Setting next_dagrun for example_xcom_args to None
[2022-10-01 23:09:35,596] {logging_mixin.py:109} INFO - [2022-10-01 23:09:35,596] {dag.py:2935} INFO - Setting next_dagrun for example_xcom_args_with_operators to None
[2022-10-01 23:09:35,628] {processor.py:171} INFO - Processing /home/airflow/.local/lib/python3.7/site-packages/airflow/example_dags/example_xcomargs.py took 1.379 seconds
[2022-10-01 23:10:05,935] {processor.py:163} INFO - Started process (PID=720) to work on /home/airflow/.local/lib/python3.7/site-packages/airflow/example_dags/example_xcomargs.py
[2022-10-01 23:10:05,940] {processor.py:642} INFO - Processing file /home/airflow/.local/lib/python3.7/site-packages/airflow/example_dags/example_xcomargs.py for tasks to queue
[2022-10-01 23:10:05,944] {logging_mixin.py:109} INFO - [2022-10-01 23:10:05,943] {dagbag.py:500} INFO - Filling up the DagBag from /home/airflow/.local/lib/python3.7/site-packages/airflow/example_dags/example_xcomargs.py
[2022-10-01 23:10:06,046] {processor.py:654} INFO - DAG(s) dict_keys(['example_xcom_args', 'example_xcom_args_with_operators']) retrieved from /home/airflow/.local/lib/python3.7/site-packages/airflow/example_dags/example_xcomargs.py
[2022-10-01 23:10:07,084] {logging_mixin.py:109} INFO - [2022-10-01 23:10:07,084] {dag.py:2396} INFO - Sync 2 DAGs
[2022-10-01 23:10:07,140] {logging_mixin.py:109} INFO - [2022-10-01 23:10:07,140] {dag.py:2935} INFO - Setting next_dagrun for example_xcom_args to None
[2022-10-01 23:10:07,142] {logging_mixin.py:109} INFO - [2022-10-01 23:10:07,142] {dag.py:2935} INFO - Setting next_dagrun for example_xcom_args_with_operators to None
[2022-10-01 23:10:07,174] {processor.py:171} INFO - Processing /home/airflow/.local/lib/python3.7/site-packages/airflow/example_dags/example_xcomargs.py took 1.247 seconds
[2022-10-01 23:10:37,306] {processor.py:163} INFO - Started process (PID=817) to work on /home/airflow/.local/lib/python3.7/site-packages/airflow/example_dags/example_xcomargs.py
[2022-10-01 23:10:37,311] {processor.py:642} INFO - Processing file /home/airflow/.local/lib/python3.7/site-packages/airflow/example_dags/example_xcomargs.py for tasks to queue
[2022-10-01 23:10:37,313] {logging_mixin.py:109} INFO - [2022-10-01 23:10:37,313] {dagbag.py:500} INFO - Filling up the DagBag from /home/airflow/.local/lib/python3.7/site-packages/airflow/example_dags/example_xcomargs.py
[2022-10-01 23:10:37,404] {processor.py:654} INFO - DAG(s) dict_keys(['example_xcom_args', 'example_xcom_args_with_operators']) retrieved from /home/airflow/.local/lib/python3.7/site-packages/airflow/example_dags/example_xcomargs.py
[2022-10-01 23:10:38,878] {logging_mixin.py:109} INFO - [2022-10-01 23:10:38,878] {dag.py:2396} INFO - Sync 2 DAGs
[2022-10-01 23:10:38,938] {logging_mixin.py:109} INFO - [2022-10-01 23:10:38,938] {dag.py:2935} INFO - Setting next_dagrun for example_xcom_args to None
[2022-10-01 23:10:38,942] {logging_mixin.py:109} INFO - [2022-10-01 23:10:38,942] {dag.py:2935} INFO - Setting next_dagrun for example_xcom_args_with_operators to None
[2022-10-01 23:10:38,984] {processor.py:171} INFO - Processing /home/airflow/.local/lib/python3.7/site-packages/airflow/example_dags/example_xcomargs.py took 1.684 seconds
[2022-10-01 23:11:09,200] {processor.py:163} INFO - Started process (PID=918) to work on /home/airflow/.local/lib/python3.7/site-packages/airflow/example_dags/example_xcomargs.py
[2022-10-01 23:11:09,204] {processor.py:642} INFO - Processing file /home/airflow/.local/lib/python3.7/site-packages/airflow/example_dags/example_xcomargs.py for tasks to queue
[2022-10-01 23:11:09,207] {logging_mixin.py:109} INFO - [2022-10-01 23:11:09,207] {dagbag.py:500} INFO - Filling up the DagBag from /home/airflow/.local/lib/python3.7/site-packages/airflow/example_dags/example_xcomargs.py
[2022-10-01 23:11:09,304] {processor.py:654} INFO - DAG(s) dict_keys(['example_xcom_args', 'example_xcom_args_with_operators']) retrieved from /home/airflow/.local/lib/python3.7/site-packages/airflow/example_dags/example_xcomargs.py
[2022-10-01 23:11:10,613] {logging_mixin.py:109} INFO - [2022-10-01 23:11:10,612] {dag.py:2396} INFO - Sync 2 DAGs
[2022-10-01 23:11:10,675] {logging_mixin.py:109} INFO - [2022-10-01 23:11:10,675] {dag.py:2935} INFO - Setting next_dagrun for example_xcom_args to None
[2022-10-01 23:11:10,687] {logging_mixin.py:109} INFO - [2022-10-01 23:11:10,686] {dag.py:2935} INFO - Setting next_dagrun for example_xcom_args_with_operators to None
[2022-10-01 23:11:10,755] {processor.py:171} INFO - Processing /home/airflow/.local/lib/python3.7/site-packages/airflow/example_dags/example_xcomargs.py took 1.561 seconds
[2022-10-01 23:11:40,994] {processor.py:163} INFO - Started process (PID=1016) to work on /home/airflow/.local/lib/python3.7/site-packages/airflow/example_dags/example_xcomargs.py
[2022-10-01 23:11:41,000] {processor.py:642} INFO - Processing file /home/airflow/.local/lib/python3.7/site-packages/airflow/example_dags/example_xcomargs.py for tasks to queue
[2022-10-01 23:11:41,002] {logging_mixin.py:109} INFO - [2022-10-01 23:11:41,002] {dagbag.py:500} INFO - Filling up the DagBag from /home/airflow/.local/lib/python3.7/site-packages/airflow/example_dags/example_xcomargs.py
[2022-10-01 23:11:41,099] {processor.py:654} INFO - DAG(s) dict_keys(['example_xcom_args', 'example_xcom_args_with_operators']) retrieved from /home/airflow/.local/lib/python3.7/site-packages/airflow/example_dags/example_xcomargs.py
[2022-10-01 23:11:42,216] {logging_mixin.py:109} INFO - [2022-10-01 23:11:42,216] {dag.py:2396} INFO - Sync 2 DAGs
[2022-10-01 23:11:42,269] {logging_mixin.py:109} INFO - [2022-10-01 23:11:42,269] {dag.py:2935} INFO - Setting next_dagrun for example_xcom_args to None
[2022-10-01 23:11:42,271] {logging_mixin.py:109} INFO - [2022-10-01 23:11:42,271] {dag.py:2935} INFO - Setting next_dagrun for example_xcom_args_with_operators to None
[2022-10-01 23:11:42,303] {processor.py:171} INFO - Processing /home/airflow/.local/lib/python3.7/site-packages/airflow/example_dags/example_xcomargs.py took 1.316 seconds
[2022-10-01 23:12:12,794] {processor.py:163} INFO - Started process (PID=1118) to work on /home/airflow/.local/lib/python3.7/site-packages/airflow/example_dags/example_xcomargs.py
[2022-10-01 23:12:12,799] {processor.py:642} INFO - Processing file /home/airflow/.local/lib/python3.7/site-packages/airflow/example_dags/example_xcomargs.py for tasks to queue
[2022-10-01 23:12:12,801] {logging_mixin.py:109} INFO - [2022-10-01 23:12:12,801] {dagbag.py:500} INFO - Filling up the DagBag from /home/airflow/.local/lib/python3.7/site-packages/airflow/example_dags/example_xcomargs.py
[2022-10-01 23:12:12,901] {processor.py:654} INFO - DAG(s) dict_keys(['example_xcom_args', 'example_xcom_args_with_operators']) retrieved from /home/airflow/.local/lib/python3.7/site-packages/airflow/example_dags/example_xcomargs.py
[2022-10-01 23:12:13,836] {logging_mixin.py:109} INFO - [2022-10-01 23:12:13,836] {dag.py:2396} INFO - Sync 2 DAGs
[2022-10-01 23:12:13,886] {logging_mixin.py:109} INFO - [2022-10-01 23:12:13,886] {dag.py:2935} INFO - Setting next_dagrun for example_xcom_args to None
[2022-10-01 23:12:13,890] {logging_mixin.py:109} INFO - [2022-10-01 23:12:13,889] {dag.py:2935} INFO - Setting next_dagrun for example_xcom_args_with_operators to None
[2022-10-01 23:12:13,924] {processor.py:171} INFO - Processing /home/airflow/.local/lib/python3.7/site-packages/airflow/example_dags/example_xcomargs.py took 1.137 seconds
[2022-10-01 23:13:25,621] {processor.py:163} INFO - Started process (PID=1162) to work on /home/airflow/.local/lib/python3.7/site-packages/airflow/example_dags/example_xcomargs.py
[2022-10-01 23:13:25,625] {processor.py:642} INFO - Processing file /home/airflow/.local/lib/python3.7/site-packages/airflow/example_dags/example_xcomargs.py for tasks to queue
[2022-10-01 23:13:25,627] {logging_mixin.py:109} INFO - [2022-10-01 23:13:25,627] {dagbag.py:500} INFO - Filling up the DagBag from /home/airflow/.local/lib/python3.7/site-packages/airflow/example_dags/example_xcomargs.py
[2022-10-01 23:13:25,712] {processor.py:654} INFO - DAG(s) dict_keys(['example_xcom_args', 'example_xcom_args_with_operators']) retrieved from /home/airflow/.local/lib/python3.7/site-packages/airflow/example_dags/example_xcomargs.py
[2022-10-01 23:13:26,683] {logging_mixin.py:109} INFO - [2022-10-01 23:13:26,682] {dag.py:2396} INFO - Sync 2 DAGs
[2022-10-01 23:13:26,738] {logging_mixin.py:109} INFO - [2022-10-01 23:13:26,737] {dag.py:2935} INFO - Setting next_dagrun for example_xcom_args to None
[2022-10-01 23:13:26,740] {logging_mixin.py:109} INFO - [2022-10-01 23:13:26,740] {dag.py:2935} INFO - Setting next_dagrun for example_xcom_args_with_operators to None
[2022-10-01 23:13:26,769] {processor.py:171} INFO - Processing /home/airflow/.local/lib/python3.7/site-packages/airflow/example_dags/example_xcomargs.py took 1.155 seconds
[2022-10-01 23:26:14,338] {processor.py:163} INFO - Started process (PID=1258) to work on /home/airflow/.local/lib/python3.7/site-packages/airflow/example_dags/example_xcomargs.py
[2022-10-01 23:26:14,346] {processor.py:642} INFO - Processing file /home/airflow/.local/lib/python3.7/site-packages/airflow/example_dags/example_xcomargs.py for tasks to queue
[2022-10-01 23:26:14,350] {logging_mixin.py:109} INFO - [2022-10-01 23:26:14,349] {dagbag.py:500} INFO - Filling up the DagBag from /home/airflow/.local/lib/python3.7/site-packages/airflow/example_dags/example_xcomargs.py
[2022-10-01 23:26:14,469] {processor.py:654} INFO - DAG(s) dict_keys(['example_xcom_args', 'example_xcom_args_with_operators']) retrieved from /home/airflow/.local/lib/python3.7/site-packages/airflow/example_dags/example_xcomargs.py
[2022-10-01 23:26:15,762] {logging_mixin.py:109} INFO - [2022-10-01 23:26:15,761] {dag.py:2396} INFO - Sync 2 DAGs
[2022-10-01 23:26:15,856] {logging_mixin.py:109} INFO - [2022-10-01 23:26:15,855] {dag.py:2935} INFO - Setting next_dagrun for example_xcom_args to None
[2022-10-01 23:26:15,861] {logging_mixin.py:109} INFO - [2022-10-01 23:26:15,860] {dag.py:2935} INFO - Setting next_dagrun for example_xcom_args_with_operators to None
[2022-10-01 23:26:15,916] {processor.py:171} INFO - Processing /home/airflow/.local/lib/python3.7/site-packages/airflow/example_dags/example_xcomargs.py took 1.589 seconds
[2022-10-01 23:26:46,640] {processor.py:163} INFO - Started process (PID=1354) to work on /home/airflow/.local/lib/python3.7/site-packages/airflow/example_dags/example_xcomargs.py
[2022-10-01 23:26:46,644] {processor.py:642} INFO - Processing file /home/airflow/.local/lib/python3.7/site-packages/airflow/example_dags/example_xcomargs.py for tasks to queue
[2022-10-01 23:26:46,647] {logging_mixin.py:109} INFO - [2022-10-01 23:26:46,646] {dagbag.py:500} INFO - Filling up the DagBag from /home/airflow/.local/lib/python3.7/site-packages/airflow/example_dags/example_xcomargs.py
[2022-10-01 23:26:46,731] {processor.py:654} INFO - DAG(s) dict_keys(['example_xcom_args', 'example_xcom_args_with_operators']) retrieved from /home/airflow/.local/lib/python3.7/site-packages/airflow/example_dags/example_xcomargs.py
[2022-10-01 23:26:47,725] {logging_mixin.py:109} INFO - [2022-10-01 23:26:47,725] {dag.py:2396} INFO - Sync 2 DAGs
[2022-10-01 23:26:47,777] {logging_mixin.py:109} INFO - [2022-10-01 23:26:47,776] {dag.py:2935} INFO - Setting next_dagrun for example_xcom_args to None
[2022-10-01 23:26:47,779] {logging_mixin.py:109} INFO - [2022-10-01 23:26:47,779] {dag.py:2935} INFO - Setting next_dagrun for example_xcom_args_with_operators to None
[2022-10-01 23:26:47,808] {processor.py:171} INFO - Processing /home/airflow/.local/lib/python3.7/site-packages/airflow/example_dags/example_xcomargs.py took 1.174 seconds
