[2022-10-01 23:09:25,250] {processor.py:163} INFO - Started process (PID=568) to work on /home/airflow/.local/lib/python3.7/site-packages/airflow/example_dags/example_branch_operator.py
[2022-10-01 23:09:25,255] {processor.py:642} INFO - Processing file /home/airflow/.local/lib/python3.7/site-packages/airflow/example_dags/example_branch_operator.py for tasks to queue
[2022-10-01 23:09:25,258] {logging_mixin.py:109} INFO - [2022-10-01 23:09:25,258] {dagbag.py:500} INFO - Filling up the DagBag from /home/airflow/.local/lib/python3.7/site-packages/airflow/example_dags/example_branch_operator.py
[2022-10-01 23:09:25,357] {processor.py:654} INFO - DAG(s) dict_keys(['example_branch_operator']) retrieved from /home/airflow/.local/lib/python3.7/site-packages/airflow/example_dags/example_branch_operator.py
[2022-10-01 23:09:33,952] {logging_mixin.py:109} INFO - [2022-10-01 23:09:33,951] {manager.py:496} INFO - Created Permission View: can edit on DAG:example_branch_operator
[2022-10-01 23:09:33,982] {logging_mixin.py:109} INFO - [2022-10-01 23:09:33,982] {manager.py:496} INFO - Created Permission View: can read on DAG:example_branch_operator
[2022-10-01 23:09:33,986] {logging_mixin.py:109} INFO - [2022-10-01 23:09:33,984] {dag.py:2396} INFO - Sync 1 DAGs
[2022-10-01 23:09:34,018] {logging_mixin.py:109} INFO - [2022-10-01 23:09:34,017] {dag.py:2415} INFO - Creating ORM DAG for example_branch_operator
[2022-10-01 23:09:34,066] {logging_mixin.py:109} INFO - [2022-10-01 23:09:34,065] {dag.py:2935} INFO - Setting next_dagrun for example_branch_operator to 2022-09-30 00:00:00+00:00
[2022-10-01 23:09:34,113] {processor.py:171} INFO - Processing /home/airflow/.local/lib/python3.7/site-packages/airflow/example_dags/example_branch_operator.py took 8.876 seconds
[2022-10-01 23:10:04,365] {processor.py:163} INFO - Started process (PID=698) to work on /home/airflow/.local/lib/python3.7/site-packages/airflow/example_dags/example_branch_operator.py
[2022-10-01 23:10:04,368] {processor.py:642} INFO - Processing file /home/airflow/.local/lib/python3.7/site-packages/airflow/example_dags/example_branch_operator.py for tasks to queue
[2022-10-01 23:10:04,372] {logging_mixin.py:109} INFO - [2022-10-01 23:10:04,371] {dagbag.py:500} INFO - Filling up the DagBag from /home/airflow/.local/lib/python3.7/site-packages/airflow/example_dags/example_branch_operator.py
[2022-10-01 23:10:04,450] {processor.py:654} INFO - DAG(s) dict_keys(['example_branch_operator']) retrieved from /home/airflow/.local/lib/python3.7/site-packages/airflow/example_dags/example_branch_operator.py
[2022-10-01 23:10:04,495] {logging_mixin.py:109} INFO - [2022-10-01 23:10:04,494] {dag.py:2396} INFO - Sync 1 DAGs
[2022-10-01 23:10:04,562] {logging_mixin.py:109} INFO - [2022-10-01 23:10:04,561] {dag.py:2935} INFO - Setting next_dagrun for example_branch_operator to 2022-09-30 00:00:00+00:00
[2022-10-01 23:10:04,591] {processor.py:171} INFO - Processing /home/airflow/.local/lib/python3.7/site-packages/airflow/example_dags/example_branch_operator.py took 0.234 seconds
[2022-10-01 23:10:34,787] {processor.py:163} INFO - Started process (PID=793) to work on /home/airflow/.local/lib/python3.7/site-packages/airflow/example_dags/example_branch_operator.py
[2022-10-01 23:10:34,792] {processor.py:642} INFO - Processing file /home/airflow/.local/lib/python3.7/site-packages/airflow/example_dags/example_branch_operator.py for tasks to queue
[2022-10-01 23:10:34,796] {logging_mixin.py:109} INFO - [2022-10-01 23:10:34,795] {dagbag.py:500} INFO - Filling up the DagBag from /home/airflow/.local/lib/python3.7/site-packages/airflow/example_dags/example_branch_operator.py
[2022-10-01 23:10:34,942] {processor.py:654} INFO - DAG(s) dict_keys(['example_branch_operator']) retrieved from /home/airflow/.local/lib/python3.7/site-packages/airflow/example_dags/example_branch_operator.py
[2022-10-01 23:10:35,025] {logging_mixin.py:109} INFO - [2022-10-01 23:10:35,024] {dag.py:2396} INFO - Sync 1 DAGs
[2022-10-01 23:10:35,184] {logging_mixin.py:109} INFO - [2022-10-01 23:10:35,183] {dag.py:2935} INFO - Setting next_dagrun for example_branch_operator to 2022-09-30 00:00:00+00:00
[2022-10-01 23:10:35,246] {processor.py:171} INFO - Processing /home/airflow/.local/lib/python3.7/site-packages/airflow/example_dags/example_branch_operator.py took 0.469 seconds
[2022-10-01 23:11:05,425] {processor.py:163} INFO - Started process (PID=887) to work on /home/airflow/.local/lib/python3.7/site-packages/airflow/example_dags/example_branch_operator.py
[2022-10-01 23:11:05,431] {processor.py:642} INFO - Processing file /home/airflow/.local/lib/python3.7/site-packages/airflow/example_dags/example_branch_operator.py for tasks to queue
[2022-10-01 23:11:05,435] {logging_mixin.py:109} INFO - [2022-10-01 23:11:05,435] {dagbag.py:500} INFO - Filling up the DagBag from /home/airflow/.local/lib/python3.7/site-packages/airflow/example_dags/example_branch_operator.py
[2022-10-01 23:11:05,528] {processor.py:654} INFO - DAG(s) dict_keys(['example_branch_operator']) retrieved from /home/airflow/.local/lib/python3.7/site-packages/airflow/example_dags/example_branch_operator.py
[2022-10-01 23:11:05,578] {logging_mixin.py:109} INFO - [2022-10-01 23:11:05,577] {dag.py:2396} INFO - Sync 1 DAGs
[2022-10-01 23:11:05,645] {logging_mixin.py:109} INFO - [2022-10-01 23:11:05,645] {dag.py:2935} INFO - Setting next_dagrun for example_branch_operator to 2022-09-30 00:00:00+00:00
[2022-10-01 23:11:05,672] {processor.py:171} INFO - Processing /home/airflow/.local/lib/python3.7/site-packages/airflow/example_dags/example_branch_operator.py took 0.255 seconds
[2022-10-01 23:11:36,135] {processor.py:163} INFO - Started process (PID=984) to work on /home/airflow/.local/lib/python3.7/site-packages/airflow/example_dags/example_branch_operator.py
[2022-10-01 23:11:36,142] {processor.py:642} INFO - Processing file /home/airflow/.local/lib/python3.7/site-packages/airflow/example_dags/example_branch_operator.py for tasks to queue
[2022-10-01 23:11:36,148] {logging_mixin.py:109} INFO - [2022-10-01 23:11:36,148] {dagbag.py:500} INFO - Filling up the DagBag from /home/airflow/.local/lib/python3.7/site-packages/airflow/example_dags/example_branch_operator.py
[2022-10-01 23:11:36,242] {processor.py:654} INFO - DAG(s) dict_keys(['example_branch_operator']) retrieved from /home/airflow/.local/lib/python3.7/site-packages/airflow/example_dags/example_branch_operator.py
[2022-10-01 23:11:36,295] {logging_mixin.py:109} INFO - [2022-10-01 23:11:36,295] {dag.py:2396} INFO - Sync 1 DAGs
[2022-10-01 23:11:36,372] {logging_mixin.py:109} INFO - [2022-10-01 23:11:36,371] {dag.py:2935} INFO - Setting next_dagrun for example_branch_operator to 2022-09-30 00:00:00+00:00
[2022-10-01 23:11:36,413] {processor.py:171} INFO - Processing /home/airflow/.local/lib/python3.7/site-packages/airflow/example_dags/example_branch_operator.py took 0.288 seconds
[2022-10-01 23:12:06,790] {processor.py:163} INFO - Started process (PID=1078) to work on /home/airflow/.local/lib/python3.7/site-packages/airflow/example_dags/example_branch_operator.py
[2022-10-01 23:12:06,794] {processor.py:642} INFO - Processing file /home/airflow/.local/lib/python3.7/site-packages/airflow/example_dags/example_branch_operator.py for tasks to queue
[2022-10-01 23:12:06,796] {logging_mixin.py:109} INFO - [2022-10-01 23:12:06,796] {dagbag.py:500} INFO - Filling up the DagBag from /home/airflow/.local/lib/python3.7/site-packages/airflow/example_dags/example_branch_operator.py
[2022-10-01 23:12:06,873] {processor.py:654} INFO - DAG(s) dict_keys(['example_branch_operator']) retrieved from /home/airflow/.local/lib/python3.7/site-packages/airflow/example_dags/example_branch_operator.py
[2022-10-01 23:12:06,918] {logging_mixin.py:109} INFO - [2022-10-01 23:12:06,918] {dag.py:2396} INFO - Sync 1 DAGs
[2022-10-01 23:12:06,972] {logging_mixin.py:109} INFO - [2022-10-01 23:12:06,972] {dag.py:2935} INFO - Setting next_dagrun for example_branch_operator to 2022-09-30 00:00:00+00:00
[2022-10-01 23:12:06,996] {processor.py:171} INFO - Processing /home/airflow/.local/lib/python3.7/site-packages/airflow/example_dags/example_branch_operator.py took 0.212 seconds
[2022-10-01 23:13:28,715] {processor.py:163} INFO - Started process (PID=1194) to work on /home/airflow/.local/lib/python3.7/site-packages/airflow/example_dags/example_branch_operator.py
[2022-10-01 23:13:28,719] {processor.py:642} INFO - Processing file /home/airflow/.local/lib/python3.7/site-packages/airflow/example_dags/example_branch_operator.py for tasks to queue
[2022-10-01 23:13:28,722] {logging_mixin.py:109} INFO - [2022-10-01 23:13:28,721] {dagbag.py:500} INFO - Filling up the DagBag from /home/airflow/.local/lib/python3.7/site-packages/airflow/example_dags/example_branch_operator.py
[2022-10-01 23:13:28,796] {processor.py:654} INFO - DAG(s) dict_keys(['example_branch_operator']) retrieved from /home/airflow/.local/lib/python3.7/site-packages/airflow/example_dags/example_branch_operator.py
[2022-10-01 23:13:28,842] {logging_mixin.py:109} INFO - [2022-10-01 23:13:28,842] {dag.py:2396} INFO - Sync 1 DAGs
[2022-10-01 23:13:28,911] {logging_mixin.py:109} INFO - [2022-10-01 23:13:28,910] {dag.py:2935} INFO - Setting next_dagrun for example_branch_operator to 2022-09-30 00:00:00+00:00
[2022-10-01 23:13:28,946] {processor.py:171} INFO - Processing /home/airflow/.local/lib/python3.7/site-packages/airflow/example_dags/example_branch_operator.py took 0.238 seconds
[2022-10-01 23:26:19,833] {processor.py:163} INFO - Started process (PID=1300) to work on /home/airflow/.local/lib/python3.7/site-packages/airflow/example_dags/example_branch_operator.py
[2022-10-01 23:26:19,838] {processor.py:642} INFO - Processing file /home/airflow/.local/lib/python3.7/site-packages/airflow/example_dags/example_branch_operator.py for tasks to queue
[2022-10-01 23:26:19,841] {logging_mixin.py:109} INFO - [2022-10-01 23:26:19,841] {dagbag.py:500} INFO - Filling up the DagBag from /home/airflow/.local/lib/python3.7/site-packages/airflow/example_dags/example_branch_operator.py
[2022-10-01 23:26:19,942] {processor.py:654} INFO - DAG(s) dict_keys(['example_branch_operator']) retrieved from /home/airflow/.local/lib/python3.7/site-packages/airflow/example_dags/example_branch_operator.py
[2022-10-01 23:26:20,025] {logging_mixin.py:109} INFO - [2022-10-01 23:26:20,025] {dag.py:2396} INFO - Sync 1 DAGs
[2022-10-01 23:26:20,131] {logging_mixin.py:109} INFO - [2022-10-01 23:26:20,130] {dag.py:2935} INFO - Setting next_dagrun for example_branch_operator to 2022-09-30 00:00:00+00:00
[2022-10-01 23:26:20,180] {processor.py:171} INFO - Processing /home/airflow/.local/lib/python3.7/site-packages/airflow/example_dags/example_branch_operator.py took 0.358 seconds
[2022-10-01 23:26:50,382] {processor.py:163} INFO - Started process (PID=1394) to work on /home/airflow/.local/lib/python3.7/site-packages/airflow/example_dags/example_branch_operator.py
[2022-10-01 23:26:50,385] {processor.py:642} INFO - Processing file /home/airflow/.local/lib/python3.7/site-packages/airflow/example_dags/example_branch_operator.py for tasks to queue
[2022-10-01 23:26:50,388] {logging_mixin.py:109} INFO - [2022-10-01 23:26:50,388] {dagbag.py:500} INFO - Filling up the DagBag from /home/airflow/.local/lib/python3.7/site-packages/airflow/example_dags/example_branch_operator.py
[2022-10-01 23:26:50,476] {processor.py:654} INFO - DAG(s) dict_keys(['example_branch_operator']) retrieved from /home/airflow/.local/lib/python3.7/site-packages/airflow/example_dags/example_branch_operator.py
[2022-10-01 23:26:50,521] {logging_mixin.py:109} INFO - [2022-10-01 23:26:50,520] {dag.py:2396} INFO - Sync 1 DAGs
[2022-10-01 23:26:50,591] {logging_mixin.py:109} INFO - [2022-10-01 23:26:50,591] {dag.py:2935} INFO - Setting next_dagrun for example_branch_operator to 2022-09-30 00:00:00+00:00
[2022-10-01 23:26:50,616] {processor.py:171} INFO - Processing /home/airflow/.local/lib/python3.7/site-packages/airflow/example_dags/example_branch_operator.py took 0.242 seconds
