[2022-10-01 23:05:36,967] {processor.py:163} INFO - Started process (PID=147) to work on /home/airflow/.local/lib/python3.7/site-packages/airflow/example_dags/example_xcom.py
[2022-10-01 23:05:36,989] {processor.py:642} INFO - Processing file /home/airflow/.local/lib/python3.7/site-packages/airflow/example_dags/example_xcom.py for tasks to queue
[2022-10-01 23:05:37,005] {logging_mixin.py:109} INFO - [2022-10-01 23:05:37,003] {dagbag.py:500} INFO - Filling up the DagBag from /home/airflow/.local/lib/python3.7/site-packages/airflow/example_dags/example_xcom.py
[2022-10-01 23:05:37,879] {processor.py:654} INFO - DAG(s) dict_keys(['example_xcom']) retrieved from /home/airflow/.local/lib/python3.7/site-packages/airflow/example_dags/example_xcom.py
[2022-10-01 23:06:15,098] {logging_mixin.py:109} INFO - [2022-10-01 23:06:15,097] {manager.py:496} INFO - Created Permission View: can edit on DAG:example_xcom
[2022-10-01 23:06:15,131] {logging_mixin.py:109} INFO - [2022-10-01 23:06:15,131] {manager.py:496} INFO - Created Permission View: can read on DAG:example_xcom
[2022-10-01 23:06:15,134] {logging_mixin.py:109} INFO - [2022-10-01 23:06:15,133] {dag.py:2396} INFO - Sync 1 DAGs
[2022-10-01 23:06:15,174] {logging_mixin.py:109} INFO - [2022-10-01 23:06:15,172] {dag.py:2415} INFO - Creating ORM DAG for example_xcom
[2022-10-01 23:06:15,214] {logging_mixin.py:109} INFO - [2022-10-01 23:06:15,213] {dag.py:2935} INFO - Setting next_dagrun for example_xcom to 2021-01-01T00:00:00+00:00
[2022-10-01 23:06:15,273] {processor.py:171} INFO - Processing /home/airflow/.local/lib/python3.7/site-packages/airflow/example_dags/example_xcom.py took 38.325 seconds
[2022-10-01 23:09:26,628] {processor.py:163} INFO - Started process (PID=576) to work on /home/airflow/.local/lib/python3.7/site-packages/airflow/example_dags/example_xcom.py
[2022-10-01 23:09:26,632] {processor.py:642} INFO - Processing file /home/airflow/.local/lib/python3.7/site-packages/airflow/example_dags/example_xcom.py for tasks to queue
[2022-10-01 23:09:26,635] {logging_mixin.py:109} INFO - [2022-10-01 23:09:26,634] {dagbag.py:500} INFO - Filling up the DagBag from /home/airflow/.local/lib/python3.7/site-packages/airflow/example_dags/example_xcom.py
[2022-10-01 23:09:26,732] {processor.py:654} INFO - DAG(s) dict_keys(['example_xcom']) retrieved from /home/airflow/.local/lib/python3.7/site-packages/airflow/example_dags/example_xcom.py
[2022-10-01 23:09:27,919] {logging_mixin.py:109} INFO - [2022-10-01 23:09:27,918] {dag.py:2396} INFO - Sync 1 DAGs
[2022-10-01 23:09:27,979] {logging_mixin.py:109} INFO - [2022-10-01 23:09:27,978] {dag.py:2935} INFO - Setting next_dagrun for example_xcom to 2021-01-01T00:00:00+00:00
[2022-10-01 23:09:28,017] {processor.py:171} INFO - Processing /home/airflow/.local/lib/python3.7/site-packages/airflow/example_dags/example_xcom.py took 1.395 seconds
[2022-10-01 23:09:58,367] {processor.py:163} INFO - Started process (PID=674) to work on /home/airflow/.local/lib/python3.7/site-packages/airflow/example_dags/example_xcom.py
[2022-10-01 23:09:58,381] {processor.py:642} INFO - Processing file /home/airflow/.local/lib/python3.7/site-packages/airflow/example_dags/example_xcom.py for tasks to queue
[2022-10-01 23:09:58,395] {logging_mixin.py:109} INFO - [2022-10-01 23:09:58,394] {dagbag.py:500} INFO - Filling up the DagBag from /home/airflow/.local/lib/python3.7/site-packages/airflow/example_dags/example_xcom.py
[2022-10-01 23:09:58,526] {processor.py:654} INFO - DAG(s) dict_keys(['example_xcom']) retrieved from /home/airflow/.local/lib/python3.7/site-packages/airflow/example_dags/example_xcom.py
[2022-10-01 23:09:59,498] {logging_mixin.py:109} INFO - [2022-10-01 23:09:59,498] {dag.py:2396} INFO - Sync 1 DAGs
[2022-10-01 23:09:59,548] {logging_mixin.py:109} INFO - [2022-10-01 23:09:59,547] {dag.py:2935} INFO - Setting next_dagrun for example_xcom to 2021-01-01T00:00:00+00:00
[2022-10-01 23:09:59,578] {processor.py:171} INFO - Processing /home/airflow/.local/lib/python3.7/site-packages/airflow/example_dags/example_xcom.py took 1.222 seconds
[2022-10-01 23:10:30,062] {processor.py:163} INFO - Started process (PID=771) to work on /home/airflow/.local/lib/python3.7/site-packages/airflow/example_dags/example_xcom.py
[2022-10-01 23:10:30,070] {processor.py:642} INFO - Processing file /home/airflow/.local/lib/python3.7/site-packages/airflow/example_dags/example_xcom.py for tasks to queue
[2022-10-01 23:10:30,077] {logging_mixin.py:109} INFO - [2022-10-01 23:10:30,076] {dagbag.py:500} INFO - Filling up the DagBag from /home/airflow/.local/lib/python3.7/site-packages/airflow/example_dags/example_xcom.py
[2022-10-01 23:10:30,197] {processor.py:654} INFO - DAG(s) dict_keys(['example_xcom']) retrieved from /home/airflow/.local/lib/python3.7/site-packages/airflow/example_dags/example_xcom.py
[2022-10-01 23:10:31,522] {logging_mixin.py:109} INFO - [2022-10-01 23:10:31,521] {dag.py:2396} INFO - Sync 1 DAGs
[2022-10-01 23:10:31,620] {logging_mixin.py:109} INFO - [2022-10-01 23:10:31,618] {dag.py:2935} INFO - Setting next_dagrun for example_xcom to 2021-01-01T00:00:00+00:00
[2022-10-01 23:10:31,703] {processor.py:171} INFO - Processing /home/airflow/.local/lib/python3.7/site-packages/airflow/example_dags/example_xcom.py took 1.653 seconds
[2022-10-01 23:11:02,199] {processor.py:163} INFO - Started process (PID=867) to work on /home/airflow/.local/lib/python3.7/site-packages/airflow/example_dags/example_xcom.py
[2022-10-01 23:11:02,205] {processor.py:642} INFO - Processing file /home/airflow/.local/lib/python3.7/site-packages/airflow/example_dags/example_xcom.py for tasks to queue
[2022-10-01 23:11:02,209] {logging_mixin.py:109} INFO - [2022-10-01 23:11:02,209] {dagbag.py:500} INFO - Filling up the DagBag from /home/airflow/.local/lib/python3.7/site-packages/airflow/example_dags/example_xcom.py
[2022-10-01 23:11:02,349] {processor.py:654} INFO - DAG(s) dict_keys(['example_xcom']) retrieved from /home/airflow/.local/lib/python3.7/site-packages/airflow/example_dags/example_xcom.py
[2022-10-01 23:11:03,677] {logging_mixin.py:109} INFO - [2022-10-01 23:11:03,676] {dag.py:2396} INFO - Sync 1 DAGs
[2022-10-01 23:11:03,735] {logging_mixin.py:109} INFO - [2022-10-01 23:11:03,735] {dag.py:2935} INFO - Setting next_dagrun for example_xcom to 2021-01-01T00:00:00+00:00
[2022-10-01 23:11:03,774] {processor.py:171} INFO - Processing /home/airflow/.local/lib/python3.7/site-packages/airflow/example_dags/example_xcom.py took 1.589 seconds
[2022-10-01 23:11:33,969] {processor.py:163} INFO - Started process (PID=966) to work on /home/airflow/.local/lib/python3.7/site-packages/airflow/example_dags/example_xcom.py
[2022-10-01 23:11:33,973] {processor.py:642} INFO - Processing file /home/airflow/.local/lib/python3.7/site-packages/airflow/example_dags/example_xcom.py for tasks to queue
[2022-10-01 23:11:33,975] {logging_mixin.py:109} INFO - [2022-10-01 23:11:33,975] {dagbag.py:500} INFO - Filling up the DagBag from /home/airflow/.local/lib/python3.7/site-packages/airflow/example_dags/example_xcom.py
[2022-10-01 23:11:34,072] {processor.py:654} INFO - DAG(s) dict_keys(['example_xcom']) retrieved from /home/airflow/.local/lib/python3.7/site-packages/airflow/example_dags/example_xcom.py
[2022-10-01 23:11:35,318] {logging_mixin.py:109} INFO - [2022-10-01 23:11:35,317] {dag.py:2396} INFO - Sync 1 DAGs
[2022-10-01 23:11:35,384] {logging_mixin.py:109} INFO - [2022-10-01 23:11:35,384] {dag.py:2935} INFO - Setting next_dagrun for example_xcom to 2021-01-01T00:00:00+00:00
[2022-10-01 23:11:35,417] {processor.py:171} INFO - Processing /home/airflow/.local/lib/python3.7/site-packages/airflow/example_dags/example_xcom.py took 1.456 seconds
[2022-10-01 23:12:05,609] {processor.py:163} INFO - Started process (PID=1072) to work on /home/airflow/.local/lib/python3.7/site-packages/airflow/example_dags/example_xcom.py
[2022-10-01 23:12:05,613] {processor.py:642} INFO - Processing file /home/airflow/.local/lib/python3.7/site-packages/airflow/example_dags/example_xcom.py for tasks to queue
[2022-10-01 23:12:05,616] {logging_mixin.py:109} INFO - [2022-10-01 23:12:05,615] {dagbag.py:500} INFO - Filling up the DagBag from /home/airflow/.local/lib/python3.7/site-packages/airflow/example_dags/example_xcom.py
[2022-10-01 23:12:05,692] {processor.py:654} INFO - DAG(s) dict_keys(['example_xcom']) retrieved from /home/airflow/.local/lib/python3.7/site-packages/airflow/example_dags/example_xcom.py
[2022-10-01 23:12:06,644] {logging_mixin.py:109} INFO - [2022-10-01 23:12:06,644] {dag.py:2396} INFO - Sync 1 DAGs
[2022-10-01 23:12:06,706] {logging_mixin.py:109} INFO - [2022-10-01 23:12:06,706] {dag.py:2935} INFO - Setting next_dagrun for example_xcom to 2021-01-01T00:00:00+00:00
[2022-10-01 23:12:06,737] {processor.py:171} INFO - Processing /home/airflow/.local/lib/python3.7/site-packages/airflow/example_dags/example_xcom.py took 1.134 seconds
[2022-10-01 23:13:22,384] {processor.py:163} INFO - Started process (PID=1136) to work on /home/airflow/.local/lib/python3.7/site-packages/airflow/example_dags/example_xcom.py
[2022-10-01 23:13:22,390] {processor.py:642} INFO - Processing file /home/airflow/.local/lib/python3.7/site-packages/airflow/example_dags/example_xcom.py for tasks to queue
[2022-10-01 23:13:22,393] {logging_mixin.py:109} INFO - [2022-10-01 23:13:22,392] {dagbag.py:500} INFO - Filling up the DagBag from /home/airflow/.local/lib/python3.7/site-packages/airflow/example_dags/example_xcom.py
[2022-10-01 23:13:22,489] {processor.py:654} INFO - DAG(s) dict_keys(['example_xcom']) retrieved from /home/airflow/.local/lib/python3.7/site-packages/airflow/example_dags/example_xcom.py
[2022-10-01 23:13:23,445] {logging_mixin.py:109} INFO - [2022-10-01 23:13:23,444] {dag.py:2396} INFO - Sync 1 DAGs
[2022-10-01 23:13:23,496] {logging_mixin.py:109} INFO - [2022-10-01 23:13:23,496] {dag.py:2935} INFO - Setting next_dagrun for example_xcom to 2021-01-01T00:00:00+00:00
[2022-10-01 23:13:23,528] {processor.py:171} INFO - Processing /home/airflow/.local/lib/python3.7/site-packages/airflow/example_dags/example_xcom.py took 1.154 seconds
[2022-10-01 23:26:08,695] {processor.py:163} INFO - Started process (PID=1232) to work on /home/airflow/.local/lib/python3.7/site-packages/airflow/example_dags/example_xcom.py
[2022-10-01 23:26:08,704] {processor.py:642} INFO - Processing file /home/airflow/.local/lib/python3.7/site-packages/airflow/example_dags/example_xcom.py for tasks to queue
[2022-10-01 23:26:08,722] {logging_mixin.py:109} INFO - [2022-10-01 23:26:08,721] {dagbag.py:500} INFO - Filling up the DagBag from /home/airflow/.local/lib/python3.7/site-packages/airflow/example_dags/example_xcom.py
[2022-10-01 23:26:08,942] {processor.py:654} INFO - DAG(s) dict_keys(['example_xcom']) retrieved from /home/airflow/.local/lib/python3.7/site-packages/airflow/example_dags/example_xcom.py
[2022-10-01 23:26:10,457] {logging_mixin.py:109} INFO - [2022-10-01 23:26:10,456] {dag.py:2396} INFO - Sync 1 DAGs
[2022-10-01 23:26:10,578] {logging_mixin.py:109} INFO - [2022-10-01 23:26:10,577] {dag.py:2935} INFO - Setting next_dagrun for example_xcom to 2021-01-01T00:00:00+00:00
[2022-10-01 23:26:10,635] {processor.py:171} INFO - Processing /home/airflow/.local/lib/python3.7/site-packages/airflow/example_dags/example_xcom.py took 1.951 seconds
[2022-10-01 23:26:40,805] {processor.py:163} INFO - Started process (PID=1328) to work on /home/airflow/.local/lib/python3.7/site-packages/airflow/example_dags/example_xcom.py
[2022-10-01 23:26:40,813] {processor.py:642} INFO - Processing file /home/airflow/.local/lib/python3.7/site-packages/airflow/example_dags/example_xcom.py for tasks to queue
[2022-10-01 23:26:40,818] {logging_mixin.py:109} INFO - [2022-10-01 23:26:40,818] {dagbag.py:500} INFO - Filling up the DagBag from /home/airflow/.local/lib/python3.7/site-packages/airflow/example_dags/example_xcom.py
[2022-10-01 23:26:40,949] {processor.py:654} INFO - DAG(s) dict_keys(['example_xcom']) retrieved from /home/airflow/.local/lib/python3.7/site-packages/airflow/example_dags/example_xcom.py
[2022-10-01 23:26:42,353] {logging_mixin.py:109} INFO - [2022-10-01 23:26:42,353] {dag.py:2396} INFO - Sync 1 DAGs
[2022-10-01 23:26:42,423] {logging_mixin.py:109} INFO - [2022-10-01 23:26:42,422] {dag.py:2935} INFO - Setting next_dagrun for example_xcom to 2021-01-01T00:00:00+00:00
[2022-10-01 23:26:42,463] {processor.py:171} INFO - Processing /home/airflow/.local/lib/python3.7/site-packages/airflow/example_dags/example_xcom.py took 1.676 seconds
