[2022-10-01 23:06:32,812] {processor.py:163} INFO - Started process (PID=229) to work on /home/airflow/.local/lib/python3.7/site-packages/airflow/example_dags/example_time_delta_sensor_async.py
[2022-10-01 23:06:32,832] {processor.py:642} INFO - Processing file /home/airflow/.local/lib/python3.7/site-packages/airflow/example_dags/example_time_delta_sensor_async.py for tasks to queue
[2022-10-01 23:06:32,841] {logging_mixin.py:109} INFO - [2022-10-01 23:06:32,841] {dagbag.py:500} INFO - Filling up the DagBag from /home/airflow/.local/lib/python3.7/site-packages/airflow/example_dags/example_time_delta_sensor_async.py
[2022-10-01 23:06:33,122] {processor.py:654} INFO - DAG(s) dict_keys(['example_time_delta_sensor_async']) retrieved from /home/airflow/.local/lib/python3.7/site-packages/airflow/example_dags/example_time_delta_sensor_async.py
[2022-10-01 23:06:50,835] {logging_mixin.py:109} INFO - [2022-10-01 23:06:50,834] {manager.py:496} INFO - Created Permission View: can edit on DAG:example_time_delta_sensor_async
[2022-10-01 23:06:50,889] {logging_mixin.py:109} INFO - [2022-10-01 23:06:50,889] {manager.py:496} INFO - Created Permission View: can read on DAG:example_time_delta_sensor_async
[2022-10-01 23:06:50,895] {logging_mixin.py:109} INFO - [2022-10-01 23:06:50,892] {dag.py:2396} INFO - Sync 1 DAGs
[2022-10-01 23:06:50,968] {logging_mixin.py:109} INFO - [2022-10-01 23:06:50,966] {dag.py:2415} INFO - Creating ORM DAG for example_time_delta_sensor_async
[2022-10-01 23:06:51,057] {logging_mixin.py:109} INFO - [2022-10-01 23:06:51,057] {dag.py:2935} INFO - Setting next_dagrun for example_time_delta_sensor_async to None
[2022-10-01 23:06:51,202] {processor.py:171} INFO - Processing /home/airflow/.local/lib/python3.7/site-packages/airflow/example_dags/example_time_delta_sensor_async.py took 18.409 seconds
[2022-10-01 23:09:29,666] {processor.py:163} INFO - Started process (PID=586) to work on /home/airflow/.local/lib/python3.7/site-packages/airflow/example_dags/example_time_delta_sensor_async.py
[2022-10-01 23:09:29,671] {processor.py:642} INFO - Processing file /home/airflow/.local/lib/python3.7/site-packages/airflow/example_dags/example_time_delta_sensor_async.py for tasks to queue
[2022-10-01 23:09:29,674] {logging_mixin.py:109} INFO - [2022-10-01 23:09:29,673] {dagbag.py:500} INFO - Filling up the DagBag from /home/airflow/.local/lib/python3.7/site-packages/airflow/example_dags/example_time_delta_sensor_async.py
[2022-10-01 23:09:29,734] {processor.py:654} INFO - DAG(s) dict_keys(['example_time_delta_sensor_async']) retrieved from /home/airflow/.local/lib/python3.7/site-packages/airflow/example_dags/example_time_delta_sensor_async.py
[2022-10-01 23:09:29,767] {logging_mixin.py:109} INFO - [2022-10-01 23:09:29,767] {dag.py:2396} INFO - Sync 1 DAGs
[2022-10-01 23:09:29,824] {logging_mixin.py:109} INFO - [2022-10-01 23:09:29,824] {dag.py:2935} INFO - Setting next_dagrun for example_time_delta_sensor_async to None
[2022-10-01 23:09:29,850] {processor.py:171} INFO - Processing /home/airflow/.local/lib/python3.7/site-packages/airflow/example_dags/example_time_delta_sensor_async.py took 0.192 seconds
[2022-10-01 23:10:00,692] {processor.py:163} INFO - Started process (PID=680) to work on /home/airflow/.local/lib/python3.7/site-packages/airflow/example_dags/example_time_delta_sensor_async.py
[2022-10-01 23:10:00,699] {processor.py:642} INFO - Processing file /home/airflow/.local/lib/python3.7/site-packages/airflow/example_dags/example_time_delta_sensor_async.py for tasks to queue
[2022-10-01 23:10:00,704] {logging_mixin.py:109} INFO - [2022-10-01 23:10:00,703] {dagbag.py:500} INFO - Filling up the DagBag from /home/airflow/.local/lib/python3.7/site-packages/airflow/example_dags/example_time_delta_sensor_async.py
[2022-10-01 23:10:00,783] {processor.py:654} INFO - DAG(s) dict_keys(['example_time_delta_sensor_async']) retrieved from /home/airflow/.local/lib/python3.7/site-packages/airflow/example_dags/example_time_delta_sensor_async.py
[2022-10-01 23:10:00,819] {logging_mixin.py:109} INFO - [2022-10-01 23:10:00,819] {dag.py:2396} INFO - Sync 1 DAGs
[2022-10-01 23:10:00,891] {logging_mixin.py:109} INFO - [2022-10-01 23:10:00,890] {dag.py:2935} INFO - Setting next_dagrun for example_time_delta_sensor_async to None
[2022-10-01 23:10:00,914] {processor.py:171} INFO - Processing /home/airflow/.local/lib/python3.7/site-packages/airflow/example_dags/example_time_delta_sensor_async.py took 0.232 seconds
[2022-10-01 23:10:32,606] {processor.py:163} INFO - Started process (PID=777) to work on /home/airflow/.local/lib/python3.7/site-packages/airflow/example_dags/example_time_delta_sensor_async.py
[2022-10-01 23:10:32,613] {processor.py:642} INFO - Processing file /home/airflow/.local/lib/python3.7/site-packages/airflow/example_dags/example_time_delta_sensor_async.py for tasks to queue
[2022-10-01 23:10:32,618] {logging_mixin.py:109} INFO - [2022-10-01 23:10:32,617] {dagbag.py:500} INFO - Filling up the DagBag from /home/airflow/.local/lib/python3.7/site-packages/airflow/example_dags/example_time_delta_sensor_async.py
[2022-10-01 23:10:32,717] {processor.py:654} INFO - DAG(s) dict_keys(['example_time_delta_sensor_async']) retrieved from /home/airflow/.local/lib/python3.7/site-packages/airflow/example_dags/example_time_delta_sensor_async.py
[2022-10-01 23:10:32,765] {logging_mixin.py:109} INFO - [2022-10-01 23:10:32,764] {dag.py:2396} INFO - Sync 1 DAGs
[2022-10-01 23:10:32,835] {logging_mixin.py:109} INFO - [2022-10-01 23:10:32,835] {dag.py:2935} INFO - Setting next_dagrun for example_time_delta_sensor_async to None
[2022-10-01 23:10:32,873] {processor.py:171} INFO - Processing /home/airflow/.local/lib/python3.7/site-packages/airflow/example_dags/example_time_delta_sensor_async.py took 0.277 seconds
[2022-10-01 23:11:03,538] {processor.py:163} INFO - Started process (PID=871) to work on /home/airflow/.local/lib/python3.7/site-packages/airflow/example_dags/example_time_delta_sensor_async.py
[2022-10-01 23:11:03,542] {processor.py:642} INFO - Processing file /home/airflow/.local/lib/python3.7/site-packages/airflow/example_dags/example_time_delta_sensor_async.py for tasks to queue
[2022-10-01 23:11:03,545] {logging_mixin.py:109} INFO - [2022-10-01 23:11:03,545] {dagbag.py:500} INFO - Filling up the DagBag from /home/airflow/.local/lib/python3.7/site-packages/airflow/example_dags/example_time_delta_sensor_async.py
[2022-10-01 23:11:03,611] {processor.py:654} INFO - DAG(s) dict_keys(['example_time_delta_sensor_async']) retrieved from /home/airflow/.local/lib/python3.7/site-packages/airflow/example_dags/example_time_delta_sensor_async.py
[2022-10-01 23:11:03,649] {logging_mixin.py:109} INFO - [2022-10-01 23:11:03,648] {dag.py:2396} INFO - Sync 1 DAGs
[2022-10-01 23:11:03,711] {logging_mixin.py:109} INFO - [2022-10-01 23:11:03,710] {dag.py:2935} INFO - Setting next_dagrun for example_time_delta_sensor_async to None
[2022-10-01 23:11:03,742] {processor.py:171} INFO - Processing /home/airflow/.local/lib/python3.7/site-packages/airflow/example_dags/example_time_delta_sensor_async.py took 0.211 seconds
[2022-10-01 23:11:33,969] {processor.py:163} INFO - Started process (PID=968) to work on /home/airflow/.local/lib/python3.7/site-packages/airflow/example_dags/example_time_delta_sensor_async.py
[2022-10-01 23:11:33,973] {processor.py:642} INFO - Processing file /home/airflow/.local/lib/python3.7/site-packages/airflow/example_dags/example_time_delta_sensor_async.py for tasks to queue
[2022-10-01 23:11:33,975] {logging_mixin.py:109} INFO - [2022-10-01 23:11:33,975] {dagbag.py:500} INFO - Filling up the DagBag from /home/airflow/.local/lib/python3.7/site-packages/airflow/example_dags/example_time_delta_sensor_async.py
[2022-10-01 23:11:34,036] {processor.py:654} INFO - DAG(s) dict_keys(['example_time_delta_sensor_async']) retrieved from /home/airflow/.local/lib/python3.7/site-packages/airflow/example_dags/example_time_delta_sensor_async.py
[2022-10-01 23:11:34,080] {logging_mixin.py:109} INFO - [2022-10-01 23:11:34,079] {dag.py:2396} INFO - Sync 1 DAGs
[2022-10-01 23:11:34,167] {logging_mixin.py:109} INFO - [2022-10-01 23:11:34,166] {dag.py:2935} INFO - Setting next_dagrun for example_time_delta_sensor_async to None
[2022-10-01 23:11:34,198] {processor.py:171} INFO - Processing /home/airflow/.local/lib/python3.7/site-packages/airflow/example_dags/example_time_delta_sensor_async.py took 0.234 seconds
[2022-10-01 23:12:04,456] {processor.py:163} INFO - Started process (PID=1062) to work on /home/airflow/.local/lib/python3.7/site-packages/airflow/example_dags/example_time_delta_sensor_async.py
[2022-10-01 23:12:04,461] {processor.py:642} INFO - Processing file /home/airflow/.local/lib/python3.7/site-packages/airflow/example_dags/example_time_delta_sensor_async.py for tasks to queue
[2022-10-01 23:12:04,464] {logging_mixin.py:109} INFO - [2022-10-01 23:12:04,464] {dagbag.py:500} INFO - Filling up the DagBag from /home/airflow/.local/lib/python3.7/site-packages/airflow/example_dags/example_time_delta_sensor_async.py
[2022-10-01 23:12:04,522] {processor.py:654} INFO - DAG(s) dict_keys(['example_time_delta_sensor_async']) retrieved from /home/airflow/.local/lib/python3.7/site-packages/airflow/example_dags/example_time_delta_sensor_async.py
[2022-10-01 23:12:04,552] {logging_mixin.py:109} INFO - [2022-10-01 23:12:04,552] {dag.py:2396} INFO - Sync 1 DAGs
[2022-10-01 23:12:04,602] {logging_mixin.py:109} INFO - [2022-10-01 23:12:04,601] {dag.py:2935} INFO - Setting next_dagrun for example_time_delta_sensor_async to None
[2022-10-01 23:12:04,624] {processor.py:171} INFO - Processing /home/airflow/.local/lib/python3.7/site-packages/airflow/example_dags/example_time_delta_sensor_async.py took 0.175 seconds
[2022-10-01 23:13:23,794] {processor.py:163} INFO - Started process (PID=1142) to work on /home/airflow/.local/lib/python3.7/site-packages/airflow/example_dags/example_time_delta_sensor_async.py
[2022-10-01 23:13:23,798] {processor.py:642} INFO - Processing file /home/airflow/.local/lib/python3.7/site-packages/airflow/example_dags/example_time_delta_sensor_async.py for tasks to queue
[2022-10-01 23:13:23,801] {logging_mixin.py:109} INFO - [2022-10-01 23:13:23,801] {dagbag.py:500} INFO - Filling up the DagBag from /home/airflow/.local/lib/python3.7/site-packages/airflow/example_dags/example_time_delta_sensor_async.py
[2022-10-01 23:13:23,858] {processor.py:654} INFO - DAG(s) dict_keys(['example_time_delta_sensor_async']) retrieved from /home/airflow/.local/lib/python3.7/site-packages/airflow/example_dags/example_time_delta_sensor_async.py
[2022-10-01 23:13:23,906] {logging_mixin.py:109} INFO - [2022-10-01 23:13:23,906] {dag.py:2396} INFO - Sync 1 DAGs
[2022-10-01 23:13:23,959] {logging_mixin.py:109} INFO - [2022-10-01 23:13:23,959] {dag.py:2935} INFO - Setting next_dagrun for example_time_delta_sensor_async to None
[2022-10-01 23:13:23,984] {processor.py:171} INFO - Processing /home/airflow/.local/lib/python3.7/site-packages/airflow/example_dags/example_time_delta_sensor_async.py took 0.197 seconds
[2022-10-01 23:26:11,153] {processor.py:163} INFO - Started process (PID=1238) to work on /home/airflow/.local/lib/python3.7/site-packages/airflow/example_dags/example_time_delta_sensor_async.py
[2022-10-01 23:26:11,160] {processor.py:642} INFO - Processing file /home/airflow/.local/lib/python3.7/site-packages/airflow/example_dags/example_time_delta_sensor_async.py for tasks to queue
[2022-10-01 23:26:11,167] {logging_mixin.py:109} INFO - [2022-10-01 23:26:11,166] {dagbag.py:500} INFO - Filling up the DagBag from /home/airflow/.local/lib/python3.7/site-packages/airflow/example_dags/example_time_delta_sensor_async.py
[2022-10-01 23:26:11,307] {processor.py:654} INFO - DAG(s) dict_keys(['example_time_delta_sensor_async']) retrieved from /home/airflow/.local/lib/python3.7/site-packages/airflow/example_dags/example_time_delta_sensor_async.py
[2022-10-01 23:26:11,364] {logging_mixin.py:109} INFO - [2022-10-01 23:26:11,364] {dag.py:2396} INFO - Sync 1 DAGs
[2022-10-01 23:26:11,444] {logging_mixin.py:109} INFO - [2022-10-01 23:26:11,444] {dag.py:2935} INFO - Setting next_dagrun for example_time_delta_sensor_async to None
[2022-10-01 23:26:11,470] {processor.py:171} INFO - Processing /home/airflow/.local/lib/python3.7/site-packages/airflow/example_dags/example_time_delta_sensor_async.py took 0.343 seconds
[2022-10-01 23:26:42,250] {processor.py:163} INFO - Started process (PID=1332) to work on /home/airflow/.local/lib/python3.7/site-packages/airflow/example_dags/example_time_delta_sensor_async.py
[2022-10-01 23:26:42,257] {processor.py:642} INFO - Processing file /home/airflow/.local/lib/python3.7/site-packages/airflow/example_dags/example_time_delta_sensor_async.py for tasks to queue
[2022-10-01 23:26:42,262] {logging_mixin.py:109} INFO - [2022-10-01 23:26:42,261] {dagbag.py:500} INFO - Filling up the DagBag from /home/airflow/.local/lib/python3.7/site-packages/airflow/example_dags/example_time_delta_sensor_async.py
[2022-10-01 23:26:42,379] {processor.py:654} INFO - DAG(s) dict_keys(['example_time_delta_sensor_async']) retrieved from /home/airflow/.local/lib/python3.7/site-packages/airflow/example_dags/example_time_delta_sensor_async.py
[2022-10-01 23:26:42,437] {logging_mixin.py:109} INFO - [2022-10-01 23:26:42,437] {dag.py:2396} INFO - Sync 1 DAGs
[2022-10-01 23:26:42,518] {logging_mixin.py:109} INFO - [2022-10-01 23:26:42,518] {dag.py:2935} INFO - Setting next_dagrun for example_time_delta_sensor_async to None
[2022-10-01 23:26:42,550] {processor.py:171} INFO - Processing /home/airflow/.local/lib/python3.7/site-packages/airflow/example_dags/example_time_delta_sensor_async.py took 0.333 seconds
