[2022-10-01 23:09:06,066] {processor.py:163} INFO - Started process (PID=525) to work on /home/airflow/.local/lib/python3.7/site-packages/airflow/example_dags/example_task_group_decorator.py
[2022-10-01 23:09:06,073] {processor.py:642} INFO - Processing file /home/airflow/.local/lib/python3.7/site-packages/airflow/example_dags/example_task_group_decorator.py for tasks to queue
[2022-10-01 23:09:06,078] {logging_mixin.py:109} INFO - [2022-10-01 23:09:06,077] {dagbag.py:500} INFO - Filling up the DagBag from /home/airflow/.local/lib/python3.7/site-packages/airflow/example_dags/example_task_group_decorator.py
[2022-10-01 23:09:06,245] {processor.py:654} INFO - DAG(s) dict_keys(['example_task_group_decorator']) retrieved from /home/airflow/.local/lib/python3.7/site-packages/airflow/example_dags/example_task_group_decorator.py
[2022-10-01 23:09:16,222] {logging_mixin.py:109} INFO - [2022-10-01 23:09:16,221] {manager.py:496} INFO - Created Permission View: can edit on DAG:example_task_group_decorator
[2022-10-01 23:09:16,255] {logging_mixin.py:109} INFO - [2022-10-01 23:09:16,254] {manager.py:496} INFO - Created Permission View: can read on DAG:example_task_group_decorator
[2022-10-01 23:09:16,258] {logging_mixin.py:109} INFO - [2022-10-01 23:09:16,257] {dag.py:2396} INFO - Sync 1 DAGs
[2022-10-01 23:09:16,292] {logging_mixin.py:109} INFO - [2022-10-01 23:09:16,291] {dag.py:2415} INFO - Creating ORM DAG for example_task_group_decorator
[2022-10-01 23:09:16,333] {logging_mixin.py:109} INFO - [2022-10-01 23:09:16,333] {dag.py:2935} INFO - Setting next_dagrun for example_task_group_decorator to 2022-09-30T23:09:16.330215+00:00
[2022-10-01 23:09:16,385] {processor.py:171} INFO - Processing /home/airflow/.local/lib/python3.7/site-packages/airflow/example_dags/example_task_group_decorator.py took 10.328 seconds
[2022-10-01 23:09:46,746] {processor.py:163} INFO - Started process (PID=652) to work on /home/airflow/.local/lib/python3.7/site-packages/airflow/example_dags/example_task_group_decorator.py
[2022-10-01 23:09:46,751] {processor.py:642} INFO - Processing file /home/airflow/.local/lib/python3.7/site-packages/airflow/example_dags/example_task_group_decorator.py for tasks to queue
[2022-10-01 23:09:46,754] {logging_mixin.py:109} INFO - [2022-10-01 23:09:46,753] {dagbag.py:500} INFO - Filling up the DagBag from /home/airflow/.local/lib/python3.7/site-packages/airflow/example_dags/example_task_group_decorator.py
[2022-10-01 23:09:46,904] {processor.py:654} INFO - DAG(s) dict_keys(['example_task_group_decorator']) retrieved from /home/airflow/.local/lib/python3.7/site-packages/airflow/example_dags/example_task_group_decorator.py
[2022-10-01 23:09:47,864] {logging_mixin.py:109} INFO - [2022-10-01 23:09:47,863] {dag.py:2396} INFO - Sync 1 DAGs
[2022-10-01 23:09:47,928] {logging_mixin.py:109} INFO - [2022-10-01 23:09:47,928] {dag.py:2935} INFO - Setting next_dagrun for example_task_group_decorator to 2022-09-30T23:09:47.926393+00:00
[2022-10-01 23:09:47,987] {processor.py:171} INFO - Processing /home/airflow/.local/lib/python3.7/site-packages/airflow/example_dags/example_task_group_decorator.py took 1.249 seconds
[2022-10-01 23:10:18,735] {processor.py:163} INFO - Started process (PID=749) to work on /home/airflow/.local/lib/python3.7/site-packages/airflow/example_dags/example_task_group_decorator.py
[2022-10-01 23:10:18,747] {processor.py:642} INFO - Processing file /home/airflow/.local/lib/python3.7/site-packages/airflow/example_dags/example_task_group_decorator.py for tasks to queue
[2022-10-01 23:10:18,750] {logging_mixin.py:109} INFO - [2022-10-01 23:10:18,750] {dagbag.py:500} INFO - Filling up the DagBag from /home/airflow/.local/lib/python3.7/site-packages/airflow/example_dags/example_task_group_decorator.py
[2022-10-01 23:10:18,945] {processor.py:654} INFO - DAG(s) dict_keys(['example_task_group_decorator']) retrieved from /home/airflow/.local/lib/python3.7/site-packages/airflow/example_dags/example_task_group_decorator.py
[2022-10-01 23:10:20,019] {logging_mixin.py:109} INFO - [2022-10-01 23:10:20,018] {dag.py:2396} INFO - Sync 1 DAGs
[2022-10-01 23:10:20,081] {logging_mixin.py:109} INFO - [2022-10-01 23:10:20,080] {dag.py:2935} INFO - Setting next_dagrun for example_task_group_decorator to 2022-09-30T23:10:20.078885+00:00
[2022-10-01 23:10:20,113] {processor.py:171} INFO - Processing /home/airflow/.local/lib/python3.7/site-packages/airflow/example_dags/example_task_group_decorator.py took 1.386 seconds
[2022-10-01 23:10:50,194] {processor.py:163} INFO - Started process (PID=845) to work on /home/airflow/.local/lib/python3.7/site-packages/airflow/example_dags/example_task_group_decorator.py
[2022-10-01 23:10:50,199] {processor.py:642} INFO - Processing file /home/airflow/.local/lib/python3.7/site-packages/airflow/example_dags/example_task_group_decorator.py for tasks to queue
[2022-10-01 23:10:50,202] {logging_mixin.py:109} INFO - [2022-10-01 23:10:50,202] {dagbag.py:500} INFO - Filling up the DagBag from /home/airflow/.local/lib/python3.7/site-packages/airflow/example_dags/example_task_group_decorator.py
[2022-10-01 23:10:50,344] {processor.py:654} INFO - DAG(s) dict_keys(['example_task_group_decorator']) retrieved from /home/airflow/.local/lib/python3.7/site-packages/airflow/example_dags/example_task_group_decorator.py
[2022-10-01 23:10:51,566] {logging_mixin.py:109} INFO - [2022-10-01 23:10:51,565] {dag.py:2396} INFO - Sync 1 DAGs
[2022-10-01 23:10:51,625] {logging_mixin.py:109} INFO - [2022-10-01 23:10:51,625] {dag.py:2935} INFO - Setting next_dagrun for example_task_group_decorator to 2022-09-30T23:10:51.623384+00:00
[2022-10-01 23:10:51,659] {processor.py:171} INFO - Processing /home/airflow/.local/lib/python3.7/site-packages/airflow/example_dags/example_task_group_decorator.py took 1.472 seconds
[2022-10-01 23:11:22,315] {processor.py:163} INFO - Started process (PID=942) to work on /home/airflow/.local/lib/python3.7/site-packages/airflow/example_dags/example_task_group_decorator.py
[2022-10-01 23:11:22,321] {processor.py:642} INFO - Processing file /home/airflow/.local/lib/python3.7/site-packages/airflow/example_dags/example_task_group_decorator.py for tasks to queue
[2022-10-01 23:11:22,326] {logging_mixin.py:109} INFO - [2022-10-01 23:11:22,325] {dagbag.py:500} INFO - Filling up the DagBag from /home/airflow/.local/lib/python3.7/site-packages/airflow/example_dags/example_task_group_decorator.py
[2022-10-01 23:11:22,468] {processor.py:654} INFO - DAG(s) dict_keys(['example_task_group_decorator']) retrieved from /home/airflow/.local/lib/python3.7/site-packages/airflow/example_dags/example_task_group_decorator.py
[2022-10-01 23:11:23,727] {logging_mixin.py:109} INFO - [2022-10-01 23:11:23,727] {dag.py:2396} INFO - Sync 1 DAGs
[2022-10-01 23:11:23,779] {logging_mixin.py:109} INFO - [2022-10-01 23:11:23,779] {dag.py:2935} INFO - Setting next_dagrun for example_task_group_decorator to 2022-09-30T23:11:23.777562+00:00
[2022-10-01 23:11:23,813] {processor.py:171} INFO - Processing /home/airflow/.local/lib/python3.7/site-packages/airflow/example_dags/example_task_group_decorator.py took 1.505 seconds
[2022-10-01 23:11:53,932] {processor.py:163} INFO - Started process (PID=1038) to work on /home/airflow/.local/lib/python3.7/site-packages/airflow/example_dags/example_task_group_decorator.py
[2022-10-01 23:11:53,936] {processor.py:642} INFO - Processing file /home/airflow/.local/lib/python3.7/site-packages/airflow/example_dags/example_task_group_decorator.py for tasks to queue
[2022-10-01 23:11:53,939] {logging_mixin.py:109} INFO - [2022-10-01 23:11:53,939] {dagbag.py:500} INFO - Filling up the DagBag from /home/airflow/.local/lib/python3.7/site-packages/airflow/example_dags/example_task_group_decorator.py
[2022-10-01 23:11:54,065] {processor.py:654} INFO - DAG(s) dict_keys(['example_task_group_decorator']) retrieved from /home/airflow/.local/lib/python3.7/site-packages/airflow/example_dags/example_task_group_decorator.py
[2022-10-01 23:11:55,108] {logging_mixin.py:109} INFO - [2022-10-01 23:11:55,107] {dag.py:2396} INFO - Sync 1 DAGs
[2022-10-01 23:11:55,163] {logging_mixin.py:109} INFO - [2022-10-01 23:11:55,162] {dag.py:2935} INFO - Setting next_dagrun for example_task_group_decorator to 2022-09-30T23:11:55.160243+00:00
[2022-10-01 23:11:55,196] {processor.py:171} INFO - Processing /home/airflow/.local/lib/python3.7/site-packages/airflow/example_dags/example_task_group_decorator.py took 1.274 seconds
[2022-10-01 23:13:28,050] {processor.py:163} INFO - Started process (PID=1188) to work on /home/airflow/.local/lib/python3.7/site-packages/airflow/example_dags/example_task_group_decorator.py
[2022-10-01 23:13:28,054] {processor.py:642} INFO - Processing file /home/airflow/.local/lib/python3.7/site-packages/airflow/example_dags/example_task_group_decorator.py for tasks to queue
[2022-10-01 23:13:28,056] {logging_mixin.py:109} INFO - [2022-10-01 23:13:28,056] {dagbag.py:500} INFO - Filling up the DagBag from /home/airflow/.local/lib/python3.7/site-packages/airflow/example_dags/example_task_group_decorator.py
[2022-10-01 23:13:28,182] {processor.py:654} INFO - DAG(s) dict_keys(['example_task_group_decorator']) retrieved from /home/airflow/.local/lib/python3.7/site-packages/airflow/example_dags/example_task_group_decorator.py
[2022-10-01 23:13:29,171] {logging_mixin.py:109} INFO - [2022-10-01 23:13:29,171] {dag.py:2396} INFO - Sync 1 DAGs
[2022-10-01 23:13:29,218] {logging_mixin.py:109} INFO - [2022-10-01 23:13:29,217] {dag.py:2935} INFO - Setting next_dagrun for example_task_group_decorator to 2022-09-30T23:13:29.216383+00:00
[2022-10-01 23:13:29,248] {processor.py:171} INFO - Processing /home/airflow/.local/lib/python3.7/site-packages/airflow/example_dags/example_task_group_decorator.py took 1.204 seconds
[2022-10-01 23:26:18,737] {processor.py:163} INFO - Started process (PID=1294) to work on /home/airflow/.local/lib/python3.7/site-packages/airflow/example_dags/example_task_group_decorator.py
[2022-10-01 23:26:18,745] {processor.py:642} INFO - Processing file /home/airflow/.local/lib/python3.7/site-packages/airflow/example_dags/example_task_group_decorator.py for tasks to queue
[2022-10-01 23:26:18,748] {logging_mixin.py:109} INFO - [2022-10-01 23:26:18,748] {dagbag.py:500} INFO - Filling up the DagBag from /home/airflow/.local/lib/python3.7/site-packages/airflow/example_dags/example_task_group_decorator.py
[2022-10-01 23:26:18,978] {processor.py:654} INFO - DAG(s) dict_keys(['example_task_group_decorator']) retrieved from /home/airflow/.local/lib/python3.7/site-packages/airflow/example_dags/example_task_group_decorator.py
[2022-10-01 23:26:20,522] {logging_mixin.py:109} INFO - [2022-10-01 23:26:20,521] {dag.py:2396} INFO - Sync 1 DAGs
[2022-10-01 23:26:20,591] {logging_mixin.py:109} INFO - [2022-10-01 23:26:20,591] {dag.py:2935} INFO - Setting next_dagrun for example_task_group_decorator to 2022-09-30T23:26:20.589300+00:00
[2022-10-01 23:26:20,627] {processor.py:171} INFO - Processing /home/airflow/.local/lib/python3.7/site-packages/airflow/example_dags/example_task_group_decorator.py took 1.900 seconds
[2022-10-01 23:26:50,736] {processor.py:163} INFO - Started process (PID=1400) to work on /home/airflow/.local/lib/python3.7/site-packages/airflow/example_dags/example_task_group_decorator.py
[2022-10-01 23:26:50,740] {processor.py:642} INFO - Processing file /home/airflow/.local/lib/python3.7/site-packages/airflow/example_dags/example_task_group_decorator.py for tasks to queue
[2022-10-01 23:26:50,743] {logging_mixin.py:109} INFO - [2022-10-01 23:26:50,742] {dagbag.py:500} INFO - Filling up the DagBag from /home/airflow/.local/lib/python3.7/site-packages/airflow/example_dags/example_task_group_decorator.py
[2022-10-01 23:26:50,855] {processor.py:654} INFO - DAG(s) dict_keys(['example_task_group_decorator']) retrieved from /home/airflow/.local/lib/python3.7/site-packages/airflow/example_dags/example_task_group_decorator.py
[2022-10-01 23:26:51,753] {logging_mixin.py:109} INFO - [2022-10-01 23:26:51,753] {dag.py:2396} INFO - Sync 1 DAGs
[2022-10-01 23:26:51,804] {logging_mixin.py:109} INFO - [2022-10-01 23:26:51,804] {dag.py:2935} INFO - Setting next_dagrun for example_task_group_decorator to 2022-09-30T23:26:51.802414+00:00
[2022-10-01 23:26:51,835] {processor.py:171} INFO - Processing /home/airflow/.local/lib/python3.7/site-packages/airflow/example_dags/example_task_group_decorator.py took 1.105 seconds
