[2022-10-01 23:07:51,943] {processor.py:163} INFO - Started process (PID=360) to work on /home/airflow/.local/lib/python3.7/site-packages/airflow/example_dags/example_nested_branch_dag.py
[2022-10-01 23:07:51,949] {processor.py:642} INFO - Processing file /home/airflow/.local/lib/python3.7/site-packages/airflow/example_dags/example_nested_branch_dag.py for tasks to queue
[2022-10-01 23:07:51,952] {logging_mixin.py:109} INFO - [2022-10-01 23:07:51,951] {dagbag.py:500} INFO - Filling up the DagBag from /home/airflow/.local/lib/python3.7/site-packages/airflow/example_dags/example_nested_branch_dag.py
[2022-10-01 23:07:52,036] {processor.py:654} INFO - DAG(s) dict_keys(['example_nested_branch_dag']) retrieved from /home/airflow/.local/lib/python3.7/site-packages/airflow/example_dags/example_nested_branch_dag.py
[2022-10-01 23:08:02,474] {logging_mixin.py:109} INFO - [2022-10-01 23:08:02,468] {manager.py:496} INFO - Created Permission View: can edit on DAG:example_nested_branch_dag
[2022-10-01 23:08:02,542] {logging_mixin.py:109} INFO - [2022-10-01 23:08:02,541] {manager.py:496} INFO - Created Permission View: can read on DAG:example_nested_branch_dag
[2022-10-01 23:08:02,555] {logging_mixin.py:109} INFO - [2022-10-01 23:08:02,548] {dag.py:2396} INFO - Sync 1 DAGs
[2022-10-01 23:08:02,638] {logging_mixin.py:109} INFO - [2022-10-01 23:08:02,636] {dag.py:2415} INFO - Creating ORM DAG for example_nested_branch_dag
[2022-10-01 23:08:02,701] {logging_mixin.py:109} INFO - [2022-10-01 23:08:02,701] {dag.py:2935} INFO - Setting next_dagrun for example_nested_branch_dag to 2022-09-30 00:00:00+00:00
[2022-10-01 23:08:02,843] {processor.py:171} INFO - Processing /home/airflow/.local/lib/python3.7/site-packages/airflow/example_dags/example_nested_branch_dag.py took 10.912 seconds
[2022-10-01 23:09:34,430] {processor.py:163} INFO - Started process (PID=617) to work on /home/airflow/.local/lib/python3.7/site-packages/airflow/example_dags/example_nested_branch_dag.py
[2022-10-01 23:09:34,435] {processor.py:642} INFO - Processing file /home/airflow/.local/lib/python3.7/site-packages/airflow/example_dags/example_nested_branch_dag.py for tasks to queue
[2022-10-01 23:09:34,438] {logging_mixin.py:109} INFO - [2022-10-01 23:09:34,437] {dagbag.py:500} INFO - Filling up the DagBag from /home/airflow/.local/lib/python3.7/site-packages/airflow/example_dags/example_nested_branch_dag.py
[2022-10-01 23:09:34,523] {processor.py:654} INFO - DAG(s) dict_keys(['example_nested_branch_dag']) retrieved from /home/airflow/.local/lib/python3.7/site-packages/airflow/example_dags/example_nested_branch_dag.py
[2022-10-01 23:09:34,566] {logging_mixin.py:109} INFO - [2022-10-01 23:09:34,566] {dag.py:2396} INFO - Sync 1 DAGs
[2022-10-01 23:09:34,633] {logging_mixin.py:109} INFO - [2022-10-01 23:09:34,632] {dag.py:2935} INFO - Setting next_dagrun for example_nested_branch_dag to 2022-09-30 00:00:00+00:00
[2022-10-01 23:09:34,664] {processor.py:171} INFO - Processing /home/airflow/.local/lib/python3.7/site-packages/airflow/example_dags/example_nested_branch_dag.py took 0.241 seconds
[2022-10-01 23:10:04,857] {processor.py:163} INFO - Started process (PID=702) to work on /home/airflow/.local/lib/python3.7/site-packages/airflow/example_dags/example_nested_branch_dag.py
[2022-10-01 23:10:04,861] {processor.py:642} INFO - Processing file /home/airflow/.local/lib/python3.7/site-packages/airflow/example_dags/example_nested_branch_dag.py for tasks to queue
[2022-10-01 23:10:04,864] {logging_mixin.py:109} INFO - [2022-10-01 23:10:04,864] {dagbag.py:500} INFO - Filling up the DagBag from /home/airflow/.local/lib/python3.7/site-packages/airflow/example_dags/example_nested_branch_dag.py
[2022-10-01 23:10:04,936] {processor.py:654} INFO - DAG(s) dict_keys(['example_nested_branch_dag']) retrieved from /home/airflow/.local/lib/python3.7/site-packages/airflow/example_dags/example_nested_branch_dag.py
[2022-10-01 23:10:04,975] {logging_mixin.py:109} INFO - [2022-10-01 23:10:04,975] {dag.py:2396} INFO - Sync 1 DAGs
[2022-10-01 23:10:05,037] {logging_mixin.py:109} INFO - [2022-10-01 23:10:05,037] {dag.py:2935} INFO - Setting next_dagrun for example_nested_branch_dag to 2022-09-30 00:00:00+00:00
[2022-10-01 23:10:05,066] {processor.py:171} INFO - Processing /home/airflow/.local/lib/python3.7/site-packages/airflow/example_dags/example_nested_branch_dag.py took 0.217 seconds
[2022-10-01 23:10:35,875] {processor.py:163} INFO - Started process (PID=797) to work on /home/airflow/.local/lib/python3.7/site-packages/airflow/example_dags/example_nested_branch_dag.py
[2022-10-01 23:10:35,879] {processor.py:642} INFO - Processing file /home/airflow/.local/lib/python3.7/site-packages/airflow/example_dags/example_nested_branch_dag.py for tasks to queue
[2022-10-01 23:10:35,883] {logging_mixin.py:109} INFO - [2022-10-01 23:10:35,882] {dagbag.py:500} INFO - Filling up the DagBag from /home/airflow/.local/lib/python3.7/site-packages/airflow/example_dags/example_nested_branch_dag.py
[2022-10-01 23:10:35,975] {processor.py:654} INFO - DAG(s) dict_keys(['example_nested_branch_dag']) retrieved from /home/airflow/.local/lib/python3.7/site-packages/airflow/example_dags/example_nested_branch_dag.py
[2022-10-01 23:10:36,029] {logging_mixin.py:109} INFO - [2022-10-01 23:10:36,028] {dag.py:2396} INFO - Sync 1 DAGs
[2022-10-01 23:10:36,111] {logging_mixin.py:109} INFO - [2022-10-01 23:10:36,111] {dag.py:2935} INFO - Setting next_dagrun for example_nested_branch_dag to 2022-09-30 00:00:00+00:00
[2022-10-01 23:10:36,143] {processor.py:171} INFO - Processing /home/airflow/.local/lib/python3.7/site-packages/airflow/example_dags/example_nested_branch_dag.py took 0.276 seconds
[2022-10-01 23:11:06,875] {processor.py:163} INFO - Started process (PID=893) to work on /home/airflow/.local/lib/python3.7/site-packages/airflow/example_dags/example_nested_branch_dag.py
[2022-10-01 23:11:06,880] {processor.py:642} INFO - Processing file /home/airflow/.local/lib/python3.7/site-packages/airflow/example_dags/example_nested_branch_dag.py for tasks to queue
[2022-10-01 23:11:06,883] {logging_mixin.py:109} INFO - [2022-10-01 23:11:06,883] {dagbag.py:500} INFO - Filling up the DagBag from /home/airflow/.local/lib/python3.7/site-packages/airflow/example_dags/example_nested_branch_dag.py
[2022-10-01 23:11:06,963] {processor.py:654} INFO - DAG(s) dict_keys(['example_nested_branch_dag']) retrieved from /home/airflow/.local/lib/python3.7/site-packages/airflow/example_dags/example_nested_branch_dag.py
[2022-10-01 23:11:07,004] {logging_mixin.py:109} INFO - [2022-10-01 23:11:07,004] {dag.py:2396} INFO - Sync 1 DAGs
[2022-10-01 23:11:07,072] {logging_mixin.py:109} INFO - [2022-10-01 23:11:07,071] {dag.py:2935} INFO - Setting next_dagrun for example_nested_branch_dag to 2022-09-30 00:00:00+00:00
[2022-10-01 23:11:07,100] {processor.py:171} INFO - Processing /home/airflow/.local/lib/python3.7/site-packages/airflow/example_dags/example_nested_branch_dag.py took 0.233 seconds
[2022-10-01 23:11:37,571] {processor.py:163} INFO - Started process (PID=988) to work on /home/airflow/.local/lib/python3.7/site-packages/airflow/example_dags/example_nested_branch_dag.py
[2022-10-01 23:11:37,591] {processor.py:642} INFO - Processing file /home/airflow/.local/lib/python3.7/site-packages/airflow/example_dags/example_nested_branch_dag.py for tasks to queue
[2022-10-01 23:11:37,608] {logging_mixin.py:109} INFO - [2022-10-01 23:11:37,607] {dagbag.py:500} INFO - Filling up the DagBag from /home/airflow/.local/lib/python3.7/site-packages/airflow/example_dags/example_nested_branch_dag.py
[2022-10-01 23:11:37,865] {processor.py:654} INFO - DAG(s) dict_keys(['example_nested_branch_dag']) retrieved from /home/airflow/.local/lib/python3.7/site-packages/airflow/example_dags/example_nested_branch_dag.py
[2022-10-01 23:11:38,132] {logging_mixin.py:109} INFO - [2022-10-01 23:11:38,124] {dag.py:2396} INFO - Sync 1 DAGs
[2022-10-01 23:11:38,260] {logging_mixin.py:109} INFO - [2022-10-01 23:11:38,260] {dag.py:2935} INFO - Setting next_dagrun for example_nested_branch_dag to 2022-09-30 00:00:00+00:00
[2022-10-01 23:11:38,377] {processor.py:171} INFO - Processing /home/airflow/.local/lib/python3.7/site-packages/airflow/example_dags/example_nested_branch_dag.py took 0.860 seconds
[2022-10-01 23:12:09,162] {processor.py:163} INFO - Started process (PID=1084) to work on /home/airflow/.local/lib/python3.7/site-packages/airflow/example_dags/example_nested_branch_dag.py
[2022-10-01 23:12:09,168] {processor.py:642} INFO - Processing file /home/airflow/.local/lib/python3.7/site-packages/airflow/example_dags/example_nested_branch_dag.py for tasks to queue
[2022-10-01 23:12:09,175] {logging_mixin.py:109} INFO - [2022-10-01 23:12:09,173] {dagbag.py:500} INFO - Filling up the DagBag from /home/airflow/.local/lib/python3.7/site-packages/airflow/example_dags/example_nested_branch_dag.py
[2022-10-01 23:12:09,276] {processor.py:654} INFO - DAG(s) dict_keys(['example_nested_branch_dag']) retrieved from /home/airflow/.local/lib/python3.7/site-packages/airflow/example_dags/example_nested_branch_dag.py
[2022-10-01 23:12:09,348] {logging_mixin.py:109} INFO - [2022-10-01 23:12:09,347] {dag.py:2396} INFO - Sync 1 DAGs
[2022-10-01 23:12:09,490] {logging_mixin.py:109} INFO - [2022-10-01 23:12:09,489] {dag.py:2935} INFO - Setting next_dagrun for example_nested_branch_dag to 2022-09-30 00:00:00+00:00
[2022-10-01 23:12:09,527] {processor.py:171} INFO - Processing /home/airflow/.local/lib/python3.7/site-packages/airflow/example_dags/example_nested_branch_dag.py took 0.372 seconds
[2022-10-01 23:13:26,499] {processor.py:163} INFO - Started process (PID=1164) to work on /home/airflow/.local/lib/python3.7/site-packages/airflow/example_dags/example_nested_branch_dag.py
[2022-10-01 23:13:26,502] {processor.py:642} INFO - Processing file /home/airflow/.local/lib/python3.7/site-packages/airflow/example_dags/example_nested_branch_dag.py for tasks to queue
[2022-10-01 23:13:26,505] {logging_mixin.py:109} INFO - [2022-10-01 23:13:26,504] {dagbag.py:500} INFO - Filling up the DagBag from /home/airflow/.local/lib/python3.7/site-packages/airflow/example_dags/example_nested_branch_dag.py
[2022-10-01 23:13:26,576] {processor.py:654} INFO - DAG(s) dict_keys(['example_nested_branch_dag']) retrieved from /home/airflow/.local/lib/python3.7/site-packages/airflow/example_dags/example_nested_branch_dag.py
[2022-10-01 23:13:26,615] {logging_mixin.py:109} INFO - [2022-10-01 23:13:26,614] {dag.py:2396} INFO - Sync 1 DAGs
[2022-10-01 23:13:26,670] {logging_mixin.py:109} INFO - [2022-10-01 23:13:26,670] {dag.py:2935} INFO - Setting next_dagrun for example_nested_branch_dag to 2022-09-30 00:00:00+00:00
[2022-10-01 23:13:26,695] {processor.py:171} INFO - Processing /home/airflow/.local/lib/python3.7/site-packages/airflow/example_dags/example_nested_branch_dag.py took 0.203 seconds
[2022-10-01 23:26:15,687] {processor.py:163} INFO - Started process (PID=1260) to work on /home/airflow/.local/lib/python3.7/site-packages/airflow/example_dags/example_nested_branch_dag.py
[2022-10-01 23:26:15,692] {processor.py:642} INFO - Processing file /home/airflow/.local/lib/python3.7/site-packages/airflow/example_dags/example_nested_branch_dag.py for tasks to queue
[2022-10-01 23:26:15,698] {logging_mixin.py:109} INFO - [2022-10-01 23:26:15,697] {dagbag.py:500} INFO - Filling up the DagBag from /home/airflow/.local/lib/python3.7/site-packages/airflow/example_dags/example_nested_branch_dag.py
[2022-10-01 23:26:15,853] {processor.py:654} INFO - DAG(s) dict_keys(['example_nested_branch_dag']) retrieved from /home/airflow/.local/lib/python3.7/site-packages/airflow/example_dags/example_nested_branch_dag.py
[2022-10-01 23:26:15,927] {logging_mixin.py:109} INFO - [2022-10-01 23:26:15,927] {dag.py:2396} INFO - Sync 1 DAGs
[2022-10-01 23:26:16,068] {logging_mixin.py:109} INFO - [2022-10-01 23:26:16,066] {dag.py:2935} INFO - Setting next_dagrun for example_nested_branch_dag to 2022-09-30 00:00:00+00:00
[2022-10-01 23:26:16,108] {processor.py:171} INFO - Processing /home/airflow/.local/lib/python3.7/site-packages/airflow/example_dags/example_nested_branch_dag.py took 0.436 seconds
[2022-10-01 23:26:46,978] {processor.py:163} INFO - Started process (PID=1356) to work on /home/airflow/.local/lib/python3.7/site-packages/airflow/example_dags/example_nested_branch_dag.py
[2022-10-01 23:26:46,983] {processor.py:642} INFO - Processing file /home/airflow/.local/lib/python3.7/site-packages/airflow/example_dags/example_nested_branch_dag.py for tasks to queue
[2022-10-01 23:26:46,985] {logging_mixin.py:109} INFO - [2022-10-01 23:26:46,985] {dagbag.py:500} INFO - Filling up the DagBag from /home/airflow/.local/lib/python3.7/site-packages/airflow/example_dags/example_nested_branch_dag.py
[2022-10-01 23:26:47,054] {processor.py:654} INFO - DAG(s) dict_keys(['example_nested_branch_dag']) retrieved from /home/airflow/.local/lib/python3.7/site-packages/airflow/example_dags/example_nested_branch_dag.py
[2022-10-01 23:26:47,096] {logging_mixin.py:109} INFO - [2022-10-01 23:26:47,095] {dag.py:2396} INFO - Sync 1 DAGs
[2022-10-01 23:26:47,156] {logging_mixin.py:109} INFO - [2022-10-01 23:26:47,156] {dag.py:2935} INFO - Setting next_dagrun for example_nested_branch_dag to 2022-09-30 00:00:00+00:00
[2022-10-01 23:26:47,189] {processor.py:171} INFO - Processing /home/airflow/.local/lib/python3.7/site-packages/airflow/example_dags/example_nested_branch_dag.py took 0.217 seconds
