[2022-10-01 23:06:50,761] {processor.py:163} INFO - Started process (PID=251) to work on /home/airflow/.local/lib/python3.7/site-packages/airflow/example_dags/example_sla_dag.py
[2022-10-01 23:06:50,771] {processor.py:642} INFO - Processing file /home/airflow/.local/lib/python3.7/site-packages/airflow/example_dags/example_sla_dag.py for tasks to queue
[2022-10-01 23:06:50,778] {logging_mixin.py:109} INFO - [2022-10-01 23:06:50,776] {dagbag.py:500} INFO - Filling up the DagBag from /home/airflow/.local/lib/python3.7/site-packages/airflow/example_dags/example_sla_dag.py
[2022-10-01 23:06:51,022] {processor.py:654} INFO - DAG(s) dict_keys(['example_sla_dag']) retrieved from /home/airflow/.local/lib/python3.7/site-packages/airflow/example_dags/example_sla_dag.py
[2022-10-01 23:07:08,682] {logging_mixin.py:109} INFO - [2022-10-01 23:07:08,681] {manager.py:496} INFO - Created Permission View: can edit on DAG:example_sla_dag
[2022-10-01 23:07:08,765] {logging_mixin.py:109} INFO - [2022-10-01 23:07:08,765] {manager.py:496} INFO - Created Permission View: can read on DAG:example_sla_dag
[2022-10-01 23:07:08,771] {logging_mixin.py:109} INFO - [2022-10-01 23:07:08,768] {dag.py:2396} INFO - Sync 1 DAGs
[2022-10-01 23:07:08,866] {logging_mixin.py:109} INFO - [2022-10-01 23:07:08,864] {dag.py:2415} INFO - Creating ORM DAG for example_sla_dag
[2022-10-01 23:07:09,001] {logging_mixin.py:109} INFO - [2022-10-01 23:07:09,000] {dag.py:2935} INFO - Setting next_dagrun for example_sla_dag to 2022-10-01T23:04:00+00:00
[2022-10-01 23:07:09,090] {processor.py:171} INFO - Processing /home/airflow/.local/lib/python3.7/site-packages/airflow/example_dags/example_sla_dag.py took 18.367 seconds
[2022-10-01 23:09:31,203] {processor.py:163} INFO - Started process (PID=590) to work on /home/airflow/.local/lib/python3.7/site-packages/airflow/example_dags/example_sla_dag.py
[2022-10-01 23:09:31,209] {processor.py:642} INFO - Processing file /home/airflow/.local/lib/python3.7/site-packages/airflow/example_dags/example_sla_dag.py for tasks to queue
[2022-10-01 23:09:31,213] {logging_mixin.py:109} INFO - [2022-10-01 23:09:31,212] {dagbag.py:500} INFO - Filling up the DagBag from /home/airflow/.local/lib/python3.7/site-packages/airflow/example_dags/example_sla_dag.py
[2022-10-01 23:09:31,312] {processor.py:654} INFO - DAG(s) dict_keys(['example_sla_dag']) retrieved from /home/airflow/.local/lib/python3.7/site-packages/airflow/example_dags/example_sla_dag.py
[2022-10-01 23:09:31,352] {logging_mixin.py:109} INFO - [2022-10-01 23:09:31,352] {dag.py:2396} INFO - Sync 1 DAGs
[2022-10-01 23:09:31,440] {logging_mixin.py:109} INFO - [2022-10-01 23:09:31,439] {dag.py:2935} INFO - Setting next_dagrun for example_sla_dag to 2022-10-01T23:06:00+00:00
[2022-10-01 23:09:31,465] {processor.py:171} INFO - Processing /home/airflow/.local/lib/python3.7/site-packages/airflow/example_dags/example_sla_dag.py took 0.272 seconds
[2022-10-01 23:10:01,909] {processor.py:163} INFO - Started process (PID=684) to work on /home/airflow/.local/lib/python3.7/site-packages/airflow/example_dags/example_sla_dag.py
[2022-10-01 23:10:01,913] {processor.py:642} INFO - Processing file /home/airflow/.local/lib/python3.7/site-packages/airflow/example_dags/example_sla_dag.py for tasks to queue
[2022-10-01 23:10:01,916] {logging_mixin.py:109} INFO - [2022-10-01 23:10:01,915] {dagbag.py:500} INFO - Filling up the DagBag from /home/airflow/.local/lib/python3.7/site-packages/airflow/example_dags/example_sla_dag.py
[2022-10-01 23:10:01,994] {processor.py:654} INFO - DAG(s) dict_keys(['example_sla_dag']) retrieved from /home/airflow/.local/lib/python3.7/site-packages/airflow/example_dags/example_sla_dag.py
[2022-10-01 23:10:02,027] {logging_mixin.py:109} INFO - [2022-10-01 23:10:02,027] {dag.py:2396} INFO - Sync 1 DAGs
[2022-10-01 23:10:02,104] {logging_mixin.py:109} INFO - [2022-10-01 23:10:02,104] {dag.py:2935} INFO - Setting next_dagrun for example_sla_dag to 2022-10-01T23:08:00+00:00
[2022-10-01 23:10:02,132] {processor.py:171} INFO - Processing /home/airflow/.local/lib/python3.7/site-packages/airflow/example_dags/example_sla_dag.py took 0.231 seconds
[2022-10-01 23:10:32,930] {processor.py:163} INFO - Started process (PID=779) to work on /home/airflow/.local/lib/python3.7/site-packages/airflow/example_dags/example_sla_dag.py
[2022-10-01 23:10:32,935] {processor.py:642} INFO - Processing file /home/airflow/.local/lib/python3.7/site-packages/airflow/example_dags/example_sla_dag.py for tasks to queue
[2022-10-01 23:10:32,939] {logging_mixin.py:109} INFO - [2022-10-01 23:10:32,939] {dagbag.py:500} INFO - Filling up the DagBag from /home/airflow/.local/lib/python3.7/site-packages/airflow/example_dags/example_sla_dag.py
[2022-10-01 23:10:33,047] {processor.py:654} INFO - DAG(s) dict_keys(['example_sla_dag']) retrieved from /home/airflow/.local/lib/python3.7/site-packages/airflow/example_dags/example_sla_dag.py
[2022-10-01 23:10:33,088] {logging_mixin.py:109} INFO - [2022-10-01 23:10:33,087] {dag.py:2396} INFO - Sync 1 DAGs
[2022-10-01 23:10:33,176] {logging_mixin.py:109} INFO - [2022-10-01 23:10:33,175] {dag.py:2935} INFO - Setting next_dagrun for example_sla_dag to 2022-10-01T23:08:00+00:00
[2022-10-01 23:10:33,208] {processor.py:171} INFO - Processing /home/airflow/.local/lib/python3.7/site-packages/airflow/example_dags/example_sla_dag.py took 0.287 seconds
[2022-10-01 23:11:03,827] {processor.py:163} INFO - Started process (PID=875) to work on /home/airflow/.local/lib/python3.7/site-packages/airflow/example_dags/example_sla_dag.py
[2022-10-01 23:11:03,832] {processor.py:642} INFO - Processing file /home/airflow/.local/lib/python3.7/site-packages/airflow/example_dags/example_sla_dag.py for tasks to queue
[2022-10-01 23:11:03,835] {logging_mixin.py:109} INFO - [2022-10-01 23:11:03,835] {dagbag.py:500} INFO - Filling up the DagBag from /home/airflow/.local/lib/python3.7/site-packages/airflow/example_dags/example_sla_dag.py
[2022-10-01 23:11:03,923] {processor.py:654} INFO - DAG(s) dict_keys(['example_sla_dag']) retrieved from /home/airflow/.local/lib/python3.7/site-packages/airflow/example_dags/example_sla_dag.py
[2022-10-01 23:11:03,964] {logging_mixin.py:109} INFO - [2022-10-01 23:11:03,963] {dag.py:2396} INFO - Sync 1 DAGs
[2022-10-01 23:11:04,051] {logging_mixin.py:109} INFO - [2022-10-01 23:11:04,050] {dag.py:2935} INFO - Setting next_dagrun for example_sla_dag to 2022-10-01T23:08:00+00:00
[2022-10-01 23:11:04,078] {processor.py:171} INFO - Processing /home/airflow/.local/lib/python3.7/site-packages/airflow/example_dags/example_sla_dag.py took 0.257 seconds
[2022-10-01 23:11:34,248] {processor.py:163} INFO - Started process (PID=970) to work on /home/airflow/.local/lib/python3.7/site-packages/airflow/example_dags/example_sla_dag.py
[2022-10-01 23:11:34,252] {processor.py:642} INFO - Processing file /home/airflow/.local/lib/python3.7/site-packages/airflow/example_dags/example_sla_dag.py for tasks to queue
[2022-10-01 23:11:34,255] {logging_mixin.py:109} INFO - [2022-10-01 23:11:34,255] {dagbag.py:500} INFO - Filling up the DagBag from /home/airflow/.local/lib/python3.7/site-packages/airflow/example_dags/example_sla_dag.py
[2022-10-01 23:11:34,336] {processor.py:654} INFO - DAG(s) dict_keys(['example_sla_dag']) retrieved from /home/airflow/.local/lib/python3.7/site-packages/airflow/example_dags/example_sla_dag.py
[2022-10-01 23:11:34,369] {logging_mixin.py:109} INFO - [2022-10-01 23:11:34,369] {dag.py:2396} INFO - Sync 1 DAGs
[2022-10-01 23:11:34,460] {logging_mixin.py:109} INFO - [2022-10-01 23:11:34,459] {dag.py:2935} INFO - Setting next_dagrun for example_sla_dag to 2022-10-01T23:08:00+00:00
[2022-10-01 23:11:34,485] {processor.py:171} INFO - Processing /home/airflow/.local/lib/python3.7/site-packages/airflow/example_dags/example_sla_dag.py took 0.244 seconds
[2022-10-01 23:12:04,664] {processor.py:163} INFO - Started process (PID=1064) to work on /home/airflow/.local/lib/python3.7/site-packages/airflow/example_dags/example_sla_dag.py
[2022-10-01 23:12:04,668] {processor.py:642} INFO - Processing file /home/airflow/.local/lib/python3.7/site-packages/airflow/example_dags/example_sla_dag.py for tasks to queue
[2022-10-01 23:12:04,671] {logging_mixin.py:109} INFO - [2022-10-01 23:12:04,670] {dagbag.py:500} INFO - Filling up the DagBag from /home/airflow/.local/lib/python3.7/site-packages/airflow/example_dags/example_sla_dag.py
[2022-10-01 23:12:04,746] {processor.py:654} INFO - DAG(s) dict_keys(['example_sla_dag']) retrieved from /home/airflow/.local/lib/python3.7/site-packages/airflow/example_dags/example_sla_dag.py
[2022-10-01 23:12:04,778] {logging_mixin.py:109} INFO - [2022-10-01 23:12:04,777] {dag.py:2396} INFO - Sync 1 DAGs
[2022-10-01 23:12:04,843] {logging_mixin.py:109} INFO - [2022-10-01 23:12:04,843] {dag.py:2935} INFO - Setting next_dagrun for example_sla_dag to 2022-10-01T23:10:00+00:00
[2022-10-01 23:12:04,870] {processor.py:171} INFO - Processing /home/airflow/.local/lib/python3.7/site-packages/airflow/example_dags/example_sla_dag.py took 0.212 seconds
[2022-10-01 23:13:24,116] {processor.py:163} INFO - Started process (PID=1146) to work on /home/airflow/.local/lib/python3.7/site-packages/airflow/example_dags/example_sla_dag.py
[2022-10-01 23:13:24,120] {processor.py:642} INFO - Processing file /home/airflow/.local/lib/python3.7/site-packages/airflow/example_dags/example_sla_dag.py for tasks to queue
[2022-10-01 23:13:24,123] {logging_mixin.py:109} INFO - [2022-10-01 23:13:24,122] {dagbag.py:500} INFO - Filling up the DagBag from /home/airflow/.local/lib/python3.7/site-packages/airflow/example_dags/example_sla_dag.py
[2022-10-01 23:13:24,197] {processor.py:654} INFO - DAG(s) dict_keys(['example_sla_dag']) retrieved from /home/airflow/.local/lib/python3.7/site-packages/airflow/example_dags/example_sla_dag.py
[2022-10-01 23:13:24,228] {logging_mixin.py:109} INFO - [2022-10-01 23:13:24,228] {dag.py:2396} INFO - Sync 1 DAGs
[2022-10-01 23:13:24,301] {logging_mixin.py:109} INFO - [2022-10-01 23:13:24,301] {dag.py:2935} INFO - Setting next_dagrun for example_sla_dag to 2022-10-01T23:10:00+00:00
[2022-10-01 23:13:24,325] {processor.py:171} INFO - Processing /home/airflow/.local/lib/python3.7/site-packages/airflow/example_dags/example_sla_dag.py took 0.214 seconds
[2022-10-01 23:26:11,871] {processor.py:163} INFO - Started process (PID=1242) to work on /home/airflow/.local/lib/python3.7/site-packages/airflow/example_dags/example_sla_dag.py
[2022-10-01 23:26:11,886] {processor.py:642} INFO - Processing file /home/airflow/.local/lib/python3.7/site-packages/airflow/example_dags/example_sla_dag.py for tasks to queue
[2022-10-01 23:26:11,890] {logging_mixin.py:109} INFO - [2022-10-01 23:26:11,890] {dagbag.py:500} INFO - Filling up the DagBag from /home/airflow/.local/lib/python3.7/site-packages/airflow/example_dags/example_sla_dag.py
[2022-10-01 23:26:12,027] {processor.py:654} INFO - DAG(s) dict_keys(['example_sla_dag']) retrieved from /home/airflow/.local/lib/python3.7/site-packages/airflow/example_dags/example_sla_dag.py
[2022-10-01 23:26:12,065] {logging_mixin.py:109} INFO - [2022-10-01 23:26:12,065] {dag.py:2396} INFO - Sync 1 DAGs
[2022-10-01 23:26:12,170] {logging_mixin.py:109} INFO - [2022-10-01 23:26:12,170] {dag.py:2935} INFO - Setting next_dagrun for example_sla_dag to 2022-10-01T23:24:00+00:00
[2022-10-01 23:26:12,209] {processor.py:171} INFO - Processing /home/airflow/.local/lib/python3.7/site-packages/airflow/example_dags/example_sla_dag.py took 0.347 seconds
[2022-10-01 23:26:42,598] {processor.py:163} INFO - Started process (PID=1336) to work on /home/airflow/.local/lib/python3.7/site-packages/airflow/example_dags/example_sla_dag.py
[2022-10-01 23:26:42,603] {processor.py:642} INFO - Processing file /home/airflow/.local/lib/python3.7/site-packages/airflow/example_dags/example_sla_dag.py for tasks to queue
[2022-10-01 23:26:42,606] {logging_mixin.py:109} INFO - [2022-10-01 23:26:42,605] {dagbag.py:500} INFO - Filling up the DagBag from /home/airflow/.local/lib/python3.7/site-packages/airflow/example_dags/example_sla_dag.py
[2022-10-01 23:26:42,735] {processor.py:654} INFO - DAG(s) dict_keys(['example_sla_dag']) retrieved from /home/airflow/.local/lib/python3.7/site-packages/airflow/example_dags/example_sla_dag.py
[2022-10-01 23:26:42,769] {logging_mixin.py:109} INFO - [2022-10-01 23:26:42,768] {dag.py:2396} INFO - Sync 1 DAGs
[2022-10-01 23:26:42,853] {logging_mixin.py:109} INFO - [2022-10-01 23:26:42,852] {dag.py:2935} INFO - Setting next_dagrun for example_sla_dag to 2022-10-01T23:24:00+00:00
[2022-10-01 23:26:42,879] {processor.py:171} INFO - Processing /home/airflow/.local/lib/python3.7/site-packages/airflow/example_dags/example_sla_dag.py took 0.288 seconds
