[2022-10-01 23:08:03,116] {processor.py:163} INFO - Started process (PID=382) to work on /home/airflow/.local/lib/python3.7/site-packages/airflow/example_dags/example_skip_dag.py
[2022-10-01 23:08:03,123] {processor.py:642} INFO - Processing file /home/airflow/.local/lib/python3.7/site-packages/airflow/example_dags/example_skip_dag.py for tasks to queue
[2022-10-01 23:08:03,128] {logging_mixin.py:109} INFO - [2022-10-01 23:08:03,126] {dagbag.py:500} INFO - Filling up the DagBag from /home/airflow/.local/lib/python3.7/site-packages/airflow/example_dags/example_skip_dag.py
[2022-10-01 23:08:03,295] {processor.py:654} INFO - DAG(s) dict_keys(['example_skip_dag']) retrieved from /home/airflow/.local/lib/python3.7/site-packages/airflow/example_dags/example_skip_dag.py
[2022-10-01 23:08:13,991] {logging_mixin.py:109} INFO - [2022-10-01 23:08:13,987] {manager.py:496} INFO - Created Permission View: can edit on DAG:example_skip_dag
[2022-10-01 23:08:14,018] {logging_mixin.py:109} INFO - [2022-10-01 23:08:14,018] {manager.py:496} INFO - Created Permission View: can read on DAG:example_skip_dag
[2022-10-01 23:08:14,024] {logging_mixin.py:109} INFO - [2022-10-01 23:08:14,021] {dag.py:2396} INFO - Sync 1 DAGs
[2022-10-01 23:08:14,078] {logging_mixin.py:109} INFO - [2022-10-01 23:08:14,075] {dag.py:2415} INFO - Creating ORM DAG for example_skip_dag
[2022-10-01 23:08:14,125] {logging_mixin.py:109} INFO - [2022-10-01 23:08:14,125] {dag.py:2935} INFO - Setting next_dagrun for example_skip_dag to 2022-09-30T23:08:14.121573+00:00
[2022-10-01 23:08:14,183] {processor.py:171} INFO - Processing /home/airflow/.local/lib/python3.7/site-packages/airflow/example_dags/example_skip_dag.py took 11.077 seconds
[2022-10-01 23:09:35,013] {processor.py:163} INFO - Started process (PID=621) to work on /home/airflow/.local/lib/python3.7/site-packages/airflow/example_dags/example_skip_dag.py
[2022-10-01 23:09:35,018] {processor.py:642} INFO - Processing file /home/airflow/.local/lib/python3.7/site-packages/airflow/example_dags/example_skip_dag.py for tasks to queue
[2022-10-01 23:09:35,020] {logging_mixin.py:109} INFO - [2022-10-01 23:09:35,020] {dagbag.py:500} INFO - Filling up the DagBag from /home/airflow/.local/lib/python3.7/site-packages/airflow/example_dags/example_skip_dag.py
[2022-10-01 23:09:35,089] {processor.py:654} INFO - DAG(s) dict_keys(['example_skip_dag']) retrieved from /home/airflow/.local/lib/python3.7/site-packages/airflow/example_dags/example_skip_dag.py
[2022-10-01 23:09:35,133] {logging_mixin.py:109} INFO - [2022-10-01 23:09:35,132] {dag.py:2396} INFO - Sync 1 DAGs
[2022-10-01 23:09:35,192] {logging_mixin.py:109} INFO - [2022-10-01 23:09:35,192] {dag.py:2935} INFO - Setting next_dagrun for example_skip_dag to 2022-09-30T23:09:35.190334+00:00
[2022-10-01 23:09:35,219] {processor.py:171} INFO - Processing /home/airflow/.local/lib/python3.7/site-packages/airflow/example_dags/example_skip_dag.py took 0.213 seconds
[2022-10-01 23:10:05,412] {processor.py:163} INFO - Started process (PID=716) to work on /home/airflow/.local/lib/python3.7/site-packages/airflow/example_dags/example_skip_dag.py
[2022-10-01 23:10:05,417] {processor.py:642} INFO - Processing file /home/airflow/.local/lib/python3.7/site-packages/airflow/example_dags/example_skip_dag.py for tasks to queue
[2022-10-01 23:10:05,422] {logging_mixin.py:109} INFO - [2022-10-01 23:10:05,421] {dagbag.py:500} INFO - Filling up the DagBag from /home/airflow/.local/lib/python3.7/site-packages/airflow/example_dags/example_skip_dag.py
[2022-10-01 23:10:05,500] {processor.py:654} INFO - DAG(s) dict_keys(['example_skip_dag']) retrieved from /home/airflow/.local/lib/python3.7/site-packages/airflow/example_dags/example_skip_dag.py
[2022-10-01 23:10:05,548] {logging_mixin.py:109} INFO - [2022-10-01 23:10:05,547] {dag.py:2396} INFO - Sync 1 DAGs
[2022-10-01 23:10:05,607] {logging_mixin.py:109} INFO - [2022-10-01 23:10:05,606] {dag.py:2935} INFO - Setting next_dagrun for example_skip_dag to 2022-09-30T23:10:05.605098+00:00
[2022-10-01 23:10:05,632] {processor.py:171} INFO - Processing /home/airflow/.local/lib/python3.7/site-packages/airflow/example_dags/example_skip_dag.py took 0.232 seconds
[2022-10-01 23:10:36,477] {processor.py:163} INFO - Started process (PID=813) to work on /home/airflow/.local/lib/python3.7/site-packages/airflow/example_dags/example_skip_dag.py
[2022-10-01 23:10:36,481] {processor.py:642} INFO - Processing file /home/airflow/.local/lib/python3.7/site-packages/airflow/example_dags/example_skip_dag.py for tasks to queue
[2022-10-01 23:10:36,484] {logging_mixin.py:109} INFO - [2022-10-01 23:10:36,484] {dagbag.py:500} INFO - Filling up the DagBag from /home/airflow/.local/lib/python3.7/site-packages/airflow/example_dags/example_skip_dag.py
[2022-10-01 23:10:36,568] {processor.py:654} INFO - DAG(s) dict_keys(['example_skip_dag']) retrieved from /home/airflow/.local/lib/python3.7/site-packages/airflow/example_dags/example_skip_dag.py
[2022-10-01 23:10:36,616] {logging_mixin.py:109} INFO - [2022-10-01 23:10:36,615] {dag.py:2396} INFO - Sync 1 DAGs
[2022-10-01 23:10:36,692] {logging_mixin.py:109} INFO - [2022-10-01 23:10:36,691] {dag.py:2935} INFO - Setting next_dagrun for example_skip_dag to 2022-09-30T23:10:36.689168+00:00
[2022-10-01 23:10:36,724] {processor.py:171} INFO - Processing /home/airflow/.local/lib/python3.7/site-packages/airflow/example_dags/example_skip_dag.py took 0.254 seconds
[2022-10-01 23:11:07,456] {processor.py:163} INFO - Started process (PID=908) to work on /home/airflow/.local/lib/python3.7/site-packages/airflow/example_dags/example_skip_dag.py
[2022-10-01 23:11:07,462] {processor.py:642} INFO - Processing file /home/airflow/.local/lib/python3.7/site-packages/airflow/example_dags/example_skip_dag.py for tasks to queue
[2022-10-01 23:11:07,464] {logging_mixin.py:109} INFO - [2022-10-01 23:11:07,464] {dagbag.py:500} INFO - Filling up the DagBag from /home/airflow/.local/lib/python3.7/site-packages/airflow/example_dags/example_skip_dag.py
[2022-10-01 23:11:07,562] {processor.py:654} INFO - DAG(s) dict_keys(['example_skip_dag']) retrieved from /home/airflow/.local/lib/python3.7/site-packages/airflow/example_dags/example_skip_dag.py
[2022-10-01 23:11:07,612] {logging_mixin.py:109} INFO - [2022-10-01 23:11:07,612] {dag.py:2396} INFO - Sync 1 DAGs
[2022-10-01 23:11:07,699] {logging_mixin.py:109} INFO - [2022-10-01 23:11:07,699] {dag.py:2935} INFO - Setting next_dagrun for example_skip_dag to 2022-09-30T23:11:07.696935+00:00
[2022-10-01 23:11:07,735] {processor.py:171} INFO - Processing /home/airflow/.local/lib/python3.7/site-packages/airflow/example_dags/example_skip_dag.py took 0.287 seconds
[2022-10-01 23:11:38,511] {processor.py:163} INFO - Started process (PID=1004) to work on /home/airflow/.local/lib/python3.7/site-packages/airflow/example_dags/example_skip_dag.py
[2022-10-01 23:11:38,519] {processor.py:642} INFO - Processing file /home/airflow/.local/lib/python3.7/site-packages/airflow/example_dags/example_skip_dag.py for tasks to queue
[2022-10-01 23:11:38,524] {logging_mixin.py:109} INFO - [2022-10-01 23:11:38,523] {dagbag.py:500} INFO - Filling up the DagBag from /home/airflow/.local/lib/python3.7/site-packages/airflow/example_dags/example_skip_dag.py
[2022-10-01 23:11:38,621] {processor.py:654} INFO - DAG(s) dict_keys(['example_skip_dag']) retrieved from /home/airflow/.local/lib/python3.7/site-packages/airflow/example_dags/example_skip_dag.py
[2022-10-01 23:11:38,672] {logging_mixin.py:109} INFO - [2022-10-01 23:11:38,672] {dag.py:2396} INFO - Sync 1 DAGs
[2022-10-01 23:11:38,738] {logging_mixin.py:109} INFO - [2022-10-01 23:11:38,738] {dag.py:2935} INFO - Setting next_dagrun for example_skip_dag to 2022-09-30T23:11:38.736201+00:00
[2022-10-01 23:11:38,770] {processor.py:171} INFO - Processing /home/airflow/.local/lib/python3.7/site-packages/airflow/example_dags/example_skip_dag.py took 0.269 seconds
[2022-10-01 23:12:09,550] {processor.py:163} INFO - Started process (PID=1094) to work on /home/airflow/.local/lib/python3.7/site-packages/airflow/example_dags/example_skip_dag.py
[2022-10-01 23:12:09,555] {processor.py:642} INFO - Processing file /home/airflow/.local/lib/python3.7/site-packages/airflow/example_dags/example_skip_dag.py for tasks to queue
[2022-10-01 23:12:09,558] {logging_mixin.py:109} INFO - [2022-10-01 23:12:09,558] {dagbag.py:500} INFO - Filling up the DagBag from /home/airflow/.local/lib/python3.7/site-packages/airflow/example_dags/example_skip_dag.py
[2022-10-01 23:12:09,621] {processor.py:654} INFO - DAG(s) dict_keys(['example_skip_dag']) retrieved from /home/airflow/.local/lib/python3.7/site-packages/airflow/example_dags/example_skip_dag.py
[2022-10-01 23:12:09,671] {logging_mixin.py:109} INFO - [2022-10-01 23:12:09,671] {dag.py:2396} INFO - Sync 1 DAGs
[2022-10-01 23:12:09,727] {logging_mixin.py:109} INFO - [2022-10-01 23:12:09,727] {dag.py:2935} INFO - Setting next_dagrun for example_skip_dag to 2022-09-30T23:12:09.725333+00:00
[2022-10-01 23:12:09,754] {processor.py:171} INFO - Processing /home/airflow/.local/lib/python3.7/site-packages/airflow/example_dags/example_skip_dag.py took 0.214 seconds
[2022-10-01 23:13:26,812] {processor.py:163} INFO - Started process (PID=1168) to work on /home/airflow/.local/lib/python3.7/site-packages/airflow/example_dags/example_skip_dag.py
[2022-10-01 23:13:26,816] {processor.py:642} INFO - Processing file /home/airflow/.local/lib/python3.7/site-packages/airflow/example_dags/example_skip_dag.py for tasks to queue
[2022-10-01 23:13:26,818] {logging_mixin.py:109} INFO - [2022-10-01 23:13:26,818] {dagbag.py:500} INFO - Filling up the DagBag from /home/airflow/.local/lib/python3.7/site-packages/airflow/example_dags/example_skip_dag.py
[2022-10-01 23:13:26,877] {processor.py:654} INFO - DAG(s) dict_keys(['example_skip_dag']) retrieved from /home/airflow/.local/lib/python3.7/site-packages/airflow/example_dags/example_skip_dag.py
[2022-10-01 23:13:26,918] {logging_mixin.py:109} INFO - [2022-10-01 23:13:26,918] {dag.py:2396} INFO - Sync 1 DAGs
[2022-10-01 23:13:26,978] {logging_mixin.py:109} INFO - [2022-10-01 23:13:26,977] {dag.py:2935} INFO - Setting next_dagrun for example_skip_dag to 2022-09-30T23:13:26.976367+00:00
[2022-10-01 23:13:27,002] {processor.py:171} INFO - Processing /home/airflow/.local/lib/python3.7/site-packages/airflow/example_dags/example_skip_dag.py took 0.196 seconds
[2022-10-01 23:26:16,162] {processor.py:163} INFO - Started process (PID=1264) to work on /home/airflow/.local/lib/python3.7/site-packages/airflow/example_dags/example_skip_dag.py
[2022-10-01 23:26:16,166] {processor.py:642} INFO - Processing file /home/airflow/.local/lib/python3.7/site-packages/airflow/example_dags/example_skip_dag.py for tasks to queue
[2022-10-01 23:26:16,169] {logging_mixin.py:109} INFO - [2022-10-01 23:26:16,169] {dagbag.py:500} INFO - Filling up the DagBag from /home/airflow/.local/lib/python3.7/site-packages/airflow/example_dags/example_skip_dag.py
[2022-10-01 23:26:16,236] {processor.py:654} INFO - DAG(s) dict_keys(['example_skip_dag']) retrieved from /home/airflow/.local/lib/python3.7/site-packages/airflow/example_dags/example_skip_dag.py
[2022-10-01 23:26:16,287] {logging_mixin.py:109} INFO - [2022-10-01 23:26:16,286] {dag.py:2396} INFO - Sync 1 DAGs
[2022-10-01 23:26:16,350] {logging_mixin.py:109} INFO - [2022-10-01 23:26:16,350] {dag.py:2935} INFO - Setting next_dagrun for example_skip_dag to 2022-09-30T23:26:16.348467+00:00
[2022-10-01 23:26:16,403] {processor.py:171} INFO - Processing /home/airflow/.local/lib/python3.7/site-packages/airflow/example_dags/example_skip_dag.py took 0.249 seconds
[2022-10-01 23:26:47,447] {processor.py:163} INFO - Started process (PID=1360) to work on /home/airflow/.local/lib/python3.7/site-packages/airflow/example_dags/example_skip_dag.py
[2022-10-01 23:26:47,450] {processor.py:642} INFO - Processing file /home/airflow/.local/lib/python3.7/site-packages/airflow/example_dags/example_skip_dag.py for tasks to queue
[2022-10-01 23:26:47,453] {logging_mixin.py:109} INFO - [2022-10-01 23:26:47,453] {dagbag.py:500} INFO - Filling up the DagBag from /home/airflow/.local/lib/python3.7/site-packages/airflow/example_dags/example_skip_dag.py
[2022-10-01 23:26:47,513] {processor.py:654} INFO - DAG(s) dict_keys(['example_skip_dag']) retrieved from /home/airflow/.local/lib/python3.7/site-packages/airflow/example_dags/example_skip_dag.py
[2022-10-01 23:26:47,556] {logging_mixin.py:109} INFO - [2022-10-01 23:26:47,556] {dag.py:2396} INFO - Sync 1 DAGs
[2022-10-01 23:26:47,609] {logging_mixin.py:109} INFO - [2022-10-01 23:26:47,608] {dag.py:2935} INFO - Setting next_dagrun for example_skip_dag to 2022-09-30T23:26:47.607140+00:00
[2022-10-01 23:26:47,633] {processor.py:171} INFO - Processing /home/airflow/.local/lib/python3.7/site-packages/airflow/example_dags/example_skip_dag.py took 0.192 seconds
