[2022-10-01 23:08:57,123] {processor.py:163} INFO - Started process (PID=500) to work on /home/airflow/.local/lib/python3.7/site-packages/airflow/example_dags/example_python_operator.py
[2022-10-01 23:08:57,127] {processor.py:642} INFO - Processing file /home/airflow/.local/lib/python3.7/site-packages/airflow/example_dags/example_python_operator.py for tasks to queue
[2022-10-01 23:08:57,131] {logging_mixin.py:109} INFO - [2022-10-01 23:08:57,130] {dagbag.py:500} INFO - Filling up the DagBag from /home/airflow/.local/lib/python3.7/site-packages/airflow/example_dags/example_python_operator.py
[2022-10-01 23:08:57,278] {processor.py:654} INFO - DAG(s) dict_keys(['example_python_operator']) retrieved from /home/airflow/.local/lib/python3.7/site-packages/airflow/example_dags/example_python_operator.py
[2022-10-01 23:09:05,717] {logging_mixin.py:109} INFO - [2022-10-01 23:09:05,717] {manager.py:496} INFO - Created Permission View: can edit on DAG:example_python_operator
[2022-10-01 23:09:05,757] {logging_mixin.py:109} INFO - [2022-10-01 23:09:05,757] {manager.py:496} INFO - Created Permission View: can read on DAG:example_python_operator
[2022-10-01 23:09:05,760] {logging_mixin.py:109} INFO - [2022-10-01 23:09:05,759] {dag.py:2396} INFO - Sync 1 DAGs
[2022-10-01 23:09:05,804] {logging_mixin.py:109} INFO - [2022-10-01 23:09:05,803] {dag.py:2415} INFO - Creating ORM DAG for example_python_operator
[2022-10-01 23:09:05,842] {logging_mixin.py:109} INFO - [2022-10-01 23:09:05,841] {dag.py:2935} INFO - Setting next_dagrun for example_python_operator to None
[2022-10-01 23:09:05,908] {processor.py:171} INFO - Processing /home/airflow/.local/lib/python3.7/site-packages/airflow/example_dags/example_python_operator.py took 8.804 seconds
[2022-10-01 23:09:36,330] {processor.py:163} INFO - Started process (PID=635) to work on /home/airflow/.local/lib/python3.7/site-packages/airflow/example_dags/example_python_operator.py
[2022-10-01 23:09:36,334] {processor.py:642} INFO - Processing file /home/airflow/.local/lib/python3.7/site-packages/airflow/example_dags/example_python_operator.py for tasks to queue
[2022-10-01 23:09:36,336] {logging_mixin.py:109} INFO - [2022-10-01 23:09:36,336] {dagbag.py:500} INFO - Filling up the DagBag from /home/airflow/.local/lib/python3.7/site-packages/airflow/example_dags/example_python_operator.py
[2022-10-01 23:09:36,416] {processor.py:654} INFO - DAG(s) dict_keys(['example_python_operator']) retrieved from /home/airflow/.local/lib/python3.7/site-packages/airflow/example_dags/example_python_operator.py
[2022-10-01 23:09:36,462] {logging_mixin.py:109} INFO - [2022-10-01 23:09:36,461] {dag.py:2396} INFO - Sync 1 DAGs
[2022-10-01 23:09:36,527] {logging_mixin.py:109} INFO - [2022-10-01 23:09:36,527] {dag.py:2935} INFO - Setting next_dagrun for example_python_operator to None
[2022-10-01 23:09:36,555] {processor.py:171} INFO - Processing /home/airflow/.local/lib/python3.7/site-packages/airflow/example_dags/example_python_operator.py took 0.230 seconds
[2022-10-01 23:10:07,216] {processor.py:163} INFO - Started process (PID=732) to work on /home/airflow/.local/lib/python3.7/site-packages/airflow/example_dags/example_python_operator.py
[2022-10-01 23:10:07,220] {processor.py:642} INFO - Processing file /home/airflow/.local/lib/python3.7/site-packages/airflow/example_dags/example_python_operator.py for tasks to queue
[2022-10-01 23:10:07,223] {logging_mixin.py:109} INFO - [2022-10-01 23:10:07,222] {dagbag.py:500} INFO - Filling up the DagBag from /home/airflow/.local/lib/python3.7/site-packages/airflow/example_dags/example_python_operator.py
[2022-10-01 23:10:07,306] {processor.py:654} INFO - DAG(s) dict_keys(['example_python_operator']) retrieved from /home/airflow/.local/lib/python3.7/site-packages/airflow/example_dags/example_python_operator.py
[2022-10-01 23:10:07,346] {logging_mixin.py:109} INFO - [2022-10-01 23:10:07,345] {dag.py:2396} INFO - Sync 1 DAGs
[2022-10-01 23:10:07,400] {logging_mixin.py:109} INFO - [2022-10-01 23:10:07,399] {dag.py:2935} INFO - Setting next_dagrun for example_python_operator to None
[2022-10-01 23:10:07,428] {processor.py:171} INFO - Processing /home/airflow/.local/lib/python3.7/site-packages/airflow/example_dags/example_python_operator.py took 0.217 seconds
[2022-10-01 23:10:39,259] {processor.py:163} INFO - Started process (PID=829) to work on /home/airflow/.local/lib/python3.7/site-packages/airflow/example_dags/example_python_operator.py
[2022-10-01 23:10:39,273] {processor.py:642} INFO - Processing file /home/airflow/.local/lib/python3.7/site-packages/airflow/example_dags/example_python_operator.py for tasks to queue
[2022-10-01 23:10:39,278] {logging_mixin.py:109} INFO - [2022-10-01 23:10:39,277] {dagbag.py:500} INFO - Filling up the DagBag from /home/airflow/.local/lib/python3.7/site-packages/airflow/example_dags/example_python_operator.py
[2022-10-01 23:10:39,437] {processor.py:654} INFO - DAG(s) dict_keys(['example_python_operator']) retrieved from /home/airflow/.local/lib/python3.7/site-packages/airflow/example_dags/example_python_operator.py
[2022-10-01 23:10:39,486] {logging_mixin.py:109} INFO - [2022-10-01 23:10:39,486] {dag.py:2396} INFO - Sync 1 DAGs
[2022-10-01 23:10:39,548] {logging_mixin.py:109} INFO - [2022-10-01 23:10:39,548] {dag.py:2935} INFO - Setting next_dagrun for example_python_operator to None
[2022-10-01 23:10:39,577] {processor.py:171} INFO - Processing /home/airflow/.local/lib/python3.7/site-packages/airflow/example_dags/example_python_operator.py took 0.327 seconds
[2022-10-01 23:11:10,551] {processor.py:163} INFO - Started process (PID=926) to work on /home/airflow/.local/lib/python3.7/site-packages/airflow/example_dags/example_python_operator.py
[2022-10-01 23:11:10,555] {processor.py:642} INFO - Processing file /home/airflow/.local/lib/python3.7/site-packages/airflow/example_dags/example_python_operator.py for tasks to queue
[2022-10-01 23:11:10,558] {logging_mixin.py:109} INFO - [2022-10-01 23:11:10,558] {dagbag.py:500} INFO - Filling up the DagBag from /home/airflow/.local/lib/python3.7/site-packages/airflow/example_dags/example_python_operator.py
[2022-10-01 23:11:10,655] {processor.py:654} INFO - DAG(s) dict_keys(['example_python_operator']) retrieved from /home/airflow/.local/lib/python3.7/site-packages/airflow/example_dags/example_python_operator.py
[2022-10-01 23:11:10,713] {logging_mixin.py:109} INFO - [2022-10-01 23:11:10,712] {dag.py:2396} INFO - Sync 1 DAGs
[2022-10-01 23:11:10,795] {logging_mixin.py:109} INFO - [2022-10-01 23:11:10,794] {dag.py:2935} INFO - Setting next_dagrun for example_python_operator to None
[2022-10-01 23:11:10,837] {processor.py:171} INFO - Processing /home/airflow/.local/lib/python3.7/site-packages/airflow/example_dags/example_python_operator.py took 0.294 seconds
[2022-10-01 23:11:41,932] {processor.py:163} INFO - Started process (PID=1022) to work on /home/airflow/.local/lib/python3.7/site-packages/airflow/example_dags/example_python_operator.py
[2022-10-01 23:11:41,936] {processor.py:642} INFO - Processing file /home/airflow/.local/lib/python3.7/site-packages/airflow/example_dags/example_python_operator.py for tasks to queue
[2022-10-01 23:11:41,938] {logging_mixin.py:109} INFO - [2022-10-01 23:11:41,938] {dagbag.py:500} INFO - Filling up the DagBag from /home/airflow/.local/lib/python3.7/site-packages/airflow/example_dags/example_python_operator.py
[2022-10-01 23:11:42,026] {processor.py:654} INFO - DAG(s) dict_keys(['example_python_operator']) retrieved from /home/airflow/.local/lib/python3.7/site-packages/airflow/example_dags/example_python_operator.py
[2022-10-01 23:11:42,072] {logging_mixin.py:109} INFO - [2022-10-01 23:11:42,071] {dag.py:2396} INFO - Sync 1 DAGs
[2022-10-01 23:11:42,124] {logging_mixin.py:109} INFO - [2022-10-01 23:11:42,124] {dag.py:2935} INFO - Setting next_dagrun for example_python_operator to None
[2022-10-01 23:11:42,148] {processor.py:171} INFO - Processing /home/airflow/.local/lib/python3.7/site-packages/airflow/example_dags/example_python_operator.py took 0.224 seconds
[2022-10-01 23:12:12,611] {processor.py:163} INFO - Started process (PID=1116) to work on /home/airflow/.local/lib/python3.7/site-packages/airflow/example_dags/example_python_operator.py
[2022-10-01 23:12:12,615] {processor.py:642} INFO - Processing file /home/airflow/.local/lib/python3.7/site-packages/airflow/example_dags/example_python_operator.py for tasks to queue
[2022-10-01 23:12:12,618] {logging_mixin.py:109} INFO - [2022-10-01 23:12:12,617] {dagbag.py:500} INFO - Filling up the DagBag from /home/airflow/.local/lib/python3.7/site-packages/airflow/example_dags/example_python_operator.py
[2022-10-01 23:12:12,701] {processor.py:654} INFO - DAG(s) dict_keys(['example_python_operator']) retrieved from /home/airflow/.local/lib/python3.7/site-packages/airflow/example_dags/example_python_operator.py
[2022-10-01 23:12:12,741] {logging_mixin.py:109} INFO - [2022-10-01 23:12:12,741] {dag.py:2396} INFO - Sync 1 DAGs
[2022-10-01 23:12:12,804] {logging_mixin.py:109} INFO - [2022-10-01 23:12:12,804] {dag.py:2935} INFO - Setting next_dagrun for example_python_operator to None
[2022-10-01 23:12:12,830] {processor.py:171} INFO - Processing /home/airflow/.local/lib/python3.7/site-packages/airflow/example_dags/example_python_operator.py took 0.226 seconds
[2022-10-01 23:13:27,707] {processor.py:163} INFO - Started process (PID=1182) to work on /home/airflow/.local/lib/python3.7/site-packages/airflow/example_dags/example_python_operator.py
[2022-10-01 23:13:27,711] {processor.py:642} INFO - Processing file /home/airflow/.local/lib/python3.7/site-packages/airflow/example_dags/example_python_operator.py for tasks to queue
[2022-10-01 23:13:27,714] {logging_mixin.py:109} INFO - [2022-10-01 23:13:27,714] {dagbag.py:500} INFO - Filling up the DagBag from /home/airflow/.local/lib/python3.7/site-packages/airflow/example_dags/example_python_operator.py
[2022-10-01 23:13:27,794] {processor.py:654} INFO - DAG(s) dict_keys(['example_python_operator']) retrieved from /home/airflow/.local/lib/python3.7/site-packages/airflow/example_dags/example_python_operator.py
[2022-10-01 23:13:27,843] {logging_mixin.py:109} INFO - [2022-10-01 23:13:27,842] {dag.py:2396} INFO - Sync 1 DAGs
[2022-10-01 23:13:27,895] {logging_mixin.py:109} INFO - [2022-10-01 23:13:27,895] {dag.py:2935} INFO - Setting next_dagrun for example_python_operator to None
[2022-10-01 23:13:27,919] {processor.py:171} INFO - Processing /home/airflow/.local/lib/python3.7/site-packages/airflow/example_dags/example_python_operator.py took 0.218 seconds
[2022-10-01 23:26:18,124] {processor.py:163} INFO - Started process (PID=1288) to work on /home/airflow/.local/lib/python3.7/site-packages/airflow/example_dags/example_python_operator.py
[2022-10-01 23:26:18,132] {processor.py:642} INFO - Processing file /home/airflow/.local/lib/python3.7/site-packages/airflow/example_dags/example_python_operator.py for tasks to queue
[2022-10-01 23:26:18,136] {logging_mixin.py:109} INFO - [2022-10-01 23:26:18,135] {dagbag.py:500} INFO - Filling up the DagBag from /home/airflow/.local/lib/python3.7/site-packages/airflow/example_dags/example_python_operator.py
[2022-10-01 23:26:18,306] {processor.py:654} INFO - DAG(s) dict_keys(['example_python_operator']) retrieved from /home/airflow/.local/lib/python3.7/site-packages/airflow/example_dags/example_python_operator.py
[2022-10-01 23:26:18,391] {logging_mixin.py:109} INFO - [2022-10-01 23:26:18,390] {dag.py:2396} INFO - Sync 1 DAGs
[2022-10-01 23:26:18,482] {logging_mixin.py:109} INFO - [2022-10-01 23:26:18,482] {dag.py:2935} INFO - Setting next_dagrun for example_python_operator to None
[2022-10-01 23:26:18,520] {processor.py:171} INFO - Processing /home/airflow/.local/lib/python3.7/site-packages/airflow/example_dags/example_python_operator.py took 0.404 seconds
[2022-10-01 23:26:48,593] {processor.py:163} INFO - Started process (PID=1374) to work on /home/airflow/.local/lib/python3.7/site-packages/airflow/example_dags/example_python_operator.py
[2022-10-01 23:26:48,597] {processor.py:642} INFO - Processing file /home/airflow/.local/lib/python3.7/site-packages/airflow/example_dags/example_python_operator.py for tasks to queue
[2022-10-01 23:26:48,600] {logging_mixin.py:109} INFO - [2022-10-01 23:26:48,600] {dagbag.py:500} INFO - Filling up the DagBag from /home/airflow/.local/lib/python3.7/site-packages/airflow/example_dags/example_python_operator.py
[2022-10-01 23:26:48,680] {processor.py:654} INFO - DAG(s) dict_keys(['example_python_operator']) retrieved from /home/airflow/.local/lib/python3.7/site-packages/airflow/example_dags/example_python_operator.py
[2022-10-01 23:26:48,720] {logging_mixin.py:109} INFO - [2022-10-01 23:26:48,720] {dag.py:2396} INFO - Sync 1 DAGs
[2022-10-01 23:26:48,782] {logging_mixin.py:109} INFO - [2022-10-01 23:26:48,782] {dag.py:2935} INFO - Setting next_dagrun for example_python_operator to None
[2022-10-01 23:26:48,831] {processor.py:171} INFO - Processing /home/airflow/.local/lib/python3.7/site-packages/airflow/example_dags/example_python_operator.py took 0.243 seconds
