[2022-10-01 23:08:57,129] {processor.py:163} INFO - Started process (PID=502) to work on /home/airflow/.local/lib/python3.7/site-packages/airflow/example_dags/example_latest_only.py
[2022-10-01 23:08:57,134] {processor.py:642} INFO - Processing file /home/airflow/.local/lib/python3.7/site-packages/airflow/example_dags/example_latest_only.py for tasks to queue
[2022-10-01 23:08:57,137] {logging_mixin.py:109} INFO - [2022-10-01 23:08:57,137] {dagbag.py:500} INFO - Filling up the DagBag from /home/airflow/.local/lib/python3.7/site-packages/airflow/example_dags/example_latest_only.py
[2022-10-01 23:08:57,245] {processor.py:654} INFO - DAG(s) dict_keys(['latest_only']) retrieved from /home/airflow/.local/lib/python3.7/site-packages/airflow/example_dags/example_latest_only.py
[2022-10-01 23:09:05,653] {logging_mixin.py:109} INFO - [2022-10-01 23:09:05,652] {manager.py:496} INFO - Created Permission View: can edit on DAG:latest_only
[2022-10-01 23:09:05,687] {logging_mixin.py:109} INFO - [2022-10-01 23:09:05,686] {manager.py:496} INFO - Created Permission View: can read on DAG:latest_only
[2022-10-01 23:09:05,690] {logging_mixin.py:109} INFO - [2022-10-01 23:09:05,688] {dag.py:2396} INFO - Sync 1 DAGs
[2022-10-01 23:09:05,725] {logging_mixin.py:109} INFO - [2022-10-01 23:09:05,723] {dag.py:2415} INFO - Creating ORM DAG for latest_only
[2022-10-01 23:09:05,771] {logging_mixin.py:109} INFO - [2022-10-01 23:09:05,770] {dag.py:2935} INFO - Setting next_dagrun for latest_only to 2022-10-01T19:09:05.768736+00:00
[2022-10-01 23:09:05,829] {processor.py:171} INFO - Processing /home/airflow/.local/lib/python3.7/site-packages/airflow/example_dags/example_latest_only.py took 8.707 seconds
[2022-10-01 23:09:36,477] {processor.py:163} INFO - Started process (PID=637) to work on /home/airflow/.local/lib/python3.7/site-packages/airflow/example_dags/example_latest_only.py
[2022-10-01 23:09:36,481] {processor.py:642} INFO - Processing file /home/airflow/.local/lib/python3.7/site-packages/airflow/example_dags/example_latest_only.py for tasks to queue
[2022-10-01 23:09:36,483] {logging_mixin.py:109} INFO - [2022-10-01 23:09:36,483] {dagbag.py:500} INFO - Filling up the DagBag from /home/airflow/.local/lib/python3.7/site-packages/airflow/example_dags/example_latest_only.py
[2022-10-01 23:09:36,546] {processor.py:654} INFO - DAG(s) dict_keys(['latest_only']) retrieved from /home/airflow/.local/lib/python3.7/site-packages/airflow/example_dags/example_latest_only.py
[2022-10-01 23:09:36,582] {logging_mixin.py:109} INFO - [2022-10-01 23:09:36,582] {dag.py:2396} INFO - Sync 1 DAGs
[2022-10-01 23:09:36,643] {logging_mixin.py:109} INFO - [2022-10-01 23:09:36,643] {dag.py:2935} INFO - Setting next_dagrun for latest_only to 2022-10-01T19:09:36.641654+00:00
[2022-10-01 23:09:36,673] {processor.py:171} INFO - Processing /home/airflow/.local/lib/python3.7/site-packages/airflow/example_dags/example_latest_only.py took 0.202 seconds
[2022-10-01 23:10:07,427] {processor.py:163} INFO - Started process (PID=734) to work on /home/airflow/.local/lib/python3.7/site-packages/airflow/example_dags/example_latest_only.py
[2022-10-01 23:10:07,432] {processor.py:642} INFO - Processing file /home/airflow/.local/lib/python3.7/site-packages/airflow/example_dags/example_latest_only.py for tasks to queue
[2022-10-01 23:10:07,441] {logging_mixin.py:109} INFO - [2022-10-01 23:10:07,441] {dagbag.py:500} INFO - Filling up the DagBag from /home/airflow/.local/lib/python3.7/site-packages/airflow/example_dags/example_latest_only.py
[2022-10-01 23:10:07,499] {processor.py:654} INFO - DAG(s) dict_keys(['latest_only']) retrieved from /home/airflow/.local/lib/python3.7/site-packages/airflow/example_dags/example_latest_only.py
[2022-10-01 23:10:07,532] {logging_mixin.py:109} INFO - [2022-10-01 23:10:07,531] {dag.py:2396} INFO - Sync 1 DAGs
[2022-10-01 23:10:07,587] {logging_mixin.py:109} INFO - [2022-10-01 23:10:07,587] {dag.py:2935} INFO - Setting next_dagrun for latest_only to 2022-10-01T19:10:07.585667+00:00
[2022-10-01 23:10:07,612] {processor.py:171} INFO - Processing /home/airflow/.local/lib/python3.7/site-packages/airflow/example_dags/example_latest_only.py took 0.192 seconds
[2022-10-01 23:10:39,489] {processor.py:163} INFO - Started process (PID=831) to work on /home/airflow/.local/lib/python3.7/site-packages/airflow/example_dags/example_latest_only.py
[2022-10-01 23:10:39,493] {processor.py:642} INFO - Processing file /home/airflow/.local/lib/python3.7/site-packages/airflow/example_dags/example_latest_only.py for tasks to queue
[2022-10-01 23:10:39,497] {logging_mixin.py:109} INFO - [2022-10-01 23:10:39,496] {dagbag.py:500} INFO - Filling up the DagBag from /home/airflow/.local/lib/python3.7/site-packages/airflow/example_dags/example_latest_only.py
[2022-10-01 23:10:39,563] {processor.py:654} INFO - DAG(s) dict_keys(['latest_only']) retrieved from /home/airflow/.local/lib/python3.7/site-packages/airflow/example_dags/example_latest_only.py
[2022-10-01 23:10:39,608] {logging_mixin.py:109} INFO - [2022-10-01 23:10:39,607] {dag.py:2396} INFO - Sync 1 DAGs
[2022-10-01 23:10:39,686] {logging_mixin.py:109} INFO - [2022-10-01 23:10:39,686] {dag.py:2935} INFO - Setting next_dagrun for latest_only to 2022-10-01T19:10:39.684197+00:00
[2022-10-01 23:10:39,714] {processor.py:171} INFO - Processing /home/airflow/.local/lib/python3.7/site-packages/airflow/example_dags/example_latest_only.py took 0.235 seconds
[2022-10-01 23:11:10,880] {processor.py:163} INFO - Started process (PID=928) to work on /home/airflow/.local/lib/python3.7/site-packages/airflow/example_dags/example_latest_only.py
[2022-10-01 23:11:10,887] {processor.py:642} INFO - Processing file /home/airflow/.local/lib/python3.7/site-packages/airflow/example_dags/example_latest_only.py for tasks to queue
[2022-10-01 23:11:10,893] {logging_mixin.py:109} INFO - [2022-10-01 23:11:10,893] {dagbag.py:500} INFO - Filling up the DagBag from /home/airflow/.local/lib/python3.7/site-packages/airflow/example_dags/example_latest_only.py
[2022-10-01 23:11:10,977] {processor.py:654} INFO - DAG(s) dict_keys(['latest_only']) retrieved from /home/airflow/.local/lib/python3.7/site-packages/airflow/example_dags/example_latest_only.py
[2022-10-01 23:11:11,021] {logging_mixin.py:109} INFO - [2022-10-01 23:11:11,021] {dag.py:2396} INFO - Sync 1 DAGs
[2022-10-01 23:11:11,088] {logging_mixin.py:109} INFO - [2022-10-01 23:11:11,088] {dag.py:2935} INFO - Setting next_dagrun for latest_only to 2022-10-01T19:11:11.086806+00:00
[2022-10-01 23:11:11,120] {processor.py:171} INFO - Processing /home/airflow/.local/lib/python3.7/site-packages/airflow/example_dags/example_latest_only.py took 0.251 seconds
[2022-10-01 23:11:42,186] {processor.py:163} INFO - Started process (PID=1024) to work on /home/airflow/.local/lib/python3.7/site-packages/airflow/example_dags/example_latest_only.py
[2022-10-01 23:11:42,190] {processor.py:642} INFO - Processing file /home/airflow/.local/lib/python3.7/site-packages/airflow/example_dags/example_latest_only.py for tasks to queue
[2022-10-01 23:11:42,193] {logging_mixin.py:109} INFO - [2022-10-01 23:11:42,193] {dagbag.py:500} INFO - Filling up the DagBag from /home/airflow/.local/lib/python3.7/site-packages/airflow/example_dags/example_latest_only.py
[2022-10-01 23:11:42,252] {processor.py:654} INFO - DAG(s) dict_keys(['latest_only']) retrieved from /home/airflow/.local/lib/python3.7/site-packages/airflow/example_dags/example_latest_only.py
[2022-10-01 23:11:42,286] {logging_mixin.py:109} INFO - [2022-10-01 23:11:42,286] {dag.py:2396} INFO - Sync 1 DAGs
[2022-10-01 23:11:42,352] {logging_mixin.py:109} INFO - [2022-10-01 23:11:42,352] {dag.py:2935} INFO - Setting next_dagrun for latest_only to 2022-10-01T19:11:42.350361+00:00
[2022-10-01 23:11:42,387] {processor.py:171} INFO - Processing /home/airflow/.local/lib/python3.7/site-packages/airflow/example_dags/example_latest_only.py took 0.207 seconds
[2022-10-01 23:12:12,865] {processor.py:163} INFO - Started process (PID=1120) to work on /home/airflow/.local/lib/python3.7/site-packages/airflow/example_dags/example_latest_only.py
[2022-10-01 23:12:12,870] {processor.py:642} INFO - Processing file /home/airflow/.local/lib/python3.7/site-packages/airflow/example_dags/example_latest_only.py for tasks to queue
[2022-10-01 23:12:12,873] {logging_mixin.py:109} INFO - [2022-10-01 23:12:12,873] {dagbag.py:500} INFO - Filling up the DagBag from /home/airflow/.local/lib/python3.7/site-packages/airflow/example_dags/example_latest_only.py
[2022-10-01 23:12:12,937] {processor.py:654} INFO - DAG(s) dict_keys(['latest_only']) retrieved from /home/airflow/.local/lib/python3.7/site-packages/airflow/example_dags/example_latest_only.py
[2022-10-01 23:12:12,971] {logging_mixin.py:109} INFO - [2022-10-01 23:12:12,970] {dag.py:2396} INFO - Sync 1 DAGs
[2022-10-01 23:12:13,024] {logging_mixin.py:109} INFO - [2022-10-01 23:12:13,023] {dag.py:2935} INFO - Setting next_dagrun for latest_only to 2022-10-01T19:12:13.022335+00:00
[2022-10-01 23:12:13,063] {processor.py:171} INFO - Processing /home/airflow/.local/lib/python3.7/site-packages/airflow/example_dags/example_latest_only.py took 0.204 seconds
[2022-10-01 23:13:27,831] {processor.py:163} INFO - Started process (PID=1184) to work on /home/airflow/.local/lib/python3.7/site-packages/airflow/example_dags/example_latest_only.py
[2022-10-01 23:13:27,835] {processor.py:642} INFO - Processing file /home/airflow/.local/lib/python3.7/site-packages/airflow/example_dags/example_latest_only.py for tasks to queue
[2022-10-01 23:13:27,838] {logging_mixin.py:109} INFO - [2022-10-01 23:13:27,837] {dagbag.py:500} INFO - Filling up the DagBag from /home/airflow/.local/lib/python3.7/site-packages/airflow/example_dags/example_latest_only.py
[2022-10-01 23:13:27,895] {processor.py:654} INFO - DAG(s) dict_keys(['latest_only']) retrieved from /home/airflow/.local/lib/python3.7/site-packages/airflow/example_dags/example_latest_only.py
[2022-10-01 23:13:27,929] {logging_mixin.py:109} INFO - [2022-10-01 23:13:27,929] {dag.py:2396} INFO - Sync 1 DAGs
[2022-10-01 23:13:27,989] {logging_mixin.py:109} INFO - [2022-10-01 23:13:27,988] {dag.py:2935} INFO - Setting next_dagrun for latest_only to 2022-10-01T19:13:27.987237+00:00
[2022-10-01 23:13:28,015] {processor.py:171} INFO - Processing /home/airflow/.local/lib/python3.7/site-packages/airflow/example_dags/example_latest_only.py took 0.191 seconds
[2022-10-01 23:26:18,307] {processor.py:163} INFO - Started process (PID=1290) to work on /home/airflow/.local/lib/python3.7/site-packages/airflow/example_dags/example_latest_only.py
[2022-10-01 23:26:18,312] {processor.py:642} INFO - Processing file /home/airflow/.local/lib/python3.7/site-packages/airflow/example_dags/example_latest_only.py for tasks to queue
[2022-10-01 23:26:18,319] {logging_mixin.py:109} INFO - [2022-10-01 23:26:18,318] {dagbag.py:500} INFO - Filling up the DagBag from /home/airflow/.local/lib/python3.7/site-packages/airflow/example_dags/example_latest_only.py
[2022-10-01 23:26:18,430] {processor.py:654} INFO - DAG(s) dict_keys(['latest_only']) retrieved from /home/airflow/.local/lib/python3.7/site-packages/airflow/example_dags/example_latest_only.py
[2022-10-01 23:26:18,467] {logging_mixin.py:109} INFO - [2022-10-01 23:26:18,466] {dag.py:2396} INFO - Sync 1 DAGs
[2022-10-01 23:26:18,571] {logging_mixin.py:109} INFO - [2022-10-01 23:26:18,571] {dag.py:2935} INFO - Setting next_dagrun for latest_only to 2022-10-01T19:26:18.564126+00:00
[2022-10-01 23:26:18,626] {processor.py:171} INFO - Processing /home/airflow/.local/lib/python3.7/site-packages/airflow/example_dags/example_latest_only.py took 0.338 seconds
[2022-10-01 23:26:48,779] {processor.py:163} INFO - Started process (PID=1382) to work on /home/airflow/.local/lib/python3.7/site-packages/airflow/example_dags/example_latest_only.py
[2022-10-01 23:26:48,782] {processor.py:642} INFO - Processing file /home/airflow/.local/lib/python3.7/site-packages/airflow/example_dags/example_latest_only.py for tasks to queue
[2022-10-01 23:26:48,790] {logging_mixin.py:109} INFO - [2022-10-01 23:26:48,789] {dagbag.py:500} INFO - Filling up the DagBag from /home/airflow/.local/lib/python3.7/site-packages/airflow/example_dags/example_latest_only.py
[2022-10-01 23:26:48,859] {processor.py:654} INFO - DAG(s) dict_keys(['latest_only']) retrieved from /home/airflow/.local/lib/python3.7/site-packages/airflow/example_dags/example_latest_only.py
[2022-10-01 23:26:48,892] {logging_mixin.py:109} INFO - [2022-10-01 23:26:48,892] {dag.py:2396} INFO - Sync 1 DAGs
[2022-10-01 23:26:48,948] {logging_mixin.py:109} INFO - [2022-10-01 23:26:48,947] {dag.py:2935} INFO - Setting next_dagrun for latest_only to 2022-10-01T19:26:48.945910+00:00
[2022-10-01 23:26:48,974] {processor.py:171} INFO - Processing /home/airflow/.local/lib/python3.7/site-packages/airflow/example_dags/example_latest_only.py took 0.201 seconds
