[2022-10-01 23:09:16,589] {processor.py:163} INFO - Started process (PID=548) to work on /home/airflow/.local/lib/python3.7/site-packages/airflow/example_dags/example_complex.py
[2022-10-01 23:09:16,593] {processor.py:642} INFO - Processing file /home/airflow/.local/lib/python3.7/site-packages/airflow/example_dags/example_complex.py for tasks to queue
[2022-10-01 23:09:16,596] {logging_mixin.py:109} INFO - [2022-10-01 23:09:16,595] {dagbag.py:500} INFO - Filling up the DagBag from /home/airflow/.local/lib/python3.7/site-packages/airflow/example_dags/example_complex.py
[2022-10-01 23:09:16,729] {processor.py:654} INFO - DAG(s) dict_keys(['example_complex']) retrieved from /home/airflow/.local/lib/python3.7/site-packages/airflow/example_dags/example_complex.py
[2022-10-01 23:09:25,004] {logging_mixin.py:109} INFO - [2022-10-01 23:09:25,004] {manager.py:496} INFO - Created Permission View: can edit on DAG:example_complex
[2022-10-01 23:09:25,042] {logging_mixin.py:109} INFO - [2022-10-01 23:09:25,041] {manager.py:496} INFO - Created Permission View: can read on DAG:example_complex
[2022-10-01 23:09:25,045] {logging_mixin.py:109} INFO - [2022-10-01 23:09:25,043] {dag.py:2396} INFO - Sync 1 DAGs
[2022-10-01 23:09:25,074] {logging_mixin.py:109} INFO - [2022-10-01 23:09:25,073] {dag.py:2415} INFO - Creating ORM DAG for example_complex
[2022-10-01 23:09:25,104] {logging_mixin.py:109} INFO - [2022-10-01 23:09:25,104] {dag.py:2935} INFO - Setting next_dagrun for example_complex to None
[2022-10-01 23:09:25,145] {processor.py:171} INFO - Processing /home/airflow/.local/lib/python3.7/site-packages/airflow/example_dags/example_complex.py took 8.566 seconds
[2022-10-01 23:09:56,130] {processor.py:163} INFO - Started process (PID=666) to work on /home/airflow/.local/lib/python3.7/site-packages/airflow/example_dags/example_complex.py
[2022-10-01 23:09:56,135] {processor.py:642} INFO - Processing file /home/airflow/.local/lib/python3.7/site-packages/airflow/example_dags/example_complex.py for tasks to queue
[2022-10-01 23:09:56,139] {logging_mixin.py:109} INFO - [2022-10-01 23:09:56,138] {dagbag.py:500} INFO - Filling up the DagBag from /home/airflow/.local/lib/python3.7/site-packages/airflow/example_dags/example_complex.py
[2022-10-01 23:09:56,306] {processor.py:654} INFO - DAG(s) dict_keys(['example_complex']) retrieved from /home/airflow/.local/lib/python3.7/site-packages/airflow/example_dags/example_complex.py
[2022-10-01 23:09:56,401] {logging_mixin.py:109} INFO - [2022-10-01 23:09:56,400] {dag.py:2396} INFO - Sync 1 DAGs
[2022-10-01 23:09:56,476] {logging_mixin.py:109} INFO - [2022-10-01 23:09:56,475] {dag.py:2935} INFO - Setting next_dagrun for example_complex to None
[2022-10-01 23:09:56,528] {processor.py:171} INFO - Processing /home/airflow/.local/lib/python3.7/site-packages/airflow/example_dags/example_complex.py took 0.410 seconds
[2022-10-01 23:10:27,006] {processor.py:163} INFO - Started process (PID=763) to work on /home/airflow/.local/lib/python3.7/site-packages/airflow/example_dags/example_complex.py
[2022-10-01 23:10:27,010] {processor.py:642} INFO - Processing file /home/airflow/.local/lib/python3.7/site-packages/airflow/example_dags/example_complex.py for tasks to queue
[2022-10-01 23:10:27,013] {logging_mixin.py:109} INFO - [2022-10-01 23:10:27,012] {dagbag.py:500} INFO - Filling up the DagBag from /home/airflow/.local/lib/python3.7/site-packages/airflow/example_dags/example_complex.py
[2022-10-01 23:10:27,144] {processor.py:654} INFO - DAG(s) dict_keys(['example_complex']) retrieved from /home/airflow/.local/lib/python3.7/site-packages/airflow/example_dags/example_complex.py
[2022-10-01 23:10:27,219] {logging_mixin.py:109} INFO - [2022-10-01 23:10:27,219] {dag.py:2396} INFO - Sync 1 DAGs
[2022-10-01 23:10:27,278] {logging_mixin.py:109} INFO - [2022-10-01 23:10:27,278] {dag.py:2935} INFO - Setting next_dagrun for example_complex to None
[2022-10-01 23:10:27,305] {processor.py:171} INFO - Processing /home/airflow/.local/lib/python3.7/site-packages/airflow/example_dags/example_complex.py took 0.307 seconds
[2022-10-01 23:10:57,804] {processor.py:163} INFO - Started process (PID=859) to work on /home/airflow/.local/lib/python3.7/site-packages/airflow/example_dags/example_complex.py
[2022-10-01 23:10:57,811] {processor.py:642} INFO - Processing file /home/airflow/.local/lib/python3.7/site-packages/airflow/example_dags/example_complex.py for tasks to queue
[2022-10-01 23:10:57,815] {logging_mixin.py:109} INFO - [2022-10-01 23:10:57,814] {dagbag.py:500} INFO - Filling up the DagBag from /home/airflow/.local/lib/python3.7/site-packages/airflow/example_dags/example_complex.py
[2022-10-01 23:10:57,983] {processor.py:654} INFO - DAG(s) dict_keys(['example_complex']) retrieved from /home/airflow/.local/lib/python3.7/site-packages/airflow/example_dags/example_complex.py
[2022-10-01 23:10:58,082] {logging_mixin.py:109} INFO - [2022-10-01 23:10:58,082] {dag.py:2396} INFO - Sync 1 DAGs
[2022-10-01 23:10:58,184] {logging_mixin.py:109} INFO - [2022-10-01 23:10:58,184] {dag.py:2935} INFO - Setting next_dagrun for example_complex to None
[2022-10-01 23:10:58,217] {processor.py:171} INFO - Processing /home/airflow/.local/lib/python3.7/site-packages/airflow/example_dags/example_complex.py took 0.423 seconds
[2022-10-01 23:11:28,674] {processor.py:163} INFO - Started process (PID=956) to work on /home/airflow/.local/lib/python3.7/site-packages/airflow/example_dags/example_complex.py
[2022-10-01 23:11:28,681] {processor.py:642} INFO - Processing file /home/airflow/.local/lib/python3.7/site-packages/airflow/example_dags/example_complex.py for tasks to queue
[2022-10-01 23:11:28,689] {logging_mixin.py:109} INFO - [2022-10-01 23:11:28,689] {dagbag.py:500} INFO - Filling up the DagBag from /home/airflow/.local/lib/python3.7/site-packages/airflow/example_dags/example_complex.py
[2022-10-01 23:11:28,949] {processor.py:654} INFO - DAG(s) dict_keys(['example_complex']) retrieved from /home/airflow/.local/lib/python3.7/site-packages/airflow/example_dags/example_complex.py
[2022-10-01 23:11:29,118] {logging_mixin.py:109} INFO - [2022-10-01 23:11:29,117] {dag.py:2396} INFO - Sync 1 DAGs
[2022-10-01 23:11:29,246] {logging_mixin.py:109} INFO - [2022-10-01 23:11:29,245] {dag.py:2935} INFO - Setting next_dagrun for example_complex to None
[2022-10-01 23:11:29,330] {processor.py:171} INFO - Processing /home/airflow/.local/lib/python3.7/site-packages/airflow/example_dags/example_complex.py took 0.678 seconds
[2022-10-01 23:11:59,705] {processor.py:163} INFO - Started process (PID=1052) to work on /home/airflow/.local/lib/python3.7/site-packages/airflow/example_dags/example_complex.py
[2022-10-01 23:11:59,713] {processor.py:642} INFO - Processing file /home/airflow/.local/lib/python3.7/site-packages/airflow/example_dags/example_complex.py for tasks to queue
[2022-10-01 23:11:59,716] {logging_mixin.py:109} INFO - [2022-10-01 23:11:59,716] {dagbag.py:500} INFO - Filling up the DagBag from /home/airflow/.local/lib/python3.7/site-packages/airflow/example_dags/example_complex.py
[2022-10-01 23:11:59,835] {processor.py:654} INFO - DAG(s) dict_keys(['example_complex']) retrieved from /home/airflow/.local/lib/python3.7/site-packages/airflow/example_dags/example_complex.py
[2022-10-01 23:11:59,909] {logging_mixin.py:109} INFO - [2022-10-01 23:11:59,909] {dag.py:2396} INFO - Sync 1 DAGs
[2022-10-01 23:11:59,960] {logging_mixin.py:109} INFO - [2022-10-01 23:11:59,960] {dag.py:2935} INFO - Setting next_dagrun for example_complex to None
[2022-10-01 23:11:59,984] {processor.py:171} INFO - Processing /home/airflow/.local/lib/python3.7/site-packages/airflow/example_dags/example_complex.py took 0.287 seconds
[2022-10-01 23:13:28,418] {processor.py:163} INFO - Started process (PID=1192) to work on /home/airflow/.local/lib/python3.7/site-packages/airflow/example_dags/example_complex.py
[2022-10-01 23:13:28,421] {processor.py:642} INFO - Processing file /home/airflow/.local/lib/python3.7/site-packages/airflow/example_dags/example_complex.py for tasks to queue
[2022-10-01 23:13:28,424] {logging_mixin.py:109} INFO - [2022-10-01 23:13:28,424] {dagbag.py:500} INFO - Filling up the DagBag from /home/airflow/.local/lib/python3.7/site-packages/airflow/example_dags/example_complex.py
[2022-10-01 23:13:28,531] {processor.py:654} INFO - DAG(s) dict_keys(['example_complex']) retrieved from /home/airflow/.local/lib/python3.7/site-packages/airflow/example_dags/example_complex.py
[2022-10-01 23:13:28,604] {logging_mixin.py:109} INFO - [2022-10-01 23:13:28,604] {dag.py:2396} INFO - Sync 1 DAGs
[2022-10-01 23:13:28,656] {logging_mixin.py:109} INFO - [2022-10-01 23:13:28,655] {dag.py:2935} INFO - Setting next_dagrun for example_complex to None
[2022-10-01 23:13:28,679] {processor.py:171} INFO - Processing /home/airflow/.local/lib/python3.7/site-packages/airflow/example_dags/example_complex.py took 0.268 seconds
[2022-10-01 23:26:19,310] {processor.py:163} INFO - Started process (PID=1298) to work on /home/airflow/.local/lib/python3.7/site-packages/airflow/example_dags/example_complex.py
[2022-10-01 23:26:19,318] {processor.py:642} INFO - Processing file /home/airflow/.local/lib/python3.7/site-packages/airflow/example_dags/example_complex.py for tasks to queue
[2022-10-01 23:26:19,322] {logging_mixin.py:109} INFO - [2022-10-01 23:26:19,321] {dagbag.py:500} INFO - Filling up the DagBag from /home/airflow/.local/lib/python3.7/site-packages/airflow/example_dags/example_complex.py
[2022-10-01 23:26:19,546] {processor.py:654} INFO - DAG(s) dict_keys(['example_complex']) retrieved from /home/airflow/.local/lib/python3.7/site-packages/airflow/example_dags/example_complex.py
[2022-10-01 23:26:19,671] {logging_mixin.py:109} INFO - [2022-10-01 23:26:19,671] {dag.py:2396} INFO - Sync 1 DAGs
[2022-10-01 23:26:19,734] {logging_mixin.py:109} INFO - [2022-10-01 23:26:19,734] {dag.py:2935} INFO - Setting next_dagrun for example_complex to None
[2022-10-01 23:26:19,771] {processor.py:171} INFO - Processing /home/airflow/.local/lib/python3.7/site-packages/airflow/example_dags/example_complex.py took 0.474 seconds
[2022-10-01 23:26:50,114] {processor.py:163} INFO - Started process (PID=1392) to work on /home/airflow/.local/lib/python3.7/site-packages/airflow/example_dags/example_complex.py
[2022-10-01 23:26:50,120] {processor.py:642} INFO - Processing file /home/airflow/.local/lib/python3.7/site-packages/airflow/example_dags/example_complex.py for tasks to queue
[2022-10-01 23:26:50,123] {logging_mixin.py:109} INFO - [2022-10-01 23:26:50,123] {dagbag.py:500} INFO - Filling up the DagBag from /home/airflow/.local/lib/python3.7/site-packages/airflow/example_dags/example_complex.py
[2022-10-01 23:26:50,246] {processor.py:654} INFO - DAG(s) dict_keys(['example_complex']) retrieved from /home/airflow/.local/lib/python3.7/site-packages/airflow/example_dags/example_complex.py
[2022-10-01 23:26:50,319] {logging_mixin.py:109} INFO - [2022-10-01 23:26:50,318] {dag.py:2396} INFO - Sync 1 DAGs
[2022-10-01 23:26:50,374] {logging_mixin.py:109} INFO - [2022-10-01 23:26:50,374] {dag.py:2935} INFO - Setting next_dagrun for example_complex to None
[2022-10-01 23:26:50,399] {processor.py:171} INFO - Processing /home/airflow/.local/lib/python3.7/site-packages/airflow/example_dags/example_complex.py took 0.296 seconds
