[2022-10-01 23:08:40,459] {processor.py:163} INFO - Started process (PID=464) to work on /home/airflow/.local/lib/python3.7/site-packages/airflow/example_dags/example_branch_python_dop_operator_3.py
[2022-10-01 23:08:40,467] {processor.py:642} INFO - Processing file /home/airflow/.local/lib/python3.7/site-packages/airflow/example_dags/example_branch_python_dop_operator_3.py for tasks to queue
[2022-10-01 23:08:40,472] {logging_mixin.py:109} INFO - [2022-10-01 23:08:40,472] {dagbag.py:500} INFO - Filling up the DagBag from /home/airflow/.local/lib/python3.7/site-packages/airflow/example_dags/example_branch_python_dop_operator_3.py
[2022-10-01 23:08:40,673] {processor.py:654} INFO - DAG(s) dict_keys(['example_branch_dop_operator_v3']) retrieved from /home/airflow/.local/lib/python3.7/site-packages/airflow/example_dags/example_branch_python_dop_operator_3.py
[2022-10-01 23:08:56,425] {logging_mixin.py:109} INFO - [2022-10-01 23:08:56,424] {manager.py:496} INFO - Created Permission View: can edit on DAG:example_branch_dop_operator_v3
[2022-10-01 23:08:56,505] {logging_mixin.py:109} INFO - [2022-10-01 23:08:56,505] {manager.py:496} INFO - Created Permission View: can read on DAG:example_branch_dop_operator_v3
[2022-10-01 23:08:56,510] {logging_mixin.py:109} INFO - [2022-10-01 23:08:56,508] {dag.py:2396} INFO - Sync 1 DAGs
[2022-10-01 23:08:56,568] {logging_mixin.py:109} INFO - [2022-10-01 23:08:56,567] {dag.py:2415} INFO - Creating ORM DAG for example_branch_dop_operator_v3
[2022-10-01 23:08:56,688] {logging_mixin.py:109} INFO - [2022-10-01 23:08:56,687] {dag.py:2935} INFO - Setting next_dagrun for example_branch_dop_operator_v3 to 2022-10-01T23:07:00+00:00
[2022-10-01 23:08:56,747] {processor.py:171} INFO - Processing /home/airflow/.local/lib/python3.7/site-packages/airflow/example_dags/example_branch_python_dop_operator_3.py took 16.324 seconds
[2022-10-01 23:09:36,183] {processor.py:163} INFO - Started process (PID=633) to work on /home/airflow/.local/lib/python3.7/site-packages/airflow/example_dags/example_branch_python_dop_operator_3.py
[2022-10-01 23:09:36,187] {processor.py:642} INFO - Processing file /home/airflow/.local/lib/python3.7/site-packages/airflow/example_dags/example_branch_python_dop_operator_3.py for tasks to queue
[2022-10-01 23:09:36,189] {logging_mixin.py:109} INFO - [2022-10-01 23:09:36,189] {dagbag.py:500} INFO - Filling up the DagBag from /home/airflow/.local/lib/python3.7/site-packages/airflow/example_dags/example_branch_python_dop_operator_3.py
[2022-10-01 23:09:36,266] {processor.py:654} INFO - DAG(s) dict_keys(['example_branch_dop_operator_v3']) retrieved from /home/airflow/.local/lib/python3.7/site-packages/airflow/example_dags/example_branch_python_dop_operator_3.py
[2022-10-01 23:09:36,315] {logging_mixin.py:109} INFO - [2022-10-01 23:09:36,314] {dag.py:2396} INFO - Sync 1 DAGs
[2022-10-01 23:09:36,405] {logging_mixin.py:109} INFO - [2022-10-01 23:09:36,405] {dag.py:2935} INFO - Setting next_dagrun for example_branch_dop_operator_v3 to 2022-10-01T23:08:00+00:00
[2022-10-01 23:09:36,431] {processor.py:171} INFO - Processing /home/airflow/.local/lib/python3.7/site-packages/airflow/example_dags/example_branch_python_dop_operator_3.py took 0.255 seconds
[2022-10-01 23:10:07,120] {processor.py:163} INFO - Started process (PID=730) to work on /home/airflow/.local/lib/python3.7/site-packages/airflow/example_dags/example_branch_python_dop_operator_3.py
[2022-10-01 23:10:07,124] {processor.py:642} INFO - Processing file /home/airflow/.local/lib/python3.7/site-packages/airflow/example_dags/example_branch_python_dop_operator_3.py for tasks to queue
[2022-10-01 23:10:07,126] {logging_mixin.py:109} INFO - [2022-10-01 23:10:07,126] {dagbag.py:500} INFO - Filling up the DagBag from /home/airflow/.local/lib/python3.7/site-packages/airflow/example_dags/example_branch_python_dop_operator_3.py
[2022-10-01 23:10:07,200] {processor.py:654} INFO - DAG(s) dict_keys(['example_branch_dop_operator_v3']) retrieved from /home/airflow/.local/lib/python3.7/site-packages/airflow/example_dags/example_branch_python_dop_operator_3.py
[2022-10-01 23:10:07,237] {logging_mixin.py:109} INFO - [2022-10-01 23:10:07,237] {dag.py:2396} INFO - Sync 1 DAGs
[2022-10-01 23:10:07,327] {logging_mixin.py:109} INFO - [2022-10-01 23:10:07,326] {dag.py:2935} INFO - Setting next_dagrun for example_branch_dop_operator_v3 to 2022-10-01T23:09:00+00:00
[2022-10-01 23:10:07,353] {processor.py:171} INFO - Processing /home/airflow/.local/lib/python3.7/site-packages/airflow/example_dags/example_branch_python_dop_operator_3.py took 0.239 seconds
[2022-10-01 23:10:39,077] {processor.py:163} INFO - Started process (PID=827) to work on /home/airflow/.local/lib/python3.7/site-packages/airflow/example_dags/example_branch_python_dop_operator_3.py
[2022-10-01 23:10:39,088] {processor.py:642} INFO - Processing file /home/airflow/.local/lib/python3.7/site-packages/airflow/example_dags/example_branch_python_dop_operator_3.py for tasks to queue
[2022-10-01 23:10:39,097] {logging_mixin.py:109} INFO - [2022-10-01 23:10:39,097] {dagbag.py:500} INFO - Filling up the DagBag from /home/airflow/.local/lib/python3.7/site-packages/airflow/example_dags/example_branch_python_dop_operator_3.py
[2022-10-01 23:10:39,189] {processor.py:654} INFO - DAG(s) dict_keys(['example_branch_dop_operator_v3']) retrieved from /home/airflow/.local/lib/python3.7/site-packages/airflow/example_dags/example_branch_python_dop_operator_3.py
[2022-10-01 23:10:39,240] {logging_mixin.py:109} INFO - [2022-10-01 23:10:39,240] {dag.py:2396} INFO - Sync 1 DAGs
[2022-10-01 23:10:39,419] {logging_mixin.py:109} INFO - [2022-10-01 23:10:39,418] {dag.py:2935} INFO - Setting next_dagrun for example_branch_dop_operator_v3 to 2022-10-01T23:09:00+00:00
[2022-10-01 23:10:39,447] {processor.py:171} INFO - Processing /home/airflow/.local/lib/python3.7/site-packages/airflow/example_dags/example_branch_python_dop_operator_3.py took 0.379 seconds
[2022-10-01 23:11:10,111] {processor.py:163} INFO - Started process (PID=924) to work on /home/airflow/.local/lib/python3.7/site-packages/airflow/example_dags/example_branch_python_dop_operator_3.py
[2022-10-01 23:11:10,120] {processor.py:642} INFO - Processing file /home/airflow/.local/lib/python3.7/site-packages/airflow/example_dags/example_branch_python_dop_operator_3.py for tasks to queue
[2022-10-01 23:11:10,128] {logging_mixin.py:109} INFO - [2022-10-01 23:11:10,127] {dagbag.py:500} INFO - Filling up the DagBag from /home/airflow/.local/lib/python3.7/site-packages/airflow/example_dags/example_branch_python_dop_operator_3.py
[2022-10-01 23:11:10,295] {processor.py:654} INFO - DAG(s) dict_keys(['example_branch_dop_operator_v3']) retrieved from /home/airflow/.local/lib/python3.7/site-packages/airflow/example_dags/example_branch_python_dop_operator_3.py
[2022-10-01 23:11:10,339] {logging_mixin.py:109} INFO - [2022-10-01 23:11:10,338] {dag.py:2396} INFO - Sync 1 DAGs
[2022-10-01 23:11:10,472] {logging_mixin.py:109} INFO - [2022-10-01 23:11:10,472] {dag.py:2935} INFO - Setting next_dagrun for example_branch_dop_operator_v3 to 2022-10-01T23:10:00+00:00
[2022-10-01 23:11:10,504] {processor.py:171} INFO - Processing /home/airflow/.local/lib/python3.7/site-packages/airflow/example_dags/example_branch_python_dop_operator_3.py took 0.415 seconds
[2022-10-01 23:11:41,631] {processor.py:163} INFO - Started process (PID=1020) to work on /home/airflow/.local/lib/python3.7/site-packages/airflow/example_dags/example_branch_python_dop_operator_3.py
[2022-10-01 23:11:41,636] {processor.py:642} INFO - Processing file /home/airflow/.local/lib/python3.7/site-packages/airflow/example_dags/example_branch_python_dop_operator_3.py for tasks to queue
[2022-10-01 23:11:41,645] {logging_mixin.py:109} INFO - [2022-10-01 23:11:41,644] {dagbag.py:500} INFO - Filling up the DagBag from /home/airflow/.local/lib/python3.7/site-packages/airflow/example_dags/example_branch_python_dop_operator_3.py
[2022-10-01 23:11:41,734] {processor.py:654} INFO - DAG(s) dict_keys(['example_branch_dop_operator_v3']) retrieved from /home/airflow/.local/lib/python3.7/site-packages/airflow/example_dags/example_branch_python_dop_operator_3.py
[2022-10-01 23:11:41,775] {logging_mixin.py:109} INFO - [2022-10-01 23:11:41,774] {dag.py:2396} INFO - Sync 1 DAGs
[2022-10-01 23:11:41,869] {logging_mixin.py:109} INFO - [2022-10-01 23:11:41,868] {dag.py:2935} INFO - Setting next_dagrun for example_branch_dop_operator_v3 to 2022-10-01T23:10:00+00:00
[2022-10-01 23:11:41,895] {processor.py:171} INFO - Processing /home/airflow/.local/lib/python3.7/site-packages/airflow/example_dags/example_branch_python_dop_operator_3.py took 0.271 seconds
[2022-10-01 23:12:12,528] {processor.py:163} INFO - Started process (PID=1114) to work on /home/airflow/.local/lib/python3.7/site-packages/airflow/example_dags/example_branch_python_dop_operator_3.py
[2022-10-01 23:12:12,532] {processor.py:642} INFO - Processing file /home/airflow/.local/lib/python3.7/site-packages/airflow/example_dags/example_branch_python_dop_operator_3.py for tasks to queue
[2022-10-01 23:12:12,534] {logging_mixin.py:109} INFO - [2022-10-01 23:12:12,534] {dagbag.py:500} INFO - Filling up the DagBag from /home/airflow/.local/lib/python3.7/site-packages/airflow/example_dags/example_branch_python_dop_operator_3.py
[2022-10-01 23:12:12,609] {processor.py:654} INFO - DAG(s) dict_keys(['example_branch_dop_operator_v3']) retrieved from /home/airflow/.local/lib/python3.7/site-packages/airflow/example_dags/example_branch_python_dop_operator_3.py
[2022-10-01 23:12:12,644] {logging_mixin.py:109} INFO - [2022-10-01 23:12:12,643] {dag.py:2396} INFO - Sync 1 DAGs
[2022-10-01 23:12:12,729] {logging_mixin.py:109} INFO - [2022-10-01 23:12:12,728] {dag.py:2935} INFO - Setting next_dagrun for example_branch_dop_operator_v3 to 2022-10-01T23:11:00+00:00
[2022-10-01 23:12:12,755] {processor.py:171} INFO - Processing /home/airflow/.local/lib/python3.7/site-packages/airflow/example_dags/example_branch_python_dop_operator_3.py took 0.233 seconds
[2022-10-01 23:13:27,574] {processor.py:163} INFO - Started process (PID=1180) to work on /home/airflow/.local/lib/python3.7/site-packages/airflow/example_dags/example_branch_python_dop_operator_3.py
[2022-10-01 23:13:27,578] {processor.py:642} INFO - Processing file /home/airflow/.local/lib/python3.7/site-packages/airflow/example_dags/example_branch_python_dop_operator_3.py for tasks to queue
[2022-10-01 23:13:27,580] {logging_mixin.py:109} INFO - [2022-10-01 23:13:27,580] {dagbag.py:500} INFO - Filling up the DagBag from /home/airflow/.local/lib/python3.7/site-packages/airflow/example_dags/example_branch_python_dop_operator_3.py
[2022-10-01 23:13:27,647] {processor.py:654} INFO - DAG(s) dict_keys(['example_branch_dop_operator_v3']) retrieved from /home/airflow/.local/lib/python3.7/site-packages/airflow/example_dags/example_branch_python_dop_operator_3.py
[2022-10-01 23:13:27,681] {logging_mixin.py:109} INFO - [2022-10-01 23:13:27,681] {dag.py:2396} INFO - Sync 1 DAGs
[2022-10-01 23:13:27,769] {logging_mixin.py:109} INFO - [2022-10-01 23:13:27,769] {dag.py:2935} INFO - Setting next_dagrun for example_branch_dop_operator_v3 to 2022-10-01T23:12:00+00:00
[2022-10-01 23:13:27,797] {processor.py:171} INFO - Processing /home/airflow/.local/lib/python3.7/site-packages/airflow/example_dags/example_branch_python_dop_operator_3.py took 0.229 seconds
[2022-10-01 23:26:17,782] {processor.py:163} INFO - Started process (PID=1286) to work on /home/airflow/.local/lib/python3.7/site-packages/airflow/example_dags/example_branch_python_dop_operator_3.py
[2022-10-01 23:26:17,789] {processor.py:642} INFO - Processing file /home/airflow/.local/lib/python3.7/site-packages/airflow/example_dags/example_branch_python_dop_operator_3.py for tasks to queue
[2022-10-01 23:26:17,793] {logging_mixin.py:109} INFO - [2022-10-01 23:26:17,792] {dagbag.py:500} INFO - Filling up the DagBag from /home/airflow/.local/lib/python3.7/site-packages/airflow/example_dags/example_branch_python_dop_operator_3.py
[2022-10-01 23:26:17,928] {processor.py:654} INFO - DAG(s) dict_keys(['example_branch_dop_operator_v3']) retrieved from /home/airflow/.local/lib/python3.7/site-packages/airflow/example_dags/example_branch_python_dop_operator_3.py
[2022-10-01 23:26:17,973] {logging_mixin.py:109} INFO - [2022-10-01 23:26:17,973] {dag.py:2396} INFO - Sync 1 DAGs
[2022-10-01 23:26:18,177] {logging_mixin.py:109} INFO - [2022-10-01 23:26:18,176] {dag.py:2935} INFO - Setting next_dagrun for example_branch_dop_operator_v3 to 2022-10-01T23:25:00+00:00
[2022-10-01 23:26:18,233] {processor.py:171} INFO - Processing /home/airflow/.local/lib/python3.7/site-packages/airflow/example_dags/example_branch_python_dop_operator_3.py took 0.461 seconds
[2022-10-01 23:26:48,500] {processor.py:163} INFO - Started process (PID=1372) to work on /home/airflow/.local/lib/python3.7/site-packages/airflow/example_dags/example_branch_python_dop_operator_3.py
[2022-10-01 23:26:48,504] {processor.py:642} INFO - Processing file /home/airflow/.local/lib/python3.7/site-packages/airflow/example_dags/example_branch_python_dop_operator_3.py for tasks to queue
[2022-10-01 23:26:48,508] {logging_mixin.py:109} INFO - [2022-10-01 23:26:48,508] {dagbag.py:500} INFO - Filling up the DagBag from /home/airflow/.local/lib/python3.7/site-packages/airflow/example_dags/example_branch_python_dop_operator_3.py
[2022-10-01 23:26:48,579] {processor.py:654} INFO - DAG(s) dict_keys(['example_branch_dop_operator_v3']) retrieved from /home/airflow/.local/lib/python3.7/site-packages/airflow/example_dags/example_branch_python_dop_operator_3.py
[2022-10-01 23:26:48,619] {logging_mixin.py:109} INFO - [2022-10-01 23:26:48,618] {dag.py:2396} INFO - Sync 1 DAGs
[2022-10-01 23:26:48,702] {logging_mixin.py:109} INFO - [2022-10-01 23:26:48,702] {dag.py:2935} INFO - Setting next_dagrun for example_branch_dop_operator_v3 to 2022-10-01T23:25:00+00:00
[2022-10-01 23:26:48,731] {processor.py:171} INFO - Processing /home/airflow/.local/lib/python3.7/site-packages/airflow/example_dags/example_branch_python_dop_operator_3.py took 0.238 seconds
