[2022-10-01 23:06:16,192] {processor.py:163} INFO - Started process (PID=199) to work on /home/airflow/.local/lib/python3.7/site-packages/airflow/example_dags/example_branch_day_of_week_operator.py
[2022-10-01 23:06:16,197] {processor.py:642} INFO - Processing file /home/airflow/.local/lib/python3.7/site-packages/airflow/example_dags/example_branch_day_of_week_operator.py for tasks to queue
[2022-10-01 23:06:16,200] {logging_mixin.py:109} INFO - [2022-10-01 23:06:16,199] {dagbag.py:500} INFO - Filling up the DagBag from /home/airflow/.local/lib/python3.7/site-packages/airflow/example_dags/example_branch_day_of_week_operator.py
[2022-10-01 23:06:16,299] {processor.py:654} INFO - DAG(s) dict_keys(['example_weekday_branch_operator']) retrieved from /home/airflow/.local/lib/python3.7/site-packages/airflow/example_dags/example_branch_day_of_week_operator.py
[2022-10-01 23:06:31,942] {logging_mixin.py:109} INFO - [2022-10-01 23:06:31,939] {manager.py:496} INFO - Created Permission View: can edit on DAG:example_weekday_branch_operator
[2022-10-01 23:06:32,080] {logging_mixin.py:109} INFO - [2022-10-01 23:06:32,080] {manager.py:496} INFO - Created Permission View: can read on DAG:example_weekday_branch_operator
[2022-10-01 23:06:32,106] {logging_mixin.py:109} INFO - [2022-10-01 23:06:32,085] {dag.py:2396} INFO - Sync 1 DAGs
[2022-10-01 23:06:32,203] {logging_mixin.py:109} INFO - [2022-10-01 23:06:32,201] {dag.py:2415} INFO - Creating ORM DAG for example_weekday_branch_operator
[2022-10-01 23:06:32,380] {logging_mixin.py:109} INFO - [2022-10-01 23:06:32,379] {dag.py:2935} INFO - Setting next_dagrun for example_weekday_branch_operator to 2022-09-30 00:00:00+00:00
[2022-10-01 23:06:32,524] {processor.py:171} INFO - Processing /home/airflow/.local/lib/python3.7/site-packages/airflow/example_dags/example_branch_day_of_week_operator.py took 16.342 seconds
[2022-10-01 23:09:29,412] {processor.py:163} INFO - Started process (PID=583) to work on /home/airflow/.local/lib/python3.7/site-packages/airflow/example_dags/example_branch_day_of_week_operator.py
[2022-10-01 23:09:29,416] {processor.py:642} INFO - Processing file /home/airflow/.local/lib/python3.7/site-packages/airflow/example_dags/example_branch_day_of_week_operator.py for tasks to queue
[2022-10-01 23:09:29,419] {logging_mixin.py:109} INFO - [2022-10-01 23:09:29,418] {dagbag.py:500} INFO - Filling up the DagBag from /home/airflow/.local/lib/python3.7/site-packages/airflow/example_dags/example_branch_day_of_week_operator.py
[2022-10-01 23:09:29,488] {processor.py:654} INFO - DAG(s) dict_keys(['example_weekday_branch_operator']) retrieved from /home/airflow/.local/lib/python3.7/site-packages/airflow/example_dags/example_branch_day_of_week_operator.py
[2022-10-01 23:09:29,523] {logging_mixin.py:109} INFO - [2022-10-01 23:09:29,523] {dag.py:2396} INFO - Sync 1 DAGs
[2022-10-01 23:09:29,593] {logging_mixin.py:109} INFO - [2022-10-01 23:09:29,593] {dag.py:2935} INFO - Setting next_dagrun for example_weekday_branch_operator to 2022-09-30 00:00:00+00:00
[2022-10-01 23:09:29,626] {processor.py:171} INFO - Processing /home/airflow/.local/lib/python3.7/site-packages/airflow/example_dags/example_branch_day_of_week_operator.py took 0.221 seconds
[2022-10-01 23:10:00,382] {processor.py:163} INFO - Started process (PID=678) to work on /home/airflow/.local/lib/python3.7/site-packages/airflow/example_dags/example_branch_day_of_week_operator.py
[2022-10-01 23:10:00,387] {processor.py:642} INFO - Processing file /home/airflow/.local/lib/python3.7/site-packages/airflow/example_dags/example_branch_day_of_week_operator.py for tasks to queue
[2022-10-01 23:10:00,390] {logging_mixin.py:109} INFO - [2022-10-01 23:10:00,389] {dagbag.py:500} INFO - Filling up the DagBag from /home/airflow/.local/lib/python3.7/site-packages/airflow/example_dags/example_branch_day_of_week_operator.py
[2022-10-01 23:10:00,488] {processor.py:654} INFO - DAG(s) dict_keys(['example_weekday_branch_operator']) retrieved from /home/airflow/.local/lib/python3.7/site-packages/airflow/example_dags/example_branch_day_of_week_operator.py
[2022-10-01 23:10:00,533] {logging_mixin.py:109} INFO - [2022-10-01 23:10:00,533] {dag.py:2396} INFO - Sync 1 DAGs
[2022-10-01 23:10:00,614] {logging_mixin.py:109} INFO - [2022-10-01 23:10:00,613] {dag.py:2935} INFO - Setting next_dagrun for example_weekday_branch_operator to 2022-09-30 00:00:00+00:00
[2022-10-01 23:10:00,644] {processor.py:171} INFO - Processing /home/airflow/.local/lib/python3.7/site-packages/airflow/example_dags/example_branch_day_of_week_operator.py took 0.271 seconds
[2022-10-01 23:10:31,805] {processor.py:163} INFO - Started process (PID=775) to work on /home/airflow/.local/lib/python3.7/site-packages/airflow/example_dags/example_branch_day_of_week_operator.py
[2022-10-01 23:10:31,820] {processor.py:642} INFO - Processing file /home/airflow/.local/lib/python3.7/site-packages/airflow/example_dags/example_branch_day_of_week_operator.py for tasks to queue
[2022-10-01 23:10:31,825] {logging_mixin.py:109} INFO - [2022-10-01 23:10:31,825] {dagbag.py:500} INFO - Filling up the DagBag from /home/airflow/.local/lib/python3.7/site-packages/airflow/example_dags/example_branch_day_of_week_operator.py
[2022-10-01 23:10:32,176] {processor.py:654} INFO - DAG(s) dict_keys(['example_weekday_branch_operator']) retrieved from /home/airflow/.local/lib/python3.7/site-packages/airflow/example_dags/example_branch_day_of_week_operator.py
[2022-10-01 23:10:32,225] {logging_mixin.py:109} INFO - [2022-10-01 23:10:32,225] {dag.py:2396} INFO - Sync 1 DAGs
[2022-10-01 23:10:32,428] {logging_mixin.py:109} INFO - [2022-10-01 23:10:32,427] {dag.py:2935} INFO - Setting next_dagrun for example_weekday_branch_operator to 2022-09-30 00:00:00+00:00
[2022-10-01 23:10:32,496] {processor.py:171} INFO - Processing /home/airflow/.local/lib/python3.7/site-packages/airflow/example_dags/example_branch_day_of_week_operator.py took 0.702 seconds
[2022-10-01 23:11:03,199] {processor.py:163} INFO - Started process (PID=869) to work on /home/airflow/.local/lib/python3.7/site-packages/airflow/example_dags/example_branch_day_of_week_operator.py
[2022-10-01 23:11:03,208] {processor.py:642} INFO - Processing file /home/airflow/.local/lib/python3.7/site-packages/airflow/example_dags/example_branch_day_of_week_operator.py for tasks to queue
[2022-10-01 23:11:03,212] {logging_mixin.py:109} INFO - [2022-10-01 23:11:03,211] {dagbag.py:500} INFO - Filling up the DagBag from /home/airflow/.local/lib/python3.7/site-packages/airflow/example_dags/example_branch_day_of_week_operator.py
[2022-10-01 23:11:03,324] {processor.py:654} INFO - DAG(s) dict_keys(['example_weekday_branch_operator']) retrieved from /home/airflow/.local/lib/python3.7/site-packages/airflow/example_dags/example_branch_day_of_week_operator.py
[2022-10-01 23:11:03,375] {logging_mixin.py:109} INFO - [2022-10-01 23:11:03,374] {dag.py:2396} INFO - Sync 1 DAGs
[2022-10-01 23:11:03,458] {logging_mixin.py:109} INFO - [2022-10-01 23:11:03,457] {dag.py:2935} INFO - Setting next_dagrun for example_weekday_branch_operator to 2022-09-30 00:00:00+00:00
[2022-10-01 23:11:03,492] {processor.py:171} INFO - Processing /home/airflow/.local/lib/python3.7/site-packages/airflow/example_dags/example_branch_day_of_week_operator.py took 0.305 seconds
[2022-10-01 23:11:33,674] {processor.py:163} INFO - Started process (PID=964) to work on /home/airflow/.local/lib/python3.7/site-packages/airflow/example_dags/example_branch_day_of_week_operator.py
[2022-10-01 23:11:33,684] {processor.py:642} INFO - Processing file /home/airflow/.local/lib/python3.7/site-packages/airflow/example_dags/example_branch_day_of_week_operator.py for tasks to queue
[2022-10-01 23:11:33,689] {logging_mixin.py:109} INFO - [2022-10-01 23:11:33,688] {dagbag.py:500} INFO - Filling up the DagBag from /home/airflow/.local/lib/python3.7/site-packages/airflow/example_dags/example_branch_day_of_week_operator.py
[2022-10-01 23:11:33,786] {processor.py:654} INFO - DAG(s) dict_keys(['example_weekday_branch_operator']) retrieved from /home/airflow/.local/lib/python3.7/site-packages/airflow/example_dags/example_branch_day_of_week_operator.py
[2022-10-01 23:11:33,821] {logging_mixin.py:109} INFO - [2022-10-01 23:11:33,821] {dag.py:2396} INFO - Sync 1 DAGs
[2022-10-01 23:11:33,898] {logging_mixin.py:109} INFO - [2022-10-01 23:11:33,897] {dag.py:2935} INFO - Setting next_dagrun for example_weekday_branch_operator to 2022-09-30 00:00:00+00:00
[2022-10-01 23:11:33,924] {processor.py:171} INFO - Processing /home/airflow/.local/lib/python3.7/site-packages/airflow/example_dags/example_branch_day_of_week_operator.py took 0.259 seconds
[2022-10-01 23:12:04,081] {processor.py:163} INFO - Started process (PID=1060) to work on /home/airflow/.local/lib/python3.7/site-packages/airflow/example_dags/example_branch_day_of_week_operator.py
[2022-10-01 23:12:04,145] {processor.py:642} INFO - Processing file /home/airflow/.local/lib/python3.7/site-packages/airflow/example_dags/example_branch_day_of_week_operator.py for tasks to queue
[2022-10-01 23:12:04,149] {logging_mixin.py:109} INFO - [2022-10-01 23:12:04,148] {dagbag.py:500} INFO - Filling up the DagBag from /home/airflow/.local/lib/python3.7/site-packages/airflow/example_dags/example_branch_day_of_week_operator.py
[2022-10-01 23:12:04,240] {processor.py:654} INFO - DAG(s) dict_keys(['example_weekday_branch_operator']) retrieved from /home/airflow/.local/lib/python3.7/site-packages/airflow/example_dags/example_branch_day_of_week_operator.py
[2022-10-01 23:12:04,275] {logging_mixin.py:109} INFO - [2022-10-01 23:12:04,274] {dag.py:2396} INFO - Sync 1 DAGs
[2022-10-01 23:12:04,336] {logging_mixin.py:109} INFO - [2022-10-01 23:12:04,336] {dag.py:2935} INFO - Setting next_dagrun for example_weekday_branch_operator to 2022-09-30 00:00:00+00:00
[2022-10-01 23:12:04,410] {processor.py:171} INFO - Processing /home/airflow/.local/lib/python3.7/site-packages/airflow/example_dags/example_branch_day_of_week_operator.py took 0.337 seconds
[2022-10-01 23:13:23,571] {processor.py:163} INFO - Started process (PID=1140) to work on /home/airflow/.local/lib/python3.7/site-packages/airflow/example_dags/example_branch_day_of_week_operator.py
[2022-10-01 23:13:23,575] {processor.py:642} INFO - Processing file /home/airflow/.local/lib/python3.7/site-packages/airflow/example_dags/example_branch_day_of_week_operator.py for tasks to queue
[2022-10-01 23:13:23,577] {logging_mixin.py:109} INFO - [2022-10-01 23:13:23,577] {dagbag.py:500} INFO - Filling up the DagBag from /home/airflow/.local/lib/python3.7/site-packages/airflow/example_dags/example_branch_day_of_week_operator.py
[2022-10-01 23:13:23,638] {processor.py:654} INFO - DAG(s) dict_keys(['example_weekday_branch_operator']) retrieved from /home/airflow/.local/lib/python3.7/site-packages/airflow/example_dags/example_branch_day_of_week_operator.py
[2022-10-01 23:13:23,671] {logging_mixin.py:109} INFO - [2022-10-01 23:13:23,670] {dag.py:2396} INFO - Sync 1 DAGs
[2022-10-01 23:13:23,731] {logging_mixin.py:109} INFO - [2022-10-01 23:13:23,730] {dag.py:2935} INFO - Setting next_dagrun for example_weekday_branch_operator to 2022-09-30 00:00:00+00:00
[2022-10-01 23:13:23,755] {processor.py:171} INFO - Processing /home/airflow/.local/lib/python3.7/site-packages/airflow/example_dags/example_branch_day_of_week_operator.py took 0.190 seconds
[2022-10-01 23:26:10,716] {processor.py:163} INFO - Started process (PID=1236) to work on /home/airflow/.local/lib/python3.7/site-packages/airflow/example_dags/example_branch_day_of_week_operator.py
[2022-10-01 23:26:10,724] {processor.py:642} INFO - Processing file /home/airflow/.local/lib/python3.7/site-packages/airflow/example_dags/example_branch_day_of_week_operator.py for tasks to queue
[2022-10-01 23:26:10,728] {logging_mixin.py:109} INFO - [2022-10-01 23:26:10,728] {dagbag.py:500} INFO - Filling up the DagBag from /home/airflow/.local/lib/python3.7/site-packages/airflow/example_dags/example_branch_day_of_week_operator.py
[2022-10-01 23:26:10,844] {processor.py:654} INFO - DAG(s) dict_keys(['example_weekday_branch_operator']) retrieved from /home/airflow/.local/lib/python3.7/site-packages/airflow/example_dags/example_branch_day_of_week_operator.py
[2022-10-01 23:26:10,914] {logging_mixin.py:109} INFO - [2022-10-01 23:26:10,914] {dag.py:2396} INFO - Sync 1 DAGs
[2022-10-01 23:26:11,031] {logging_mixin.py:109} INFO - [2022-10-01 23:26:11,031] {dag.py:2935} INFO - Setting next_dagrun for example_weekday_branch_operator to 2022-09-30 00:00:00+00:00
[2022-10-01 23:26:11,070] {processor.py:171} INFO - Processing /home/airflow/.local/lib/python3.7/site-packages/airflow/example_dags/example_branch_day_of_week_operator.py took 0.363 seconds
[2022-10-01 23:26:41,808] {processor.py:163} INFO - Started process (PID=1330) to work on /home/airflow/.local/lib/python3.7/site-packages/airflow/example_dags/example_branch_day_of_week_operator.py
[2022-10-01 23:26:41,814] {processor.py:642} INFO - Processing file /home/airflow/.local/lib/python3.7/site-packages/airflow/example_dags/example_branch_day_of_week_operator.py for tasks to queue
[2022-10-01 23:26:41,818] {logging_mixin.py:109} INFO - [2022-10-01 23:26:41,817] {dagbag.py:500} INFO - Filling up the DagBag from /home/airflow/.local/lib/python3.7/site-packages/airflow/example_dags/example_branch_day_of_week_operator.py
[2022-10-01 23:26:41,964] {processor.py:654} INFO - DAG(s) dict_keys(['example_weekday_branch_operator']) retrieved from /home/airflow/.local/lib/python3.7/site-packages/airflow/example_dags/example_branch_day_of_week_operator.py
[2022-10-01 23:26:42,031] {logging_mixin.py:109} INFO - [2022-10-01 23:26:42,031] {dag.py:2396} INFO - Sync 1 DAGs
[2022-10-01 23:26:42,143] {logging_mixin.py:109} INFO - [2022-10-01 23:26:42,143] {dag.py:2935} INFO - Setting next_dagrun for example_weekday_branch_operator to 2022-09-30 00:00:00+00:00
[2022-10-01 23:26:42,184] {processor.py:171} INFO - Processing /home/airflow/.local/lib/python3.7/site-packages/airflow/example_dags/example_branch_day_of_week_operator.py took 0.389 seconds
