[2022-10-01 23:07:09,391] {processor.py:163} INFO - Started process (PID=283) to work on /home/airflow/.local/lib/python3.7/site-packages/airflow/example_dags/example_kubernetes_executor.py
[2022-10-01 23:07:09,402] {processor.py:642} INFO - Processing file /home/airflow/.local/lib/python3.7/site-packages/airflow/example_dags/example_kubernetes_executor.py for tasks to queue
[2022-10-01 23:07:09,408] {logging_mixin.py:109} INFO - [2022-10-01 23:07:09,408] {dagbag.py:500} INFO - Filling up the DagBag from /home/airflow/.local/lib/python3.7/site-packages/airflow/example_dags/example_kubernetes_executor.py
[2022-10-01 23:07:09,702] {processor.py:654} INFO - DAG(s) dict_keys(['example_kubernetes_executor']) retrieved from /home/airflow/.local/lib/python3.7/site-packages/airflow/example_dags/example_kubernetes_executor.py
[2022-10-01 23:07:26,057] {logging_mixin.py:109} INFO - [2022-10-01 23:07:26,033] {manager.py:496} INFO - Created Permission View: can edit on DAG:example_kubernetes_executor
[2022-10-01 23:07:26,204] {logging_mixin.py:109} INFO - [2022-10-01 23:07:26,203] {manager.py:496} INFO - Created Permission View: can read on DAG:example_kubernetes_executor
[2022-10-01 23:07:26,216] {logging_mixin.py:109} INFO - [2022-10-01 23:07:26,214] {dag.py:2396} INFO - Sync 1 DAGs
[2022-10-01 23:07:26,518] {logging_mixin.py:109} INFO - [2022-10-01 23:07:26,517] {dag.py:2415} INFO - Creating ORM DAG for example_kubernetes_executor
[2022-10-01 23:07:26,612] {logging_mixin.py:109} INFO - [2022-10-01 23:07:26,609] {dag.py:2935} INFO - Setting next_dagrun for example_kubernetes_executor to None
[2022-10-01 23:07:26,716] {processor.py:171} INFO - Processing /home/airflow/.local/lib/python3.7/site-packages/airflow/example_dags/example_kubernetes_executor.py took 17.347 seconds
[2022-10-01 23:09:31,732] {processor.py:163} INFO - Started process (PID=594) to work on /home/airflow/.local/lib/python3.7/site-packages/airflow/example_dags/example_kubernetes_executor.py
[2022-10-01 23:09:31,737] {processor.py:642} INFO - Processing file /home/airflow/.local/lib/python3.7/site-packages/airflow/example_dags/example_kubernetes_executor.py for tasks to queue
[2022-10-01 23:09:31,739] {logging_mixin.py:109} INFO - [2022-10-01 23:09:31,739] {dagbag.py:500} INFO - Filling up the DagBag from /home/airflow/.local/lib/python3.7/site-packages/airflow/example_dags/example_kubernetes_executor.py
[2022-10-01 23:09:31,826] {processor.py:654} INFO - DAG(s) dict_keys(['example_kubernetes_executor']) retrieved from /home/airflow/.local/lib/python3.7/site-packages/airflow/example_dags/example_kubernetes_executor.py
[2022-10-01 23:09:31,878] {logging_mixin.py:109} INFO - [2022-10-01 23:09:31,877] {dag.py:2396} INFO - Sync 1 DAGs
[2022-10-01 23:09:31,941] {logging_mixin.py:109} INFO - [2022-10-01 23:09:31,941] {dag.py:2935} INFO - Setting next_dagrun for example_kubernetes_executor to None
[2022-10-01 23:09:31,970] {processor.py:171} INFO - Processing /home/airflow/.local/lib/python3.7/site-packages/airflow/example_dags/example_kubernetes_executor.py took 0.244 seconds
[2022-10-01 23:10:02,417] {processor.py:163} INFO - Started process (PID=688) to work on /home/airflow/.local/lib/python3.7/site-packages/airflow/example_dags/example_kubernetes_executor.py
[2022-10-01 23:10:02,421] {processor.py:642} INFO - Processing file /home/airflow/.local/lib/python3.7/site-packages/airflow/example_dags/example_kubernetes_executor.py for tasks to queue
[2022-10-01 23:10:02,424] {logging_mixin.py:109} INFO - [2022-10-01 23:10:02,423] {dagbag.py:500} INFO - Filling up the DagBag from /home/airflow/.local/lib/python3.7/site-packages/airflow/example_dags/example_kubernetes_executor.py
[2022-10-01 23:10:02,520] {processor.py:654} INFO - DAG(s) dict_keys(['example_kubernetes_executor']) retrieved from /home/airflow/.local/lib/python3.7/site-packages/airflow/example_dags/example_kubernetes_executor.py
[2022-10-01 23:10:02,568] {logging_mixin.py:109} INFO - [2022-10-01 23:10:02,567] {dag.py:2396} INFO - Sync 1 DAGs
[2022-10-01 23:10:02,626] {logging_mixin.py:109} INFO - [2022-10-01 23:10:02,625] {dag.py:2935} INFO - Setting next_dagrun for example_kubernetes_executor to None
[2022-10-01 23:10:02,653] {processor.py:171} INFO - Processing /home/airflow/.local/lib/python3.7/site-packages/airflow/example_dags/example_kubernetes_executor.py took 0.243 seconds
[2022-10-01 23:10:33,380] {processor.py:163} INFO - Started process (PID=783) to work on /home/airflow/.local/lib/python3.7/site-packages/airflow/example_dags/example_kubernetes_executor.py
[2022-10-01 23:10:33,385] {processor.py:642} INFO - Processing file /home/airflow/.local/lib/python3.7/site-packages/airflow/example_dags/example_kubernetes_executor.py for tasks to queue
[2022-10-01 23:10:33,388] {logging_mixin.py:109} INFO - [2022-10-01 23:10:33,387] {dagbag.py:500} INFO - Filling up the DagBag from /home/airflow/.local/lib/python3.7/site-packages/airflow/example_dags/example_kubernetes_executor.py
[2022-10-01 23:10:33,497] {processor.py:654} INFO - DAG(s) dict_keys(['example_kubernetes_executor']) retrieved from /home/airflow/.local/lib/python3.7/site-packages/airflow/example_dags/example_kubernetes_executor.py
[2022-10-01 23:10:33,558] {logging_mixin.py:109} INFO - [2022-10-01 23:10:33,558] {dag.py:2396} INFO - Sync 1 DAGs
[2022-10-01 23:10:33,648] {logging_mixin.py:109} INFO - [2022-10-01 23:10:33,647] {dag.py:2935} INFO - Setting next_dagrun for example_kubernetes_executor to None
[2022-10-01 23:10:33,695] {processor.py:171} INFO - Processing /home/airflow/.local/lib/python3.7/site-packages/airflow/example_dags/example_kubernetes_executor.py took 0.321 seconds
[2022-10-01 23:11:04,424] {processor.py:163} INFO - Started process (PID=879) to work on /home/airflow/.local/lib/python3.7/site-packages/airflow/example_dags/example_kubernetes_executor.py
[2022-10-01 23:11:04,430] {processor.py:642} INFO - Processing file /home/airflow/.local/lib/python3.7/site-packages/airflow/example_dags/example_kubernetes_executor.py for tasks to queue
[2022-10-01 23:11:04,434] {logging_mixin.py:109} INFO - [2022-10-01 23:11:04,434] {dagbag.py:500} INFO - Filling up the DagBag from /home/airflow/.local/lib/python3.7/site-packages/airflow/example_dags/example_kubernetes_executor.py
[2022-10-01 23:11:04,553] {processor.py:654} INFO - DAG(s) dict_keys(['example_kubernetes_executor']) retrieved from /home/airflow/.local/lib/python3.7/site-packages/airflow/example_dags/example_kubernetes_executor.py
[2022-10-01 23:11:04,609] {logging_mixin.py:109} INFO - [2022-10-01 23:11:04,608] {dag.py:2396} INFO - Sync 1 DAGs
[2022-10-01 23:11:04,676] {logging_mixin.py:109} INFO - [2022-10-01 23:11:04,676] {dag.py:2935} INFO - Setting next_dagrun for example_kubernetes_executor to None
[2022-10-01 23:11:04,711] {processor.py:171} INFO - Processing /home/airflow/.local/lib/python3.7/site-packages/airflow/example_dags/example_kubernetes_executor.py took 0.299 seconds
[2022-10-01 23:11:34,837] {processor.py:163} INFO - Started process (PID=974) to work on /home/airflow/.local/lib/python3.7/site-packages/airflow/example_dags/example_kubernetes_executor.py
[2022-10-01 23:11:34,841] {processor.py:642} INFO - Processing file /home/airflow/.local/lib/python3.7/site-packages/airflow/example_dags/example_kubernetes_executor.py for tasks to queue
[2022-10-01 23:11:34,844] {logging_mixin.py:109} INFO - [2022-10-01 23:11:34,844] {dagbag.py:500} INFO - Filling up the DagBag from /home/airflow/.local/lib/python3.7/site-packages/airflow/example_dags/example_kubernetes_executor.py
[2022-10-01 23:11:34,937] {processor.py:654} INFO - DAG(s) dict_keys(['example_kubernetes_executor']) retrieved from /home/airflow/.local/lib/python3.7/site-packages/airflow/example_dags/example_kubernetes_executor.py
[2022-10-01 23:11:34,986] {logging_mixin.py:109} INFO - [2022-10-01 23:11:34,986] {dag.py:2396} INFO - Sync 1 DAGs
[2022-10-01 23:11:35,050] {logging_mixin.py:109} INFO - [2022-10-01 23:11:35,049] {dag.py:2935} INFO - Setting next_dagrun for example_kubernetes_executor to None
[2022-10-01 23:11:35,082] {processor.py:171} INFO - Processing /home/airflow/.local/lib/python3.7/site-packages/airflow/example_dags/example_kubernetes_executor.py took 0.252 seconds
[2022-10-01 23:12:05,134] {processor.py:163} INFO - Started process (PID=1068) to work on /home/airflow/.local/lib/python3.7/site-packages/airflow/example_dags/example_kubernetes_executor.py
[2022-10-01 23:12:05,146] {processor.py:642} INFO - Processing file /home/airflow/.local/lib/python3.7/site-packages/airflow/example_dags/example_kubernetes_executor.py for tasks to queue
[2022-10-01 23:12:05,152] {logging_mixin.py:109} INFO - [2022-10-01 23:12:05,152] {dagbag.py:500} INFO - Filling up the DagBag from /home/airflow/.local/lib/python3.7/site-packages/airflow/example_dags/example_kubernetes_executor.py
[2022-10-01 23:12:05,230] {processor.py:654} INFO - DAG(s) dict_keys(['example_kubernetes_executor']) retrieved from /home/airflow/.local/lib/python3.7/site-packages/airflow/example_dags/example_kubernetes_executor.py
[2022-10-01 23:12:05,277] {logging_mixin.py:109} INFO - [2022-10-01 23:12:05,276] {dag.py:2396} INFO - Sync 1 DAGs
[2022-10-01 23:12:05,331] {logging_mixin.py:109} INFO - [2022-10-01 23:12:05,331] {dag.py:2935} INFO - Setting next_dagrun for example_kubernetes_executor to None
[2022-10-01 23:12:05,356] {processor.py:171} INFO - Processing /home/airflow/.local/lib/python3.7/site-packages/airflow/example_dags/example_kubernetes_executor.py took 0.228 seconds
[2022-10-01 23:13:24,586] {processor.py:163} INFO - Started process (PID=1150) to work on /home/airflow/.local/lib/python3.7/site-packages/airflow/example_dags/example_kubernetes_executor.py
[2022-10-01 23:13:24,590] {processor.py:642} INFO - Processing file /home/airflow/.local/lib/python3.7/site-packages/airflow/example_dags/example_kubernetes_executor.py for tasks to queue
[2022-10-01 23:13:24,592] {logging_mixin.py:109} INFO - [2022-10-01 23:13:24,592] {dagbag.py:500} INFO - Filling up the DagBag from /home/airflow/.local/lib/python3.7/site-packages/airflow/example_dags/example_kubernetes_executor.py
[2022-10-01 23:13:24,672] {processor.py:654} INFO - DAG(s) dict_keys(['example_kubernetes_executor']) retrieved from /home/airflow/.local/lib/python3.7/site-packages/airflow/example_dags/example_kubernetes_executor.py
[2022-10-01 23:13:24,716] {logging_mixin.py:109} INFO - [2022-10-01 23:13:24,716] {dag.py:2396} INFO - Sync 1 DAGs
[2022-10-01 23:13:24,767] {logging_mixin.py:109} INFO - [2022-10-01 23:13:24,766] {dag.py:2935} INFO - Setting next_dagrun for example_kubernetes_executor to None
[2022-10-01 23:13:24,797] {processor.py:171} INFO - Processing /home/airflow/.local/lib/python3.7/site-packages/airflow/example_dags/example_kubernetes_executor.py took 0.217 seconds
[2022-10-01 23:26:12,638] {processor.py:163} INFO - Started process (PID=1246) to work on /home/airflow/.local/lib/python3.7/site-packages/airflow/example_dags/example_kubernetes_executor.py
[2022-10-01 23:26:12,644] {processor.py:642} INFO - Processing file /home/airflow/.local/lib/python3.7/site-packages/airflow/example_dags/example_kubernetes_executor.py for tasks to queue
[2022-10-01 23:26:12,649] {logging_mixin.py:109} INFO - [2022-10-01 23:26:12,648] {dagbag.py:500} INFO - Filling up the DagBag from /home/airflow/.local/lib/python3.7/site-packages/airflow/example_dags/example_kubernetes_executor.py
[2022-10-01 23:26:12,765] {processor.py:654} INFO - DAG(s) dict_keys(['example_kubernetes_executor']) retrieved from /home/airflow/.local/lib/python3.7/site-packages/airflow/example_dags/example_kubernetes_executor.py
[2022-10-01 23:26:12,880] {logging_mixin.py:109} INFO - [2022-10-01 23:26:12,879] {dag.py:2396} INFO - Sync 1 DAGs
[2022-10-01 23:26:12,995] {logging_mixin.py:109} INFO - [2022-10-01 23:26:12,995] {dag.py:2935} INFO - Setting next_dagrun for example_kubernetes_executor to None
[2022-10-01 23:26:13,044] {processor.py:171} INFO - Processing /home/airflow/.local/lib/python3.7/site-packages/airflow/example_dags/example_kubernetes_executor.py took 0.419 seconds
[2022-10-01 23:26:43,148] {processor.py:163} INFO - Started process (PID=1340) to work on /home/airflow/.local/lib/python3.7/site-packages/airflow/example_dags/example_kubernetes_executor.py
[2022-10-01 23:26:43,154] {processor.py:642} INFO - Processing file /home/airflow/.local/lib/python3.7/site-packages/airflow/example_dags/example_kubernetes_executor.py for tasks to queue
[2022-10-01 23:26:43,157] {logging_mixin.py:109} INFO - [2022-10-01 23:26:43,156] {dagbag.py:500} INFO - Filling up the DagBag from /home/airflow/.local/lib/python3.7/site-packages/airflow/example_dags/example_kubernetes_executor.py
[2022-10-01 23:26:43,236] {processor.py:654} INFO - DAG(s) dict_keys(['example_kubernetes_executor']) retrieved from /home/airflow/.local/lib/python3.7/site-packages/airflow/example_dags/example_kubernetes_executor.py
[2022-10-01 23:26:43,281] {logging_mixin.py:109} INFO - [2022-10-01 23:26:43,281] {dag.py:2396} INFO - Sync 1 DAGs
[2022-10-01 23:26:43,337] {logging_mixin.py:109} INFO - [2022-10-01 23:26:43,337] {dag.py:2935} INFO - Setting next_dagrun for example_kubernetes_executor to None
[2022-10-01 23:26:43,362] {processor.py:171} INFO - Processing /home/airflow/.local/lib/python3.7/site-packages/airflow/example_dags/example_kubernetes_executor.py took 0.221 seconds
