[2022-10-01 23:09:16,587] {processor.py:163} INFO - Started process (PID=546) to work on /home/airflow/.local/lib/python3.7/site-packages/airflow/example_dags/example_bash_operator.py
[2022-10-01 23:09:16,593] {processor.py:642} INFO - Processing file /home/airflow/.local/lib/python3.7/site-packages/airflow/example_dags/example_bash_operator.py for tasks to queue
[2022-10-01 23:09:16,596] {logging_mixin.py:109} INFO - [2022-10-01 23:09:16,595] {dagbag.py:500} INFO - Filling up the DagBag from /home/airflow/.local/lib/python3.7/site-packages/airflow/example_dags/example_bash_operator.py
[2022-10-01 23:09:16,702] {processor.py:654} INFO - DAG(s) dict_keys(['example_bash_operator']) retrieved from /home/airflow/.local/lib/python3.7/site-packages/airflow/example_dags/example_bash_operator.py
[2022-10-01 23:09:25,001] {logging_mixin.py:109} INFO - [2022-10-01 23:09:25,000] {manager.py:496} INFO - Created Permission View: can edit on DAG:example_bash_operator
[2022-10-01 23:09:25,028] {logging_mixin.py:109} INFO - [2022-10-01 23:09:25,028] {manager.py:496} INFO - Created Permission View: can read on DAG:example_bash_operator
[2022-10-01 23:09:25,032] {logging_mixin.py:109} INFO - [2022-10-01 23:09:25,030] {dag.py:2396} INFO - Sync 1 DAGs
[2022-10-01 23:09:25,064] {logging_mixin.py:109} INFO - [2022-10-01 23:09:25,063] {dag.py:2415} INFO - Creating ORM DAG for example_bash_operator
[2022-10-01 23:09:25,104] {logging_mixin.py:109} INFO - [2022-10-01 23:09:25,104] {dag.py:2935} INFO - Setting next_dagrun for example_bash_operator to 2022-09-30 00:00:00+00:00
[2022-10-01 23:09:25,145] {processor.py:171} INFO - Processing /home/airflow/.local/lib/python3.7/site-packages/airflow/example_dags/example_bash_operator.py took 8.570 seconds
[2022-10-01 23:09:56,130] {processor.py:163} INFO - Started process (PID=664) to work on /home/airflow/.local/lib/python3.7/site-packages/airflow/example_dags/example_bash_operator.py
[2022-10-01 23:09:56,135] {processor.py:642} INFO - Processing file /home/airflow/.local/lib/python3.7/site-packages/airflow/example_dags/example_bash_operator.py for tasks to queue
[2022-10-01 23:09:56,138] {logging_mixin.py:109} INFO - [2022-10-01 23:09:56,138] {dagbag.py:500} INFO - Filling up the DagBag from /home/airflow/.local/lib/python3.7/site-packages/airflow/example_dags/example_bash_operator.py
[2022-10-01 23:09:56,267] {processor.py:654} INFO - DAG(s) dict_keys(['example_bash_operator']) retrieved from /home/airflow/.local/lib/python3.7/site-packages/airflow/example_dags/example_bash_operator.py
[2022-10-01 23:09:56,339] {logging_mixin.py:109} INFO - [2022-10-01 23:09:56,338] {dag.py:2396} INFO - Sync 1 DAGs
[2022-10-01 23:09:56,412] {logging_mixin.py:109} INFO - [2022-10-01 23:09:56,412] {dag.py:2935} INFO - Setting next_dagrun for example_bash_operator to 2022-09-30 00:00:00+00:00
[2022-10-01 23:09:56,440] {processor.py:171} INFO - Processing /home/airflow/.local/lib/python3.7/site-packages/airflow/example_dags/example_bash_operator.py took 0.322 seconds
[2022-10-01 23:10:27,005] {processor.py:163} INFO - Started process (PID=761) to work on /home/airflow/.local/lib/python3.7/site-packages/airflow/example_dags/example_bash_operator.py
[2022-10-01 23:10:27,010] {processor.py:642} INFO - Processing file /home/airflow/.local/lib/python3.7/site-packages/airflow/example_dags/example_bash_operator.py for tasks to queue
[2022-10-01 23:10:27,013] {logging_mixin.py:109} INFO - [2022-10-01 23:10:27,013] {dagbag.py:500} INFO - Filling up the DagBag from /home/airflow/.local/lib/python3.7/site-packages/airflow/example_dags/example_bash_operator.py
[2022-10-01 23:10:27,113] {processor.py:654} INFO - DAG(s) dict_keys(['example_bash_operator']) retrieved from /home/airflow/.local/lib/python3.7/site-packages/airflow/example_dags/example_bash_operator.py
[2022-10-01 23:10:27,164] {logging_mixin.py:109} INFO - [2022-10-01 23:10:27,163] {dag.py:2396} INFO - Sync 1 DAGs
[2022-10-01 23:10:27,232] {logging_mixin.py:109} INFO - [2022-10-01 23:10:27,232] {dag.py:2935} INFO - Setting next_dagrun for example_bash_operator to 2022-09-30 00:00:00+00:00
[2022-10-01 23:10:27,263] {processor.py:171} INFO - Processing /home/airflow/.local/lib/python3.7/site-packages/airflow/example_dags/example_bash_operator.py took 0.265 seconds
[2022-10-01 23:10:57,804] {processor.py:163} INFO - Started process (PID=857) to work on /home/airflow/.local/lib/python3.7/site-packages/airflow/example_dags/example_bash_operator.py
[2022-10-01 23:10:57,811] {processor.py:642} INFO - Processing file /home/airflow/.local/lib/python3.7/site-packages/airflow/example_dags/example_bash_operator.py for tasks to queue
[2022-10-01 23:10:57,815] {logging_mixin.py:109} INFO - [2022-10-01 23:10:57,814] {dagbag.py:500} INFO - Filling up the DagBag from /home/airflow/.local/lib/python3.7/site-packages/airflow/example_dags/example_bash_operator.py
[2022-10-01 23:10:57,946] {processor.py:654} INFO - DAG(s) dict_keys(['example_bash_operator']) retrieved from /home/airflow/.local/lib/python3.7/site-packages/airflow/example_dags/example_bash_operator.py
[2022-10-01 23:10:58,010] {logging_mixin.py:109} INFO - [2022-10-01 23:10:58,009] {dag.py:2396} INFO - Sync 1 DAGs
[2022-10-01 23:10:58,109] {logging_mixin.py:109} INFO - [2022-10-01 23:10:58,108] {dag.py:2935} INFO - Setting next_dagrun for example_bash_operator to 2022-09-30 00:00:00+00:00
[2022-10-01 23:10:58,149] {processor.py:171} INFO - Processing /home/airflow/.local/lib/python3.7/site-packages/airflow/example_dags/example_bash_operator.py took 0.355 seconds
[2022-10-01 23:11:28,650] {processor.py:163} INFO - Started process (PID=954) to work on /home/airflow/.local/lib/python3.7/site-packages/airflow/example_dags/example_bash_operator.py
[2022-10-01 23:11:28,659] {processor.py:642} INFO - Processing file /home/airflow/.local/lib/python3.7/site-packages/airflow/example_dags/example_bash_operator.py for tasks to queue
[2022-10-01 23:11:28,663] {logging_mixin.py:109} INFO - [2022-10-01 23:11:28,662] {dagbag.py:500} INFO - Filling up the DagBag from /home/airflow/.local/lib/python3.7/site-packages/airflow/example_dags/example_bash_operator.py
[2022-10-01 23:11:28,825] {processor.py:654} INFO - DAG(s) dict_keys(['example_bash_operator']) retrieved from /home/airflow/.local/lib/python3.7/site-packages/airflow/example_dags/example_bash_operator.py
[2022-10-01 23:11:28,938] {logging_mixin.py:109} INFO - [2022-10-01 23:11:28,937] {dag.py:2396} INFO - Sync 1 DAGs
[2022-10-01 23:11:29,160] {logging_mixin.py:109} INFO - [2022-10-01 23:11:29,159] {dag.py:2935} INFO - Setting next_dagrun for example_bash_operator to 2022-09-30 00:00:00+00:00
[2022-10-01 23:11:29,232] {processor.py:171} INFO - Processing /home/airflow/.local/lib/python3.7/site-packages/airflow/example_dags/example_bash_operator.py took 0.596 seconds
[2022-10-01 23:11:59,381] {processor.py:163} INFO - Started process (PID=1050) to work on /home/airflow/.local/lib/python3.7/site-packages/airflow/example_dags/example_bash_operator.py
[2022-10-01 23:11:59,389] {processor.py:642} INFO - Processing file /home/airflow/.local/lib/python3.7/site-packages/airflow/example_dags/example_bash_operator.py for tasks to queue
[2022-10-01 23:11:59,393] {logging_mixin.py:109} INFO - [2022-10-01 23:11:59,392] {dagbag.py:500} INFO - Filling up the DagBag from /home/airflow/.local/lib/python3.7/site-packages/airflow/example_dags/example_bash_operator.py
[2022-10-01 23:11:59,511] {processor.py:654} INFO - DAG(s) dict_keys(['example_bash_operator']) retrieved from /home/airflow/.local/lib/python3.7/site-packages/airflow/example_dags/example_bash_operator.py
[2022-10-01 23:11:59,555] {logging_mixin.py:109} INFO - [2022-10-01 23:11:59,555] {dag.py:2396} INFO - Sync 1 DAGs
[2022-10-01 23:11:59,624] {logging_mixin.py:109} INFO - [2022-10-01 23:11:59,623] {dag.py:2935} INFO - Setting next_dagrun for example_bash_operator to 2022-09-30 00:00:00+00:00
[2022-10-01 23:11:59,658] {processor.py:171} INFO - Processing /home/airflow/.local/lib/python3.7/site-packages/airflow/example_dags/example_bash_operator.py took 0.291 seconds
[2022-10-01 23:13:28,176] {processor.py:163} INFO - Started process (PID=1190) to work on /home/airflow/.local/lib/python3.7/site-packages/airflow/example_dags/example_bash_operator.py
[2022-10-01 23:13:28,181] {processor.py:642} INFO - Processing file /home/airflow/.local/lib/python3.7/site-packages/airflow/example_dags/example_bash_operator.py for tasks to queue
[2022-10-01 23:13:28,183] {logging_mixin.py:109} INFO - [2022-10-01 23:13:28,183] {dagbag.py:500} INFO - Filling up the DagBag from /home/airflow/.local/lib/python3.7/site-packages/airflow/example_dags/example_bash_operator.py
[2022-10-01 23:13:28,256] {processor.py:654} INFO - DAG(s) dict_keys(['example_bash_operator']) retrieved from /home/airflow/.local/lib/python3.7/site-packages/airflow/example_dags/example_bash_operator.py
[2022-10-01 23:13:28,296] {logging_mixin.py:109} INFO - [2022-10-01 23:13:28,296] {dag.py:2396} INFO - Sync 1 DAGs
[2022-10-01 23:13:28,358] {logging_mixin.py:109} INFO - [2022-10-01 23:13:28,358] {dag.py:2935} INFO - Setting next_dagrun for example_bash_operator to 2022-09-30 00:00:00+00:00
[2022-10-01 23:13:28,384] {processor.py:171} INFO - Processing /home/airflow/.local/lib/python3.7/site-packages/airflow/example_dags/example_bash_operator.py took 0.213 seconds
[2022-10-01 23:26:18,965] {processor.py:163} INFO - Started process (PID=1296) to work on /home/airflow/.local/lib/python3.7/site-packages/airflow/example_dags/example_bash_operator.py
[2022-10-01 23:26:18,970] {processor.py:642} INFO - Processing file /home/airflow/.local/lib/python3.7/site-packages/airflow/example_dags/example_bash_operator.py for tasks to queue
[2022-10-01 23:26:18,973] {logging_mixin.py:109} INFO - [2022-10-01 23:26:18,972] {dagbag.py:500} INFO - Filling up the DagBag from /home/airflow/.local/lib/python3.7/site-packages/airflow/example_dags/example_bash_operator.py
[2022-10-01 23:26:19,057] {processor.py:654} INFO - DAG(s) dict_keys(['example_bash_operator']) retrieved from /home/airflow/.local/lib/python3.7/site-packages/airflow/example_dags/example_bash_operator.py
[2022-10-01 23:26:19,132] {logging_mixin.py:109} INFO - [2022-10-01 23:26:19,131] {dag.py:2396} INFO - Sync 1 DAGs
[2022-10-01 23:26:19,207] {logging_mixin.py:109} INFO - [2022-10-01 23:26:19,207] {dag.py:2935} INFO - Setting next_dagrun for example_bash_operator to 2022-09-30 00:00:00+00:00
[2022-10-01 23:26:19,256] {processor.py:171} INFO - Processing /home/airflow/.local/lib/python3.7/site-packages/airflow/example_dags/example_bash_operator.py took 0.307 seconds
[2022-10-01 23:26:50,101] {processor.py:163} INFO - Started process (PID=1390) to work on /home/airflow/.local/lib/python3.7/site-packages/airflow/example_dags/example_bash_operator.py
[2022-10-01 23:26:50,106] {processor.py:642} INFO - Processing file /home/airflow/.local/lib/python3.7/site-packages/airflow/example_dags/example_bash_operator.py for tasks to queue
[2022-10-01 23:26:50,110] {logging_mixin.py:109} INFO - [2022-10-01 23:26:50,109] {dagbag.py:500} INFO - Filling up the DagBag from /home/airflow/.local/lib/python3.7/site-packages/airflow/example_dags/example_bash_operator.py
[2022-10-01 23:26:50,217] {processor.py:654} INFO - DAG(s) dict_keys(['example_bash_operator']) retrieved from /home/airflow/.local/lib/python3.7/site-packages/airflow/example_dags/example_bash_operator.py
[2022-10-01 23:26:50,261] {logging_mixin.py:109} INFO - [2022-10-01 23:26:50,260] {dag.py:2396} INFO - Sync 1 DAGs
[2022-10-01 23:26:50,323] {logging_mixin.py:109} INFO - [2022-10-01 23:26:50,323] {dag.py:2935} INFO - Setting next_dagrun for example_bash_operator to 2022-09-30 00:00:00+00:00
[2022-10-01 23:26:50,346] {processor.py:171} INFO - Processing /home/airflow/.local/lib/python3.7/site-packages/airflow/example_dags/example_bash_operator.py took 0.256 seconds
