[2022-10-01 23:07:09,491] {processor.py:163} INFO - Started process (PID=285) to work on /home/airflow/.local/lib/python3.7/site-packages/airflow/example_dags/example_latest_only_with_trigger.py
[2022-10-01 23:07:09,495] {processor.py:642} INFO - Processing file /home/airflow/.local/lib/python3.7/site-packages/airflow/example_dags/example_latest_only_with_trigger.py for tasks to queue
[2022-10-01 23:07:09,503] {logging_mixin.py:109} INFO - [2022-10-01 23:07:09,502] {dagbag.py:500} INFO - Filling up the DagBag from /home/airflow/.local/lib/python3.7/site-packages/airflow/example_dags/example_latest_only_with_trigger.py
[2022-10-01 23:07:09,701] {processor.py:654} INFO - DAG(s) dict_keys(['latest_only_with_trigger']) retrieved from /home/airflow/.local/lib/python3.7/site-packages/airflow/example_dags/example_latest_only_with_trigger.py
[2022-10-01 23:07:25,588] {logging_mixin.py:109} INFO - [2022-10-01 23:07:25,579] {manager.py:496} INFO - Created Permission View: can edit on DAG:latest_only_with_trigger
[2022-10-01 23:07:25,677] {logging_mixin.py:109} INFO - [2022-10-01 23:07:25,676] {manager.py:496} INFO - Created Permission View: can read on DAG:latest_only_with_trigger
[2022-10-01 23:07:25,682] {logging_mixin.py:109} INFO - [2022-10-01 23:07:25,680] {dag.py:2396} INFO - Sync 1 DAGs
[2022-10-01 23:07:25,784] {logging_mixin.py:109} INFO - [2022-10-01 23:07:25,779] {dag.py:2415} INFO - Creating ORM DAG for latest_only_with_trigger
[2022-10-01 23:07:26,047] {logging_mixin.py:109} INFO - [2022-10-01 23:07:26,046] {dag.py:2935} INFO - Setting next_dagrun for latest_only_with_trigger to 2022-10-01T19:07:26.039009+00:00
[2022-10-01 23:07:26,278] {processor.py:171} INFO - Processing /home/airflow/.local/lib/python3.7/site-packages/airflow/example_dags/example_latest_only_with_trigger.py took 16.795 seconds
[2022-10-01 23:09:32,006] {processor.py:163} INFO - Started process (PID=596) to work on /home/airflow/.local/lib/python3.7/site-packages/airflow/example_dags/example_latest_only_with_trigger.py
[2022-10-01 23:09:32,010] {processor.py:642} INFO - Processing file /home/airflow/.local/lib/python3.7/site-packages/airflow/example_dags/example_latest_only_with_trigger.py for tasks to queue
[2022-10-01 23:09:32,013] {logging_mixin.py:109} INFO - [2022-10-01 23:09:32,013] {dagbag.py:500} INFO - Filling up the DagBag from /home/airflow/.local/lib/python3.7/site-packages/airflow/example_dags/example_latest_only_with_trigger.py
[2022-10-01 23:09:32,077] {processor.py:654} INFO - DAG(s) dict_keys(['latest_only_with_trigger']) retrieved from /home/airflow/.local/lib/python3.7/site-packages/airflow/example_dags/example_latest_only_with_trigger.py
[2022-10-01 23:09:32,115] {logging_mixin.py:109} INFO - [2022-10-01 23:09:32,115] {dag.py:2396} INFO - Sync 1 DAGs
[2022-10-01 23:09:32,172] {logging_mixin.py:109} INFO - [2022-10-01 23:09:32,171] {dag.py:2935} INFO - Setting next_dagrun for latest_only_with_trigger to 2022-10-01T19:09:32.170411+00:00
[2022-10-01 23:09:32,198] {processor.py:171} INFO - Processing /home/airflow/.local/lib/python3.7/site-packages/airflow/example_dags/example_latest_only_with_trigger.py took 0.198 seconds
[2022-10-01 23:10:02,687] {processor.py:163} INFO - Started process (PID=690) to work on /home/airflow/.local/lib/python3.7/site-packages/airflow/example_dags/example_latest_only_with_trigger.py
[2022-10-01 23:10:02,691] {processor.py:642} INFO - Processing file /home/airflow/.local/lib/python3.7/site-packages/airflow/example_dags/example_latest_only_with_trigger.py for tasks to queue
[2022-10-01 23:10:02,694] {logging_mixin.py:109} INFO - [2022-10-01 23:10:02,693] {dagbag.py:500} INFO - Filling up the DagBag from /home/airflow/.local/lib/python3.7/site-packages/airflow/example_dags/example_latest_only_with_trigger.py
[2022-10-01 23:10:02,753] {processor.py:654} INFO - DAG(s) dict_keys(['latest_only_with_trigger']) retrieved from /home/airflow/.local/lib/python3.7/site-packages/airflow/example_dags/example_latest_only_with_trigger.py
[2022-10-01 23:10:02,793] {logging_mixin.py:109} INFO - [2022-10-01 23:10:02,792] {dag.py:2396} INFO - Sync 1 DAGs
[2022-10-01 23:10:02,850] {logging_mixin.py:109} INFO - [2022-10-01 23:10:02,849] {dag.py:2935} INFO - Setting next_dagrun for latest_only_with_trigger to 2022-10-01T19:10:02.848440+00:00
[2022-10-01 23:10:02,877] {processor.py:171} INFO - Processing /home/airflow/.local/lib/python3.7/site-packages/airflow/example_dags/example_latest_only_with_trigger.py took 0.195 seconds
[2022-10-01 23:10:33,581] {processor.py:163} INFO - Started process (PID=785) to work on /home/airflow/.local/lib/python3.7/site-packages/airflow/example_dags/example_latest_only_with_trigger.py
[2022-10-01 23:10:33,589] {processor.py:642} INFO - Processing file /home/airflow/.local/lib/python3.7/site-packages/airflow/example_dags/example_latest_only_with_trigger.py for tasks to queue
[2022-10-01 23:10:33,594] {logging_mixin.py:109} INFO - [2022-10-01 23:10:33,593] {dagbag.py:500} INFO - Filling up the DagBag from /home/airflow/.local/lib/python3.7/site-packages/airflow/example_dags/example_latest_only_with_trigger.py
[2022-10-01 23:10:33,730] {processor.py:654} INFO - DAG(s) dict_keys(['latest_only_with_trigger']) retrieved from /home/airflow/.local/lib/python3.7/site-packages/airflow/example_dags/example_latest_only_with_trigger.py
[2022-10-01 23:10:33,816] {logging_mixin.py:109} INFO - [2022-10-01 23:10:33,814] {dag.py:2396} INFO - Sync 1 DAGs
[2022-10-01 23:10:33,934] {logging_mixin.py:109} INFO - [2022-10-01 23:10:33,933] {dag.py:2935} INFO - Setting next_dagrun for latest_only_with_trigger to 2022-10-01T19:10:33.930421+00:00
[2022-10-01 23:10:33,971] {processor.py:171} INFO - Processing /home/airflow/.local/lib/python3.7/site-packages/airflow/example_dags/example_latest_only_with_trigger.py took 0.397 seconds
[2022-10-01 23:11:04,784] {processor.py:163} INFO - Started process (PID=881) to work on /home/airflow/.local/lib/python3.7/site-packages/airflow/example_dags/example_latest_only_with_trigger.py
[2022-10-01 23:11:04,790] {processor.py:642} INFO - Processing file /home/airflow/.local/lib/python3.7/site-packages/airflow/example_dags/example_latest_only_with_trigger.py for tasks to queue
[2022-10-01 23:11:04,794] {logging_mixin.py:109} INFO - [2022-10-01 23:11:04,793] {dagbag.py:500} INFO - Filling up the DagBag from /home/airflow/.local/lib/python3.7/site-packages/airflow/example_dags/example_latest_only_with_trigger.py
[2022-10-01 23:11:04,877] {processor.py:654} INFO - DAG(s) dict_keys(['latest_only_with_trigger']) retrieved from /home/airflow/.local/lib/python3.7/site-packages/airflow/example_dags/example_latest_only_with_trigger.py
[2022-10-01 23:11:04,938] {logging_mixin.py:109} INFO - [2022-10-01 23:11:04,937] {dag.py:2396} INFO - Sync 1 DAGs
[2022-10-01 23:11:05,005] {logging_mixin.py:109} INFO - [2022-10-01 23:11:05,005] {dag.py:2935} INFO - Setting next_dagrun for latest_only_with_trigger to 2022-10-01T19:11:05.003166+00:00
[2022-10-01 23:11:05,048] {processor.py:171} INFO - Processing /home/airflow/.local/lib/python3.7/site-packages/airflow/example_dags/example_latest_only_with_trigger.py took 0.270 seconds
[2022-10-01 23:11:35,127] {processor.py:163} INFO - Started process (PID=976) to work on /home/airflow/.local/lib/python3.7/site-packages/airflow/example_dags/example_latest_only_with_trigger.py
[2022-10-01 23:11:35,131] {processor.py:642} INFO - Processing file /home/airflow/.local/lib/python3.7/site-packages/airflow/example_dags/example_latest_only_with_trigger.py for tasks to queue
[2022-10-01 23:11:35,134] {logging_mixin.py:109} INFO - [2022-10-01 23:11:35,134] {dagbag.py:500} INFO - Filling up the DagBag from /home/airflow/.local/lib/python3.7/site-packages/airflow/example_dags/example_latest_only_with_trigger.py
[2022-10-01 23:11:35,195] {processor.py:654} INFO - DAG(s) dict_keys(['latest_only_with_trigger']) retrieved from /home/airflow/.local/lib/python3.7/site-packages/airflow/example_dags/example_latest_only_with_trigger.py
[2022-10-01 23:11:35,233] {logging_mixin.py:109} INFO - [2022-10-01 23:11:35,232] {dag.py:2396} INFO - Sync 1 DAGs
[2022-10-01 23:11:35,295] {logging_mixin.py:109} INFO - [2022-10-01 23:11:35,295] {dag.py:2935} INFO - Setting next_dagrun for latest_only_with_trigger to 2022-10-01T19:11:35.293040+00:00
[2022-10-01 23:11:35,325] {processor.py:171} INFO - Processing /home/airflow/.local/lib/python3.7/site-packages/airflow/example_dags/example_latest_only_with_trigger.py took 0.205 seconds
[2022-10-01 23:12:05,395] {processor.py:163} INFO - Started process (PID=1070) to work on /home/airflow/.local/lib/python3.7/site-packages/airflow/example_dags/example_latest_only_with_trigger.py
[2022-10-01 23:12:05,399] {processor.py:642} INFO - Processing file /home/airflow/.local/lib/python3.7/site-packages/airflow/example_dags/example_latest_only_with_trigger.py for tasks to queue
[2022-10-01 23:12:05,402] {logging_mixin.py:109} INFO - [2022-10-01 23:12:05,402] {dagbag.py:500} INFO - Filling up the DagBag from /home/airflow/.local/lib/python3.7/site-packages/airflow/example_dags/example_latest_only_with_trigger.py
[2022-10-01 23:12:05,462] {processor.py:654} INFO - DAG(s) dict_keys(['latest_only_with_trigger']) retrieved from /home/airflow/.local/lib/python3.7/site-packages/airflow/example_dags/example_latest_only_with_trigger.py
[2022-10-01 23:12:05,499] {logging_mixin.py:109} INFO - [2022-10-01 23:12:05,499] {dag.py:2396} INFO - Sync 1 DAGs
[2022-10-01 23:12:05,547] {logging_mixin.py:109} INFO - [2022-10-01 23:12:05,546] {dag.py:2935} INFO - Setting next_dagrun for latest_only_with_trigger to 2022-10-01T19:12:05.545659+00:00
[2022-10-01 23:12:05,570] {processor.py:171} INFO - Processing /home/airflow/.local/lib/python3.7/site-packages/airflow/example_dags/example_latest_only_with_trigger.py took 0.181 seconds
[2022-10-01 23:13:24,848] {processor.py:163} INFO - Started process (PID=1152) to work on /home/airflow/.local/lib/python3.7/site-packages/airflow/example_dags/example_latest_only_with_trigger.py
[2022-10-01 23:13:24,853] {processor.py:642} INFO - Processing file /home/airflow/.local/lib/python3.7/site-packages/airflow/example_dags/example_latest_only_with_trigger.py for tasks to queue
[2022-10-01 23:13:24,856] {logging_mixin.py:109} INFO - [2022-10-01 23:13:24,856] {dagbag.py:500} INFO - Filling up the DagBag from /home/airflow/.local/lib/python3.7/site-packages/airflow/example_dags/example_latest_only_with_trigger.py
[2022-10-01 23:13:24,916] {processor.py:654} INFO - DAG(s) dict_keys(['latest_only_with_trigger']) retrieved from /home/airflow/.local/lib/python3.7/site-packages/airflow/example_dags/example_latest_only_with_trigger.py
[2022-10-01 23:13:24,952] {logging_mixin.py:109} INFO - [2022-10-01 23:13:24,951] {dag.py:2396} INFO - Sync 1 DAGs
[2022-10-01 23:13:25,006] {logging_mixin.py:109} INFO - [2022-10-01 23:13:25,005] {dag.py:2935} INFO - Setting next_dagrun for latest_only_with_trigger to 2022-10-01T19:13:25.003558+00:00
[2022-10-01 23:13:25,032] {processor.py:171} INFO - Processing /home/airflow/.local/lib/python3.7/site-packages/airflow/example_dags/example_latest_only_with_trigger.py took 0.191 seconds
[2022-10-01 23:26:13,120] {processor.py:163} INFO - Started process (PID=1248) to work on /home/airflow/.local/lib/python3.7/site-packages/airflow/example_dags/example_latest_only_with_trigger.py
[2022-10-01 23:26:13,125] {processor.py:642} INFO - Processing file /home/airflow/.local/lib/python3.7/site-packages/airflow/example_dags/example_latest_only_with_trigger.py for tasks to queue
[2022-10-01 23:26:13,128] {logging_mixin.py:109} INFO - [2022-10-01 23:26:13,128] {dagbag.py:500} INFO - Filling up the DagBag from /home/airflow/.local/lib/python3.7/site-packages/airflow/example_dags/example_latest_only_with_trigger.py
[2022-10-01 23:26:13,299] {processor.py:654} INFO - DAG(s) dict_keys(['latest_only_with_trigger']) retrieved from /home/airflow/.local/lib/python3.7/site-packages/airflow/example_dags/example_latest_only_with_trigger.py
[2022-10-01 23:26:13,371] {logging_mixin.py:109} INFO - [2022-10-01 23:26:13,370] {dag.py:2396} INFO - Sync 1 DAGs
[2022-10-01 23:26:13,459] {logging_mixin.py:109} INFO - [2022-10-01 23:26:13,459] {dag.py:2935} INFO - Setting next_dagrun for latest_only_with_trigger to 2022-10-01T19:26:13.457329+00:00
[2022-10-01 23:26:13,505] {processor.py:171} INFO - Processing /home/airflow/.local/lib/python3.7/site-packages/airflow/example_dags/example_latest_only_with_trigger.py took 0.400 seconds
[2022-10-01 23:26:43,749] {processor.py:163} INFO - Started process (PID=1344) to work on /home/airflow/.local/lib/python3.7/site-packages/airflow/example_dags/example_latest_only_with_trigger.py
[2022-10-01 23:26:43,752] {processor.py:642} INFO - Processing file /home/airflow/.local/lib/python3.7/site-packages/airflow/example_dags/example_latest_only_with_trigger.py for tasks to queue
[2022-10-01 23:26:43,755] {logging_mixin.py:109} INFO - [2022-10-01 23:26:43,754] {dagbag.py:500} INFO - Filling up the DagBag from /home/airflow/.local/lib/python3.7/site-packages/airflow/example_dags/example_latest_only_with_trigger.py
[2022-10-01 23:26:43,813] {processor.py:654} INFO - DAG(s) dict_keys(['latest_only_with_trigger']) retrieved from /home/airflow/.local/lib/python3.7/site-packages/airflow/example_dags/example_latest_only_with_trigger.py
[2022-10-01 23:26:43,850] {logging_mixin.py:109} INFO - [2022-10-01 23:26:43,850] {dag.py:2396} INFO - Sync 1 DAGs
[2022-10-01 23:26:43,904] {logging_mixin.py:109} INFO - [2022-10-01 23:26:43,903] {dag.py:2935} INFO - Setting next_dagrun for latest_only_with_trigger to 2022-10-01T19:26:43.902242+00:00
[2022-10-01 23:26:43,929] {processor.py:171} INFO - Processing /home/airflow/.local/lib/python3.7/site-packages/airflow/example_dags/example_latest_only_with_trigger.py took 0.185 seconds
