[2022-10-01 23:09:06,028] {processor.py:163} INFO - Started process (PID=523) to work on /home/airflow/.local/lib/python3.7/site-packages/airflow/example_dags/tutorial.py
[2022-10-01 23:09:06,035] {processor.py:642} INFO - Processing file /home/airflow/.local/lib/python3.7/site-packages/airflow/example_dags/tutorial.py for tasks to queue
[2022-10-01 23:09:06,043] {logging_mixin.py:109} INFO - [2022-10-01 23:09:06,043] {dagbag.py:500} INFO - Filling up the DagBag from /home/airflow/.local/lib/python3.7/site-packages/airflow/example_dags/tutorial.py
[2022-10-01 23:09:06,154] {processor.py:654} INFO - DAG(s) dict_keys(['tutorial']) retrieved from /home/airflow/.local/lib/python3.7/site-packages/airflow/example_dags/tutorial.py
[2022-10-01 23:09:16,206] {logging_mixin.py:109} INFO - [2022-10-01 23:09:16,205] {manager.py:496} INFO - Created Permission View: can edit on DAG:tutorial
[2022-10-01 23:09:16,239] {logging_mixin.py:109} INFO - [2022-10-01 23:09:16,239] {manager.py:496} INFO - Created Permission View: can read on DAG:tutorial
[2022-10-01 23:09:16,244] {logging_mixin.py:109} INFO - [2022-10-01 23:09:16,242] {dag.py:2396} INFO - Sync 1 DAGs
[2022-10-01 23:09:16,280] {logging_mixin.py:109} INFO - [2022-10-01 23:09:16,279] {dag.py:2415} INFO - Creating ORM DAG for tutorial
[2022-10-01 23:09:16,321] {logging_mixin.py:109} INFO - [2022-10-01 23:09:16,321] {dag.py:2935} INFO - Setting next_dagrun for tutorial to 2022-09-30T23:09:16.318595+00:00
[2022-10-01 23:09:16,372] {processor.py:171} INFO - Processing /home/airflow/.local/lib/python3.7/site-packages/airflow/example_dags/tutorial.py took 10.357 seconds
[2022-10-01 23:09:46,746] {processor.py:163} INFO - Started process (PID=650) to work on /home/airflow/.local/lib/python3.7/site-packages/airflow/example_dags/tutorial.py
[2022-10-01 23:09:46,751] {processor.py:642} INFO - Processing file /home/airflow/.local/lib/python3.7/site-packages/airflow/example_dags/tutorial.py for tasks to queue
[2022-10-01 23:09:46,754] {logging_mixin.py:109} INFO - [2022-10-01 23:09:46,753] {dagbag.py:500} INFO - Filling up the DagBag from /home/airflow/.local/lib/python3.7/site-packages/airflow/example_dags/tutorial.py
[2022-10-01 23:09:46,844] {processor.py:654} INFO - DAG(s) dict_keys(['tutorial']) retrieved from /home/airflow/.local/lib/python3.7/site-packages/airflow/example_dags/tutorial.py
[2022-10-01 23:09:46,887] {logging_mixin.py:109} INFO - [2022-10-01 23:09:46,887] {dag.py:2396} INFO - Sync 1 DAGs
[2022-10-01 23:09:46,946] {logging_mixin.py:109} INFO - [2022-10-01 23:09:46,945] {dag.py:2935} INFO - Setting next_dagrun for tutorial to 2022-09-30T23:09:46.944116+00:00
[2022-10-01 23:09:46,971] {processor.py:171} INFO - Processing /home/airflow/.local/lib/python3.7/site-packages/airflow/example_dags/tutorial.py took 0.234 seconds
[2022-10-01 23:10:17,678] {processor.py:163} INFO - Started process (PID=747) to work on /home/airflow/.local/lib/python3.7/site-packages/airflow/example_dags/tutorial.py
[2022-10-01 23:10:17,682] {processor.py:642} INFO - Processing file /home/airflow/.local/lib/python3.7/site-packages/airflow/example_dags/tutorial.py for tasks to queue
[2022-10-01 23:10:17,685] {logging_mixin.py:109} INFO - [2022-10-01 23:10:17,685] {dagbag.py:500} INFO - Filling up the DagBag from /home/airflow/.local/lib/python3.7/site-packages/airflow/example_dags/tutorial.py
[2022-10-01 23:10:17,756] {processor.py:654} INFO - DAG(s) dict_keys(['tutorial']) retrieved from /home/airflow/.local/lib/python3.7/site-packages/airflow/example_dags/tutorial.py
[2022-10-01 23:10:17,799] {logging_mixin.py:109} INFO - [2022-10-01 23:10:17,799] {dag.py:2396} INFO - Sync 1 DAGs
[2022-10-01 23:10:17,857] {logging_mixin.py:109} INFO - [2022-10-01 23:10:17,857] {dag.py:2935} INFO - Setting next_dagrun for tutorial to 2022-09-30T23:10:17.854992+00:00
[2022-10-01 23:10:17,885] {processor.py:171} INFO - Processing /home/airflow/.local/lib/python3.7/site-packages/airflow/example_dags/tutorial.py took 0.215 seconds
[2022-10-01 23:10:48,881] {processor.py:163} INFO - Started process (PID=843) to work on /home/airflow/.local/lib/python3.7/site-packages/airflow/example_dags/tutorial.py
[2022-10-01 23:10:48,887] {processor.py:642} INFO - Processing file /home/airflow/.local/lib/python3.7/site-packages/airflow/example_dags/tutorial.py for tasks to queue
[2022-10-01 23:10:48,890] {logging_mixin.py:109} INFO - [2022-10-01 23:10:48,890] {dagbag.py:500} INFO - Filling up the DagBag from /home/airflow/.local/lib/python3.7/site-packages/airflow/example_dags/tutorial.py
[2022-10-01 23:10:49,001] {processor.py:654} INFO - DAG(s) dict_keys(['tutorial']) retrieved from /home/airflow/.local/lib/python3.7/site-packages/airflow/example_dags/tutorial.py
[2022-10-01 23:10:49,050] {logging_mixin.py:109} INFO - [2022-10-01 23:10:49,049] {dag.py:2396} INFO - Sync 1 DAGs
[2022-10-01 23:10:49,113] {logging_mixin.py:109} INFO - [2022-10-01 23:10:49,112] {dag.py:2935} INFO - Setting next_dagrun for tutorial to 2022-09-30T23:10:49.110082+00:00
[2022-10-01 23:10:49,142] {processor.py:171} INFO - Processing /home/airflow/.local/lib/python3.7/site-packages/airflow/example_dags/tutorial.py took 0.271 seconds
[2022-10-01 23:11:19,285] {processor.py:163} INFO - Started process (PID=940) to work on /home/airflow/.local/lib/python3.7/site-packages/airflow/example_dags/tutorial.py
[2022-10-01 23:11:19,289] {processor.py:642} INFO - Processing file /home/airflow/.local/lib/python3.7/site-packages/airflow/example_dags/tutorial.py for tasks to queue
[2022-10-01 23:11:19,292] {logging_mixin.py:109} INFO - [2022-10-01 23:11:19,291] {dagbag.py:500} INFO - Filling up the DagBag from /home/airflow/.local/lib/python3.7/site-packages/airflow/example_dags/tutorial.py
[2022-10-01 23:11:19,368] {processor.py:654} INFO - DAG(s) dict_keys(['tutorial']) retrieved from /home/airflow/.local/lib/python3.7/site-packages/airflow/example_dags/tutorial.py
[2022-10-01 23:11:19,405] {logging_mixin.py:109} INFO - [2022-10-01 23:11:19,405] {dag.py:2396} INFO - Sync 1 DAGs
[2022-10-01 23:11:19,457] {logging_mixin.py:109} INFO - [2022-10-01 23:11:19,457] {dag.py:2935} INFO - Setting next_dagrun for tutorial to 2022-09-30T23:11:19.455712+00:00
[2022-10-01 23:11:19,483] {processor.py:171} INFO - Processing /home/airflow/.local/lib/python3.7/site-packages/airflow/example_dags/tutorial.py took 0.208 seconds
[2022-10-01 23:11:50,581] {processor.py:163} INFO - Started process (PID=1036) to work on /home/airflow/.local/lib/python3.7/site-packages/airflow/example_dags/tutorial.py
[2022-10-01 23:11:50,586] {processor.py:642} INFO - Processing file /home/airflow/.local/lib/python3.7/site-packages/airflow/example_dags/tutorial.py for tasks to queue
[2022-10-01 23:11:50,590] {logging_mixin.py:109} INFO - [2022-10-01 23:11:50,589] {dagbag.py:500} INFO - Filling up the DagBag from /home/airflow/.local/lib/python3.7/site-packages/airflow/example_dags/tutorial.py
[2022-10-01 23:11:50,674] {processor.py:654} INFO - DAG(s) dict_keys(['tutorial']) retrieved from /home/airflow/.local/lib/python3.7/site-packages/airflow/example_dags/tutorial.py
[2022-10-01 23:11:50,738] {logging_mixin.py:109} INFO - [2022-10-01 23:11:50,737] {dag.py:2396} INFO - Sync 1 DAGs
[2022-10-01 23:11:50,823] {logging_mixin.py:109} INFO - [2022-10-01 23:11:50,823] {dag.py:2935} INFO - Setting next_dagrun for tutorial to 2022-09-30T23:11:50.820931+00:00
[2022-10-01 23:11:50,856] {processor.py:171} INFO - Processing /home/airflow/.local/lib/python3.7/site-packages/airflow/example_dags/tutorial.py took 0.285 seconds
[2022-10-01 23:12:20,988] {processor.py:163} INFO - Started process (PID=1132) to work on /home/airflow/.local/lib/python3.7/site-packages/airflow/example_dags/tutorial.py
[2022-10-01 23:12:20,991] {processor.py:642} INFO - Processing file /home/airflow/.local/lib/python3.7/site-packages/airflow/example_dags/tutorial.py for tasks to queue
[2022-10-01 23:12:20,994] {logging_mixin.py:109} INFO - [2022-10-01 23:12:20,993] {dagbag.py:500} INFO - Filling up the DagBag from /home/airflow/.local/lib/python3.7/site-packages/airflow/example_dags/tutorial.py
[2022-10-01 23:12:21,059] {processor.py:654} INFO - DAG(s) dict_keys(['tutorial']) retrieved from /home/airflow/.local/lib/python3.7/site-packages/airflow/example_dags/tutorial.py
[2022-10-01 23:12:21,094] {logging_mixin.py:109} INFO - [2022-10-01 23:12:21,094] {dag.py:2396} INFO - Sync 1 DAGs
[2022-10-01 23:12:21,150] {logging_mixin.py:109} INFO - [2022-10-01 23:12:21,150] {dag.py:2935} INFO - Setting next_dagrun for tutorial to 2022-09-30T23:12:21.148665+00:00
[2022-10-01 23:12:21,175] {processor.py:171} INFO - Processing /home/airflow/.local/lib/python3.7/site-packages/airflow/example_dags/tutorial.py took 0.193 seconds
[2022-10-01 23:13:27,954] {processor.py:163} INFO - Started process (PID=1186) to work on /home/airflow/.local/lib/python3.7/site-packages/airflow/example_dags/tutorial.py
[2022-10-01 23:13:27,958] {processor.py:642} INFO - Processing file /home/airflow/.local/lib/python3.7/site-packages/airflow/example_dags/tutorial.py for tasks to queue
[2022-10-01 23:13:27,961] {logging_mixin.py:109} INFO - [2022-10-01 23:13:27,960] {dagbag.py:500} INFO - Filling up the DagBag from /home/airflow/.local/lib/python3.7/site-packages/airflow/example_dags/tutorial.py
[2022-10-01 23:13:28,025] {processor.py:654} INFO - DAG(s) dict_keys(['tutorial']) retrieved from /home/airflow/.local/lib/python3.7/site-packages/airflow/example_dags/tutorial.py
[2022-10-01 23:13:28,062] {logging_mixin.py:109} INFO - [2022-10-01 23:13:28,062] {dag.py:2396} INFO - Sync 1 DAGs
[2022-10-01 23:13:28,115] {logging_mixin.py:109} INFO - [2022-10-01 23:13:28,114] {dag.py:2935} INFO - Setting next_dagrun for tutorial to 2022-09-30T23:13:28.113086+00:00
[2022-10-01 23:13:28,140] {processor.py:171} INFO - Processing /home/airflow/.local/lib/python3.7/site-packages/airflow/example_dags/tutorial.py took 0.192 seconds
[2022-10-01 23:26:18,581] {processor.py:163} INFO - Started process (PID=1292) to work on /home/airflow/.local/lib/python3.7/site-packages/airflow/example_dags/tutorial.py
[2022-10-01 23:26:18,587] {processor.py:642} INFO - Processing file /home/airflow/.local/lib/python3.7/site-packages/airflow/example_dags/tutorial.py for tasks to queue
[2022-10-01 23:26:18,593] {logging_mixin.py:109} INFO - [2022-10-01 23:26:18,591] {dagbag.py:500} INFO - Filling up the DagBag from /home/airflow/.local/lib/python3.7/site-packages/airflow/example_dags/tutorial.py
[2022-10-01 23:26:18,706] {processor.py:654} INFO - DAG(s) dict_keys(['tutorial']) retrieved from /home/airflow/.local/lib/python3.7/site-packages/airflow/example_dags/tutorial.py
[2022-10-01 23:26:18,768] {logging_mixin.py:109} INFO - [2022-10-01 23:26:18,768] {dag.py:2396} INFO - Sync 1 DAGs
[2022-10-01 23:26:18,826] {logging_mixin.py:109} INFO - [2022-10-01 23:26:18,825] {dag.py:2935} INFO - Setting next_dagrun for tutorial to 2022-09-30T23:26:18.823973+00:00
[2022-10-01 23:26:18,871] {processor.py:171} INFO - Processing /home/airflow/.local/lib/python3.7/site-packages/airflow/example_dags/tutorial.py took 0.304 seconds
[2022-10-01 23:26:49,054] {processor.py:163} INFO - Started process (PID=1388) to work on /home/airflow/.local/lib/python3.7/site-packages/airflow/example_dags/tutorial.py
[2022-10-01 23:26:49,058] {processor.py:642} INFO - Processing file /home/airflow/.local/lib/python3.7/site-packages/airflow/example_dags/tutorial.py for tasks to queue
[2022-10-01 23:26:49,061] {logging_mixin.py:109} INFO - [2022-10-01 23:26:49,061] {dagbag.py:500} INFO - Filling up the DagBag from /home/airflow/.local/lib/python3.7/site-packages/airflow/example_dags/tutorial.py
[2022-10-01 23:26:49,123] {processor.py:654} INFO - DAG(s) dict_keys(['tutorial']) retrieved from /home/airflow/.local/lib/python3.7/site-packages/airflow/example_dags/tutorial.py
[2022-10-01 23:26:49,159] {logging_mixin.py:109} INFO - [2022-10-01 23:26:49,158] {dag.py:2396} INFO - Sync 1 DAGs
[2022-10-01 23:26:49,209] {logging_mixin.py:109} INFO - [2022-10-01 23:26:49,208] {dag.py:2935} INFO - Setting next_dagrun for tutorial to 2022-09-30T23:26:49.207346+00:00
[2022-10-01 23:26:49,233] {processor.py:171} INFO - Processing /home/airflow/.local/lib/python3.7/site-packages/airflow/example_dags/tutorial.py took 0.185 seconds
