[2022-10-01 23:07:27,184] {processor.py:163} INFO - Started process (PID=316) to work on /home/airflow/.local/lib/python3.7/site-packages/airflow/example_dags/tutorial_etl_dag.py
[2022-10-01 23:07:27,193] {processor.py:642} INFO - Processing file /home/airflow/.local/lib/python3.7/site-packages/airflow/example_dags/tutorial_etl_dag.py for tasks to queue
[2022-10-01 23:07:27,199] {logging_mixin.py:109} INFO - [2022-10-01 23:07:27,199] {dagbag.py:500} INFO - Filling up the DagBag from /home/airflow/.local/lib/python3.7/site-packages/airflow/example_dags/tutorial_etl_dag.py
[2022-10-01 23:07:27,413] {processor.py:654} INFO - DAG(s) dict_keys(['tutorial_etl_dag']) retrieved from /home/airflow/.local/lib/python3.7/site-packages/airflow/example_dags/tutorial_etl_dag.py
[2022-10-01 23:07:40,569] {logging_mixin.py:109} INFO - [2022-10-01 23:07:40,568] {manager.py:496} INFO - Created Permission View: can edit on DAG:tutorial_etl_dag
[2022-10-01 23:07:40,596] {logging_mixin.py:109} INFO - [2022-10-01 23:07:40,595] {manager.py:496} INFO - Created Permission View: can read on DAG:tutorial_etl_dag
[2022-10-01 23:07:40,599] {logging_mixin.py:109} INFO - [2022-10-01 23:07:40,598] {dag.py:2396} INFO - Sync 1 DAGs
[2022-10-01 23:07:40,629] {logging_mixin.py:109} INFO - [2022-10-01 23:07:40,628] {dag.py:2415} INFO - Creating ORM DAG for tutorial_etl_dag
[2022-10-01 23:07:40,662] {logging_mixin.py:109} INFO - [2022-10-01 23:07:40,662] {dag.py:2935} INFO - Setting next_dagrun for tutorial_etl_dag to None
[2022-10-01 23:07:40,703] {processor.py:171} INFO - Processing /home/airflow/.local/lib/python3.7/site-packages/airflow/example_dags/tutorial_etl_dag.py took 13.550 seconds
[2022-10-01 23:09:32,534] {processor.py:163} INFO - Started process (PID=600) to work on /home/airflow/.local/lib/python3.7/site-packages/airflow/example_dags/tutorial_etl_dag.py
[2022-10-01 23:09:32,538] {processor.py:642} INFO - Processing file /home/airflow/.local/lib/python3.7/site-packages/airflow/example_dags/tutorial_etl_dag.py for tasks to queue
[2022-10-01 23:09:32,541] {logging_mixin.py:109} INFO - [2022-10-01 23:09:32,540] {dagbag.py:500} INFO - Filling up the DagBag from /home/airflow/.local/lib/python3.7/site-packages/airflow/example_dags/tutorial_etl_dag.py
[2022-10-01 23:09:32,609] {processor.py:654} INFO - DAG(s) dict_keys(['tutorial_etl_dag']) retrieved from /home/airflow/.local/lib/python3.7/site-packages/airflow/example_dags/tutorial_etl_dag.py
[2022-10-01 23:09:32,645] {logging_mixin.py:109} INFO - [2022-10-01 23:09:32,644] {dag.py:2396} INFO - Sync 1 DAGs
[2022-10-01 23:09:32,704] {logging_mixin.py:109} INFO - [2022-10-01 23:09:32,703] {dag.py:2935} INFO - Setting next_dagrun for tutorial_etl_dag to None
[2022-10-01 23:09:32,730] {processor.py:171} INFO - Processing /home/airflow/.local/lib/python3.7/site-packages/airflow/example_dags/tutorial_etl_dag.py took 0.202 seconds
[2022-10-01 23:10:03,143] {processor.py:163} INFO - Started process (PID=694) to work on /home/airflow/.local/lib/python3.7/site-packages/airflow/example_dags/tutorial_etl_dag.py
[2022-10-01 23:10:03,146] {processor.py:642} INFO - Processing file /home/airflow/.local/lib/python3.7/site-packages/airflow/example_dags/tutorial_etl_dag.py for tasks to queue
[2022-10-01 23:10:03,149] {logging_mixin.py:109} INFO - [2022-10-01 23:10:03,148] {dagbag.py:500} INFO - Filling up the DagBag from /home/airflow/.local/lib/python3.7/site-packages/airflow/example_dags/tutorial_etl_dag.py
[2022-10-01 23:10:03,205] {processor.py:654} INFO - DAG(s) dict_keys(['tutorial_etl_dag']) retrieved from /home/airflow/.local/lib/python3.7/site-packages/airflow/example_dags/tutorial_etl_dag.py
[2022-10-01 23:10:03,237] {logging_mixin.py:109} INFO - [2022-10-01 23:10:03,237] {dag.py:2396} INFO - Sync 1 DAGs
[2022-10-01 23:10:03,292] {logging_mixin.py:109} INFO - [2022-10-01 23:10:03,291] {dag.py:2935} INFO - Setting next_dagrun for tutorial_etl_dag to None
[2022-10-01 23:10:03,315] {processor.py:171} INFO - Processing /home/airflow/.local/lib/python3.7/site-packages/airflow/example_dags/tutorial_etl_dag.py took 0.179 seconds
[2022-10-01 23:10:34,316] {processor.py:163} INFO - Started process (PID=791) to work on /home/airflow/.local/lib/python3.7/site-packages/airflow/example_dags/tutorial_etl_dag.py
[2022-10-01 23:10:34,321] {processor.py:642} INFO - Processing file /home/airflow/.local/lib/python3.7/site-packages/airflow/example_dags/tutorial_etl_dag.py for tasks to queue
[2022-10-01 23:10:34,326] {logging_mixin.py:109} INFO - [2022-10-01 23:10:34,325] {dagbag.py:500} INFO - Filling up the DagBag from /home/airflow/.local/lib/python3.7/site-packages/airflow/example_dags/tutorial_etl_dag.py
[2022-10-01 23:10:34,425] {processor.py:654} INFO - DAG(s) dict_keys(['tutorial_etl_dag']) retrieved from /home/airflow/.local/lib/python3.7/site-packages/airflow/example_dags/tutorial_etl_dag.py
[2022-10-01 23:10:34,481] {logging_mixin.py:109} INFO - [2022-10-01 23:10:34,480] {dag.py:2396} INFO - Sync 1 DAGs
[2022-10-01 23:10:34,587] {logging_mixin.py:109} INFO - [2022-10-01 23:10:34,586] {dag.py:2935} INFO - Setting next_dagrun for tutorial_etl_dag to None
[2022-10-01 23:10:34,642] {processor.py:171} INFO - Processing /home/airflow/.local/lib/python3.7/site-packages/airflow/example_dags/tutorial_etl_dag.py took 0.333 seconds
[2022-10-01 23:11:05,302] {processor.py:163} INFO - Started process (PID=885) to work on /home/airflow/.local/lib/python3.7/site-packages/airflow/example_dags/tutorial_etl_dag.py
[2022-10-01 23:11:05,306] {processor.py:642} INFO - Processing file /home/airflow/.local/lib/python3.7/site-packages/airflow/example_dags/tutorial_etl_dag.py for tasks to queue
[2022-10-01 23:11:05,311] {logging_mixin.py:109} INFO - [2022-10-01 23:11:05,311] {dagbag.py:500} INFO - Filling up the DagBag from /home/airflow/.local/lib/python3.7/site-packages/airflow/example_dags/tutorial_etl_dag.py
[2022-10-01 23:11:05,403] {processor.py:654} INFO - DAG(s) dict_keys(['tutorial_etl_dag']) retrieved from /home/airflow/.local/lib/python3.7/site-packages/airflow/example_dags/tutorial_etl_dag.py
[2022-10-01 23:11:05,449] {logging_mixin.py:109} INFO - [2022-10-01 23:11:05,449] {dag.py:2396} INFO - Sync 1 DAGs
[2022-10-01 23:11:05,516] {logging_mixin.py:109} INFO - [2022-10-01 23:11:05,516] {dag.py:2935} INFO - Setting next_dagrun for tutorial_etl_dag to None
[2022-10-01 23:11:05,546] {processor.py:171} INFO - Processing /home/airflow/.local/lib/python3.7/site-packages/airflow/example_dags/tutorial_etl_dag.py took 0.252 seconds
[2022-10-01 23:11:35,819] {processor.py:163} INFO - Started process (PID=982) to work on /home/airflow/.local/lib/python3.7/site-packages/airflow/example_dags/tutorial_etl_dag.py
[2022-10-01 23:11:35,825] {processor.py:642} INFO - Processing file /home/airflow/.local/lib/python3.7/site-packages/airflow/example_dags/tutorial_etl_dag.py for tasks to queue
[2022-10-01 23:11:35,827] {logging_mixin.py:109} INFO - [2022-10-01 23:11:35,827] {dagbag.py:500} INFO - Filling up the DagBag from /home/airflow/.local/lib/python3.7/site-packages/airflow/example_dags/tutorial_etl_dag.py
[2022-10-01 23:11:35,901] {processor.py:654} INFO - DAG(s) dict_keys(['tutorial_etl_dag']) retrieved from /home/airflow/.local/lib/python3.7/site-packages/airflow/example_dags/tutorial_etl_dag.py
[2022-10-01 23:11:35,950] {logging_mixin.py:109} INFO - [2022-10-01 23:11:35,949] {dag.py:2396} INFO - Sync 1 DAGs
[2022-10-01 23:11:36,022] {logging_mixin.py:109} INFO - [2022-10-01 23:11:36,021] {dag.py:2935} INFO - Setting next_dagrun for tutorial_etl_dag to None
[2022-10-01 23:11:36,066] {processor.py:171} INFO - Processing /home/airflow/.local/lib/python3.7/site-packages/airflow/example_dags/tutorial_etl_dag.py took 0.253 seconds
[2022-10-01 23:12:06,693] {processor.py:163} INFO - Started process (PID=1076) to work on /home/airflow/.local/lib/python3.7/site-packages/airflow/example_dags/tutorial_etl_dag.py
[2022-10-01 23:12:06,696] {processor.py:642} INFO - Processing file /home/airflow/.local/lib/python3.7/site-packages/airflow/example_dags/tutorial_etl_dag.py for tasks to queue
[2022-10-01 23:12:06,699] {logging_mixin.py:109} INFO - [2022-10-01 23:12:06,698] {dagbag.py:500} INFO - Filling up the DagBag from /home/airflow/.local/lib/python3.7/site-packages/airflow/example_dags/tutorial_etl_dag.py
[2022-10-01 23:12:06,764] {processor.py:654} INFO - DAG(s) dict_keys(['tutorial_etl_dag']) retrieved from /home/airflow/.local/lib/python3.7/site-packages/airflow/example_dags/tutorial_etl_dag.py
[2022-10-01 23:12:06,800] {logging_mixin.py:109} INFO - [2022-10-01 23:12:06,800] {dag.py:2396} INFO - Sync 1 DAGs
[2022-10-01 23:12:06,854] {logging_mixin.py:109} INFO - [2022-10-01 23:12:06,854] {dag.py:2935} INFO - Setting next_dagrun for tutorial_etl_dag to None
[2022-10-01 23:12:06,881] {processor.py:171} INFO - Processing /home/airflow/.local/lib/python3.7/site-packages/airflow/example_dags/tutorial_etl_dag.py took 0.194 seconds
[2022-10-01 23:13:25,182] {processor.py:163} INFO - Started process (PID=1156) to work on /home/airflow/.local/lib/python3.7/site-packages/airflow/example_dags/tutorial_etl_dag.py
[2022-10-01 23:13:25,187] {processor.py:642} INFO - Processing file /home/airflow/.local/lib/python3.7/site-packages/airflow/example_dags/tutorial_etl_dag.py for tasks to queue
[2022-10-01 23:13:25,189] {logging_mixin.py:109} INFO - [2022-10-01 23:13:25,189] {dagbag.py:500} INFO - Filling up the DagBag from /home/airflow/.local/lib/python3.7/site-packages/airflow/example_dags/tutorial_etl_dag.py
[2022-10-01 23:13:25,252] {processor.py:654} INFO - DAG(s) dict_keys(['tutorial_etl_dag']) retrieved from /home/airflow/.local/lib/python3.7/site-packages/airflow/example_dags/tutorial_etl_dag.py
[2022-10-01 23:13:25,290] {logging_mixin.py:109} INFO - [2022-10-01 23:13:25,289] {dag.py:2396} INFO - Sync 1 DAGs
[2022-10-01 23:13:25,346] {logging_mixin.py:109} INFO - [2022-10-01 23:13:25,346] {dag.py:2935} INFO - Setting next_dagrun for tutorial_etl_dag to None
[2022-10-01 23:13:25,373] {processor.py:171} INFO - Processing /home/airflow/.local/lib/python3.7/site-packages/airflow/example_dags/tutorial_etl_dag.py took 0.197 seconds
[2022-10-01 23:26:13,565] {processor.py:163} INFO - Started process (PID=1252) to work on /home/airflow/.local/lib/python3.7/site-packages/airflow/example_dags/tutorial_etl_dag.py
[2022-10-01 23:26:13,573] {processor.py:642} INFO - Processing file /home/airflow/.local/lib/python3.7/site-packages/airflow/example_dags/tutorial_etl_dag.py for tasks to queue
[2022-10-01 23:26:13,577] {logging_mixin.py:109} INFO - [2022-10-01 23:26:13,577] {dagbag.py:500} INFO - Filling up the DagBag from /home/airflow/.local/lib/python3.7/site-packages/airflow/example_dags/tutorial_etl_dag.py
[2022-10-01 23:26:13,687] {processor.py:654} INFO - DAG(s) dict_keys(['tutorial_etl_dag']) retrieved from /home/airflow/.local/lib/python3.7/site-packages/airflow/example_dags/tutorial_etl_dag.py
[2022-10-01 23:26:13,761] {logging_mixin.py:109} INFO - [2022-10-01 23:26:13,761] {dag.py:2396} INFO - Sync 1 DAGs
[2022-10-01 23:26:13,822] {logging_mixin.py:109} INFO - [2022-10-01 23:26:13,821] {dag.py:2935} INFO - Setting next_dagrun for tutorial_etl_dag to None
[2022-10-01 23:26:13,859] {processor.py:171} INFO - Processing /home/airflow/.local/lib/python3.7/site-packages/airflow/example_dags/tutorial_etl_dag.py took 0.314 seconds
[2022-10-01 23:26:44,191] {processor.py:163} INFO - Started process (PID=1348) to work on /home/airflow/.local/lib/python3.7/site-packages/airflow/example_dags/tutorial_etl_dag.py
[2022-10-01 23:26:44,195] {processor.py:642} INFO - Processing file /home/airflow/.local/lib/python3.7/site-packages/airflow/example_dags/tutorial_etl_dag.py for tasks to queue
[2022-10-01 23:26:44,198] {logging_mixin.py:109} INFO - [2022-10-01 23:26:44,197] {dagbag.py:500} INFO - Filling up the DagBag from /home/airflow/.local/lib/python3.7/site-packages/airflow/example_dags/tutorial_etl_dag.py
[2022-10-01 23:26:44,265] {processor.py:654} INFO - DAG(s) dict_keys(['tutorial_etl_dag']) retrieved from /home/airflow/.local/lib/python3.7/site-packages/airflow/example_dags/tutorial_etl_dag.py
[2022-10-01 23:26:44,300] {logging_mixin.py:109} INFO - [2022-10-01 23:26:44,300] {dag.py:2396} INFO - Sync 1 DAGs
[2022-10-01 23:26:44,355] {logging_mixin.py:109} INFO - [2022-10-01 23:26:44,355] {dag.py:2935} INFO - Setting next_dagrun for tutorial_etl_dag to None
[2022-10-01 23:26:44,381] {processor.py:171} INFO - Processing /home/airflow/.local/lib/python3.7/site-packages/airflow/example_dags/tutorial_etl_dag.py took 0.197 seconds
