[2022-10-01 23:07:40,839] {processor.py:163} INFO - Started process (PID=336) to work on /home/airflow/.local/lib/python3.7/site-packages/airflow/example_dags/tutorial_taskflow_api_etl.py
[2022-10-01 23:07:40,844] {processor.py:642} INFO - Processing file /home/airflow/.local/lib/python3.7/site-packages/airflow/example_dags/tutorial_taskflow_api_etl.py for tasks to queue
[2022-10-01 23:07:40,847] {logging_mixin.py:109} INFO - [2022-10-01 23:07:40,847] {dagbag.py:500} INFO - Filling up the DagBag from /home/airflow/.local/lib/python3.7/site-packages/airflow/example_dags/tutorial_taskflow_api_etl.py
[2022-10-01 23:07:40,958] {processor.py:654} INFO - DAG(s) dict_keys(['tutorial_taskflow_api_etl']) retrieved from /home/airflow/.local/lib/python3.7/site-packages/airflow/example_dags/tutorial_taskflow_api_etl.py
[2022-10-01 23:07:50,930] {logging_mixin.py:109} INFO - [2022-10-01 23:07:50,929] {manager.py:496} INFO - Created Permission View: can edit on DAG:tutorial_taskflow_api_etl
[2022-10-01 23:07:50,965] {logging_mixin.py:109} INFO - [2022-10-01 23:07:50,965] {manager.py:496} INFO - Created Permission View: can read on DAG:tutorial_taskflow_api_etl
[2022-10-01 23:07:50,969] {logging_mixin.py:109} INFO - [2022-10-01 23:07:50,967] {dag.py:2396} INFO - Sync 1 DAGs
[2022-10-01 23:07:51,003] {logging_mixin.py:109} INFO - [2022-10-01 23:07:51,001] {dag.py:2415} INFO - Creating ORM DAG for tutorial_taskflow_api_etl
[2022-10-01 23:07:51,035] {logging_mixin.py:109} INFO - [2022-10-01 23:07:51,035] {dag.py:2935} INFO - Setting next_dagrun for tutorial_taskflow_api_etl to None
[2022-10-01 23:07:51,083] {processor.py:171} INFO - Processing /home/airflow/.local/lib/python3.7/site-packages/airflow/example_dags/tutorial_taskflow_api_etl.py took 10.253 seconds
[2022-10-01 23:09:32,765] {processor.py:163} INFO - Started process (PID=602) to work on /home/airflow/.local/lib/python3.7/site-packages/airflow/example_dags/tutorial_taskflow_api_etl.py
[2022-10-01 23:09:32,770] {processor.py:642} INFO - Processing file /home/airflow/.local/lib/python3.7/site-packages/airflow/example_dags/tutorial_taskflow_api_etl.py for tasks to queue
[2022-10-01 23:09:32,773] {logging_mixin.py:109} INFO - [2022-10-01 23:09:32,773] {dagbag.py:500} INFO - Filling up the DagBag from /home/airflow/.local/lib/python3.7/site-packages/airflow/example_dags/tutorial_taskflow_api_etl.py
[2022-10-01 23:09:32,848] {processor.py:654} INFO - DAG(s) dict_keys(['tutorial_taskflow_api_etl']) retrieved from /home/airflow/.local/lib/python3.7/site-packages/airflow/example_dags/tutorial_taskflow_api_etl.py
[2022-10-01 23:09:33,993] {logging_mixin.py:109} INFO - [2022-10-01 23:09:33,992] {dag.py:2396} INFO - Sync 1 DAGs
[2022-10-01 23:09:34,053] {logging_mixin.py:109} INFO - [2022-10-01 23:09:34,052] {dag.py:2935} INFO - Setting next_dagrun for tutorial_taskflow_api_etl to None
[2022-10-01 23:09:34,088] {processor.py:171} INFO - Processing /home/airflow/.local/lib/python3.7/site-packages/airflow/example_dags/tutorial_taskflow_api_etl.py took 1.329 seconds
[2022-10-01 23:10:04,166] {processor.py:163} INFO - Started process (PID=696) to work on /home/airflow/.local/lib/python3.7/site-packages/airflow/example_dags/tutorial_taskflow_api_etl.py
[2022-10-01 23:10:04,170] {processor.py:642} INFO - Processing file /home/airflow/.local/lib/python3.7/site-packages/airflow/example_dags/tutorial_taskflow_api_etl.py for tasks to queue
[2022-10-01 23:10:04,173] {logging_mixin.py:109} INFO - [2022-10-01 23:10:04,173] {dagbag.py:500} INFO - Filling up the DagBag from /home/airflow/.local/lib/python3.7/site-packages/airflow/example_dags/tutorial_taskflow_api_etl.py
[2022-10-01 23:10:04,258] {processor.py:654} INFO - DAG(s) dict_keys(['tutorial_taskflow_api_etl']) retrieved from /home/airflow/.local/lib/python3.7/site-packages/airflow/example_dags/tutorial_taskflow_api_etl.py
[2022-10-01 23:10:05,294] {logging_mixin.py:109} INFO - [2022-10-01 23:10:05,293] {dag.py:2396} INFO - Sync 1 DAGs
[2022-10-01 23:10:05,353] {logging_mixin.py:109} INFO - [2022-10-01 23:10:05,353] {dag.py:2935} INFO - Setting next_dagrun for tutorial_taskflow_api_etl to None
[2022-10-01 23:10:05,418] {processor.py:171} INFO - Processing /home/airflow/.local/lib/python3.7/site-packages/airflow/example_dags/tutorial_taskflow_api_etl.py took 1.258 seconds
[2022-10-01 23:10:36,108] {processor.py:163} INFO - Started process (PID=799) to work on /home/airflow/.local/lib/python3.7/site-packages/airflow/example_dags/tutorial_taskflow_api_etl.py
[2022-10-01 23:10:36,118] {processor.py:642} INFO - Processing file /home/airflow/.local/lib/python3.7/site-packages/airflow/example_dags/tutorial_taskflow_api_etl.py for tasks to queue
[2022-10-01 23:10:36,121] {logging_mixin.py:109} INFO - [2022-10-01 23:10:36,121] {dagbag.py:500} INFO - Filling up the DagBag from /home/airflow/.local/lib/python3.7/site-packages/airflow/example_dags/tutorial_taskflow_api_etl.py
[2022-10-01 23:10:36,240] {processor.py:654} INFO - DAG(s) dict_keys(['tutorial_taskflow_api_etl']) retrieved from /home/airflow/.local/lib/python3.7/site-packages/airflow/example_dags/tutorial_taskflow_api_etl.py
[2022-10-01 23:10:37,460] {logging_mixin.py:109} INFO - [2022-10-01 23:10:37,460] {dag.py:2396} INFO - Sync 1 DAGs
[2022-10-01 23:10:37,532] {logging_mixin.py:109} INFO - [2022-10-01 23:10:37,532] {dag.py:2935} INFO - Setting next_dagrun for tutorial_taskflow_api_etl to None
[2022-10-01 23:10:37,581] {processor.py:171} INFO - Processing /home/airflow/.local/lib/python3.7/site-packages/airflow/example_dags/tutorial_taskflow_api_etl.py took 1.481 seconds
[2022-10-01 23:11:08,010] {processor.py:163} INFO - Started process (PID=912) to work on /home/airflow/.local/lib/python3.7/site-packages/airflow/example_dags/tutorial_taskflow_api_etl.py
[2022-10-01 23:11:08,014] {processor.py:642} INFO - Processing file /home/airflow/.local/lib/python3.7/site-packages/airflow/example_dags/tutorial_taskflow_api_etl.py for tasks to queue
[2022-10-01 23:11:08,017] {logging_mixin.py:109} INFO - [2022-10-01 23:11:08,016] {dagbag.py:500} INFO - Filling up the DagBag from /home/airflow/.local/lib/python3.7/site-packages/airflow/example_dags/tutorial_taskflow_api_etl.py
[2022-10-01 23:11:08,092] {processor.py:654} INFO - DAG(s) dict_keys(['tutorial_taskflow_api_etl']) retrieved from /home/airflow/.local/lib/python3.7/site-packages/airflow/example_dags/tutorial_taskflow_api_etl.py
[2022-10-01 23:11:09,044] {logging_mixin.py:109} INFO - [2022-10-01 23:11:09,043] {dag.py:2396} INFO - Sync 1 DAGs
[2022-10-01 23:11:09,110] {logging_mixin.py:109} INFO - [2022-10-01 23:11:09,109] {dag.py:2935} INFO - Setting next_dagrun for tutorial_taskflow_api_etl to None
[2022-10-01 23:11:09,149] {processor.py:171} INFO - Processing /home/airflow/.local/lib/python3.7/site-packages/airflow/example_dags/tutorial_taskflow_api_etl.py took 1.145 seconds
[2022-10-01 23:11:39,894] {processor.py:163} INFO - Started process (PID=1008) to work on /home/airflow/.local/lib/python3.7/site-packages/airflow/example_dags/tutorial_taskflow_api_etl.py
[2022-10-01 23:11:39,899] {processor.py:642} INFO - Processing file /home/airflow/.local/lib/python3.7/site-packages/airflow/example_dags/tutorial_taskflow_api_etl.py for tasks to queue
[2022-10-01 23:11:39,902] {logging_mixin.py:109} INFO - [2022-10-01 23:11:39,902] {dagbag.py:500} INFO - Filling up the DagBag from /home/airflow/.local/lib/python3.7/site-packages/airflow/example_dags/tutorial_taskflow_api_etl.py
[2022-10-01 23:11:40,004] {processor.py:654} INFO - DAG(s) dict_keys(['tutorial_taskflow_api_etl']) retrieved from /home/airflow/.local/lib/python3.7/site-packages/airflow/example_dags/tutorial_taskflow_api_etl.py
[2022-10-01 23:11:41,168] {logging_mixin.py:109} INFO - [2022-10-01 23:11:41,167] {dag.py:2396} INFO - Sync 1 DAGs
[2022-10-01 23:11:41,223] {logging_mixin.py:109} INFO - [2022-10-01 23:11:41,222] {dag.py:2935} INFO - Setting next_dagrun for tutorial_taskflow_api_etl to None
[2022-10-01 23:11:41,255] {processor.py:171} INFO - Processing /home/airflow/.local/lib/python3.7/site-packages/airflow/example_dags/tutorial_taskflow_api_etl.py took 1.370 seconds
[2022-10-01 23:12:11,390] {processor.py:163} INFO - Started process (PID=1108) to work on /home/airflow/.local/lib/python3.7/site-packages/airflow/example_dags/tutorial_taskflow_api_etl.py
[2022-10-01 23:12:11,394] {processor.py:642} INFO - Processing file /home/airflow/.local/lib/python3.7/site-packages/airflow/example_dags/tutorial_taskflow_api_etl.py for tasks to queue
[2022-10-01 23:12:11,397] {logging_mixin.py:109} INFO - [2022-10-01 23:12:11,396] {dagbag.py:500} INFO - Filling up the DagBag from /home/airflow/.local/lib/python3.7/site-packages/airflow/example_dags/tutorial_taskflow_api_etl.py
[2022-10-01 23:12:11,469] {processor.py:654} INFO - DAG(s) dict_keys(['tutorial_taskflow_api_etl']) retrieved from /home/airflow/.local/lib/python3.7/site-packages/airflow/example_dags/tutorial_taskflow_api_etl.py
[2022-10-01 23:12:12,474] {logging_mixin.py:109} INFO - [2022-10-01 23:12:12,474] {dag.py:2396} INFO - Sync 1 DAGs
[2022-10-01 23:12:12,533] {logging_mixin.py:109} INFO - [2022-10-01 23:12:12,533] {dag.py:2935} INFO - Setting next_dagrun for tutorial_taskflow_api_etl to None
[2022-10-01 23:12:12,568] {processor.py:171} INFO - Processing /home/airflow/.local/lib/python3.7/site-packages/airflow/example_dags/tutorial_taskflow_api_etl.py took 1.184 seconds
[2022-10-01 23:13:25,310] {processor.py:163} INFO - Started process (PID=1158) to work on /home/airflow/.local/lib/python3.7/site-packages/airflow/example_dags/tutorial_taskflow_api_etl.py
[2022-10-01 23:13:25,317] {processor.py:642} INFO - Processing file /home/airflow/.local/lib/python3.7/site-packages/airflow/example_dags/tutorial_taskflow_api_etl.py for tasks to queue
[2022-10-01 23:13:25,320] {logging_mixin.py:109} INFO - [2022-10-01 23:13:25,320] {dagbag.py:500} INFO - Filling up the DagBag from /home/airflow/.local/lib/python3.7/site-packages/airflow/example_dags/tutorial_taskflow_api_etl.py
[2022-10-01 23:13:25,410] {processor.py:654} INFO - DAG(s) dict_keys(['tutorial_taskflow_api_etl']) retrieved from /home/airflow/.local/lib/python3.7/site-packages/airflow/example_dags/tutorial_taskflow_api_etl.py
[2022-10-01 23:13:26,369] {logging_mixin.py:109} INFO - [2022-10-01 23:13:26,369] {dag.py:2396} INFO - Sync 1 DAGs
[2022-10-01 23:13:26,420] {logging_mixin.py:109} INFO - [2022-10-01 23:13:26,420] {dag.py:2935} INFO - Setting next_dagrun for tutorial_taskflow_api_etl to None
[2022-10-01 23:13:26,454] {processor.py:171} INFO - Processing /home/airflow/.local/lib/python3.7/site-packages/airflow/example_dags/tutorial_taskflow_api_etl.py took 1.151 seconds
[2022-10-01 23:26:13,917] {processor.py:163} INFO - Started process (PID=1254) to work on /home/airflow/.local/lib/python3.7/site-packages/airflow/example_dags/tutorial_taskflow_api_etl.py
[2022-10-01 23:26:13,923] {processor.py:642} INFO - Processing file /home/airflow/.local/lib/python3.7/site-packages/airflow/example_dags/tutorial_taskflow_api_etl.py for tasks to queue
[2022-10-01 23:26:13,926] {logging_mixin.py:109} INFO - [2022-10-01 23:26:13,926] {dagbag.py:500} INFO - Filling up the DagBag from /home/airflow/.local/lib/python3.7/site-packages/airflow/example_dags/tutorial_taskflow_api_etl.py
[2022-10-01 23:26:14,073] {processor.py:654} INFO - DAG(s) dict_keys(['tutorial_taskflow_api_etl']) retrieved from /home/airflow/.local/lib/python3.7/site-packages/airflow/example_dags/tutorial_taskflow_api_etl.py
[2022-10-01 23:26:15,414] {logging_mixin.py:109} INFO - [2022-10-01 23:26:15,411] {dag.py:2396} INFO - Sync 1 DAGs
[2022-10-01 23:26:15,497] {logging_mixin.py:109} INFO - [2022-10-01 23:26:15,496] {dag.py:2935} INFO - Setting next_dagrun for tutorial_taskflow_api_etl to None
[2022-10-01 23:26:15,584] {processor.py:171} INFO - Processing /home/airflow/.local/lib/python3.7/site-packages/airflow/example_dags/tutorial_taskflow_api_etl.py took 1.679 seconds
[2022-10-01 23:26:45,897] {processor.py:163} INFO - Started process (PID=1352) to work on /home/airflow/.local/lib/python3.7/site-packages/airflow/example_dags/tutorial_taskflow_api_etl.py
[2022-10-01 23:26:45,902] {processor.py:642} INFO - Processing file /home/airflow/.local/lib/python3.7/site-packages/airflow/example_dags/tutorial_taskflow_api_etl.py for tasks to queue
[2022-10-01 23:26:45,905] {logging_mixin.py:109} INFO - [2022-10-01 23:26:45,905] {dagbag.py:500} INFO - Filling up the DagBag from /home/airflow/.local/lib/python3.7/site-packages/airflow/example_dags/tutorial_taskflow_api_etl.py
[2022-10-01 23:26:45,976] {processor.py:654} INFO - DAG(s) dict_keys(['tutorial_taskflow_api_etl']) retrieved from /home/airflow/.local/lib/python3.7/site-packages/airflow/example_dags/tutorial_taskflow_api_etl.py
[2022-10-01 23:26:46,863] {logging_mixin.py:109} INFO - [2022-10-01 23:26:46,863] {dag.py:2396} INFO - Sync 1 DAGs
[2022-10-01 23:26:46,912] {logging_mixin.py:109} INFO - [2022-10-01 23:26:46,912] {dag.py:2935} INFO - Setting next_dagrun for tutorial_taskflow_api_etl to None
[2022-10-01 23:26:46,941] {processor.py:171} INFO - Processing /home/airflow/.local/lib/python3.7/site-packages/airflow/example_dags/tutorial_taskflow_api_etl.py took 1.052 seconds
