[2022-10-01 23:08:53,043] {taskinstance.py:1032} INFO - Dependencies all met for <TaskInstance: docker_operator_demo.print_hello scheduled__2022-10-01T22:05:00+00:00 [queued]>
[2022-10-01 23:08:53,092] {taskinstance.py:1032} INFO - Dependencies all met for <TaskInstance: docker_operator_demo.print_hello scheduled__2022-10-01T22:05:00+00:00 [queued]>
[2022-10-01 23:08:53,094] {taskinstance.py:1238} INFO - 
--------------------------------------------------------------------------------
[2022-10-01 23:08:53,096] {taskinstance.py:1239} INFO - Starting attempt 1 of 2
[2022-10-01 23:08:53,100] {taskinstance.py:1240} INFO - 
--------------------------------------------------------------------------------
[2022-10-01 23:08:53,175] {taskinstance.py:1259} INFO - Executing <Task(BashOperator): print_hello> on 2022-10-01 22:05:00+00:00
[2022-10-01 23:08:53,195] {standard_task_runner.py:52} INFO - Started process 391 to run task
[2022-10-01 23:08:53,215] {standard_task_runner.py:76} INFO - Running: ['***', 'tasks', 'run', 'docker_operator_demo', 'print_hello', 'scheduled__2022-10-01T22:05:00+00:00', '--job-id', '8', '--raw', '--subdir', 'DAGS_FOLDER/sample_dag.py', '--cfg-path', '/tmp/tmpb4vwrlcp', '--error-file', '/tmp/tmp9n_s6zy3']
[2022-10-01 23:08:53,218] {standard_task_runner.py:77} INFO - Job 8: Subtask print_hello
[2022-10-01 23:08:53,422] {logging_mixin.py:109} INFO - Running <TaskInstance: docker_operator_demo.print_hello scheduled__2022-10-01T22:05:00+00:00 [running]> on host 336e822c453c
[2022-10-01 23:08:53,967] {taskinstance.py:1426} INFO - Exporting the following env vars:
AIRFLOW_CTX_DAG_OWNER=***
AIRFLOW_CTX_DAG_ID=docker_operator_demo
AIRFLOW_CTX_TASK_ID=print_hello
AIRFLOW_CTX_EXECUTION_DATE=2022-10-01T22:05:00+00:00
AIRFLOW_CTX_DAG_RUN_ID=scheduled__2022-10-01T22:05:00+00:00
[2022-10-01 23:08:53,973] {subprocess.py:62} INFO - Tmp dir root location: 
 /tmp
[2022-10-01 23:08:53,981] {subprocess.py:74} INFO - Running command: ['bash', '-c', 'echo "hello world"']
[2022-10-01 23:08:54,019] {subprocess.py:85} INFO - Output:
[2022-10-01 23:08:54,169] {subprocess.py:89} INFO - hello world
[2022-10-01 23:08:54,184] {subprocess.py:93} INFO - Command exited with return code 0
[2022-10-01 23:08:54,311] {taskinstance.py:1277} INFO - Marking task as SUCCESS. dag_id=docker_operator_demo, task_id=print_hello, execution_date=20221001T220500, start_date=20221001T230853, end_date=20221001T230854
[2022-10-01 23:08:54,454] {local_task_job.py:154} INFO - Task exited with return code 0
[2022-10-01 23:08:54,669] {local_task_job.py:264} INFO - 0 downstream tasks scheduled from follow-on schedule check
