[2022-10-02 10:33:23,810] {taskinstance.py:1032} INFO - Dependencies all met for <TaskInstance: docker_operator_demo.print_hello manual__2022-10-02T10:33:13.541136+00:00 [queued]>
[2022-10-02 10:33:23,865] {taskinstance.py:1032} INFO - Dependencies all met for <TaskInstance: docker_operator_demo.print_hello manual__2022-10-02T10:33:13.541136+00:00 [queued]>
[2022-10-02 10:33:23,867] {taskinstance.py:1238} INFO - 
--------------------------------------------------------------------------------
[2022-10-02 10:33:23,868] {taskinstance.py:1239} INFO - Starting attempt 1 of 2
[2022-10-02 10:33:23,870] {taskinstance.py:1240} INFO - 
--------------------------------------------------------------------------------
[2022-10-02 10:33:23,918] {taskinstance.py:1259} INFO - Executing <Task(BashOperator): print_hello> on 2022-10-02 10:33:13.541136+00:00
[2022-10-02 10:33:23,927] {standard_task_runner.py:52} INFO - Started process 3235 to run task
[2022-10-02 10:33:23,945] {standard_task_runner.py:76} INFO - Running: ['***', 'tasks', 'run', 'docker_operator_demo', 'print_hello', 'manual__2022-10-02T10:33:13.541136+00:00', '--job-id', '44', '--raw', '--subdir', 'DAGS_FOLDER/sample_dag.py', '--cfg-path', '/tmp/tmpiyw9dykn', '--error-file', '/tmp/tmpu1ookw7z']
[2022-10-02 10:33:23,948] {standard_task_runner.py:77} INFO - Job 44: Subtask print_hello
[2022-10-02 10:33:24,119] {logging_mixin.py:109} INFO - Running <TaskInstance: docker_operator_demo.print_hello manual__2022-10-02T10:33:13.541136+00:00 [running]> on host 336e822c453c
[2022-10-02 10:33:24,360] {taskinstance.py:1426} INFO - Exporting the following env vars:
AIRFLOW_CTX_DAG_OWNER=***
AIRFLOW_CTX_DAG_ID=docker_operator_demo
AIRFLOW_CTX_TASK_ID=print_hello
AIRFLOW_CTX_EXECUTION_DATE=2022-10-02T10:33:13.541136+00:00
AIRFLOW_CTX_DAG_RUN_ID=manual__2022-10-02T10:33:13.541136+00:00
[2022-10-02 10:33:24,365] {subprocess.py:62} INFO - Tmp dir root location: 
 /tmp
[2022-10-02 10:33:24,368] {subprocess.py:74} INFO - Running command: ['bash', '-c', 'echo "hello world"']
[2022-10-02 10:33:24,399] {subprocess.py:85} INFO - Output:
[2022-10-02 10:33:24,463] {subprocess.py:89} INFO - hello world
[2022-10-02 10:33:24,467] {subprocess.py:93} INFO - Command exited with return code 0
[2022-10-02 10:33:24,598] {taskinstance.py:1277} INFO - Marking task as SUCCESS. dag_id=docker_operator_demo, task_id=print_hello, execution_date=20221002T103313, start_date=20221002T103323, end_date=20221002T103324
[2022-10-02 10:33:24,688] {local_task_job.py:154} INFO - Task exited with return code 0
[2022-10-02 10:33:24,832] {local_task_job.py:264} INFO - 0 downstream tasks scheduled from follow-on schedule check
