[2022-10-01 23:05:36,971] {processor.py:163} INFO - Started process (PID=145) to work on /opt/airflow/dags/sample_dag.py
[2022-10-01 23:05:36,991] {processor.py:642} INFO - Processing file /opt/airflow/dags/sample_dag.py for tasks to queue
[2022-10-01 23:05:37,008] {logging_mixin.py:109} INFO - [2022-10-01 23:05:37,005] {dagbag.py:500} INFO - Filling up the DagBag from /opt/airflow/dags/sample_dag.py
[2022-10-01 23:05:40,109] {processor.py:654} INFO - DAG(s) dict_keys(['docker_operator_demo']) retrieved from /opt/airflow/dags/sample_dag.py
[2022-10-01 23:06:15,083] {logging_mixin.py:109} INFO - [2022-10-01 23:06:15,082] {manager.py:496} INFO - Created Permission View: can edit on DAG:docker_operator_demo
[2022-10-01 23:06:15,129] {logging_mixin.py:109} INFO - [2022-10-01 23:06:15,128] {manager.py:496} INFO - Created Permission View: can read on DAG:docker_operator_demo
[2022-10-01 23:06:15,133] {logging_mixin.py:109} INFO - [2022-10-01 23:06:15,131] {dag.py:2396} INFO - Sync 1 DAGs
[2022-10-01 23:06:15,174] {logging_mixin.py:109} INFO - [2022-10-01 23:06:15,172] {dag.py:2415} INFO - Creating ORM DAG for docker_operator_demo
[2022-10-01 23:06:15,230] {logging_mixin.py:109} INFO - [2022-10-01 23:06:15,229] {dag.py:2935} INFO - Setting next_dagrun for docker_operator_demo to 2022-10-01T22:05:00+00:00
[2022-10-01 23:06:15,280] {processor.py:171} INFO - Processing /opt/airflow/dags/sample_dag.py took 38.369 seconds
[2022-10-01 23:09:25,901] {processor.py:163} INFO - Started process (PID=574) to work on /opt/airflow/dags/sample_dag.py
[2022-10-01 23:09:25,916] {processor.py:642} INFO - Processing file /opt/airflow/dags/sample_dag.py for tasks to queue
[2022-10-01 23:09:25,920] {logging_mixin.py:109} INFO - [2022-10-01 23:09:25,919] {dagbag.py:500} INFO - Filling up the DagBag from /opt/airflow/dags/sample_dag.py
[2022-10-01 23:09:26,290] {processor.py:654} INFO - DAG(s) dict_keys(['docker_operator_demo']) retrieved from /opt/airflow/dags/sample_dag.py
[2022-10-01 23:09:26,335] {logging_mixin.py:109} INFO - [2022-10-01 23:09:26,334] {dag.py:2396} INFO - Sync 1 DAGs
[2022-10-01 23:09:26,519] {logging_mixin.py:109} INFO - [2022-10-01 23:09:26,518] {dag.py:2935} INFO - Setting next_dagrun for docker_operator_demo to 2022-10-01T23:05:00+00:00
[2022-10-01 23:09:26,543] {processor.py:171} INFO - Processing /opt/airflow/dags/sample_dag.py took 0.655 seconds
[2022-10-01 23:09:56,620] {processor.py:163} INFO - Started process (PID=672) to work on /opt/airflow/dags/sample_dag.py
[2022-10-01 23:09:56,626] {processor.py:642} INFO - Processing file /opt/airflow/dags/sample_dag.py for tasks to queue
[2022-10-01 23:09:56,630] {logging_mixin.py:109} INFO - [2022-10-01 23:09:56,629] {dagbag.py:500} INFO - Filling up the DagBag from /opt/airflow/dags/sample_dag.py
[2022-10-01 23:09:56,930] {processor.py:654} INFO - DAG(s) dict_keys(['docker_operator_demo']) retrieved from /opt/airflow/dags/sample_dag.py
[2022-10-01 23:09:56,964] {logging_mixin.py:109} INFO - [2022-10-01 23:09:56,964] {dag.py:2396} INFO - Sync 1 DAGs
[2022-10-01 23:09:57,232] {logging_mixin.py:109} INFO - [2022-10-01 23:09:57,232] {dag.py:2935} INFO - Setting next_dagrun for docker_operator_demo to 2022-10-01T23:05:00+00:00
[2022-10-01 23:09:57,257] {processor.py:171} INFO - Processing /opt/airflow/dags/sample_dag.py took 0.644 seconds
[2022-10-01 23:10:27,390] {processor.py:163} INFO - Started process (PID=769) to work on /opt/airflow/dags/sample_dag.py
[2022-10-01 23:10:27,394] {processor.py:642} INFO - Processing file /opt/airflow/dags/sample_dag.py for tasks to queue
[2022-10-01 23:10:27,404] {logging_mixin.py:109} INFO - [2022-10-01 23:10:27,404] {dagbag.py:500} INFO - Filling up the DagBag from /opt/airflow/dags/sample_dag.py
[2022-10-01 23:10:27,683] {processor.py:654} INFO - DAG(s) dict_keys(['docker_operator_demo']) retrieved from /opt/airflow/dags/sample_dag.py
[2022-10-01 23:10:27,716] {logging_mixin.py:109} INFO - [2022-10-01 23:10:27,716] {dag.py:2396} INFO - Sync 1 DAGs
[2022-10-01 23:10:27,881] {logging_mixin.py:109} INFO - [2022-10-01 23:10:27,880] {dag.py:2935} INFO - Setting next_dagrun for docker_operator_demo to 2022-10-01T23:05:00+00:00
[2022-10-01 23:10:27,906] {processor.py:171} INFO - Processing /opt/airflow/dags/sample_dag.py took 0.523 seconds
[2022-10-01 23:10:58,303] {processor.py:163} INFO - Started process (PID=865) to work on /opt/airflow/dags/sample_dag.py
[2022-10-01 23:10:58,307] {processor.py:642} INFO - Processing file /opt/airflow/dags/sample_dag.py for tasks to queue
[2022-10-01 23:10:58,310] {logging_mixin.py:109} INFO - [2022-10-01 23:10:58,309] {dagbag.py:500} INFO - Filling up the DagBag from /opt/airflow/dags/sample_dag.py
[2022-10-01 23:10:58,660] {processor.py:654} INFO - DAG(s) dict_keys(['docker_operator_demo']) retrieved from /opt/airflow/dags/sample_dag.py
[2022-10-01 23:10:58,917] {logging_mixin.py:109} INFO - [2022-10-01 23:10:58,917] {dag.py:2396} INFO - Sync 1 DAGs
[2022-10-01 23:10:58,989] {logging_mixin.py:109} INFO - [2022-10-01 23:10:58,988] {dag.py:2935} INFO - Setting next_dagrun for docker_operator_demo to 2022-10-01T23:05:00+00:00
[2022-10-01 23:10:59,025] {processor.py:171} INFO - Processing /opt/airflow/dags/sample_dag.py took 0.728 seconds
[2022-10-01 23:11:29,628] {processor.py:163} INFO - Started process (PID=962) to work on /opt/airflow/dags/sample_dag.py
[2022-10-01 23:11:29,635] {processor.py:642} INFO - Processing file /opt/airflow/dags/sample_dag.py for tasks to queue
[2022-10-01 23:11:29,639] {logging_mixin.py:109} INFO - [2022-10-01 23:11:29,639] {dagbag.py:500} INFO - Filling up the DagBag from /opt/airflow/dags/sample_dag.py
[2022-10-01 23:11:30,195] {processor.py:654} INFO - DAG(s) dict_keys(['docker_operator_demo']) retrieved from /opt/airflow/dags/sample_dag.py
[2022-10-01 23:11:30,233] {logging_mixin.py:109} INFO - [2022-10-01 23:11:30,233] {dag.py:2396} INFO - Sync 1 DAGs
[2022-10-01 23:11:30,314] {logging_mixin.py:109} INFO - [2022-10-01 23:11:30,313] {dag.py:2935} INFO - Setting next_dagrun for docker_operator_demo to 2022-10-01T23:05:00+00:00
[2022-10-01 23:11:30,348] {processor.py:171} INFO - Processing /opt/airflow/dags/sample_dag.py took 0.732 seconds
[2022-10-01 23:12:00,941] {processor.py:163} INFO - Started process (PID=1058) to work on /opt/airflow/dags/sample_dag.py
[2022-10-01 23:12:00,946] {processor.py:642} INFO - Processing file /opt/airflow/dags/sample_dag.py for tasks to queue
[2022-10-01 23:12:00,948] {logging_mixin.py:109} INFO - [2022-10-01 23:12:00,948] {dagbag.py:500} INFO - Filling up the DagBag from /opt/airflow/dags/sample_dag.py
[2022-10-01 23:12:01,420] {processor.py:654} INFO - DAG(s) dict_keys(['docker_operator_demo']) retrieved from /opt/airflow/dags/sample_dag.py
[2022-10-01 23:12:01,473] {logging_mixin.py:109} INFO - [2022-10-01 23:12:01,472] {dag.py:2396} INFO - Sync 1 DAGs
[2022-10-01 23:12:01,546] {logging_mixin.py:109} INFO - [2022-10-01 23:12:01,546] {dag.py:2935} INFO - Setting next_dagrun for docker_operator_demo to 2022-10-01T23:05:00+00:00
[2022-10-01 23:12:01,574] {processor.py:171} INFO - Processing /opt/airflow/dags/sample_dag.py took 0.639 seconds
[2022-10-01 23:13:22,371] {processor.py:163} INFO - Started process (PID=1134) to work on /opt/airflow/dags/sample_dag.py
[2022-10-01 23:13:22,377] {processor.py:642} INFO - Processing file /opt/airflow/dags/sample_dag.py for tasks to queue
[2022-10-01 23:13:22,381] {logging_mixin.py:109} INFO - [2022-10-01 23:13:22,380] {dagbag.py:500} INFO - Filling up the DagBag from /opt/airflow/dags/sample_dag.py
[2022-10-01 23:13:22,788] {processor.py:654} INFO - DAG(s) dict_keys(['docker_operator_demo']) retrieved from /opt/airflow/dags/sample_dag.py
[2022-10-01 23:13:22,819] {logging_mixin.py:109} INFO - [2022-10-01 23:13:22,819] {dag.py:2396} INFO - Sync 1 DAGs
[2022-10-01 23:13:22,884] {logging_mixin.py:109} INFO - [2022-10-01 23:13:22,884] {dag.py:2935} INFO - Setting next_dagrun for docker_operator_demo to 2022-10-01T23:05:00+00:00
[2022-10-01 23:13:22,908] {processor.py:171} INFO - Processing /opt/airflow/dags/sample_dag.py took 0.548 seconds
[2022-10-01 23:26:08,708] {processor.py:163} INFO - Started process (PID=1230) to work on /opt/airflow/dags/sample_dag.py
[2022-10-01 23:26:08,729] {processor.py:642} INFO - Processing file /opt/airflow/dags/sample_dag.py for tasks to queue
[2022-10-01 23:26:08,733] {logging_mixin.py:109} INFO - [2022-10-01 23:26:08,732] {dagbag.py:500} INFO - Filling up the DagBag from /opt/airflow/dags/sample_dag.py
[2022-10-01 23:26:09,589] {processor.py:654} INFO - DAG(s) dict_keys(['docker_operator_demo']) retrieved from /opt/airflow/dags/sample_dag.py
[2022-10-01 23:26:09,673] {logging_mixin.py:109} INFO - [2022-10-01 23:26:09,673] {dag.py:2396} INFO - Sync 1 DAGs
[2022-10-01 23:26:09,808] {logging_mixin.py:109} INFO - [2022-10-01 23:26:09,807] {dag.py:2935} INFO - Setting next_dagrun for docker_operator_demo to 2022-10-01T23:05:00+00:00
[2022-10-01 23:26:09,847] {processor.py:171} INFO - Processing /opt/airflow/dags/sample_dag.py took 1.161 seconds
[2022-10-01 23:26:40,011] {processor.py:163} INFO - Started process (PID=1326) to work on /opt/airflow/dags/sample_dag.py
[2022-10-01 23:26:40,016] {processor.py:642} INFO - Processing file /opt/airflow/dags/sample_dag.py for tasks to queue
[2022-10-01 23:26:40,020] {logging_mixin.py:109} INFO - [2022-10-01 23:26:40,020] {dagbag.py:500} INFO - Filling up the DagBag from /opt/airflow/dags/sample_dag.py
[2022-10-01 23:26:40,659] {processor.py:654} INFO - DAG(s) dict_keys(['docker_operator_demo']) retrieved from /opt/airflow/dags/sample_dag.py
[2022-10-01 23:26:40,705] {logging_mixin.py:109} INFO - [2022-10-01 23:26:40,704] {dag.py:2396} INFO - Sync 1 DAGs
[2022-10-01 23:26:40,792] {logging_mixin.py:109} INFO - [2022-10-01 23:26:40,791] {dag.py:2935} INFO - Setting next_dagrun for docker_operator_demo to 2022-10-01T23:05:00+00:00
[2022-10-01 23:26:40,842] {processor.py:171} INFO - Processing /opt/airflow/dags/sample_dag.py took 0.849 seconds
