[2022-10-02 00:18:16,076] {taskinstance.py:1032} INFO - Dependencies all met for <TaskInstance: docker_operator_demo.print_current_date scheduled__2022-10-01T23:05:00+00:00 [queued]>
[2022-10-02 00:18:16,148] {taskinstance.py:1032} INFO - Dependencies all met for <TaskInstance: docker_operator_demo.print_current_date scheduled__2022-10-01T23:05:00+00:00 [queued]>
[2022-10-02 00:18:16,151] {taskinstance.py:1238} INFO - 
--------------------------------------------------------------------------------
[2022-10-02 00:18:16,156] {taskinstance.py:1239} INFO - Starting attempt 1 of 2
[2022-10-02 00:18:16,175] {taskinstance.py:1240} INFO - 
--------------------------------------------------------------------------------
[2022-10-02 00:18:16,338] {taskinstance.py:1259} INFO - Executing <Task(BashOperator): print_current_date> on 2022-10-01 23:05:00+00:00
[2022-10-02 00:18:16,352] {standard_task_runner.py:52} INFO - Started process 698 to run task
[2022-10-02 00:18:16,371] {standard_task_runner.py:76} INFO - Running: ['***', 'tasks', 'run', 'docker_operator_demo', 'print_current_date', 'scheduled__2022-10-01T23:05:00+00:00', '--job-id', '9', '--raw', '--subdir', 'DAGS_FOLDER/sample_dag.py', '--cfg-path', '/tmp/tmpsrbweiez', '--error-file', '/tmp/tmp4fmm2_re']
[2022-10-02 00:18:16,379] {standard_task_runner.py:77} INFO - Job 9: Subtask print_current_date
[2022-10-02 00:18:17,357] {logging_mixin.py:109} INFO - Running <TaskInstance: docker_operator_demo.print_current_date scheduled__2022-10-01T23:05:00+00:00 [running]> on host 336e822c453c
[2022-10-02 00:18:17,640] {taskinstance.py:1426} INFO - Exporting the following env vars:
AIRFLOW_CTX_DAG_OWNER=***
AIRFLOW_CTX_DAG_ID=docker_operator_demo
AIRFLOW_CTX_TASK_ID=print_current_date
AIRFLOW_CTX_EXECUTION_DATE=2022-10-01T23:05:00+00:00
AIRFLOW_CTX_DAG_RUN_ID=scheduled__2022-10-01T23:05:00+00:00
[2022-10-02 00:18:17,645] {subprocess.py:62} INFO - Tmp dir root location: 
 /tmp
[2022-10-02 00:18:17,649] {subprocess.py:74} INFO - Running command: ['bash', '-c', 'date']
[2022-10-02 00:18:17,678] {subprocess.py:85} INFO - Output:
[2022-10-02 00:18:17,786] {subprocess.py:89} INFO - Sun Oct  2 00:18:17 UTC 2022
[2022-10-02 00:18:17,792] {subprocess.py:93} INFO - Command exited with return code 0
[2022-10-02 00:18:17,879] {taskinstance.py:1277} INFO - Marking task as SUCCESS. dag_id=docker_operator_demo, task_id=print_current_date, execution_date=20221001T230500, start_date=20221002T001816, end_date=20221002T001817
[2022-10-02 00:18:17,997] {local_task_job.py:154} INFO - Task exited with return code 0
[2022-10-02 00:18:18,207] {local_task_job.py:264} INFO - 1 downstream tasks scheduled from follow-on schedule check
