[2022-10-01 23:08:36,403] {taskinstance.py:1032} INFO - Dependencies all met for <TaskInstance: docker_operator_demo.print_current_date scheduled__2022-10-01T22:05:00+00:00 [queued]>
[2022-10-01 23:08:36,476] {taskinstance.py:1032} INFO - Dependencies all met for <TaskInstance: docker_operator_demo.print_current_date scheduled__2022-10-01T22:05:00+00:00 [queued]>
[2022-10-01 23:08:36,485] {taskinstance.py:1238} INFO - 
--------------------------------------------------------------------------------
[2022-10-01 23:08:36,488] {taskinstance.py:1239} INFO - Starting attempt 1 of 2
[2022-10-01 23:08:36,490] {taskinstance.py:1240} INFO - 
--------------------------------------------------------------------------------
[2022-10-01 23:08:36,564] {taskinstance.py:1259} INFO - Executing <Task(BashOperator): print_current_date> on 2022-10-01 22:05:00+00:00
[2022-10-01 23:08:36,606] {standard_task_runner.py:52} INFO - Started process 347 to run task
[2022-10-01 23:08:36,641] {standard_task_runner.py:76} INFO - Running: ['***', 'tasks', 'run', 'docker_operator_demo', 'print_current_date', 'scheduled__2022-10-01T22:05:00+00:00', '--job-id', '4', '--raw', '--subdir', 'DAGS_FOLDER/sample_dag.py', '--cfg-path', '/tmp/tmpml1s83hr', '--error-file', '/tmp/tmpn817wn55']
[2022-10-01 23:08:36,658] {standard_task_runner.py:77} INFO - Job 4: Subtask print_current_date
[2022-10-01 23:08:37,385] {logging_mixin.py:109} INFO - Running <TaskInstance: docker_operator_demo.print_current_date scheduled__2022-10-01T22:05:00+00:00 [running]> on host 336e822c453c
[2022-10-01 23:08:37,614] {taskinstance.py:1426} INFO - Exporting the following env vars:
AIRFLOW_CTX_DAG_OWNER=***
AIRFLOW_CTX_DAG_ID=docker_operator_demo
AIRFLOW_CTX_TASK_ID=print_current_date
AIRFLOW_CTX_EXECUTION_DATE=2022-10-01T22:05:00+00:00
AIRFLOW_CTX_DAG_RUN_ID=scheduled__2022-10-01T22:05:00+00:00
[2022-10-01 23:08:37,624] {subprocess.py:62} INFO - Tmp dir root location: 
 /tmp
[2022-10-01 23:08:37,626] {subprocess.py:74} INFO - Running command: ['bash', '-c', 'date']
[2022-10-01 23:08:37,658] {subprocess.py:85} INFO - Output:
[2022-10-01 23:08:37,753] {subprocess.py:89} INFO - Sat Oct  1 23:08:37 UTC 2022
[2022-10-01 23:08:37,756] {subprocess.py:93} INFO - Command exited with return code 0
[2022-10-01 23:08:37,879] {taskinstance.py:1277} INFO - Marking task as SUCCESS. dag_id=docker_operator_demo, task_id=print_current_date, execution_date=20221001T220500, start_date=20221001T230836, end_date=20221001T230837
[2022-10-01 23:08:38,003] {local_task_job.py:154} INFO - Task exited with return code 0
[2022-10-01 23:08:38,175] {local_task_job.py:264} INFO - 1 downstream tasks scheduled from follow-on schedule check
