[2022-10-02 05:09:14,231] {taskinstance.py:1032} INFO - Dependencies all met for <TaskInstance: docker_operator_demo.print_current_date scheduled__2022-10-02T04:05:00+00:00 [queued]>
[2022-10-02 05:09:14,304] {taskinstance.py:1032} INFO - Dependencies all met for <TaskInstance: docker_operator_demo.print_current_date scheduled__2022-10-02T04:05:00+00:00 [queued]>
[2022-10-02 05:09:14,309] {taskinstance.py:1238} INFO - 
--------------------------------------------------------------------------------
[2022-10-02 05:09:14,311] {taskinstance.py:1239} INFO - Starting attempt 1 of 2
[2022-10-02 05:09:14,314] {taskinstance.py:1240} INFO - 
--------------------------------------------------------------------------------
[2022-10-02 05:09:14,425] {taskinstance.py:1259} INFO - Executing <Task(BashOperator): print_current_date> on 2022-10-02 04:05:00+00:00
[2022-10-02 05:09:14,434] {standard_task_runner.py:52} INFO - Started process 931 to run task
[2022-10-02 05:09:14,480] {standard_task_runner.py:76} INFO - Running: ['***', 'tasks', 'run', 'docker_operator_demo', 'print_current_date', 'scheduled__2022-10-02T04:05:00+00:00', '--job-id', '22', '--raw', '--subdir', 'DAGS_FOLDER/sample_dag.py', '--cfg-path', '/tmp/tmp6bp1ubhl', '--error-file', '/tmp/tmppfrlb_nz']
[2022-10-02 05:09:14,484] {standard_task_runner.py:77} INFO - Job 22: Subtask print_current_date
[2022-10-02 05:09:14,745] {logging_mixin.py:109} INFO - Running <TaskInstance: docker_operator_demo.print_current_date scheduled__2022-10-02T04:05:00+00:00 [running]> on host 336e822c453c
[2022-10-02 05:09:14,987] {taskinstance.py:1426} INFO - Exporting the following env vars:
AIRFLOW_CTX_DAG_OWNER=***
AIRFLOW_CTX_DAG_ID=docker_operator_demo
AIRFLOW_CTX_TASK_ID=print_current_date
AIRFLOW_CTX_EXECUTION_DATE=2022-10-02T04:05:00+00:00
AIRFLOW_CTX_DAG_RUN_ID=scheduled__2022-10-02T04:05:00+00:00
[2022-10-02 05:09:14,993] {subprocess.py:62} INFO - Tmp dir root location: 
 /tmp
[2022-10-02 05:09:14,996] {subprocess.py:74} INFO - Running command: ['bash', '-c', 'date']
[2022-10-02 05:09:15,027] {subprocess.py:85} INFO - Output:
[2022-10-02 05:09:15,211] {subprocess.py:89} INFO - Sun Oct  2 05:09:15 UTC 2022
[2022-10-02 05:09:15,228] {subprocess.py:93} INFO - Command exited with return code 0
[2022-10-02 05:09:15,409] {taskinstance.py:1277} INFO - Marking task as SUCCESS. dag_id=docker_operator_demo, task_id=print_current_date, execution_date=20221002T040500, start_date=20221002T050914, end_date=20221002T050915
[2022-10-02 05:09:15,598] {local_task_job.py:154} INFO - Task exited with return code 0
[2022-10-02 05:09:15,890] {local_task_job.py:264} INFO - 1 downstream tasks scheduled from follow-on schedule check
