[2022-10-02 03:44:13,589] {taskinstance.py:1032} INFO - Dependencies all met for <TaskInstance: docker_operator_demo.print_current_date scheduled__2022-10-02T02:05:00+00:00 [queued]>
[2022-10-02 03:44:13,658] {taskinstance.py:1032} INFO - Dependencies all met for <TaskInstance: docker_operator_demo.print_current_date scheduled__2022-10-02T02:05:00+00:00 [queued]>
[2022-10-02 03:44:13,660] {taskinstance.py:1238} INFO - 
--------------------------------------------------------------------------------
[2022-10-02 03:44:13,662] {taskinstance.py:1239} INFO - Starting attempt 1 of 2
[2022-10-02 03:44:13,663] {taskinstance.py:1240} INFO - 
--------------------------------------------------------------------------------
[2022-10-02 03:44:13,731] {taskinstance.py:1259} INFO - Executing <Task(BashOperator): print_current_date> on 2022-10-02 02:05:00+00:00
[2022-10-02 03:44:13,739] {standard_task_runner.py:52} INFO - Started process 870 to run task
[2022-10-02 03:44:13,762] {standard_task_runner.py:76} INFO - Running: ['***', 'tasks', 'run', 'docker_operator_demo', 'print_current_date', 'scheduled__2022-10-02T02:05:00+00:00', '--job-id', '18', '--raw', '--subdir', 'DAGS_FOLDER/sample_dag.py', '--cfg-path', '/tmp/tmp3ca8y_lf', '--error-file', '/tmp/tmpjnbe7oz4']
[2022-10-02 03:44:13,764] {standard_task_runner.py:77} INFO - Job 18: Subtask print_current_date
[2022-10-02 03:44:14,034] {logging_mixin.py:109} INFO - Running <TaskInstance: docker_operator_demo.print_current_date scheduled__2022-10-02T02:05:00+00:00 [running]> on host 336e822c453c
[2022-10-02 03:44:14,259] {taskinstance.py:1426} INFO - Exporting the following env vars:
AIRFLOW_CTX_DAG_OWNER=***
AIRFLOW_CTX_DAG_ID=docker_operator_demo
AIRFLOW_CTX_TASK_ID=print_current_date
AIRFLOW_CTX_EXECUTION_DATE=2022-10-02T02:05:00+00:00
AIRFLOW_CTX_DAG_RUN_ID=scheduled__2022-10-02T02:05:00+00:00
[2022-10-02 03:44:14,276] {subprocess.py:62} INFO - Tmp dir root location: 
 /tmp
[2022-10-02 03:44:14,281] {subprocess.py:74} INFO - Running command: ['bash', '-c', 'date']
[2022-10-02 03:44:14,307] {subprocess.py:85} INFO - Output:
[2022-10-02 03:44:14,421] {subprocess.py:89} INFO - Sun Oct  2 03:44:14 UTC 2022
[2022-10-02 03:44:14,425] {subprocess.py:93} INFO - Command exited with return code 0
[2022-10-02 03:44:14,505] {taskinstance.py:1277} INFO - Marking task as SUCCESS. dag_id=docker_operator_demo, task_id=print_current_date, execution_date=20221002T020500, start_date=20221002T034413, end_date=20221002T034414
[2022-10-02 03:44:14,580] {local_task_job.py:154} INFO - Task exited with return code 0
[2022-10-02 03:44:14,766] {local_task_job.py:264} INFO - 1 downstream tasks scheduled from follow-on schedule check
