[2022-10-02 12:17:05,941] {taskinstance.py:1032} INFO - Dependencies all met for <TaskInstance: docker_operator_demo.print_current_date scheduled__2022-10-02T11:05:00+00:00 [queued]>
[2022-10-02 12:17:06,083] {taskinstance.py:1032} INFO - Dependencies all met for <TaskInstance: docker_operator_demo.print_current_date scheduled__2022-10-02T11:05:00+00:00 [queued]>
[2022-10-02 12:17:06,086] {taskinstance.py:1238} INFO - 
--------------------------------------------------------------------------------
[2022-10-02 12:17:06,091] {taskinstance.py:1239} INFO - Starting attempt 1 of 2
[2022-10-02 12:17:06,094] {taskinstance.py:1240} INFO - 
--------------------------------------------------------------------------------
[2022-10-02 12:17:06,199] {taskinstance.py:1259} INFO - Executing <Task(BashOperator): print_current_date> on 2022-10-02 11:05:00+00:00
[2022-10-02 12:17:06,224] {standard_task_runner.py:52} INFO - Started process 6569 to run task
[2022-10-02 12:17:06,243] {standard_task_runner.py:76} INFO - Running: ['***', 'tasks', 'run', 'docker_operator_demo', 'print_current_date', 'scheduled__2022-10-02T11:05:00+00:00', '--job-id', '48', '--raw', '--subdir', 'DAGS_FOLDER/sample_dag.py', '--cfg-path', '/tmp/tmpmkzaunoi', '--error-file', '/tmp/tmpu256f1zg']
[2022-10-02 12:17:06,249] {standard_task_runner.py:77} INFO - Job 48: Subtask print_current_date
[2022-10-02 12:17:06,534] {logging_mixin.py:109} INFO - Running <TaskInstance: docker_operator_demo.print_current_date scheduled__2022-10-02T11:05:00+00:00 [running]> on host 336e822c453c
[2022-10-02 12:17:06,871] {taskinstance.py:1426} INFO - Exporting the following env vars:
AIRFLOW_CTX_DAG_OWNER=***
AIRFLOW_CTX_DAG_ID=docker_operator_demo
AIRFLOW_CTX_TASK_ID=print_current_date
AIRFLOW_CTX_EXECUTION_DATE=2022-10-02T11:05:00+00:00
AIRFLOW_CTX_DAG_RUN_ID=scheduled__2022-10-02T11:05:00+00:00
[2022-10-02 12:17:06,878] {subprocess.py:62} INFO - Tmp dir root location: 
 /tmp
[2022-10-02 12:17:06,881] {subprocess.py:74} INFO - Running command: ['bash', '-c', 'date']
[2022-10-02 12:17:06,909] {subprocess.py:85} INFO - Output:
[2022-10-02 12:17:07,036] {subprocess.py:89} INFO - Sun Oct  2 12:17:07 UTC 2022
[2022-10-02 12:17:07,044] {subprocess.py:93} INFO - Command exited with return code 0
[2022-10-02 12:17:07,146] {taskinstance.py:1277} INFO - Marking task as SUCCESS. dag_id=docker_operator_demo, task_id=print_current_date, execution_date=20221002T110500, start_date=20221002T121705, end_date=20221002T121707
[2022-10-02 12:17:07,262] {local_task_job.py:154} INFO - Task exited with return code 0
[2022-10-02 12:17:07,508] {local_task_job.py:264} INFO - 1 downstream tasks scheduled from follow-on schedule check
