[2022-10-02 08:40:47,140] {taskinstance.py:1032} INFO - Dependencies all met for <TaskInstance: docker_operator_demo.print_hello scheduled__2022-10-02T07:05:00+00:00 [queued]>
[2022-10-02 08:40:47,200] {taskinstance.py:1032} INFO - Dependencies all met for <TaskInstance: docker_operator_demo.print_hello scheduled__2022-10-02T07:05:00+00:00 [queued]>
[2022-10-02 08:40:47,203] {taskinstance.py:1238} INFO - 
--------------------------------------------------------------------------------
[2022-10-02 08:40:47,205] {taskinstance.py:1239} INFO - Starting attempt 1 of 2
[2022-10-02 08:40:47,208] {taskinstance.py:1240} INFO - 
--------------------------------------------------------------------------------
[2022-10-02 08:40:47,272] {taskinstance.py:1259} INFO - Executing <Task(BashOperator): print_hello> on 2022-10-02 07:05:00+00:00
[2022-10-02 08:40:47,282] {standard_task_runner.py:52} INFO - Started process 1108 to run task
[2022-10-02 08:40:47,304] {standard_task_runner.py:76} INFO - Running: ['***', 'tasks', 'run', 'docker_operator_demo', 'print_hello', 'scheduled__2022-10-02T07:05:00+00:00', '--job-id', '35', '--raw', '--subdir', 'DAGS_FOLDER/sample_dag.py', '--cfg-path', '/tmp/tmpz092gp0d', '--error-file', '/tmp/tmpi5hvy1gt']
[2022-10-02 08:40:47,314] {standard_task_runner.py:77} INFO - Job 35: Subtask print_hello
[2022-10-02 08:40:47,636] {logging_mixin.py:109} INFO - Running <TaskInstance: docker_operator_demo.print_hello scheduled__2022-10-02T07:05:00+00:00 [running]> on host 336e822c453c
[2022-10-02 08:40:47,872] {taskinstance.py:1426} INFO - Exporting the following env vars:
AIRFLOW_CTX_DAG_OWNER=***
AIRFLOW_CTX_DAG_ID=docker_operator_demo
AIRFLOW_CTX_TASK_ID=print_hello
AIRFLOW_CTX_EXECUTION_DATE=2022-10-02T07:05:00+00:00
AIRFLOW_CTX_DAG_RUN_ID=scheduled__2022-10-02T07:05:00+00:00
[2022-10-02 08:40:47,884] {subprocess.py:62} INFO - Tmp dir root location: 
 /tmp
[2022-10-02 08:40:47,887] {subprocess.py:74} INFO - Running command: ['bash', '-c', 'echo "hello world"']
[2022-10-02 08:40:47,907] {subprocess.py:85} INFO - Output:
[2022-10-02 08:40:47,979] {subprocess.py:89} INFO - hello world
[2022-10-02 08:40:47,988] {subprocess.py:93} INFO - Command exited with return code 0
[2022-10-02 08:40:48,140] {taskinstance.py:1277} INFO - Marking task as SUCCESS. dag_id=docker_operator_demo, task_id=print_hello, execution_date=20221002T070500, start_date=20221002T084047, end_date=20221002T084048
[2022-10-02 08:40:48,281] {local_task_job.py:154} INFO - Task exited with return code 0
[2022-10-02 08:40:48,431] {local_task_job.py:264} INFO - 0 downstream tasks scheduled from follow-on schedule check
