[2022-10-02 08:40:39,467] {taskinstance.py:1032} INFO - Dependencies all met for <TaskInstance: docker_operator_demo.print_current_date scheduled__2022-10-02T07:05:00+00:00 [queued]>
[2022-10-02 08:40:39,537] {taskinstance.py:1032} INFO - Dependencies all met for <TaskInstance: docker_operator_demo.print_current_date scheduled__2022-10-02T07:05:00+00:00 [queued]>
[2022-10-02 08:40:39,539] {taskinstance.py:1238} INFO - 
--------------------------------------------------------------------------------
[2022-10-02 08:40:39,541] {taskinstance.py:1239} INFO - Starting attempt 1 of 2
[2022-10-02 08:40:39,543] {taskinstance.py:1240} INFO - 
--------------------------------------------------------------------------------
[2022-10-02 08:40:39,607] {taskinstance.py:1259} INFO - Executing <Task(BashOperator): print_current_date> on 2022-10-02 07:05:00+00:00
[2022-10-02 08:40:39,618] {standard_task_runner.py:52} INFO - Started process 1087 to run task
[2022-10-02 08:40:39,635] {standard_task_runner.py:76} INFO - Running: ['***', 'tasks', 'run', 'docker_operator_demo', 'print_current_date', 'scheduled__2022-10-02T07:05:00+00:00', '--job-id', '33', '--raw', '--subdir', 'DAGS_FOLDER/sample_dag.py', '--cfg-path', '/tmp/tmpj8pt27ro', '--error-file', '/tmp/tmpp1mcvf_n']
[2022-10-02 08:40:39,638] {standard_task_runner.py:77} INFO - Job 33: Subtask print_current_date
[2022-10-02 08:40:39,865] {logging_mixin.py:109} INFO - Running <TaskInstance: docker_operator_demo.print_current_date scheduled__2022-10-02T07:05:00+00:00 [running]> on host 336e822c453c
[2022-10-02 08:40:40,164] {taskinstance.py:1426} INFO - Exporting the following env vars:
AIRFLOW_CTX_DAG_OWNER=***
AIRFLOW_CTX_DAG_ID=docker_operator_demo
AIRFLOW_CTX_TASK_ID=print_current_date
AIRFLOW_CTX_EXECUTION_DATE=2022-10-02T07:05:00+00:00
AIRFLOW_CTX_DAG_RUN_ID=scheduled__2022-10-02T07:05:00+00:00
[2022-10-02 08:40:40,170] {subprocess.py:62} INFO - Tmp dir root location: 
 /tmp
[2022-10-02 08:40:40,174] {subprocess.py:74} INFO - Running command: ['bash', '-c', 'date']
[2022-10-02 08:40:40,193] {subprocess.py:85} INFO - Output:
[2022-10-02 08:40:40,266] {subprocess.py:89} INFO - Sun Oct  2 08:40:40 UTC 2022
[2022-10-02 08:40:40,270] {subprocess.py:93} INFO - Command exited with return code 0
[2022-10-02 08:40:40,345] {taskinstance.py:1277} INFO - Marking task as SUCCESS. dag_id=docker_operator_demo, task_id=print_current_date, execution_date=20221002T070500, start_date=20221002T084039, end_date=20221002T084040
[2022-10-02 08:40:40,452] {local_task_job.py:154} INFO - Task exited with return code 0
[2022-10-02 08:40:40,625] {local_task_job.py:264} INFO - 1 downstream tasks scheduled from follow-on schedule check
