[2022-10-02 10:33:16,187] {taskinstance.py:1032} INFO - Dependencies all met for <TaskInstance: docker_operator_demo.print_current_date manual__2022-10-02T10:33:13.541136+00:00 [queued]>
[2022-10-02 10:33:16,230] {taskinstance.py:1032} INFO - Dependencies all met for <TaskInstance: docker_operator_demo.print_current_date manual__2022-10-02T10:33:13.541136+00:00 [queued]>
[2022-10-02 10:33:16,232] {taskinstance.py:1238} INFO - 
--------------------------------------------------------------------------------
[2022-10-02 10:33:16,233] {taskinstance.py:1239} INFO - Starting attempt 1 of 2
[2022-10-02 10:33:16,235] {taskinstance.py:1240} INFO - 
--------------------------------------------------------------------------------
[2022-10-02 10:33:16,279] {taskinstance.py:1259} INFO - Executing <Task(BashOperator): print_current_date> on 2022-10-02 10:33:13.541136+00:00
[2022-10-02 10:33:16,286] {standard_task_runner.py:52} INFO - Started process 3213 to run task
[2022-10-02 10:33:16,296] {standard_task_runner.py:76} INFO - Running: ['***', 'tasks', 'run', 'docker_operator_demo', 'print_current_date', 'manual__2022-10-02T10:33:13.541136+00:00', '--job-id', '42', '--raw', '--subdir', 'DAGS_FOLDER/sample_dag.py', '--cfg-path', '/tmp/tmpim364loh', '--error-file', '/tmp/tmplvcpmawq']
[2022-10-02 10:33:16,299] {standard_task_runner.py:77} INFO - Job 42: Subtask print_current_date
[2022-10-02 10:33:16,451] {logging_mixin.py:109} INFO - Running <TaskInstance: docker_operator_demo.print_current_date manual__2022-10-02T10:33:13.541136+00:00 [running]> on host 336e822c453c
[2022-10-02 10:33:16,617] {taskinstance.py:1426} INFO - Exporting the following env vars:
AIRFLOW_CTX_DAG_OWNER=***
AIRFLOW_CTX_DAG_ID=docker_operator_demo
AIRFLOW_CTX_TASK_ID=print_current_date
AIRFLOW_CTX_EXECUTION_DATE=2022-10-02T10:33:13.541136+00:00
AIRFLOW_CTX_DAG_RUN_ID=manual__2022-10-02T10:33:13.541136+00:00
[2022-10-02 10:33:16,622] {subprocess.py:62} INFO - Tmp dir root location: 
 /tmp
[2022-10-02 10:33:16,625] {subprocess.py:74} INFO - Running command: ['bash', '-c', 'date']
[2022-10-02 10:33:16,644] {subprocess.py:85} INFO - Output:
[2022-10-02 10:33:16,716] {subprocess.py:89} INFO - Sun Oct  2 10:33:16 UTC 2022
[2022-10-02 10:33:16,719] {subprocess.py:93} INFO - Command exited with return code 0
[2022-10-02 10:33:16,796] {taskinstance.py:1277} INFO - Marking task as SUCCESS. dag_id=docker_operator_demo, task_id=print_current_date, execution_date=20221002T103313, start_date=20221002T103316, end_date=20221002T103316
[2022-10-02 10:33:16,875] {local_task_job.py:154} INFO - Task exited with return code 0
[2022-10-02 10:33:16,990] {local_task_job.py:264} INFO - 1 downstream tasks scheduled from follow-on schedule check
